<?xml version="1.0" encoding="UTF-8"?>
<testsuite xmlns:xsi="http://www.w3.org/2001/XMLSchema-instance" xsi:noNamespaceSchemaLocation="https://maven.apache.org/surefire/maven-surefire-plugin/xsd/surefire-test-report-3.0.xsd" version="3.0" name="pedigree.FullRunSimulationTest" time="0.288" tests="1" errors="0" skipped="0" failures="0">
  <properties>
    <property name="java.specification.version" value="23"/>
    <property name="sun.jnu.encoding" value="UTF-8"/>
    <property name="java.class.path" value="/Users/arthur/Library/Mobile Documents/com~apple~CloudDocs/Cours/IFT 2015/IFT2015-D2/target/test-classes:/Users/arthur/Library/Mobile Documents/com~apple~CloudDocs/Cours/IFT 2015/IFT2015-D2/target/classes:/Users/arthur/.m2/repository/org/junit/jupiter/junit-jupiter/5.10.0/junit-jupiter-5.10.0.jar:/Users/arthur/.m2/repository/org/junit/jupiter/junit-jupiter-api/5.10.0/junit-jupiter-api-5.10.0.jar:/Users/arthur/.m2/repository/org/opentest4j/opentest4j/1.3.0/opentest4j-1.3.0.jar:/Users/arthur/.m2/repository/org/junit/platform/junit-platform-commons/1.10.0/junit-platform-commons-1.10.0.jar:/Users/arthur/.m2/repository/org/apiguardian/apiguardian-api/1.1.2/apiguardian-api-1.1.2.jar:/Users/arthur/.m2/repository/org/junit/jupiter/junit-jupiter-params/5.10.0/junit-jupiter-params-5.10.0.jar:/Users/arthur/.m2/repository/org/junit/jupiter/junit-jupiter-engine/5.10.0/junit-jupiter-engine-5.10.0.jar:/Users/arthur/.m2/repository/org/junit/platform/junit-platform-engine/1.10.0/junit-platform-engine-1.10.0.jar:"/>
    <property name="java.vm.vendor" value="Homebrew"/>
    <property name="sun.arch.data.model" value="64"/>
    <property name="java.vendor.url" value="https://github.com/Homebrew/homebrew-core/issues"/>
    <property name="os.name" value="Mac OS X"/>
    <property name="java.vm.specification.version" value="23"/>
    <property name="sun.java.launcher" value="SUN_STANDARD"/>
    <property name="user.country" value="CA"/>
    <property name="sun.boot.library.path" value="/opt/homebrew/Cellar/openjdk/23.0.2/libexec/openjdk.jdk/Contents/Home/lib"/>
    <property name="sun.java.command" value="/Users/arthur/Library/Mobile Documents/com~apple~CloudDocs/Cours/IFT 2015/IFT2015-D2/target/surefire/surefirebooter-20250707223609889_3.jar /Users/arthur/Library/Mobile Documents/com~apple~CloudDocs/Cours/IFT 2015/IFT2015-D2/target/surefire 2025-07-07T22-36-09_857-jvmRun1 surefire-20250707223609889_1tmp surefire_0-20250707223609889_2tmp"/>
    <property name="jdk.debug" value="release"/>
    <property name="surefire.test.class.path" value="/Users/arthur/Library/Mobile Documents/com~apple~CloudDocs/Cours/IFT 2015/IFT2015-D2/target/test-classes:/Users/arthur/Library/Mobile Documents/com~apple~CloudDocs/Cours/IFT 2015/IFT2015-D2/target/classes:/Users/arthur/.m2/repository/org/junit/jupiter/junit-jupiter/5.10.0/junit-jupiter-5.10.0.jar:/Users/arthur/.m2/repository/org/junit/jupiter/junit-jupiter-api/5.10.0/junit-jupiter-api-5.10.0.jar:/Users/arthur/.m2/repository/org/opentest4j/opentest4j/1.3.0/opentest4j-1.3.0.jar:/Users/arthur/.m2/repository/org/junit/platform/junit-platform-commons/1.10.0/junit-platform-commons-1.10.0.jar:/Users/arthur/.m2/repository/org/apiguardian/apiguardian-api/1.1.2/apiguardian-api-1.1.2.jar:/Users/arthur/.m2/repository/org/junit/jupiter/junit-jupiter-params/5.10.0/junit-jupiter-params-5.10.0.jar:/Users/arthur/.m2/repository/org/junit/jupiter/junit-jupiter-engine/5.10.0/junit-jupiter-engine-5.10.0.jar:/Users/arthur/.m2/repository/org/junit/platform/junit-platform-engine/1.10.0/junit-platform-engine-1.10.0.jar:"/>
    <property name="sun.cpu.endian" value="little"/>
    <property name="user.home" value="/Users/arthur"/>
    <property name="user.language" value="en"/>
    <property name="java.specification.vendor" value="Oracle Corporation"/>
    <property name="java.version.date" value="2025-01-21"/>
    <property name="java.home" value="/opt/homebrew/Cellar/openjdk/23.0.2/libexec/openjdk.jdk/Contents/Home"/>
    <property name="file.separator" value="/"/>
    <property name="basedir" value="/Users/arthur/Library/Mobile Documents/com~apple~CloudDocs/Cours/IFT 2015/IFT2015-D2"/>
    <property name="java.vm.compressedOopsMode" value="Zero based"/>
    <property name="line.separator" value="&#10;"/>
    <property name="java.specification.name" value="Java Platform API Specification"/>
    <property name="java.vm.specification.vendor" value="Oracle Corporation"/>
    <property name="apple.awt.application.name" value="ForkedBooter"/>
    <property name="surefire.real.class.path" value="/Users/arthur/Library/Mobile Documents/com~apple~CloudDocs/Cours/IFT 2015/IFT2015-D2/target/surefire/surefirebooter-20250707223609889_3.jar"/>
    <property name="sun.management.compiler" value="HotSpot 64-Bit Tiered Compilers"/>
    <property name="java.runtime.version" value="23.0.2"/>
    <property name="user.name" value="arthur"/>
    <property name="stdout.encoding" value="UTF-8"/>
    <property name="path.separator" value=":"/>
    <property name="os.version" value="15.5"/>
    <property name="java.runtime.name" value="OpenJDK Runtime Environment"/>
    <property name="file.encoding" value="UTF-8"/>
    <property name="java.vm.name" value="OpenJDK 64-Bit Server VM"/>
    <property name="java.vendor.version" value="Homebrew"/>
    <property name="localRepository" value="/Users/arthur/.m2/repository"/>
    <property name="java.vendor.url.bug" value="https://github.com/Homebrew/homebrew-core/issues"/>
    <property name="java.io.tmpdir" value="/var/folders/3d/px25gn9n1cg8clmw10nxnsg00000gn/T/"/>
    <property name="java.version" value="23.0.2"/>
    <property name="user.dir" value="/Users/arthur/Library/Mobile Documents/com~apple~CloudDocs/Cours/IFT 2015/IFT2015-D2"/>
    <property name="os.arch" value="aarch64"/>
    <property name="java.vm.specification.name" value="Java Virtual Machine Specification"/>
    <property name="native.encoding" value="UTF-8"/>
    <property name="java.library.path" value="/Users/arthur/Library/Java/Extensions:/Library/Java/Extensions:/Network/Library/Java/Extensions:/System/Library/Java/Extensions:/usr/lib/java:."/>
    <property name="java.vm.info" value="mixed mode, sharing"/>
    <property name="stderr.encoding" value="UTF-8"/>
    <property name="java.vendor" value="Homebrew"/>
    <property name="java.vm.version" value="23.0.2"/>
    <property name="sun.io.unicode.encoding" value="UnicodeBig"/>
    <property name="java.class.version" value="67.0"/>
  </properties>
  <testcase name="testEventLoopRunsSmoothly" classname="pedigree.FullRunSimulationTest" time="0.287">
    <system-out><![CDATA[time,population
0.0,999
0.1,998
0.2,997
0.3,996
0.3,995
0.5,994
0.5,993
0.7,992
0.8,991
0.9,990
0.9,989
1.0,988
1.0,987
1.1,986
1.1,985
1.2,984
1.2,983
1.3,982
1.4,981
1.8,980
1.8,979
1.9,978
1.9,977
2.1,976
2.1,975
2.2,974
2.2,973
2.4,972
2.5,971
2.5,970
2.6,969
2.6,968
2.7,967
2.8,966
2.9,965
2.9,964
2.9,963
3.0,962
3.0,961
3.2,960
3.2,959
3.4,958
3.9,957
3.9,956
4.1,955
4.4,954
4.4,953
4.9,952
4.9,951
5.2,950
5.2,949
5.3,948
5.3,947
5.4,946
5.8,945
5.8,944
6.0,943
6.3,942
6.4,941
6.4,940
6.5,939
6.6,938
6.7,937
7.0,936
7.4,935
7.5,934
7.5,933
7.5,932
7.7,931
8.0,930
8.0,929
8.2,928
8.3,927
8.4,926
8.4,925
8.5,924
8.7,923
8.8,922
8.9,921
9.5,920
9.7,919
10.0,918
10.1,917
10.2,916
10.4,915
10.4,914
10.6,913
10.8,912
10.8,911
11.0,910
11.0,909
11.2,908
11.8,907
11.9,906
12.0,905
12.2,904
12.3,903
12.3,902
12.4,901
12.6,900
12.6,899
12.7,898
12.7,897
12.7,896
12.9,895
12.9,894
12.9,893
12.9,892
13.0,891
13.0,890
13.0,889
13.1,888
13.2,887
13.3,886
13.4,885
13.4,884
13.5,883
13.7,882
13.7,881
14.1,880
14.2,879
14.3,878
14.5,877
14.5,876
14.5,875
14.6,874
14.7,873
14.7,872
14.8,871
14.9,870
14.9,869
14.9,868
15.0,867
15.2,866
15.5,865
15.7,864
16.0,864
16.0,864
16.0,864
16.0,864
16.0,864
16.0,864
16.0,864
16.0,864
16.0,864
16.0,864
16.0,864
16.0,864
16.0,864
16.0,864
16.0,864
16.0,864
16.0,864
16.0,864
16.0,864
16.0,864
16.0,864
16.0,864
16.0,864
16.0,864
16.0,864
16.0,864
16.0,864
16.0,864
16.0,864
16.0,864
16.0,864
16.0,864
16.0,864
16.0,864
16.0,864
16.0,864
16.0,864
16.0,864
16.0,864
16.0,864
16.0,864
16.0,864
16.0,864
16.0,864
16.0,864
16.0,864
16.0,864
16.0,864
16.0,864
16.0,864
16.0,864
16.0,864
16.0,864
16.0,864
16.0,864
16.0,864
16.0,864
16.0,864
16.0,864
16.0,864
16.0,864
16.0,864
16.0,864
16.0,864
16.0,864
16.0,864
16.0,864
16.0,864
16.0,864
16.0,864
16.0,864
16.0,864
16.0,864
16.0,864
16.0,864
16.0,864
16.0,864
16.0,864
16.0,864
16.0,864
16.0,864
16.0,864
16.0,864
16.0,864
16.0,864
16.0,864
16.0,864
16.0,864
16.0,864
16.0,864
16.0,864
16.0,864
16.0,864
16.0,864
16.0,864
16.0,864
16.0,864
16.0,864
16.0,864
16.0,864
16.0,864
16.0,864
16.0,864
16.0,864
16.0,864
16.0,864
16.0,864
16.0,864
16.0,864
16.0,864
16.0,864
16.0,864
16.0,864
16.0,864
16.0,864
16.0,864
16.0,864
16.0,864
16.0,864
16.0,864
16.0,864
16.0,864
16.0,864
16.0,864
16.0,864
16.0,864
16.0,864
16.0,864
16.0,864
16.0,864
16.0,864
16.0,864
16.0,864
16.0,864
16.0,864
16.0,864
16.0,864
16.0,864
16.0,864
16.0,864
16.0,864
16.0,864
16.0,864
16.0,864
16.0,864
16.0,864
16.0,864
16.0,864
16.0,864
16.0,864
16.0,864
16.0,864
16.0,864
16.0,864
16.0,864
16.0,864
16.0,864
16.0,864
16.0,864
16.0,864
16.0,864
16.0,864
16.0,864
16.0,864
16.0,864
16.0,864
16.0,864
16.0,864
16.0,864
16.0,864
16.0,864
16.0,864
16.0,864
16.0,864
16.0,864
16.0,864
16.0,864
16.0,864
16.0,864
16.0,864
16.0,864
16.0,864
16.0,864
16.0,864
16.0,864
16.0,864
16.0,864
16.0,864
16.0,864
16.0,864
16.0,864
16.0,864
16.0,864
16.0,864
16.0,864
16.0,864
16.0,864
16.0,864
16.0,864
16.0,864
16.0,864
16.0,864
16.0,864
16.0,864
16.0,864
16.0,864
16.0,864
16.0,864
16.0,864
16.0,864
16.0,864
16.0,864
16.0,864
16.0,864
16.0,864
16.0,864
16.0,864
16.0,864
16.0,864
16.0,864
16.0,864
16.0,864
16.0,864
16.0,864
16.0,864
16.0,864
16.0,864
16.0,864
16.0,864
16.0,864
16.0,864
16.0,864
16.0,864
16.0,864
16.0,864
16.0,864
16.0,864
16.0,864
16.0,864
16.0,864
16.0,864
16.0,864
16.0,864
16.0,864
16.0,864
16.0,864
16.0,864
16.0,864
16.0,864
16.0,864
16.0,864
16.0,864
16.0,864
16.0,864
16.0,864
16.0,864
16.0,864
16.0,864
16.0,864
16.0,864
16.0,864
16.0,864
16.0,864
16.0,864
16.0,864
16.0,864
16.0,864
16.0,864
16.0,864
16.0,864
16.0,864
16.0,864
16.0,864
16.0,864
16.0,864
16.0,864
16.0,864
16.0,864
16.0,864
16.0,864
16.0,864
16.0,864
16.0,864
16.0,864
16.0,864
16.0,864
16.0,864
16.0,864
16.0,864
16.0,864
16.0,864
16.0,864
16.0,864
16.0,864
16.0,864
16.0,864
16.0,864
16.0,864
16.0,864
16.0,864
16.0,864
16.0,864
16.0,864
16.0,864
16.0,864
16.0,864
16.0,864
16.0,864
16.0,864
16.0,864
16.0,864
16.0,864
16.0,864
16.0,864
16.0,864
16.0,864
16.0,864
16.0,864
16.0,864
16.0,864
16.0,864
16.0,864
16.0,864
16.0,864
16.0,864
16.0,864
16.0,864
16.0,864
16.0,864
16.0,864
16.0,864
16.0,864
16.0,864
16.0,864
16.0,864
16.0,864
16.0,864
16.0,864
16.0,864
16.0,864
16.0,864
16.0,864
16.0,864
16.0,864
16.0,864
16.0,864
16.0,864
16.0,864
16.0,864
16.0,864
16.0,864
16.0,864
16.0,864
16.0,864
16.0,864
16.0,864
16.0,864
16.0,864
16.0,864
16.0,864
16.0,864
16.0,864
16.0,864
16.0,864
16.0,864
16.0,864
16.0,864
16.0,864
16.0,864
16.0,864
16.0,864
16.0,864
16.0,864
16.0,864
16.0,864
16.0,864
16.0,864
16.0,864
16.0,864
16.0,864
16.0,864
16.0,864
16.0,864
16.0,864
16.0,864
16.0,864
16.0,864
16.0,864
16.0,864
16.0,864
16.0,864
16.0,864
16.0,864
16.0,864
16.0,864
16.0,864
16.0,864
16.0,864
16.0,864
16.0,864
16.0,864
16.0,864
16.0,864
16.0,864
16.0,864
16.0,864
16.0,864
16.0,864
16.0,864
16.0,864
16.0,864
16.0,864
16.0,864
16.0,864
16.0,864
16.0,864
16.0,864
16.0,864
16.0,864
16.0,864
16.0,864
16.0,864
16.0,864
16.0,864
16.0,864
16.0,864
16.0,864
16.0,864
16.0,864
16.0,864
16.0,864
16.0,864
16.0,864
16.0,864
16.0,864
16.0,864
16.0,864
16.0,864
16.0,864
16.0,864
16.0,864
16.0,864
16.0,864
16.0,864
16.0,864
16.0,864
16.0,864
16.0,864
16.0,864
16.0,864
16.0,864
16.0,864
16.0,864
16.0,864
16.0,864
16.0,864
16.0,864
16.0,864
16.0,864
16.0,864
16.0,864
16.0,864
16.0,864
16.0,864
16.0,864
16.0,864
16.0,864
16.0,864
16.0,864
16.0,864
16.0,864
16.0,864
16.0,864
16.0,864
16.0,864
16.0,864
16.0,864
16.0,864
16.0,864
16.0,864
16.0,864
16.0,864
16.0,864
16.0,864
16.0,864
16.0,864
16.0,864
16.0,864
16.0,864
16.0,864
16.0,864
16.0,864
16.0,864
16.0,864
16.0,864
16.0,864
16.0,864
16.0,864
16.0,865
16.0,865
16.0,864
16.0,865
16.0,866
16.0,867
16.1,868
16.1,869
16.1,870
16.1,871
16.1,871
16.1,872
16.1,873
16.2,874
16.2,875
16.2,874
16.2,875
16.3,876
16.3,877
16.3,878
16.3,879
16.4,879
16.4,878
16.4,878
16.4,879
16.5,878
16.5,877
16.5,877
16.5,877
16.5,878
16.5,879
16.5,880
16.6,881
16.6,882
16.6,883
16.6,883
16.6,883
16.6,884
16.6,885
16.7,884
16.7,884
16.7,885
16.7,886
16.7,886
16.7,887
16.7,886
16.7,887
16.7,888
16.8,889
16.8,890
16.8,889
16.8,890
16.8,891
16.8,892
16.9,893
16.9,893
16.9,894
16.9,894
16.9,895
16.9,896
17.0,895
17.0,896
17.0,897
17.0,898
17.0,899
17.0,900
17.0,900
17.0,899
17.0,900
17.0,899
17.1,898
17.1,899
17.1,898
17.1,899
17.1,900
17.1,901
17.1,902
17.1,902
17.1,903
17.2,904
17.2,905
17.2,906
17.2,906
17.3,907
17.3,908
17.3,908
17.3,907
17.3,908
17.3,909
17.3,908
17.3,909
17.4,910
17.4,911
17.4,912
17.4,913
17.4,914
17.4,915
17.5,916
17.5,916
17.5,917
17.5,918
17.5,919
17.6,920
17.6,921
17.6,922
17.6,923
17.6,924
17.6,925
17.6,926
17.6,927
17.6,928
17.6,929
17.7,930
17.7,931
17.7,932
17.7,933
17.8,934
17.8,935
17.8,936
17.9,937
17.9,938
17.9,939
18.0,938
18.0,939
18.0,940
18.0,941
18.1,942
18.1,941
18.1,942
18.1,943
18.1,944
18.2,945
18.2,946
18.2,946
18.2,947
18.2,948
18.2,947
18.2,948
18.2,949
18.2,950
18.2,951
18.2,952
18.2,951
18.3,952
18.3,953
18.3,954
18.3,955
18.3,955
18.4,954
18.4,955
18.4,954
18.4,955
18.4,956
18.4,957
18.4,957
18.4,958
18.5,959
18.5,960
18.5,961
18.6,962
18.6,963
18.6,964
18.6,965
18.7,965
18.7,966
18.7,967
18.7,968
18.7,969
18.7,970
18.8,971
18.8,972
18.8,973
18.8,974
18.8,975
18.8,976
18.8,975
18.8,976
18.8,977
18.9,976
18.9,976
19.0,977
19.0,978
19.0,979
19.0,980
19.0,981
19.0,982
19.0,983
19.0,984
19.0,985
19.0,986
19.0,987
19.0,988
19.0,989
19.1,989
19.1,990
19.1,991
19.1,992
19.2,993
19.2,994
19.2,993
19.2,992
19.2,991
19.2,992
19.3,993
19.4,994
19.4,995
19.4,996
19.5,995
19.5,996
19.5,997
19.5,998
19.5,999
19.5,999
19.6,1000
19.6,1000
19.6,1000
19.6,1001
19.6,1002
19.6,1003
19.6,1004
19.6,1003
19.6,1004
19.6,1005
19.7,1006
19.7,1007
19.7,1008
19.7,1007
19.7,1006
19.7,1007
19.7,1008
19.7,1009
19.7,1010
19.8,1011
19.8,1012
19.8,1013
19.8,1014
19.8,1015
19.8,1016
19.8,1017
19.9,1017
19.9,1018
19.9,1019
19.9,1019
19.9,1020
19.9,1021
19.9,1022
20.0,1022
20.0,1023
20.0,1024
20.0,1025
20.0,1026
20.0,1027
20.0,1027
20.1,1027
20.1,1026
20.1,1027
20.2,1028
20.2,1029
20.2,1030
20.3,1031
20.3,1032
20.3,1033
20.3,1032
20.3,1031
20.3,1030
20.3,1031
20.3,1032
20.3,1031
20.4,1032
20.4,1033
20.4,1034
20.4,1035
20.4,1036
20.5,1037
20.5,1036
20.5,1037
20.5,1038
20.5,1039
20.5,1040
20.5,1040
20.6,1041
20.6,1042
20.6,1043
20.6,1044
20.6,1045
20.6,1046
20.7,1045
20.7,1044
20.7,1045
20.7,1044
20.7,1045
20.7,1044
20.7,1045
20.8,1046
20.8,1047
20.8,1048
20.8,1048
20.8,1049
20.8,1050
20.8,1051
20.8,1052
20.8,1053
20.8,1054
20.8,1055
20.8,1056
20.9,1057
20.9,1058
20.9,1059
20.9,1060
20.9,1061
21.0,1062
21.0,1061
21.0,1062
21.0,1061
21.0,1061
21.0,1062
21.0,1063
21.0,1062
21.0,1063
21.0,1064
21.0,1065
21.0,1066
21.0,1065
21.0,1066
21.1,1067
21.1,1068
21.1,1069
21.1,1070
21.1,1071
21.1,1072
21.1,1071
21.1,1072
21.1,1072
21.1,1071
21.1,1072
21.2,1073
21.2,1074
21.2,1075
21.2,1076
21.3,1077
21.3,1076
21.3,1077
21.3,1078
21.3,1079
21.3,1080
21.3,1081
21.4,1082
21.4,1083
21.4,1082
21.4,1083
21.4,1084
21.4,1085
21.4,1086
21.4,1087
21.4,1088
21.4,1087
21.5,1088
21.5,1089
21.5,1090
21.5,1089
21.6,1090
21.6,1091
21.6,1092
21.6,1091
21.6,1090
21.7,1091
21.7,1091
21.7,1091
21.7,1092
21.7,1093
21.7,1094
21.7,1095
21.7,1094
21.8,1095
21.8,1096
21.8,1097
21.8,1096
21.8,1096
21.8,1096
21.8,1096
21.8,1097
21.9,1098
21.9,1099
21.9,1100
21.9,1101
21.9,1101
21.9,1102
21.9,1103
22.0,1104
22.0,1103
22.0,1104
22.0,1105
22.0,1106
22.0,1107
22.1,1106
22.1,1107
22.1,1108
22.1,1109
22.1,1110
22.1,1111
22.1,1112
22.1,1113
22.1,1114
22.1,1115
22.2,1114
22.2,1115
22.2,1116
22.2,1117
22.3,1118
22.3,1119
22.3,1120
22.3,1121
22.3,1122
22.3,1123
22.3,1124
22.3,1123
22.4,1124
22.4,1123
22.4,1124
22.4,1125
22.4,1126
22.4,1127
22.4,1128
22.5,1127
22.5,1128
22.5,1127
22.5,1127
22.6,1128
22.6,1127
22.6,1128
22.6,1129
22.6,1130
22.7,1131
22.7,1131
22.7,1132
22.7,1133
22.7,1134
22.7,1134
22.8,1135
22.8,1136
22.8,1137
22.8,1138
22.8,1138
22.8,1137
22.8,1138
22.8,1139
22.8,1139
22.9,1140
22.9,1141
22.9,1142
22.9,1143
22.9,1144
23.0,1145
23.0,1145
23.0,1146
23.0,1147
23.0,1146
23.0,1147
23.0,1148
23.0,1149
23.0,1148
23.0,1147
23.1,1148
23.1,1147
23.1,1148
23.1,1147
23.1,1148
23.2,1149
23.2,1148
23.2,1149
23.2,1150
23.3,1151
23.3,1152
23.3,1153
23.3,1154
23.3,1155
23.3,1154
23.4,1153
23.4,1154
23.4,1155
23.4,1156
23.4,1157
23.4,1158
23.4,1159
23.4,1158
23.4,1159
23.4,1160
23.4,1160
23.5,1161
23.5,1160
23.5,1161
23.5,1160
23.5,1161
23.6,1162
23.6,1163
23.6,1163
23.6,1164
23.6,1165
23.6,1165
23.6,1166
23.6,1167
23.7,1168
23.7,1169
23.7,1170
23.7,1171
23.7,1170
23.7,1169
23.7,1168
23.8,1169
23.8,1170
23.8,1171
23.9,1172
23.9,1173
23.9,1174
23.9,1175
23.9,1176
23.9,1177
24.0,1176
24.0,1177
24.0,1176
24.0,1177
24.0,1176
24.0,1175
24.0,1176
24.0,1177
24.1,1176
24.1,1175
24.1,1176
24.1,1175
24.1,1176
24.1,1177
24.2,1178
24.2,1177
24.2,1178
24.2,1177
24.3,1178
24.3,1179
24.3,1178
24.3,1177
24.4,1178
24.4,1179
24.4,1180
24.4,1181
24.4,1182
24.4,1183
24.4,1184
24.4,1183
24.4,1184
24.4,1185
24.5,1186
24.5,1185
24.5,1186
24.5,1185
24.6,1186
24.6,1187
24.6,1188
24.6,1189
24.6,1190
24.6,1190
24.6,1191
24.7,1192
24.7,1191
24.7,1192
24.7,1193
24.7,1192
24.8,1193
24.8,1192
24.8,1193
24.8,1194
24.8,1195
24.8,1196
24.8,1195
24.8,1196
24.8,1197
24.8,1198
24.9,1199
24.9,1199
24.9,1198
24.9,1199
24.9,1200
24.9,1199
25.0,1200
25.0,1201
25.0,1202
25.0,1203
25.0,1204
25.0,1203
25.0,1202
25.0,1203
25.0,1202
25.0,1203
25.0,1204
25.0,1205
25.1,1204
25.1,1205
25.1,1206
25.1,1207
25.1,1208
25.1,1209
25.1,1210
25.2,1209
25.2,1210
25.2,1211
25.2,1212
25.2,1211
25.2,1212
25.3,1213
25.3,1214
25.3,1213
25.3,1214
25.4,1215
25.4,1214
25.4,1215
25.4,1216
25.4,1217
25.4,1218
25.4,1219
25.4,1220
25.5,1219
25.5,1218
25.5,1219
25.5,1219
25.5,1220
25.5,1221
25.5,1222
25.6,1222
25.6,1223
25.6,1222
25.6,1223
25.6,1222
25.6,1223
25.6,1224
25.6,1223
25.6,1224
25.6,1223
25.6,1223
25.7,1224
25.7,1223
25.7,1224
25.7,1225
25.7,1226
25.7,1225
25.8,1226
25.8,1227
25.8,1226
25.8,1227
25.8,1228
25.8,1227
25.8,1228
25.8,1228
25.8,1227
25.9,1226
25.9,1225
25.9,1224
25.9,1225
25.9,1226
25.9,1225
25.9,1226
25.9,1227
25.9,1228
26.0,1227
26.0,1228
26.0,1229
26.1,1230
26.1,1231
26.1,1232
26.1,1233
26.1,1234
26.2,1235
26.2,1234
26.2,1235
26.2,1236
26.2,1235
26.2,1236
26.2,1236
26.3,1237
26.3,1238
26.3,1239
26.3,1240
26.3,1240
26.3,1239
26.3,1238
26.3,1239
26.3,1238
26.4,1239
26.4,1239
26.4,1240
26.4,1240
26.4,1241
26.4,1242
26.5,1241
26.5,1242
26.5,1243
26.5,1244
26.5,1245
26.5,1246
26.5,1247
26.6,1248
26.6,1248
26.6,1249
26.6,1250
26.6,1251
26.7,1252
26.7,1251
26.7,1252
26.7,1251
26.7,1252
26.7,1251
26.8,1252
26.8,1253
26.8,1253
26.8,1253
26.8,1254
26.8,1254
26.8,1255
26.8,1256
26.9,1255
26.9,1256
26.9,1257
27.0,1258
27.0,1259
27.0,1260
27.0,1260
27.0,1259
27.0,1260
27.0,1259
27.0,1260
27.0,1261
27.0,1260
27.0,1261
27.1,1262
27.1,1263
27.1,1262
27.1,1263
27.1,1264
27.1,1265
27.2,1264
27.2,1265
27.2,1264
27.2,1263
27.2,1264
27.2,1265
27.2,1266
27.2,1265
27.2,1266
27.2,1265
27.3,1266
27.3,1267
27.3,1268
27.3,1269
27.3,1268
27.4,1269
27.4,1268
27.4,1267
27.4,1268
27.4,1267
27.4,1268
27.5,1269
27.5,1268
27.5,1267
27.5,1266
27.5,1265
27.5,1266
27.6,1267
27.6,1268
27.6,1267
27.7,1268
27.7,1269
27.7,1270
27.7,1271
27.7,1272
27.7,1273
27.7,1272
27.7,1273
27.7,1274
27.8,1274
27.8,1275
27.8,1276
27.8,1277
27.8,1276
27.8,1276
27.8,1277
27.9,1276
27.9,1277
27.9,1276
27.9,1277
27.9,1276
27.9,1277
28.0,1278
28.0,1279
28.0,1280
28.0,1279
28.0,1280
28.1,1281
28.1,1282
28.1,1281
28.1,1280
28.1,1281
28.2,1280
28.2,1281
28.2,1282
28.2,1283
28.2,1284
28.2,1283
28.2,1282
28.3,1283
28.3,1284
28.3,1285
28.3,1286
28.3,1286
28.3,1287
28.4,1286
28.4,1287
28.4,1288
28.4,1287
28.4,1288
28.4,1289
28.4,1288
28.5,1289
28.5,1288
28.5,1287
28.5,1287
28.5,1286
28.5,1285
28.5,1286
28.5,1287
28.5,1288
28.6,1289
28.6,1290
28.6,1289
28.6,1290
28.7,1291
28.7,1292
28.7,1293
28.7,1292
28.7,1291
28.7,1290
28.7,1291
28.8,1292
28.8,1292
28.8,1292
28.8,1291
28.8,1290
28.8,1291
28.8,1291
28.8,1291
28.9,1292
28.9,1293
28.9,1294
28.9,1295
28.9,1296
28.9,1295
29.0,1294
29.0,1295
29.0,1296
29.0,1297
29.1,1298
29.1,1299
29.1,1300
29.1,1301
29.2,1302
29.2,1303
29.2,1304
29.2,1303
29.2,1304
29.3,1303
29.3,1302
29.3,1303
29.3,1304
29.3,1305
29.3,1306
29.3,1307
29.4,1308
29.4,1309
29.4,1310
29.4,1311
29.4,1312
29.4,1313
29.4,1314
29.4,1313
29.5,1314
29.5,1313
29.5,1314
29.6,1315
29.6,1316
29.6,1315
29.6,1316
29.6,1317
29.6,1318
29.7,1317
29.7,1318
29.7,1319
29.7,1320
29.8,1319
29.8,1320
29.8,1321
29.8,1322
29.8,1323
29.9,1324
29.9,1325
29.9,1326
29.9,1327
29.9,1328
30.0,1327
30.0,1328
30.0,1328
30.0,1327
30.0,1327
30.0,1328
30.0,1329
30.0,1330
30.0,1331
30.1,1332
30.1,1331
30.1,1332
30.1,1331
30.2,1332
30.2,1333
30.2,1334
30.2,1335
30.2,1336
30.2,1337
30.2,1338
30.2,1339
30.2,1339
30.2,1338
30.3,1339
30.3,1340
30.3,1341
30.3,1340
30.3,1339
30.3,1338
30.3,1337
30.3,1338
30.3,1339
30.4,1340
30.4,1339
30.4,1340
30.5,1339
30.5,1340
30.5,1341
30.5,1342
30.6,1341
30.6,1342
30.6,1343
30.6,1344
30.6,1345
30.6,1344
30.7,1345
30.7,1346
30.7,1347
30.7,1348
30.7,1349
30.7,1348
30.7,1347
30.7,1348
30.8,1347
30.8,1348
30.8,1348
30.8,1349
30.8,1350
30.8,1351
30.8,1352
30.8,1353
30.8,1352
30.8,1353
30.9,1352
30.9,1351
30.9,1350
30.9,1349
30.9,1350
30.9,1351
30.9,1352
30.9,1353
30.9,1352
31.0,1353
31.0,1354
31.0,1353
31.1,1354
31.1,1353
31.1,1352
31.1,1353
31.1,1354
31.1,1355
31.1,1356
31.1,1357
31.1,1358
31.2,1359
31.2,1360
31.2,1359
31.2,1360
31.3,1361
31.3,1360
31.3,1359
31.3,1360
31.3,1361
31.3,1360
31.4,1361
31.4,1360
31.4,1361
31.4,1360
31.4,1359
31.4,1360
31.5,1361
31.5,1361
31.5,1362
31.5,1363
31.6,1364
31.6,1365
31.6,1366
31.6,1367
31.7,1366
31.7,1367
31.7,1366
31.7,1367
31.7,1368
31.8,1369
31.8,1370
31.8,1371
31.8,1372
31.8,1373
31.8,1374
31.9,1375
31.9,1376
31.9,1375
31.9,1374
31.9,1375
31.9,1376
31.9,1377
32.0,1376
32.0,1377
32.0,1378
32.0,1379
32.0,1380
32.0,1381
32.1,1381
32.1,1380
32.1,1381
32.1,1381
32.1,1380
32.1,1379
32.1,1378
32.1,1378
32.2,1379
32.2,1379
32.2,1378
32.2,1377
32.2,1378
32.2,1378
32.2,1379
32.2,1380
32.2,1380
32.3,1380
32.3,1380
32.3,1380
32.3,1380
32.3,1381
32.3,1382
32.3,1383
32.4,1384
32.4,1383
32.4,1382
32.4,1383
32.5,1382
32.5,1381
32.5,1380
32.5,1381
32.5,1382
32.5,1382
32.6,1382
32.6,1383
32.6,1383
32.6,1384
32.6,1384
32.6,1385
32.6,1384
32.6,1384
32.6,1383
32.7,1384
32.7,1383
32.7,1383
32.7,1382
32.7,1383
32.7,1384
32.7,1384
32.7,1384
32.7,1384
32.8,1383
32.8,1384
32.8,1385
32.8,1385
32.8,1386
32.8,1385
32.8,1384
32.8,1385
32.8,1385
32.9,1386
32.9,1385
32.9,1386
32.9,1386
32.9,1386
32.9,1387
32.9,1388
32.9,1389
32.9,1390
33.0,1391
33.0,1392
33.0,1393
33.0,1393
33.0,1392
33.0,1393
33.0,1393
33.0,1394
33.0,1393
33.1,1394
33.1,1395
33.1,1396
33.1,1397
33.1,1398
33.1,1397
33.1,1398
33.1,1398
33.1,1399
33.1,1398
33.1,1399
33.1,1399
33.1,1399
33.1,1399
33.1,1399
33.2,1400
33.2,1401
33.2,1401
33.2,1402
33.2,1403
33.2,1404
33.2,1405
33.2,1406
33.3,1405
33.3,1405
33.3,1406
33.3,1407
33.3,1408
33.3,1408
33.3,1407
33.4,1406
33.4,1407
33.4,1408
33.4,1408
33.4,1408
33.4,1409
33.4,1410
33.4,1409
33.5,1409
33.5,1410
33.5,1411
33.5,1411
33.5,1412
33.5,1413
33.5,1414
33.5,1415
33.5,1414
33.5,1415
33.5,1415
33.5,1416
33.5,1416
33.5,1417
33.5,1416
33.5,1415
33.5,1414
33.6,1415
33.6,1416
33.6,1417
33.6,1417
33.6,1417
33.6,1417
33.6,1417
33.6,1417
33.6,1417
33.6,1416
33.6,1417
33.6,1416
33.6,1417
33.7,1418
33.7,1419
33.7,1420
33.7,1419
33.7,1420
33.7,1420
33.7,1420
33.7,1421
33.7,1422
33.7,1422
33.8,1423
33.8,1424
33.8,1425
33.8,1425
33.8,1426
33.8,1426
33.9,1426
33.9,1426
33.9,1427
34.0,1428
34.0,1429
34.0,1430
34.0,1430
34.0,1431
34.0,1432
34.1,1433
34.1,1432
34.1,1432
34.1,1431
34.1,1432
34.2,1431
34.2,1431
34.2,1432
34.2,1433
34.2,1434
34.2,1434
34.2,1434
34.2,1434
34.2,1434
34.2,1433
34.2,1433
34.3,1434
34.3,1435
34.3,1434
34.4,1434
34.4,1434
34.4,1435
34.4,1436
34.4,1436
34.4,1437
34.4,1436
34.4,1435
34.4,1435
34.5,1434
34.5,1435
34.5,1436
34.5,1437
34.5,1436
34.5,1437
34.6,1438
34.6,1439
34.6,1439
34.6,1440
34.6,1441
34.6,1441
34.6,1442
34.6,1443
34.7,1444
34.7,1445
34.7,1445
34.7,1446
34.7,1445
34.7,1444
34.7,1445
34.7,1446
34.7,1446
34.8,1446
34.8,1447
34.8,1447
34.8,1447
34.8,1447
34.8,1448
34.8,1447
34.8,1446
34.8,1446
34.8,1446
34.8,1447
34.9,1448
34.9,1449
34.9,1450
34.9,1449
34.9,1450
34.9,1449
34.9,1450
34.9,1449
34.9,1450
34.9,1449
35.0,1449
35.0,1449
35.0,1449
35.0,1450
35.0,1450
35.0,1450
35.0,1450
35.0,1451
35.0,1451
35.1,1450
35.1,1450
35.1,1451
35.1,1451
35.1,1450
35.1,1450
35.1,1450
35.1,1451
35.1,1451
35.2,1451
35.2,1451
35.2,1452
35.2,1453
35.2,1453
35.2,1454
35.2,1455
35.3,1456
35.3,1457
35.3,1458
35.3,1457
35.3,1458
35.3,1459
35.3,1460
35.3,1461
35.4,1460
35.4,1460
35.4,1461
35.4,1462
35.4,1463
35.4,1464
35.4,1465
35.4,1466
35.4,1467
35.4,1466
35.4,1465
35.4,1466
35.4,1466
35.4,1467
35.4,1468
35.4,1469
35.4,1469
35.5,1470
35.5,1470
35.5,1470
35.5,1471
35.5,1472
35.5,1472
35.5,1471
35.5,1471
35.6,1472
35.6,1473
35.6,1472
35.6,1473
35.6,1474
35.6,1475
35.6,1475
35.6,1475
35.7,1475
35.7,1476
35.7,1476
35.7,1477
35.7,1478
35.7,1479
35.7,1479
35.7,1480
35.7,1481
35.7,1481
35.7,1482
35.7,1482
35.7,1481
35.8,1481
35.8,1481
35.8,1481
35.8,1480
35.8,1481
35.8,1482
35.9,1483
35.9,1484
35.9,1484
35.9,1485
35.9,1484
35.9,1484
35.9,1485
35.9,1485
36.0,1485
36.0,1486
36.0,1486
36.0,1487
36.0,1486
36.0,1486
36.0,1486
36.1,1485
36.1,1484
36.1,1483
36.1,1484
36.1,1485
36.1,1485
36.1,1486
36.2,1485
36.2,1484
36.2,1483
36.2,1482
36.2,1483
36.2,1483
36.2,1483
36.2,1484
36.3,1485
36.3,1486
36.3,1485
36.3,1486
36.3,1487
36.3,1488
36.3,1488
36.4,1487
36.4,1486
36.4,1487
36.4,1487
36.4,1487
36.4,1488
36.4,1487
36.4,1486
36.4,1487
36.4,1488
36.4,1489
36.4,1488
36.5,1487
36.5,1486
36.5,1486
36.5,1485
36.5,1485
36.5,1484
36.5,1483
36.5,1482
36.5,1481
36.5,1481
36.5,1482
36.6,1483
36.6,1484
36.6,1483
36.6,1484
36.6,1484
36.6,1485
36.7,1484
36.7,1485
36.7,1485
36.7,1484
36.7,1485
36.7,1486
36.7,1487
36.7,1488
36.8,1488
36.8,1488
36.8,1488
36.8,1488
36.8,1488
36.8,1488
36.8,1488
36.8,1489
36.9,1490
36.9,1489
36.9,1490
36.9,1489
36.9,1489
36.9,1490
36.9,1490
36.9,1491
36.9,1491
36.9,1492
37.0,1493
37.0,1492
37.0,1492
37.0,1492
37.1,1491
37.1,1492
37.1,1491
37.1,1490
37.1,1489
37.1,1489
37.1,1489
37.1,1489
37.1,1490
37.2,1491
37.2,1490
37.2,1490
37.2,1489
37.3,1490
37.3,1491
37.3,1492
37.3,1493
37.3,1492
37.3,1492
37.3,1491
37.3,1490
37.3,1491
37.3,1491
37.3,1491
37.4,1491
37.4,1490
37.4,1491
37.4,1492
37.4,1491
37.4,1491
37.4,1490
37.4,1489
37.4,1490
37.4,1489
37.4,1488
37.5,1489
37.5,1489
37.5,1488
37.5,1488
37.5,1489
37.6,1490
37.6,1491
37.6,1490
37.6,1490
37.6,1491
37.6,1492
37.6,1492
37.6,1493
37.6,1492
37.6,1493
37.7,1494
37.7,1493
37.7,1493
37.7,1493
37.7,1494
37.7,1493
37.7,1494
37.8,1494
37.8,1495
37.8,1496
37.8,1497
37.8,1498
37.8,1497
37.8,1498
37.8,1499
37.8,1499
37.8,1500
37.8,1499
37.9,1498
37.9,1499
37.9,1500
37.9,1501
37.9,1502
37.9,1502
37.9,1501
37.9,1502
37.9,1501
37.9,1502
37.9,1502
38.0,1502
38.0,1503
38.0,1504
38.0,1505
38.0,1505
38.0,1506
38.0,1505
38.0,1506
38.1,1507
38.1,1508
38.1,1508
38.1,1508
38.1,1508
38.1,1508
38.1,1509
38.1,1509
38.1,1510
38.1,1511
38.1,1512
38.1,1513
38.1,1512
38.1,1513
38.2,1514
38.2,1515
38.2,1516
38.2,1517
38.2,1516
38.2,1515
38.2,1516
38.2,1516
38.2,1516
38.3,1515
38.3,1516
38.3,1517
38.3,1518
38.3,1519
38.3,1520
38.3,1521
38.3,1522
38.3,1523
38.3,1523
38.3,1523
38.3,1524
38.4,1524
38.4,1524
38.4,1525
38.4,1525
38.4,1526
38.4,1525
38.4,1526
38.4,1526
38.4,1525
38.4,1526
38.4,1527
38.4,1528
38.4,1529
38.4,1529
38.4,1529
38.4,1529
38.4,1530
38.5,1531
38.5,1532
38.6,1533
38.6,1533
38.6,1534
38.6,1533
38.6,1532
38.6,1532
38.6,1531
38.7,1532
38.7,1533
38.7,1533
38.7,1534
38.7,1534
38.7,1534
38.7,1535
38.7,1535
38.7,1536
38.7,1537
38.7,1538
38.7,1539
38.8,1538
38.8,1539
38.8,1538
38.8,1539
38.8,1538
38.8,1539
38.8,1539
38.8,1538
38.8,1537
38.8,1538
38.8,1539
38.8,1540
38.8,1541
38.8,1541
38.8,1542
38.9,1542
38.9,1542
38.9,1543
38.9,1542
39.0,1542
39.0,1542
39.0,1543
39.0,1544
39.0,1543
39.0,1544
39.0,1545
39.0,1546
39.1,1547
39.1,1547
39.1,1547
39.1,1546
39.1,1547
39.1,1548
39.1,1547
39.1,1548
39.1,1547
39.1,1548
39.2,1548
39.2,1549
39.2,1550
39.2,1551
39.2,1551
39.2,1552
39.2,1552
39.2,1552
39.2,1553
39.2,1554
39.2,1555
39.3,1555
39.3,1556
39.3,1557
39.3,1558
39.3,1559
39.3,1560
39.3,1560
39.3,1561
39.3,1562
39.3,1563
39.3,1564
39.3,1565
39.4,1566
39.4,1565
39.4,1565
39.4,1566
39.4,1567
39.4,1567
39.4,1568
39.4,1568
39.4,1568
39.4,1568
39.4,1567
39.4,1568
39.4,1569
39.4,1568
39.4,1569
39.5,1570
39.5,1570
39.5,1571
39.5,1572
39.5,1573
39.5,1574
39.5,1574
39.6,1574
39.6,1575
39.6,1575
39.6,1576
39.6,1577
39.6,1576
39.6,1575
39.6,1576
39.6,1577
39.6,1578
39.6,1577
39.6,1577
39.7,1578
39.7,1579
39.7,1578
39.7,1578
39.7,1579
39.7,1579
39.7,1580
39.7,1581
39.7,1581
39.7,1582
39.7,1583
39.7,1584
39.8,1583
39.8,1582
39.8,1581
39.8,1582
39.8,1583
39.8,1584
39.8,1585
39.8,1586
39.8,1585
39.8,1586
39.8,1587
39.8,1588
39.8,1588
39.9,1588
39.9,1589
39.9,1590
39.9,1590
39.9,1591
39.9,1591
39.9,1591
39.9,1591
39.9,1592
39.9,1591
39.9,1591
39.9,1590
40.0,1589
40.0,1588
40.0,1588
40.0,1589
40.0,1590
40.0,1590
40.1,1589
40.1,1589
40.1,1588
40.1,1588
40.1,1588
40.2,1588
40.2,1588
40.2,1589
40.3,1589
40.3,1589
40.3,1588
40.4,1588
40.4,1588
40.4,1588
40.4,1589
40.4,1590
40.4,1590
40.4,1589
40.4,1589
40.4,1589
40.5,1589
40.5,1589
40.5,1590
40.6,1590
40.6,1590
40.6,1590
40.6,1591
40.6,1591
40.6,1592
40.6,1592
40.6,1593
40.6,1592
40.6,1593
40.7,1592
40.7,1591
40.7,1591
40.7,1590
40.7,1589
40.8,1588
40.8,1588
40.8,1588
40.8,1588
40.8,1588
40.8,1588
40.9,1588
40.9,1587
40.9,1587
40.9,1588
40.9,1589
41.0,1589
41.0,1588
41.0,1589
41.0,1588
41.0,1589
41.0,1589
41.0,1589
41.0,1590
41.0,1590
41.0,1590
41.0,1590
41.1,1589
41.1,1589
41.1,1589
41.1,1590
41.1,1591
41.1,1590
41.1,1590
41.1,1590
41.2,1590
41.2,1590
41.2,1591
41.2,1592
41.2,1591
41.2,1592
41.3,1593
41.3,1594
41.3,1593
41.3,1593
41.3,1592
41.3,1591
41.3,1592
41.3,1592
41.3,1593
41.3,1592
41.3,1593
41.4,1593
41.4,1592
41.4,1592
41.4,1593
41.4,1593
41.4,1593
41.4,1593
41.4,1592
41.5,1592
41.5,1593
41.5,1592
41.5,1591
41.5,1591
41.5,1591
41.5,1590
41.5,1590
41.5,1590
41.5,1591
41.5,1592
41.6,1592
41.6,1591
41.6,1591
41.6,1590
41.6,1591
41.6,1591
41.7,1590
41.7,1589
41.7,1590
41.7,1589
41.7,1588
41.7,1589
41.8,1590
41.8,1589
41.9,1590
41.9,1590
41.9,1590
41.9,1590
41.9,1591
41.9,1591
42.0,1590
42.0,1589
42.0,1590
42.0,1589
42.0,1588
42.0,1588
42.0,1589
42.0,1588
42.0,1589
42.1,1589
42.1,1588
42.1,1588
42.1,1588
42.1,1589
42.1,1589
42.2,1589
42.2,1589
42.2,1590
42.2,1589
42.2,1589
42.2,1589
42.2,1589
42.2,1590
42.3,1589
42.3,1590
42.3,1589
42.3,1589
42.3,1588
42.3,1589
42.3,1590
42.3,1590
42.3,1591
42.4,1591
42.4,1592
42.4,1592
42.5,1591
42.5,1591
42.5,1591
42.5,1590
42.5,1590
42.5,1591
42.5,1592
42.5,1592
42.6,1592
42.6,1593
42.6,1594
42.6,1595
42.6,1596
42.6,1595
42.6,1594
42.6,1594
42.6,1593
42.6,1594
42.7,1594
42.7,1595
42.7,1595
42.7,1594
42.8,1593
42.8,1594
42.8,1593
42.8,1594
42.8,1593
42.8,1593
42.8,1593
42.8,1594
42.9,1593
42.9,1594
42.9,1594
42.9,1594
42.9,1595
43.0,1596
43.0,1596
43.0,1597
43.0,1598
43.0,1599
43.0,1599
43.0,1598
43.0,1598
43.1,1598
43.1,1597
43.1,1597
43.1,1596
43.1,1595
43.1,1594
43.1,1595
43.1,1595
43.1,1594
43.2,1594
43.2,1594
43.2,1594
43.2,1593
43.2,1594
43.2,1595
43.2,1596
43.2,1596
43.2,1597
43.2,1597
43.2,1597
43.2,1596
43.2,1595
43.2,1594
43.2,1595
43.2,1594
43.3,1595
43.3,1595
43.3,1596
43.3,1596
43.3,1595
43.3,1594
43.4,1594
43.4,1593
43.4,1594
43.4,1593
43.5,1594
43.5,1593
43.5,1592
43.5,1593
43.5,1593
43.6,1594
43.6,1593
43.6,1593
43.6,1594
43.6,1595
43.6,1595
43.6,1594
43.7,1594
43.7,1595
43.7,1595
43.7,1595
43.7,1595
43.7,1595
43.7,1594
43.7,1595
43.7,1595
43.7,1595
43.7,1595
43.7,1596
43.7,1596
43.7,1595
43.7,1594
43.7,1594
43.7,1595
43.8,1596
43.8,1596
43.8,1597
43.8,1597
43.8,1598
43.8,1597
43.8,1597
43.8,1597
43.9,1596
43.9,1595
43.9,1594
43.9,1593
43.9,1594
43.9,1594
43.9,1595
43.9,1596
43.9,1597
43.9,1596
44.0,1597
44.0,1597
44.0,1598
44.0,1597
44.0,1596
44.0,1596
44.0,1597
44.0,1598
44.1,1598
44.1,1599
44.1,1600
44.1,1601
44.1,1602
44.1,1603
44.2,1602
44.2,1602
44.2,1603
44.2,1603
44.2,1603
44.2,1603
44.2,1602
44.2,1603
44.3,1604
44.3,1605
44.3,1605
44.3,1605
44.3,1604
44.3,1603
44.3,1602
44.3,1601
44.3,1602
44.3,1603
44.3,1602
44.4,1601
44.4,1602
44.4,1602
44.4,1603
44.4,1603
44.4,1604
44.4,1604
44.4,1604
44.5,1604
44.5,1605
44.5,1604
44.5,1604
44.5,1605
44.5,1604
44.6,1604
44.6,1605
44.6,1606
44.6,1607
44.7,1607
44.7,1607
44.7,1606
44.8,1607
44.8,1608
44.8,1609
44.8,1608
44.8,1608
44.8,1609
44.9,1609
44.9,1609
44.9,1610
44.9,1610
44.9,1610
44.9,1611
44.9,1610
45.0,1610
45.0,1610
45.0,1610
45.0,1609
45.0,1609
45.1,1608
45.1,1608
45.1,1609
45.1,1610
45.1,1611
45.1,1612
45.1,1611
45.1,1612
45.1,1612
45.1,1613
45.2,1613
45.2,1614
45.2,1615
45.2,1615
45.2,1614
45.2,1614
45.2,1613
45.2,1613
45.2,1614
45.3,1614
45.3,1614
45.3,1614
45.3,1615
45.3,1615
45.4,1615
45.4,1615
45.4,1614
45.4,1614
45.5,1615
45.5,1615
45.5,1615
45.5,1616
45.5,1617
45.5,1616
45.5,1617
45.5,1618
45.6,1619
45.6,1620
45.6,1620
45.6,1621
45.6,1620
45.6,1621
45.6,1622
45.6,1622
45.7,1623
45.7,1623
45.7,1624
45.7,1623
45.7,1622
45.7,1622
45.7,1622
45.8,1623
45.8,1622
45.8,1622
45.8,1623
45.8,1623
45.8,1623
45.8,1624
45.8,1624
45.8,1623
45.8,1623
45.8,1624
45.9,1624
45.9,1625
45.9,1626
45.9,1625
45.9,1626
45.9,1625
45.9,1626
45.9,1626
45.9,1626
45.9,1626
45.9,1625
45.9,1625
46.0,1626
46.0,1625
46.0,1624
46.0,1623
46.0,1623
46.0,1623
46.1,1624
46.1,1623
46.2,1623
46.2,1623
46.2,1623
46.2,1623
46.2,1624
46.2,1624
46.2,1623
46.2,1623
46.2,1623
46.2,1623
46.2,1623
46.3,1624
46.3,1624
46.3,1625
46.3,1625
46.3,1624
46.3,1624
46.3,1624
46.3,1624
46.4,1624
46.4,1624
46.4,1625
46.4,1626
46.4,1627
46.4,1627
46.4,1628
46.4,1627
46.4,1627
46.5,1626
46.5,1627
46.5,1626
46.5,1626
46.5,1625
46.5,1626
46.5,1626
46.5,1625
46.5,1626
46.5,1625
46.5,1624
46.5,1623
46.6,1622
46.6,1623
46.6,1622
46.6,1622
46.6,1623
46.6,1623
46.6,1624
46.6,1625
46.6,1624
46.6,1623
46.6,1622
46.6,1621
46.6,1622
46.7,1621
46.7,1620
46.7,1620
46.7,1620
46.7,1620
46.7,1620
46.7,1620
46.7,1621
46.7,1622
46.7,1623
46.7,1624
46.8,1623
46.8,1622
46.8,1621
46.8,1621
46.8,1622
46.8,1622
46.8,1622
46.9,1621
46.9,1620
46.9,1621
46.9,1620
46.9,1620
46.9,1620
46.9,1621
47.0,1620
47.0,1621
47.0,1620
47.0,1619
47.0,1620
47.0,1620
47.1,1620
47.1,1620
47.1,1621
47.1,1622
47.1,1623
47.1,1623
47.1,1623
47.1,1622
47.1,1622
47.2,1622
47.2,1621
47.2,1622
47.2,1623
47.3,1622
47.4,1623
47.4,1623
47.4,1624
47.4,1625
47.4,1624
47.4,1623
47.4,1623
47.4,1623
47.5,1622
47.5,1623
47.5,1622
47.5,1621
47.5,1622
47.5,1621
47.5,1620
47.6,1619
47.6,1620
47.6,1620
47.6,1619
47.6,1620
47.6,1619
47.6,1620
47.7,1619
47.7,1618
47.7,1619
47.7,1620
47.7,1621
47.8,1622
47.8,1622
47.8,1622
47.8,1623
47.8,1622
47.8,1623
47.8,1624
47.8,1624
47.8,1624
47.8,1624
47.8,1625
47.9,1626
47.9,1625
47.9,1625
47.9,1625
47.9,1626
47.9,1627
48.0,1626
48.0,1626
48.0,1626
48.0,1625
48.0,1625
48.1,1626
48.1,1626
48.1,1625
48.1,1626
48.1,1627
48.1,1628
48.1,1629
48.2,1629
48.2,1628
48.2,1629
48.2,1629
48.2,1630
48.2,1630
48.3,1631
48.3,1631
48.3,1630
48.3,1630
48.3,1630
48.4,1631
48.4,1631
48.4,1630
48.4,1631
48.4,1632
48.4,1631
48.4,1630
48.4,1629
48.4,1629
48.5,1630
48.5,1629
48.5,1630
48.5,1629
48.5,1629
48.5,1630
48.5,1629
48.5,1629
48.5,1629
48.5,1628
48.5,1627
48.6,1628
48.6,1629
48.6,1629
48.6,1630
48.6,1629
48.6,1628
48.6,1629
48.6,1629
48.6,1628
48.6,1627
48.6,1628
48.6,1629
48.6,1630
48.6,1629
48.7,1628
48.7,1627
48.7,1626
48.7,1627
48.7,1628
48.7,1627
48.7,1628
48.8,1629
48.8,1630
48.8,1630
48.8,1631
48.8,1631
48.8,1632
48.8,1632
48.9,1633
48.9,1633
48.9,1634
48.9,1633
48.9,1633
49.0,1634
49.0,1634
49.0,1635
49.0,1635
49.0,1636
49.0,1637
49.0,1637
49.0,1638
49.0,1637
49.0,1638
49.0,1638
49.0,1639
49.1,1639
49.1,1639
49.1,1638
49.1,1639
49.1,1640
49.1,1641
49.1,1641
49.1,1640
49.1,1640
49.1,1640
49.1,1641
49.1,1640
49.1,1639
49.2,1638
49.2,1639
49.2,1640
49.2,1640
49.2,1641
49.2,1641
49.2,1641
49.2,1641
49.2,1641
49.3,1642
49.3,1643
49.3,1642
49.3,1643
49.3,1642
49.3,1643
49.3,1642
49.3,1643
49.3,1643
49.3,1644
49.3,1645
49.4,1646
49.4,1645
49.4,1645
49.4,1644
49.4,1643
49.4,1643
49.4,1644
49.4,1644
49.4,1643
49.4,1642
49.4,1642
49.5,1641
49.5,1640
49.5,1640
49.5,1639
49.5,1639
49.5,1640
49.5,1640
49.5,1641
49.5,1640
49.5,1641
49.5,1640
49.5,1640
49.5,1639
49.5,1639
49.5,1638
49.5,1639
49.6,1639
49.6,1640
49.6,1640
49.6,1641
49.6,1641
49.6,1642
49.6,1641
49.6,1642
49.6,1643
49.6,1643
49.7,1643
49.7,1642
49.7,1642
49.7,1642
49.7,1642
49.7,1643
49.7,1644
49.7,1644
49.7,1643
49.7,1643
49.7,1643
49.8,1642
49.8,1642
49.8,1641
49.8,1640
49.8,1640
49.8,1640
49.8,1641
49.8,1642
49.8,1641
49.9,1642
49.9,1643
49.9,1643
49.9,1642
49.9,1641
49.9,1642
50.0,1642
50.0,1642
50.0,1642
50.0,1641
50.0,1640
50.0,1640
50.0,1641
50.0,1642
50.1,1641
50.1,1642
50.1,1643
50.1,1644
50.1,1645
50.1,1646
50.1,1647
50.1,1646
50.1,1645
50.1,1645
50.1,1646
50.1,1646
50.1,1645
50.2,1645
50.2,1645
50.2,1646
50.2,1647
50.2,1646
50.2,1645
50.2,1646
50.3,1645
50.3,1645
50.3,1646
50.3,1647
50.3,1648
50.3,1649
50.3,1650
50.3,1649
50.3,1649
50.3,1648
50.3,1647
50.3,1646
50.4,1645
50.4,1644
50.4,1644
50.4,1645
50.4,1644
50.4,1644
50.4,1643
50.5,1644
50.5,1644
50.5,1644
50.5,1645
50.5,1644
50.5,1645
50.5,1644
50.5,1643
50.6,1644
50.6,1645
50.6,1645
50.6,1644
50.6,1644
50.6,1644
50.6,1643
50.6,1643
50.6,1644
50.6,1643
50.6,1644
50.7,1645
50.7,1644
50.7,1644
50.7,1645
50.7,1646
50.7,1646
50.7,1647
50.7,1647
50.7,1646
50.8,1646
50.8,1646
50.8,1646
50.8,1646
50.8,1647
50.8,1647
50.9,1646
50.9,1647
50.9,1647
50.9,1648
50.9,1647
50.9,1647
50.9,1647
51.0,1648
51.0,1649
51.0,1650
51.0,1649
51.0,1648
51.0,1649
51.0,1649
51.0,1650
51.0,1649
51.0,1649
51.0,1648
51.0,1649
51.1,1650
51.1,1649
51.1,1648
51.1,1648
51.1,1648
51.1,1649
51.1,1650
51.1,1651
51.1,1652
51.1,1651
51.2,1652
51.2,1652
51.2,1651
51.2,1651
51.2,1650
51.2,1650
51.2,1651
51.2,1652
51.3,1652
51.3,1651
51.3,1650
51.3,1651
51.3,1650
51.3,1651
51.3,1651
51.3,1651
51.3,1650
51.3,1651
51.3,1650
51.3,1651
51.4,1651
51.4,1652
51.4,1652
51.4,1653
51.4,1654
51.4,1654
51.4,1653
51.5,1652
51.5,1653
51.5,1653
51.5,1654
51.5,1654
51.5,1653
51.5,1654
51.5,1653
51.6,1654
51.6,1654
51.6,1655
51.6,1655
51.6,1654
51.6,1655
51.6,1654
51.7,1654
51.7,1655
51.7,1656
51.7,1656
51.7,1655
51.7,1656
51.7,1657
51.7,1658
51.7,1659
51.7,1660
51.7,1660
51.7,1661
51.7,1660
51.7,1659
51.8,1658
51.8,1657
51.8,1656
51.8,1655
51.8,1654
51.8,1654
51.8,1653
51.8,1654
51.8,1654
51.9,1653
51.9,1654
51.9,1655
51.9,1654
51.9,1655
51.9,1654
51.9,1653
51.9,1652
51.9,1651
51.9,1652
51.9,1652
51.9,1653
51.9,1652
52.0,1652
52.0,1653
52.0,1654
52.0,1653
52.0,1652
52.1,1653
52.1,1652
52.1,1652
52.1,1653
52.1,1654
52.1,1653
52.1,1654
52.1,1653
52.1,1652
52.1,1652
52.1,1651
52.1,1652
52.1,1651
52.2,1652
52.2,1651
52.2,1652
52.2,1653
52.2,1653
52.2,1654
52.2,1653
52.2,1654
52.2,1655
52.3,1655
52.3,1656
52.3,1656
52.3,1657
52.3,1656
52.3,1656
52.3,1657
52.3,1656
52.3,1656
52.4,1656
52.4,1657
52.4,1658
52.4,1657
52.4,1658
52.4,1657
52.4,1657
52.4,1657
52.4,1656
52.4,1657
52.4,1658
52.5,1657
52.5,1656
52.5,1657
52.5,1656
52.5,1656
52.5,1655
52.5,1656
52.5,1655
52.6,1655
52.6,1654
52.6,1655
52.6,1656
52.6,1656
52.6,1657
52.6,1658
52.7,1659
52.7,1659
52.7,1660
52.7,1659
52.7,1660
52.8,1661
52.8,1660
52.8,1659
52.8,1660
52.8,1661
52.8,1662
52.9,1662
52.9,1661
52.9,1661
52.9,1660
52.9,1661
52.9,1660
52.9,1661
52.9,1662
52.9,1663
52.9,1663
52.9,1662
52.9,1662
52.9,1663
52.9,1664
53.0,1665
53.0,1665
53.0,1666
53.0,1665
53.0,1664
53.0,1663
53.0,1662
53.0,1661
53.0,1662
53.0,1663
53.0,1662
53.0,1663
53.1,1662
53.1,1662
53.1,1663
53.1,1663
53.1,1662
53.1,1661
53.1,1662
53.1,1662
53.1,1661
53.2,1660
53.2,1661
53.2,1662
53.2,1663
53.2,1664
53.2,1663
53.2,1664
53.3,1665
53.3,1665
53.3,1665
53.3,1666
53.3,1667
53.3,1666
53.3,1665
53.4,1664
53.4,1665
53.4,1665
53.4,1665
53.4,1666
53.4,1665
53.4,1666
53.4,1667
53.4,1668
53.5,1668
53.5,1667
53.5,1666
53.5,1666
53.6,1665
53.6,1664
53.6,1665
53.6,1665
53.6,1664
53.6,1664
53.6,1663
53.6,1664
53.6,1664
53.6,1664
53.6,1663
53.6,1664
53.6,1665
53.7,1665
53.7,1664
53.7,1663
53.7,1662
53.7,1663
53.7,1664
53.7,1665
53.7,1664
53.8,1665
53.8,1665
53.8,1666
53.8,1666
53.8,1666
53.8,1666
53.8,1665
53.8,1664
53.8,1663
53.8,1663
53.8,1664
53.8,1663
53.8,1663
53.8,1662
53.9,1661
53.9,1661
53.9,1660
53.9,1660
53.9,1661
53.9,1662
53.9,1661
53.9,1661
54.0,1662
54.0,1663
54.0,1663
54.0,1662
54.0,1663
54.0,1664
54.0,1663
54.0,1663
54.0,1664
54.0,1663
54.1,1664
54.1,1665
54.1,1665
54.1,1664
54.1,1663
54.2,1662
54.2,1662
54.2,1662
54.2,1663
54.2,1663
54.2,1663
54.2,1662
54.2,1663
54.2,1664
54.2,1665
54.2,1665
54.2,1666
54.2,1667
54.3,1668
54.3,1669
54.3,1670
54.3,1670
54.3,1670
54.3,1671
54.3,1672
54.3,1672
54.3,1673
54.3,1672
54.3,1673
54.3,1674
54.3,1674
54.3,1675
54.3,1674
54.3,1675
54.4,1674
54.4,1673
54.4,1674
54.4,1675
54.4,1676
54.4,1676
54.4,1676
54.4,1675
54.4,1675
54.4,1674
54.4,1673
54.4,1674
54.4,1674
54.4,1674
54.4,1674
54.5,1675
54.5,1676
54.5,1677
54.5,1676
54.5,1675
54.5,1676
54.5,1677
54.5,1678
54.6,1677
54.6,1677
54.6,1678
54.6,1678
54.6,1679
54.6,1678
54.6,1679
54.6,1680
54.6,1679
54.6,1678
54.7,1677
54.7,1676
54.7,1676
54.7,1676
54.7,1675
54.7,1675
54.7,1676
54.7,1675
54.7,1675
54.8,1676
54.8,1675
54.8,1675
54.8,1676
54.8,1675
54.8,1674
54.8,1675
54.8,1674
54.8,1674
54.8,1674
54.8,1674
54.8,1674
54.9,1673
54.9,1672
54.9,1673
54.9,1674
54.9,1675
54.9,1674
54.9,1673
54.9,1674
54.9,1675
54.9,1675
54.9,1676
55.0,1675
55.0,1674
55.0,1675
55.0,1676
55.0,1676
55.0,1675
55.0,1674
55.0,1673
55.0,1673
55.0,1672
55.0,1673
55.1,1674
55.1,1674
55.1,1673
55.1,1673
55.1,1672
55.1,1671
55.1,1670
55.1,1669
55.1,1670
55.1,1671
55.1,1671
55.1,1672
55.1,1671
55.2,1672
55.2,1672
55.2,1672
55.2,1673
55.2,1673
55.2,1674
55.2,1675
55.3,1675
55.3,1675
55.3,1676
55.3,1675
55.3,1675
55.3,1675
55.3,1675
55.3,1676
55.3,1676
55.3,1675
55.3,1674
55.4,1674
55.4,1674
55.4,1675
55.4,1674
55.4,1675
55.4,1674
55.4,1673
55.4,1673
55.5,1672
55.5,1671
55.5,1670
55.5,1671
55.5,1671
55.5,1672
55.5,1672
55.5,1671
55.6,1672
55.6,1673
55.6,1672
55.6,1673
55.6,1674
55.6,1674
55.6,1675
55.6,1675
55.6,1674
55.6,1673
55.6,1673
55.6,1672
55.7,1672
55.7,1671
55.7,1670
55.7,1671
55.7,1672
55.7,1671
55.7,1672
55.7,1673
55.7,1674
55.7,1673
55.7,1673
55.8,1673
55.8,1674
55.8,1673
55.8,1673
55.8,1672
55.8,1673
55.8,1672
55.8,1672
55.8,1672
55.8,1672
55.9,1672
55.9,1672
55.9,1672
55.9,1671
55.9,1672
55.9,1671
55.9,1670
55.9,1671
55.9,1672
55.9,1673
55.9,1672
55.9,1671
56.0,1672
56.0,1671
56.0,1672
56.0,1671
56.0,1672
56.0,1671
56.0,1672
56.0,1671
56.0,1672
56.0,1673
56.1,1672
56.1,1671
56.1,1672
56.1,1672
56.1,1671
56.1,1672
56.1,1673
56.1,1674
56.1,1674
56.2,1674
56.2,1673
56.2,1672
56.2,1673
56.2,1674
56.2,1673
56.2,1674
56.2,1675
56.2,1674
56.3,1675
56.3,1676
56.3,1677
56.3,1676
56.3,1676
56.3,1677
56.3,1676
56.3,1677
56.3,1676
56.4,1677
56.4,1678
56.4,1677
56.4,1678
56.4,1678
56.4,1679
56.4,1680
56.4,1681
56.4,1680
56.5,1681
56.5,1682
56.5,1681
56.5,1682
56.5,1682
56.5,1681
56.5,1682
56.5,1683
56.5,1684
56.6,1683
56.6,1682
56.6,1682
56.6,1683
56.6,1684
56.6,1683
56.6,1682
56.6,1682
56.6,1681
56.7,1681
56.7,1680
56.7,1679
56.7,1678
56.7,1679
56.8,1680
56.8,1681
56.8,1682
56.8,1683
56.8,1683
56.9,1683
56.9,1682
56.9,1682
56.9,1683
56.9,1684
57.0,1685
57.0,1686
57.0,1687
57.0,1686
57.0,1687
57.0,1688
57.0,1687
57.0,1686
57.0,1685
57.0,1685
57.1,1684
57.1,1685
57.1,1684
57.1,1683
57.1,1683
57.1,1684
57.1,1685
57.2,1686
57.2,1687
57.2,1688
57.2,1688
57.2,1687
57.2,1686
57.2,1685
57.2,1686
57.2,1687
57.2,1688
57.2,1687
57.2,1688
57.2,1688
57.2,1688
57.2,1689
57.3,1689
57.3,1688
57.3,1688
57.3,1689
57.3,1690
57.3,1690
57.3,1691
57.3,1692
57.3,1693
57.4,1692
57.4,1693
57.4,1694
57.4,1693
57.4,1694
57.5,1693
57.5,1694
57.5,1693
57.5,1694
57.5,1693
57.5,1692
57.6,1693
57.6,1692
57.6,1691
57.6,1690
57.6,1691
57.6,1692
57.6,1693
57.6,1692
57.6,1693
57.6,1694
57.6,1695
57.7,1694
57.7,1695
57.7,1696
57.7,1697
57.7,1698
57.7,1697
57.7,1696
57.7,1695
57.7,1695
57.7,1695
57.7,1696
57.7,1696
57.7,1697
57.7,1698
57.7,1697
57.8,1698
57.8,1699
57.8,1698
57.8,1697
57.8,1698
57.9,1699
57.9,1700
57.9,1701
57.9,1702
57.9,1702
57.9,1701
57.9,1702
57.9,1703
57.9,1702
57.9,1703
57.9,1704
57.9,1704
58.0,1705
58.0,1704
58.0,1703
58.0,1702
58.0,1703
58.0,1702
58.0,1702
58.1,1702
58.1,1701
58.1,1702
58.1,1701
58.1,1702
58.1,1701
58.2,1702
58.2,1701
58.2,1702
58.2,1701
58.2,1700
58.2,1701
58.2,1702
58.2,1701
58.2,1701
58.2,1700
58.2,1701
58.2,1700
58.3,1700
58.3,1701
58.3,1701
58.3,1702
58.3,1701
58.3,1702
58.3,1703
58.3,1704
58.3,1705
58.4,1704
58.4,1703
58.4,1704
58.4,1705
58.4,1706
58.4,1705
58.4,1704
58.5,1703
58.5,1702
58.5,1703
58.5,1702
58.5,1703
58.5,1703
58.5,1703
58.5,1702
58.6,1702
58.6,1703
58.6,1703
58.6,1702
58.6,1703
58.6,1703
58.6,1702
58.6,1701
58.6,1700
58.6,1701
58.7,1702
58.7,1701
58.7,1700
58.7,1701
58.7,1702
58.8,1702
58.8,1701
58.8,1702
58.8,1703
58.8,1704
58.8,1705
58.8,1706
58.8,1706
58.8,1705
58.8,1704
58.8,1705
58.9,1706
58.9,1706
58.9,1705
58.9,1706
58.9,1706
58.9,1707
58.9,1706
58.9,1707
58.9,1708
58.9,1709
58.9,1710
59.0,1711
59.0,1711
59.0,1712
59.0,1713
59.0,1712
59.0,1711
59.0,1711
59.0,1710
59.0,1710
59.0,1711
59.0,1710
59.1,1711
59.1,1710
59.1,1711
59.1,1710
59.1,1709
59.1,1710
59.1,1709
59.1,1710
59.1,1710
59.1,1711
59.2,1710
59.2,1709
59.2,1710
59.2,1710
59.2,1711
59.2,1711
59.2,1712
59.2,1712
59.2,1712
59.2,1713
59.2,1713
59.2,1714
59.2,1714
59.2,1715
59.2,1716
59.3,1717
59.3,1717
59.3,1718
59.3,1718
59.3,1719
59.3,1718
59.3,1719
59.3,1718
59.3,1717
59.4,1718
59.4,1719
59.4,1720
59.4,1721
59.4,1721
59.5,1720
59.5,1719
59.5,1719
59.5,1720
59.5,1719
59.5,1720
59.5,1719
59.5,1719
59.5,1718
59.6,1719
59.6,1718
59.6,1719
59.6,1720
59.6,1721
59.6,1721
59.6,1720
59.6,1721
59.6,1722
59.7,1723
59.7,1722
59.7,1723
59.7,1722
59.7,1723
59.7,1722
59.7,1721
59.7,1722
59.7,1722
59.7,1723
59.7,1722
59.7,1723
59.7,1723
59.7,1722
59.7,1723
59.8,1724
59.8,1723
59.8,1723
59.8,1724
59.8,1723
59.8,1722
59.8,1722
59.8,1723
59.8,1724
59.8,1723
59.8,1724
59.9,1725
59.9,1724
59.9,1725
59.9,1724
59.9,1723
59.9,1724
59.9,1724
59.9,1723
59.9,1724
59.9,1725
60.0,1724
60.0,1724
60.0,1725
60.0,1726
60.0,1725
60.0,1726
60.0,1727
60.0,1726
60.0,1725
60.0,1724
60.0,1725
60.0,1725
60.0,1726
60.1,1725
60.1,1726
60.1,1727
60.1,1728
60.1,1729
60.1,1729
60.1,1730
60.1,1731
60.1,1730
60.1,1731
60.2,1730
60.2,1731
60.2,1732
60.2,1732
60.2,1733
60.2,1734
60.3,1734
60.3,1734
60.3,1735
60.3,1736
60.3,1737
60.3,1736
60.3,1737
60.3,1738
60.3,1737
60.3,1738
60.3,1738
60.3,1739
60.4,1739
60.4,1738
60.4,1737
60.4,1737
60.4,1738
60.4,1739
60.4,1740
60.4,1740
60.4,1739
60.4,1738
60.4,1737
60.4,1738
60.4,1737
60.4,1736
60.4,1735
60.5,1734
60.5,1733
60.5,1734
60.5,1735
60.5,1734
60.5,1733
60.5,1732
60.5,1733
60.5,1733
60.5,1734
60.5,1735
60.6,1734
60.6,1735
60.6,1735
60.6,1736
60.6,1737
60.6,1738
60.6,1737
60.6,1737
60.6,1736
60.6,1737
60.6,1736
60.7,1737
60.7,1736
60.7,1737
60.7,1736
60.7,1735
60.7,1736
60.8,1736
60.8,1736
60.8,1737
60.8,1737
60.8,1737
60.8,1736
60.8,1737
60.8,1737
60.9,1738
60.9,1739
60.9,1738
60.9,1737
60.9,1737
60.9,1738
60.9,1739
60.9,1740
60.9,1739
60.9,1738
60.9,1739
60.9,1739
60.9,1740
60.9,1741
60.9,1740
60.9,1741
60.9,1740
61.0,1739
61.0,1738
61.0,1739
61.0,1740
61.0,1739
61.0,1740
61.0,1739
61.0,1738
61.0,1737
61.1,1738
61.1,1737
61.1,1737
61.1,1736
61.1,1736
61.1,1737
61.1,1736
61.2,1736
61.2,1736
61.2,1737
61.2,1737
61.2,1736
61.2,1735
61.2,1736
61.2,1735
61.2,1736
61.2,1737
61.2,1736
61.2,1736
61.3,1735
61.3,1734
61.3,1735
61.3,1734
61.3,1735
61.3,1736
61.3,1737
61.3,1736
61.4,1735
61.4,1736
61.4,1735
61.4,1734
61.4,1735
61.4,1736
61.4,1737
61.4,1736
61.5,1736
61.5,1735
61.5,1736
61.5,1736
61.5,1735
61.5,1734
61.6,1735
61.6,1735
61.6,1736
61.6,1735
61.6,1734
61.6,1735
61.6,1734
61.6,1734
61.6,1734
61.6,1734
61.6,1735
61.6,1734
61.6,1733
61.7,1734
61.7,1734
61.7,1733
61.7,1734
61.7,1734
61.7,1733
61.7,1734
61.7,1733
61.7,1734
61.7,1735
61.7,1736
61.7,1737
61.8,1738
61.8,1737
61.8,1737
61.8,1738
61.8,1738
61.8,1738
61.9,1737
61.9,1736
61.9,1737
61.9,1738
61.9,1738
61.9,1738
61.9,1739
62.0,1738
62.0,1739
62.0,1738
62.0,1737
62.0,1738
62.0,1739
62.0,1740
62.0,1741
62.0,1742
62.0,1741
62.0,1742
62.0,1743
62.0,1742
62.1,1743
62.1,1742
62.1,1741
62.1,1742
62.1,1743
62.1,1742
62.1,1741
62.1,1740
62.1,1741
62.1,1740
62.1,1739
62.1,1740
62.1,1739
62.1,1738
62.1,1737
62.1,1738
62.1,1737
62.1,1736
62.1,1736
62.2,1737
62.2,1737
62.2,1737
62.2,1738
62.2,1739
62.2,1738
62.2,1739
62.2,1738
62.2,1737
62.2,1737
62.2,1736
62.3,1736
62.3,1737
62.3,1736
62.3,1737
62.3,1738
62.3,1737
62.3,1738
62.3,1737
62.4,1736
62.4,1737
62.4,1737
62.4,1738
62.4,1739
62.4,1740
62.4,1741
62.5,1741
62.5,1740
62.5,1739
62.5,1739
62.5,1738
62.5,1737
62.5,1738
62.5,1737
62.5,1736
62.5,1735
62.5,1736
62.5,1735
62.6,1736
62.6,1735
62.6,1735
62.6,1735
62.6,1735
62.6,1734
62.6,1735
62.6,1735
62.6,1736
62.6,1737
62.6,1738
62.6,1737
62.6,1737
62.6,1736
62.7,1735
62.7,1734
62.7,1734
62.7,1733
62.7,1733
62.7,1732
62.7,1731
62.7,1732
62.7,1732
62.7,1733
62.8,1732
62.8,1731
62.8,1731
62.8,1732
62.8,1733
62.8,1734
62.8,1735
62.8,1736
62.8,1737
62.9,1738
62.9,1739
62.9,1739
62.9,1738
62.9,1739
62.9,1740
62.9,1741
62.9,1741
62.9,1741
63.0,1742
63.0,1743
63.0,1743
63.0,1742
63.0,1741
63.0,1742
63.1,1741
63.1,1740
63.1,1740
63.1,1741
63.1,1742
63.1,1741
63.1,1742
63.1,1741
63.1,1741
63.1,1742
63.1,1741
63.2,1740
63.2,1741
63.2,1740
63.2,1741
63.2,1742
63.2,1741
63.2,1742
63.2,1743
63.2,1744
63.2,1743
63.2,1742
63.2,1743
63.3,1744
63.3,1743
63.3,1742
63.3,1743
63.3,1744
63.4,1745
63.4,1746
63.4,1746
63.4,1747
63.4,1746
63.4,1746
63.4,1747
63.4,1746
63.5,1747
63.5,1748
63.5,1749
63.5,1750
63.5,1750
63.5,1749
63.5,1750
63.5,1750
63.5,1751
63.6,1752
63.6,1753
63.6,1752
63.6,1752
63.6,1753
63.6,1752
63.6,1751
63.6,1750
63.6,1750
63.6,1749
63.6,1748
63.6,1747
63.6,1746
63.7,1745
63.7,1744
63.7,1745
63.7,1746
63.7,1745
63.7,1744
63.7,1745
63.7,1745
63.7,1744
63.7,1743
63.7,1743
63.7,1743
63.8,1744
63.8,1744
63.8,1744
63.8,1743
63.8,1744
63.8,1743
63.8,1742
63.8,1742
63.8,1743
63.8,1742
63.8,1743
63.8,1744
63.8,1744
63.9,1745
63.9,1746
63.9,1747
63.9,1746
63.9,1747
63.9,1748
63.9,1749
63.9,1749
64.0,1748
64.0,1747
64.0,1748
64.0,1749
64.0,1748
64.0,1749
64.0,1748
64.0,1747
64.0,1748
64.0,1749
64.0,1750
64.0,1751
64.1,1751
64.1,1752
64.1,1751
64.1,1752
64.1,1751
64.1,1752
64.1,1753
64.1,1753
64.1,1754
64.1,1754
64.1,1753
64.1,1752
64.2,1753
64.2,1754
64.2,1755
64.2,1756
64.2,1757
64.2,1758
64.2,1759
64.2,1760
64.2,1759
64.2,1760
64.3,1759
64.3,1758
64.3,1759
64.3,1759
64.3,1760
64.3,1761
64.3,1762
64.3,1763
64.3,1762
64.3,1763
64.3,1762
64.3,1761
64.3,1760
64.3,1761
64.3,1760
64.4,1760
64.4,1760
64.4,1761
64.4,1760
64.4,1759
64.5,1760
64.5,1759
64.5,1758
64.5,1757
64.5,1756
64.5,1755
64.5,1754
64.5,1754
64.5,1754
64.5,1753
64.5,1753
64.6,1754
64.6,1754
64.6,1753
64.6,1752
64.6,1752
64.6,1753
64.6,1753
64.6,1754
64.6,1753
64.6,1754
64.6,1754
64.6,1753
64.6,1752
64.6,1752
64.6,1753
64.6,1754
64.6,1754
64.6,1753
64.7,1754
64.7,1755
64.7,1754
64.7,1753
64.7,1752
64.7,1752
64.7,1753
64.7,1754
64.8,1754
64.8,1753
64.8,1753
64.8,1754
64.8,1753
64.8,1754
64.8,1755
64.8,1755
64.8,1755
64.8,1756
64.8,1757
64.9,1756
64.9,1755
64.9,1756
64.9,1757
64.9,1757
64.9,1756
64.9,1755
64.9,1756
64.9,1755
64.9,1756
64.9,1756
64.9,1755
64.9,1754
64.9,1753
64.9,1752
65.0,1751
65.0,1751
65.0,1751
65.0,1752
65.0,1751
65.0,1750
65.0,1750
65.0,1750
65.0,1750
65.0,1750
65.0,1750
65.0,1750
65.0,1750
65.0,1750
65.0,1750
65.0,1750
65.0,1750
65.0,1750
65.0,1750
65.0,1750
65.0,1750
65.0,1750
65.0,1750
65.0,1750
65.0,1750
65.0,1750
65.0,1750
65.0,1750
65.0,1750
65.0,1750
65.0,1750
65.0,1750
65.0,1750
65.0,1750
65.0,1750
65.0,1750
65.0,1750
65.0,1750
65.0,1750
65.0,1750
65.0,1750
65.0,1750
65.0,1750
65.0,1750
65.0,1750
65.0,1750
65.0,1750
65.0,1750
65.0,1750
65.0,1750
65.0,1750
65.0,1750
65.0,1750
65.0,1750
65.0,1750
65.0,1750
65.0,1750
65.0,1750
65.0,1750
65.0,1750
65.0,1750
65.0,1750
65.0,1750
65.0,1750
65.0,1750
65.0,1750
65.0,1750
65.0,1750
65.0,1750
65.0,1750
65.0,1750
65.0,1750
65.0,1750
65.0,1750
65.0,1750
65.0,1750
65.0,1750
65.0,1750
65.0,1750
65.0,1750
65.0,1750
65.0,1750
65.0,1750
65.0,1750
65.0,1750
65.0,1750
65.0,1750
65.0,1750
65.0,1750
65.0,1750
65.0,1750
65.0,1750
65.0,1750
65.0,1750
65.0,1750
65.0,1750
65.0,1750
65.0,1750
65.0,1750
65.0,1750
65.0,1750
65.0,1750
65.0,1750
65.0,1750
65.0,1750
65.0,1750
65.0,1750
65.0,1750
65.0,1750
65.0,1750
65.0,1750
65.0,1750
65.0,1750
65.0,1750
65.0,1750
65.0,1750
65.0,1750
65.0,1750
65.0,1750
65.0,1750
65.0,1750
65.0,1750
65.0,1750
65.0,1750
65.0,1750
65.0,1750
65.0,1750
65.0,1750
65.0,1750
65.0,1750
65.0,1750
65.0,1750
65.0,1750
65.0,1750
65.0,1750
65.0,1750
65.0,1750
65.0,1750
65.0,1750
65.0,1750
65.0,1750
65.0,1750
65.0,1750
65.0,1750
65.0,1750
65.0,1750
65.0,1750
65.0,1750
65.0,1750
65.0,1750
65.0,1750
65.0,1750
65.0,1750
65.0,1750
65.0,1750
65.0,1750
65.0,1750
65.0,1750
65.0,1750
65.0,1750
65.0,1750
65.0,1750
65.0,1750
65.0,1750
65.0,1750
65.0,1750
65.0,1750
65.0,1750
65.0,1750
65.0,1750
65.0,1750
65.0,1750
65.0,1750
65.0,1750
65.0,1750
65.0,1750
65.0,1750
65.0,1750
65.0,1750
65.0,1750
65.0,1750
65.0,1750
65.0,1750
65.0,1750
65.0,1750
65.0,1750
65.0,1750
65.0,1750
65.0,1750
65.0,1750
65.0,1750
65.0,1750
65.0,1750
65.0,1750
65.0,1750
65.0,1750
65.0,1750
65.0,1750
65.0,1750
65.0,1750
65.0,1750
65.0,1750
65.0,1750
65.0,1750
65.0,1750
65.0,1750
65.0,1750
65.0,1750
65.0,1750
65.0,1750
65.0,1750
65.0,1750
65.0,1750
65.0,1750
65.0,1750
65.0,1750
65.0,1750
65.0,1750
65.0,1750
65.0,1750
65.0,1750
65.0,1750
65.0,1750
65.0,1750
65.0,1750
65.0,1750
65.0,1750
65.0,1750
65.0,1750
65.0,1750
65.0,1750
65.0,1750
65.0,1750
65.0,1750
65.0,1750
65.0,1750
65.0,1750
65.0,1750
65.0,1750
65.0,1750
65.0,1750
65.0,1750
65.0,1750
65.0,1750
65.0,1750
65.0,1750
65.0,1750
65.0,1750
65.0,1750
65.0,1750
65.0,1750
65.0,1750
65.0,1750
65.0,1750
65.0,1750
65.0,1750
65.0,1750
65.0,1750
65.0,1750
65.0,1750
65.0,1750
65.0,1750
65.0,1750
65.0,1750
65.0,1750
65.0,1750
65.0,1750
65.0,1750
65.0,1750
65.0,1750
65.0,1750
65.0,1750
65.0,1750
65.0,1750
65.0,1750
65.0,1750
65.0,1750
65.0,1750
65.0,1750
65.0,1750
65.0,1750
65.0,1750
65.0,1750
65.0,1750
65.0,1750
65.0,1750
65.0,1750
65.0,1750
65.0,1750
65.0,1750
65.0,1750
65.0,1750
65.0,1750
65.0,1750
65.0,1750
65.0,1750
65.0,1750
65.0,1750
65.0,1750
65.0,1750
65.0,1750
65.0,1750
65.0,1750
65.0,1750
65.0,1750
65.0,1750
65.0,1750
65.0,1750
65.0,1750
65.0,1750
65.0,1750
65.0,1750
65.0,1750
65.0,1750
65.0,1750
65.0,1750
65.0,1750
65.0,1750
65.0,1750
65.0,1750
65.0,1750
65.0,1750
65.0,1750
65.0,1750
65.0,1750
65.0,1750
65.0,1750
65.0,1750
65.0,1750
65.0,1750
65.0,1750
65.0,1750
65.0,1750
65.0,1750
65.0,1750
65.0,1750
65.0,1750
65.0,1750
65.0,1750
65.0,1750
65.0,1750
65.0,1750
65.0,1750
65.0,1750
65.0,1750
65.0,1750
65.0,1750
65.0,1750
65.0,1750
65.0,1750
65.0,1750
65.0,1750
65.0,1750
65.0,1750
65.0,1750
65.0,1750
65.0,1750
65.0,1750
65.0,1750
65.0,1750
65.0,1750
65.0,1750
65.0,1750
65.0,1750
65.0,1750
65.0,1750
65.0,1750
65.0,1750
65.0,1750
65.0,1750
65.0,1750
65.0,1750
65.0,1750
65.0,1750
65.0,1750
65.0,1750
65.0,1750
65.0,1750
65.0,1750
65.0,1750
65.0,1750
65.0,1750
65.0,1750
65.0,1750
65.0,1750
65.0,1750
65.0,1750
65.0,1750
65.0,1750
65.0,1750
65.0,1750
65.0,1750
65.0,1750
65.0,1750
65.0,1750
65.0,1750
65.0,1750
65.0,1750
65.0,1750
65.0,1750
65.0,1750
65.0,1750
65.0,1750
65.0,1750
65.0,1750
65.0,1750
65.0,1750
65.0,1750
65.0,1750
65.0,1750
65.0,1750
65.0,1750
65.0,1750
65.0,1750
65.0,1750
65.0,1750
65.0,1750
65.0,1750
65.0,1750
65.0,1750
65.0,1750
65.0,1750
65.0,1750
65.0,1750
65.0,1750
65.0,1750
65.0,1750
65.0,1750
65.0,1750
65.0,1750
65.0,1750
65.0,1750
65.0,1750
65.0,1750
65.0,1750
65.0,1750
65.0,1750
65.0,1750
65.0,1750
65.0,1750
65.0,1750
65.0,1750
65.0,1750
65.0,1750
65.0,1750
65.0,1750
65.0,1750
65.0,1750
65.0,1750
65.0,1750
65.0,1750
65.0,1750
65.0,1750
65.0,1750
65.0,1750
65.0,1750
65.0,1750
65.0,1750
65.0,1750
65.0,1750
65.0,1750
65.0,1750
65.0,1750
65.0,1750
65.0,1750
65.0,1750
65.0,1750
65.0,1750
65.0,1750
65.0,1750
65.0,1750
65.0,1750
65.0,1750
65.0,1750
65.0,1750
65.0,1750
65.0,1750
65.0,1750
65.0,1750
65.0,1750
65.0,1750
65.0,1750
65.0,1750
65.0,1750
65.0,1750
65.0,1750
65.0,1750
65.0,1750
65.0,1750
65.0,1750
65.0,1750
65.0,1750
65.0,1750
65.0,1750
65.0,1750
65.0,1750
65.0,1750
65.0,1750
65.0,1750
65.0,1750
65.0,1750
65.0,1750
65.0,1750
65.0,1750
65.0,1750
65.0,1751
65.1,1750
65.1,1751
65.1,1752
65.1,1752
65.1,1752
65.1,1751
65.1,1751
65.1,1752
65.1,1753
65.1,1752
65.1,1753
65.2,1752
65.2,1753
65.2,1753
65.2,1753
65.2,1752
65.2,1752
65.2,1753
65.2,1754
65.2,1755
65.2,1756
65.2,1757
65.3,1756
65.3,1757
65.3,1757
65.3,1756
65.3,1755
65.3,1754
65.3,1754
65.3,1753
65.3,1753
65.3,1752
65.3,1751
65.3,1752
65.3,1753
65.3,1754
65.3,1753
65.3,1754
65.4,1753
65.4,1754
65.4,1755
65.4,1754
65.4,1753
65.4,1754
65.5,1755
65.5,1754
65.5,1754
65.5,1754
65.5,1754
65.5,1753
65.5,1753
65.5,1752
65.5,1752
65.5,1751
65.5,1752
65.5,1753
65.5,1752
65.5,1751
65.6,1750
65.6,1751
65.6,1750
65.6,1750
65.6,1749
65.6,1750
65.7,1749
65.7,1748
65.7,1747
65.7,1746
65.7,1746
65.8,1747
65.8,1748
65.8,1747
65.8,1746
65.8,1745
65.8,1746
65.8,1747
65.8,1747
65.9,1748
65.9,1748
65.9,1748
65.9,1749
65.9,1748
65.9,1747
65.9,1748
65.9,1748
65.9,1749
66.0,1748
66.0,1747
66.0,1746
66.0,1746
66.0,1745
66.0,1746
66.0,1747
66.0,1747
66.0,1748
66.0,1747
66.1,1746
66.1,1745
66.1,1746
66.1,1745
66.1,1745
66.1,1744
66.1,1745
66.1,1744
66.1,1743
66.1,1744
66.1,1745
66.1,1745
66.2,1744
66.2,1745
66.2,1744
66.2,1745
66.2,1746
66.2,1745
66.2,1745
66.2,1744
66.2,1743
66.2,1742
66.3,1743
66.3,1743
66.3,1744
66.3,1743
66.3,1742
66.3,1743
66.3,1744
66.3,1745
66.3,1746
66.3,1745
66.3,1744
66.3,1743
66.3,1744
66.4,1745
66.4,1744
66.4,1745
66.4,1746
66.4,1747
66.4,1748
66.4,1747
66.4,1746
66.4,1745
66.4,1745
66.4,1744
66.4,1745
66.4,1746
66.5,1745
66.5,1746
66.5,1745
66.5,1744
66.5,1745
66.5,1744
66.5,1745
66.6,1744
66.6,1745
66.6,1744
66.6,1744
66.6,1745
66.6,1744
66.6,1745
66.6,1744
66.6,1745
66.6,1746
66.6,1746
66.6,1745
66.6,1744
66.6,1743
66.7,1744
66.7,1743
66.7,1742
66.7,1743
66.7,1742
66.7,1743
66.7,1744
66.7,1744
66.7,1744
66.7,1744
66.7,1743
66.8,1744
66.8,1745
66.8,1744
66.8,1743
66.8,1744
66.8,1743
66.9,1743
66.9,1742
66.9,1741
66.9,1740
66.9,1739
66.9,1738
66.9,1737
67.0,1738
67.0,1737
67.0,1737
67.0,1738
67.0,1737
67.0,1736
67.0,1736
67.0,1736
67.0,1735
67.0,1736
67.0,1737
67.0,1737
67.0,1738
67.1,1738
67.1,1737
67.1,1738
67.1,1737
67.1,1738
67.1,1739
67.1,1740
67.1,1741
67.1,1741
67.1,1742
67.1,1742
67.2,1743
67.2,1744
67.2,1743
67.2,1742
67.2,1741
67.2,1742
67.2,1741
67.2,1740
67.2,1739
67.2,1738
67.2,1738
67.3,1739
67.3,1740
67.3,1740
67.3,1741
67.3,1740
67.3,1739
67.3,1740
67.3,1739
67.3,1739
67.3,1738
67.4,1739
67.4,1740
67.4,1741
67.4,1740
67.4,1741
67.4,1742
67.4,1741
67.4,1740
67.5,1739
67.5,1740
67.5,1741
67.5,1742
67.5,1741
67.5,1741
67.5,1742
67.5,1741
67.5,1740
67.6,1741
67.6,1740
67.6,1739
67.6,1740
67.6,1739
67.6,1739
67.6,1740
67.6,1739
67.7,1738
67.7,1737
67.7,1738
67.7,1739
67.7,1740
67.7,1739
67.7,1740
67.7,1741
67.7,1742
67.7,1742
67.7,1742
67.7,1743
67.7,1742
67.7,1741
67.7,1742
67.7,1743
67.8,1742
67.8,1741
67.8,1740
67.8,1739
67.8,1738
67.8,1739
67.8,1738
67.8,1739
67.8,1739
67.8,1740
67.8,1739
67.9,1740
67.9,1741
67.9,1742
67.9,1742
67.9,1743
67.9,1743
67.9,1742
67.9,1743
67.9,1743
67.9,1744
67.9,1745
67.9,1745
67.9,1744
68.0,1743
68.0,1744
68.0,1744
68.0,1744
68.0,1745
68.0,1746
68.0,1745
68.0,1746
68.0,1745
68.1,1745
68.1,1746
68.1,1746
68.1,1746
68.1,1747
68.1,1747
68.1,1746
68.1,1745
68.1,1744
68.1,1745
68.1,1744
68.1,1745
68.2,1745
68.2,1746
68.2,1747
68.2,1748
68.2,1748
68.2,1748
68.2,1747
68.2,1746
68.3,1745
68.3,1746
68.3,1746
68.3,1747
68.3,1747
68.3,1746
68.3,1747
68.4,1746
68.4,1746
68.4,1745
68.4,1744
68.4,1745
68.4,1745
68.4,1745
68.4,1746
68.4,1745
68.4,1746
68.4,1745
68.4,1745
68.4,1745
68.5,1744
68.5,1745
68.5,1745
68.5,1744
68.5,1745
68.5,1746
68.5,1745
68.5,1746
68.5,1745
68.5,1745
68.6,1746
68.6,1747
68.6,1748
68.6,1747
68.6,1746
68.6,1747
68.6,1748
68.6,1747
68.6,1746
68.6,1747
68.6,1748
68.6,1748
68.6,1747
68.6,1747
68.6,1746
68.6,1747
68.7,1747
68.7,1748
68.7,1749
68.7,1748
68.7,1748
68.7,1749
68.7,1748
68.8,1747
68.8,1748
68.8,1747
68.8,1748
68.8,1749
68.8,1750
68.8,1751
68.8,1752
68.8,1753
68.8,1752
68.8,1753
68.8,1754
68.9,1755
68.9,1754
68.9,1754
68.9,1753
68.9,1754
68.9,1753
68.9,1754
68.9,1754
68.9,1755
68.9,1756
68.9,1755
68.9,1755
68.9,1755
69.0,1755
69.0,1754
69.0,1753
69.0,1752
69.0,1751
69.0,1750
69.0,1750
69.1,1750
69.1,1749
69.1,1748
69.1,1749
69.1,1748
69.1,1747
69.1,1748
69.1,1748
69.1,1749
69.1,1748
69.2,1748
69.2,1748
69.2,1747
69.2,1746
69.2,1746
69.3,1746
69.3,1745
69.3,1744
69.4,1745
69.4,1746
69.4,1747
69.4,1746
69.4,1747
69.4,1746
69.4,1745
69.4,1745
69.4,1744
69.4,1744
69.4,1743
69.4,1744
69.5,1745
69.5,1746
69.5,1745
69.5,1744
69.5,1743
69.5,1742
69.5,1743
69.5,1743
69.5,1744
69.6,1743
69.6,1742
69.6,1741
69.6,1740
69.6,1741
69.6,1741
69.6,1742
69.6,1743
69.6,1744
69.7,1745
69.7,1744
69.7,1743
69.7,1742
69.7,1743
69.7,1744
69.7,1745
69.7,1746
69.7,1747
69.7,1746
69.8,1746
69.8,1746
69.8,1745
69.8,1744
69.8,1745
69.8,1744
69.8,1744
69.8,1745
69.8,1746
69.8,1747
69.8,1748
69.9,1747
69.9,1748
69.9,1749
69.9,1748
69.9,1749
69.9,1748
69.9,1749
69.9,1749
69.9,1748
70.0,1748
70.0,1748
70.0,1749
70.0,1748
70.0,1749
70.0,1750
70.0,1751
70.0,1750
70.0,1751
70.1,1752
70.1,1753
70.1,1754
70.1,1753
70.1,1752
70.1,1752
70.2,1751
70.2,1750
70.2,1751
70.2,1752
70.2,1752
70.2,1751
70.2,1750
70.2,1750
70.2,1751
70.2,1750
70.2,1751
70.2,1752
70.2,1751
70.3,1750
70.3,1750
70.3,1749
70.3,1749
70.3,1749
70.3,1748
70.3,1747
70.3,1746
70.3,1745
70.3,1746
70.3,1745
70.3,1745
70.3,1744
70.3,1744
70.4,1745
70.4,1744
70.4,1745
70.4,1746
70.4,1747
70.4,1748
70.4,1749
70.4,1748
70.5,1748
70.5,1748
70.5,1747
70.5,1748
70.5,1749
70.6,1749
70.6,1748
70.6,1749
70.6,1748
70.6,1749
70.6,1749
70.6,1748
70.6,1749
70.6,1748
70.7,1748
70.7,1747
70.7,1746
70.7,1745
70.7,1745
70.7,1744
70.7,1744
70.7,1745
70.7,1746
70.7,1747
70.7,1746
70.7,1745
70.7,1744
70.8,1743
70.8,1744
70.8,1744
70.8,1743
70.8,1742
70.8,1741
70.8,1740
70.9,1739
70.9,1740
70.9,1740
70.9,1739
70.9,1738
70.9,1739
70.9,1739
70.9,1739
70.9,1738
70.9,1737
70.9,1738
70.9,1739
70.9,1739
71.0,1738
71.0,1737
71.0,1737
71.0,1738
71.0,1737
71.0,1736
71.0,1737
71.0,1736
71.0,1735
71.0,1736
71.0,1737
71.1,1737
71.1,1736
71.1,1735
71.1,1736
71.1,1735
71.1,1735
71.1,1735
71.1,1736
71.2,1736
71.2,1737
71.2,1736
71.2,1737
71.2,1737
71.2,1736
71.2,1735
71.2,1736
71.2,1737
71.2,1736
71.2,1736
71.2,1735
71.2,1734
71.2,1735
71.2,1736
71.2,1736
71.2,1736
71.2,1737
71.2,1737
71.3,1738
71.3,1738
71.3,1738
71.3,1738
71.3,1739
71.3,1738
71.3,1739
71.3,1739
71.4,1740
71.4,1741
71.4,1742
71.4,1741
71.4,1740
71.4,1739
71.4,1739
71.4,1739
71.4,1738
71.4,1737
71.4,1738
71.4,1739
71.4,1738
71.4,1737
71.4,1736
71.5,1737
71.5,1737
71.5,1738
71.5,1737
71.5,1737
71.5,1738
71.6,1738
71.6,1737
71.6,1738
71.6,1739
71.6,1739
71.6,1739
71.6,1739
71.6,1738
71.6,1737
71.7,1736
71.7,1736
71.7,1735
71.7,1734
71.7,1734
71.7,1734
71.7,1733
71.7,1732
71.7,1731
71.7,1730
71.7,1730
71.7,1730
71.7,1729
71.8,1728
71.8,1729
71.8,1728
71.8,1727
71.8,1728
71.8,1728
71.9,1729
71.9,1728
71.9,1729
71.9,1730
71.9,1729
71.9,1729
71.9,1730
71.9,1730
71.9,1730
71.9,1730
72.0,1730
72.0,1730
72.0,1731
72.0,1731
72.0,1732
72.1,1733
72.1,1734
72.1,1734
72.1,1735
72.1,1736
72.1,1737
72.1,1736
72.1,1737
72.1,1738
72.1,1739
72.1,1740
72.1,1741
72.1,1740
72.1,1739
72.1,1740
72.2,1741
72.2,1740
72.2,1741
72.2,1742
72.2,1743
72.2,1743
72.2,1743
72.2,1744
72.2,1743
72.2,1743
72.2,1743
72.2,1742
72.3,1742
72.3,1743
72.3,1744
72.3,1745
72.3,1745
72.3,1746
72.3,1745
72.3,1746
72.3,1745
72.4,1744
72.4,1744
72.4,1745
72.4,1745
72.4,1746
72.4,1747
72.4,1748
72.4,1747
72.4,1747
72.4,1747
72.4,1747
72.4,1748
72.5,1748
72.5,1747
72.5,1748
72.5,1748
72.5,1747
72.5,1747
72.5,1746
72.5,1746
72.5,1745
72.5,1746
72.5,1745
72.5,1746
72.5,1745
72.5,1744
72.6,1743
72.6,1742
72.6,1743
72.6,1744
72.6,1743
72.6,1742
72.6,1743
72.6,1744
72.6,1743
72.7,1742
72.7,1741
72.7,1740
72.7,1739
72.7,1740
72.7,1739
72.7,1738
72.7,1739
72.7,1740
72.7,1741
72.7,1742
72.7,1741
72.8,1741
72.8,1742
72.8,1743
72.8,1743
72.8,1742
72.8,1742
72.9,1741
72.9,1740
72.9,1741
72.9,1742
72.9,1743
72.9,1744
72.9,1745
72.9,1744
72.9,1743
73.0,1743
73.0,1744
73.0,1743
73.0,1742
73.0,1741
73.0,1742
73.0,1741
73.0,1740
73.1,1739
73.1,1738
73.1,1737
73.1,1736
73.1,1736
73.1,1737
73.1,1736
73.1,1737
73.1,1737
73.1,1738
73.1,1738
73.2,1738
73.2,1739
73.2,1739
73.2,1740
73.2,1740
73.2,1741
73.2,1741
73.2,1741
73.2,1742
73.2,1742
73.2,1742
73.2,1742
73.2,1741
73.2,1742
73.3,1743
73.3,1744
73.3,1744
73.3,1743
73.3,1743
73.4,1744
73.4,1745
73.4,1746
73.4,1746
73.4,1746
73.4,1747
73.4,1746
73.4,1747
73.4,1746
73.4,1745
73.4,1744
73.4,1745
73.4,1746
73.5,1747
73.5,1748
73.5,1749
73.5,1749
73.5,1748
73.5,1749
73.5,1748
73.5,1748
73.5,1747
73.6,1747
73.6,1747
73.6,1746
73.6,1747
73.6,1747
73.6,1746
73.6,1746
73.6,1746
73.6,1745
73.6,1746
73.6,1746
73.6,1747
73.6,1746
73.7,1745
73.7,1744
73.7,1745
73.7,1745
73.7,1745
73.7,1745
73.7,1746
73.7,1745
73.7,1744
73.7,1744
73.7,1743
73.7,1742
73.7,1742
73.7,1742
73.7,1741
73.7,1742
73.7,1743
73.7,1743
73.8,1742
73.8,1741
73.8,1742
73.8,1742
73.8,1741
73.8,1740
73.8,1739
73.8,1738
73.8,1739
73.8,1738
73.8,1739
73.8,1740
73.8,1739
73.8,1738
73.8,1737
73.9,1736
73.9,1735
73.9,1736
73.9,1737
73.9,1737
73.9,1737
73.9,1738
73.9,1737
73.9,1737
73.9,1737
74.0,1738
74.0,1739
74.0,1738
74.0,1737
74.0,1736
74.1,1735
74.1,1734
74.1,1733
74.1,1734
74.1,1735
74.1,1736
74.1,1735
74.1,1736
74.1,1737
74.2,1737
74.2,1736
74.2,1735
74.2,1736
74.2,1735
74.2,1735
74.2,1736
74.3,1736
74.3,1737
74.3,1736
74.3,1737
74.3,1736
74.3,1736
74.3,1736
74.4,1735
74.4,1734
74.4,1734
74.4,1733
74.4,1733
74.4,1732
74.5,1733
74.5,1734
74.5,1734
74.5,1733
74.5,1732
74.5,1732
74.5,1733
74.5,1734
74.6,1735
74.6,1734
74.6,1735
74.6,1736
74.6,1737
74.6,1738
74.6,1739
74.6,1738
74.6,1739
74.6,1738
74.6,1739
74.6,1738
74.6,1738
74.6,1739
74.6,1740
74.7,1739
74.7,1739
74.7,1740
74.7,1741
74.7,1742
74.8,1741
74.8,1740
74.8,1741
74.8,1741
74.8,1742
74.8,1743
74.8,1743
74.8,1744
74.8,1743
74.8,1744
74.8,1743
74.8,1742
74.9,1741
74.9,1741
74.9,1741
74.9,1740
74.9,1740
74.9,1739
74.9,1739
74.9,1738
74.9,1737
74.9,1737
74.9,1736
74.9,1737
75.0,1736
75.0,1737
75.0,1737
75.0,1738
75.0,1739
75.0,1738
75.0,1737
75.0,1736
75.0,1736
75.1,1736
75.1,1737
75.1,1738
75.1,1737
75.1,1736
75.1,1736
75.1,1735
75.1,1736
75.1,1737
75.1,1737
75.1,1738
75.1,1739
75.1,1740
75.1,1741
75.1,1741
75.2,1742
75.2,1743
75.2,1742
75.2,1742
75.2,1743
75.2,1744
75.2,1745
75.2,1745
75.2,1745
75.2,1746
75.2,1745
75.2,1744
75.2,1745
75.2,1745
75.3,1744
75.3,1743
75.3,1744
75.3,1744
75.3,1745
75.3,1744
75.3,1745
75.3,1744
75.3,1743
75.4,1744
75.4,1744
75.4,1744
75.4,1743
75.4,1744
75.4,1744
75.4,1744
75.4,1745
75.5,1744
75.5,1744
75.5,1744
75.5,1745
75.5,1744
75.5,1743
75.5,1743
75.5,1742
75.6,1741
75.6,1740
75.6,1740
75.6,1739
75.6,1738
75.6,1738
75.6,1739
75.6,1739
75.6,1738
75.6,1737
75.6,1738
75.6,1738
75.6,1739
75.6,1739
75.7,1739
75.7,1739
75.7,1740
75.7,1741
75.7,1740
75.7,1740
75.7,1739
75.7,1739
75.8,1738
75.8,1737
75.8,1736
75.8,1736
75.8,1735
75.8,1734
75.8,1734
75.8,1734
75.9,1733
75.9,1733
75.9,1734
75.9,1733
75.9,1734
75.9,1735
75.9,1734
75.9,1735
75.9,1735
75.9,1735
75.9,1735
75.9,1735
75.9,1736
76.0,1736
76.0,1735
76.0,1734
76.0,1735
76.0,1735
76.0,1735
76.0,1734
76.0,1735
76.1,1734
76.1,1733
76.1,1733
76.1,1732
76.1,1733
76.1,1733
76.1,1732
76.1,1733
76.1,1732
76.1,1733
76.1,1733
76.1,1734
76.1,1735
76.1,1734
76.1,1733
76.2,1734
76.2,1733
76.2,1732
76.2,1732
76.2,1732
76.2,1731
76.2,1732
76.2,1733
76.2,1732
76.2,1731
76.2,1731
76.2,1730
76.2,1729
76.3,1728
76.3,1728
76.3,1728
76.3,1729
76.3,1729
76.3,1730
76.3,1731
76.3,1731
76.3,1732
76.4,1731
76.4,1730
76.4,1729
76.4,1730
76.4,1729
76.4,1729
76.4,1728
76.4,1727
76.4,1727
76.4,1728
76.4,1729
76.5,1730
76.5,1731
76.5,1730
76.5,1731
76.5,1731
76.5,1730
76.5,1731
76.5,1730
76.5,1729
76.5,1729
76.5,1728
76.5,1727
76.5,1728
76.6,1729
76.6,1728
76.6,1728
76.6,1728
76.6,1729
76.6,1728
76.6,1727
76.6,1726
76.6,1727
76.6,1726
76.6,1725
76.7,1724
76.7,1725
76.7,1724
76.7,1723
76.7,1723
76.7,1724
76.7,1723
76.7,1724
76.7,1725
76.7,1725
76.8,1724
76.8,1723
76.8,1722
76.8,1723
76.8,1723
76.8,1724
76.8,1725
76.8,1725
76.8,1725
76.8,1724
76.8,1725
76.8,1726
76.9,1725
76.9,1724
76.9,1724
76.9,1724
76.9,1725
76.9,1724
76.9,1724
76.9,1724
76.9,1723
76.9,1723
76.9,1724
76.9,1723
76.9,1724
77.0,1725
77.0,1724
77.0,1723
77.0,1724
77.0,1723
77.0,1723
77.0,1722
77.0,1723
77.0,1722
77.0,1721
77.0,1720
77.0,1721
77.1,1722
77.1,1721
77.1,1722
77.1,1721
77.1,1721
77.1,1721
77.1,1720
77.1,1721
77.1,1720
77.2,1719
77.2,1720
77.2,1719
77.2,1718
77.2,1718
77.2,1717
77.2,1716
77.2,1717
77.2,1717
77.2,1716
77.3,1717
77.3,1716
77.3,1715
77.3,1715
77.3,1714
77.3,1715
77.3,1714
77.4,1713
77.4,1714
77.4,1714
77.4,1713
77.4,1714
77.4,1713
77.4,1714
77.4,1713
77.4,1714
77.5,1713
77.5,1714
77.5,1715
77.5,1714
77.5,1715
77.5,1714
77.6,1714
77.6,1713
77.6,1714
77.6,1713
77.6,1712
77.6,1711
77.6,1712
77.6,1712
77.6,1712
77.6,1711
77.6,1712
77.6,1713
77.6,1714
77.7,1714
77.7,1713
77.7,1712
77.7,1712
77.7,1711
77.7,1712
77.7,1713
77.7,1714
77.7,1713
77.7,1712
77.7,1711
77.7,1711
77.7,1710
77.7,1710
77.7,1711
77.8,1712
77.8,1711
77.8,1711
77.8,1710
77.8,1709
77.8,1710
77.8,1711
77.8,1712
77.8,1712
77.8,1711
77.8,1710
77.8,1711
77.9,1710
77.9,1711
77.9,1710
77.9,1709
77.9,1710
77.9,1710
77.9,1711
77.9,1710
77.9,1710
77.9,1710
77.9,1709
78.0,1710
78.0,1711
78.0,1711
78.0,1710
78.0,1710
78.0,1710
78.0,1710
78.0,1710
78.1,1710
78.1,1710
78.1,1709
78.1,1710
78.1,1711
78.1,1712
78.1,1711
78.1,1711
78.2,1710
78.2,1710
78.2,1710
78.2,1711
78.2,1711
78.2,1712
78.2,1712
78.2,1711
78.2,1710
78.3,1711
78.3,1712
78.3,1712
78.3,1713
78.3,1714
78.3,1713
78.3,1712
78.3,1711
78.3,1711
78.3,1711
78.3,1712
78.4,1711
78.4,1712
78.4,1713
78.4,1713
78.4,1714
78.4,1713
78.4,1713
78.4,1713
78.4,1713
78.4,1714
78.4,1715
78.4,1714
78.5,1715
78.5,1714
78.5,1715
78.5,1714
78.5,1713
78.5,1714
78.5,1715
78.5,1715
78.5,1716
78.5,1717
78.6,1717
78.6,1718
78.6,1719
78.6,1718
78.6,1718
78.6,1719
78.6,1718
78.6,1718
78.6,1719
78.6,1720
78.6,1719
78.7,1718
78.7,1717
78.7,1718
78.7,1719
78.7,1719
78.7,1718
78.7,1719
78.7,1719
78.8,1720
78.8,1719
78.8,1719
78.8,1720
78.8,1721
78.8,1721
78.8,1722
78.8,1723
78.8,1722
78.9,1723
78.9,1723
78.9,1724
78.9,1725
78.9,1725
78.9,1726
78.9,1726
78.9,1727
79.0,1728
79.0,1729
79.0,1728
79.0,1729
79.0,1729
79.0,1730
79.1,1731
79.1,1732
79.1,1732
79.1,1731
79.1,1732
79.1,1733
79.1,1734
79.1,1735
79.1,1734
79.1,1733
79.2,1734
79.2,1733
79.2,1732
79.2,1731
79.2,1731
79.2,1730
79.2,1730
79.2,1729
79.2,1728
79.2,1727
79.2,1727
79.2,1728
79.2,1727
79.2,1727
79.3,1726
79.3,1725
79.3,1724
79.3,1725
79.3,1726
79.3,1727
79.3,1726
79.3,1727
79.3,1728
79.3,1729
79.3,1728
79.3,1727
79.3,1726
79.3,1726
79.4,1726
79.4,1727
79.4,1727
79.4,1728
79.4,1729
79.4,1729
79.4,1730
79.4,1729
79.4,1730
79.4,1730
79.4,1731
79.5,1732
79.5,1731
79.5,1731
79.5,1730
79.5,1730
79.5,1731
79.5,1731
79.5,1730
79.5,1731
79.5,1730
79.5,1731
79.5,1731
79.6,1732
79.6,1732
79.6,1731
79.6,1730
79.6,1730
79.6,1729
79.6,1730
79.6,1731
79.6,1732
79.6,1731
79.6,1730
79.7,1729
79.7,1730
79.7,1730
79.7,1729
79.7,1729
79.7,1730
79.7,1731
79.8,1732
79.8,1733
79.8,1733
79.8,1732
79.8,1731
79.8,1730
79.8,1729
79.9,1729
79.9,1730
79.9,1730
79.9,1731
79.9,1730
79.9,1729
79.9,1730
79.9,1730
79.9,1729
79.9,1730
79.9,1729
80.0,1730
80.0,1729
80.0,1730
80.0,1730
80.0,1729
80.0,1730
80.0,1731
80.0,1731
80.0,1732
80.1,1731
80.1,1730
80.1,1731
80.1,1730
80.1,1730
80.1,1730
80.1,1730
80.1,1731
80.1,1732
80.1,1733
80.2,1733
80.2,1732
80.2,1732
80.2,1733
80.2,1732
80.2,1733
80.2,1733
80.2,1732
80.2,1732
80.2,1731
80.3,1732
80.3,1732
80.3,1732
80.3,1733
80.3,1733
80.3,1732
80.3,1732
80.3,1732
80.3,1732
80.3,1733
80.3,1734
80.4,1733
80.4,1732
80.4,1733
80.4,1732
80.4,1731
80.4,1731
80.4,1732
80.4,1731
80.4,1730
80.5,1730
80.5,1729
80.5,1730
80.5,1731
80.5,1730
80.5,1729
80.5,1730
80.5,1729
80.5,1730
80.5,1731
80.6,1732
80.6,1731
80.6,1731
80.6,1732
80.6,1732
80.6,1733
80.6,1734
80.6,1735
80.6,1735
80.6,1735
80.6,1736
80.7,1737
80.7,1738
80.7,1738
80.7,1738
80.7,1737
80.7,1737
80.8,1736
80.8,1735
80.8,1736
80.8,1737
80.8,1736
80.8,1735
80.8,1734
80.8,1735
80.8,1735
80.8,1735
80.8,1735
80.8,1735
80.9,1736
80.9,1737
80.9,1737
80.9,1738
80.9,1737
80.9,1738
80.9,1738
80.9,1739
80.9,1740
80.9,1739
80.9,1738
80.9,1737
80.9,1738
80.9,1737
81.0,1736
81.0,1737
81.0,1738
81.0,1738
81.0,1739
81.0,1738
81.0,1737
81.0,1736
81.0,1737
81.0,1738
81.1,1739
81.1,1739
81.1,1738
81.1,1739
81.1,1738
81.1,1738
81.1,1739
81.1,1738
81.1,1737
81.1,1736
81.1,1736
81.1,1737
81.1,1737
81.2,1737
81.2,1737
81.2,1736
81.2,1737
81.2,1737
81.2,1737
81.2,1736
81.2,1735
81.2,1735
81.2,1735
81.2,1734
81.2,1734
81.2,1733
81.3,1733
81.3,1733
81.3,1733
81.3,1732
81.3,1731
81.3,1731
81.3,1731
81.3,1732
81.3,1733
81.3,1732
81.3,1732
81.3,1732
81.3,1732
81.4,1731
81.4,1732
81.4,1732
81.4,1732
81.4,1733
81.4,1732
81.4,1733
81.4,1734
81.5,1735
81.5,1736
81.5,1735
81.5,1734
81.5,1733
81.5,1734
81.5,1734
81.5,1734
81.6,1734
81.6,1734
81.6,1735
81.6,1735
81.6,1734
81.6,1734
81.6,1735
81.6,1735
81.6,1734
81.6,1733
81.6,1733
81.6,1734
81.6,1733
81.6,1733
81.7,1734
81.7,1734
81.7,1734
81.7,1733
81.7,1732
81.7,1733
81.7,1733
81.7,1732
81.7,1732
81.8,1732
81.8,1731
81.8,1730
81.8,1730
81.8,1731
81.8,1730
81.8,1730
81.8,1730
81.8,1731
81.8,1731
81.8,1731
81.9,1731
81.9,1732
81.9,1731
81.9,1731
81.9,1731
81.9,1732
81.9,1733
81.9,1734
81.9,1733
81.9,1733
82.0,1732
82.0,1732
82.0,1731
82.0,1732
82.0,1731
82.0,1730
82.0,1731
82.0,1731
82.0,1731
82.1,1731
82.1,1732
82.1,1732
82.1,1732
82.1,1731
82.1,1730
82.1,1730
82.1,1730
82.1,1730
82.1,1729
82.1,1729
82.1,1729
82.1,1728
82.1,1727
82.1,1727
82.2,1728
82.2,1727
82.2,1727
82.2,1728
82.3,1727
82.3,1727
82.3,1728
82.3,1727
82.3,1728
82.3,1727
82.3,1726
82.3,1726
82.3,1725
82.3,1724
82.3,1725
82.3,1726
82.3,1727
82.3,1728
82.3,1729
82.3,1729
82.3,1729
82.3,1729
82.3,1728
82.3,1729
82.3,1729
82.3,1728
82.4,1728
82.4,1727
82.4,1726
82.4,1725
82.4,1724
82.4,1725
82.4,1725
82.4,1725
82.4,1724
82.4,1723
82.4,1723
82.4,1722
82.4,1723
82.4,1722
82.4,1723
82.4,1722
82.5,1722
82.5,1721
82.5,1721
82.5,1720
82.5,1721
82.5,1721
82.5,1721
82.5,1720
82.5,1720
82.5,1721
82.5,1722
82.5,1721
82.5,1721
82.6,1722
82.6,1721
82.6,1722
82.6,1723
82.6,1722
82.6,1722
82.6,1721
82.6,1721
82.6,1722
82.6,1721
82.6,1721
82.6,1721
82.6,1721
82.6,1721
82.6,1722
82.6,1722
82.6,1722
82.6,1723
82.6,1722
82.6,1723
82.6,1724
82.7,1725
82.7,1725
82.7,1724
82.7,1723
82.7,1722
82.7,1721
82.7,1721
82.7,1721
82.7,1721
82.7,1720
82.7,1720
82.8,1721
82.8,1721
82.8,1722
82.8,1723
82.8,1722
82.8,1722
82.8,1721
82.8,1722
82.8,1721
82.8,1720
82.8,1721
82.8,1722
82.8,1722
82.8,1722
82.8,1723
82.8,1724
82.9,1725
82.9,1724
82.9,1725
82.9,1725
82.9,1725
82.9,1725
82.9,1726
82.9,1727
82.9,1726
82.9,1727
82.9,1726
83.0,1726
83.0,1727
83.0,1728
83.0,1727
83.0,1728
83.0,1727
83.0,1727
83.0,1727
83.0,1727
83.0,1728
83.0,1729
83.1,1728
83.1,1728
83.1,1729
83.1,1730
83.1,1729
83.1,1728
83.1,1727
83.1,1727
83.1,1727
83.1,1728
83.1,1729
83.2,1728
83.2,1728
83.2,1729
83.2,1728
83.2,1728
83.2,1727
83.2,1727
83.2,1726
83.2,1727
83.2,1727
83.2,1727
83.2,1727
83.2,1727
83.2,1727
83.2,1728
83.2,1727
83.3,1726
83.3,1727
83.3,1728
83.3,1728
83.3,1727
83.3,1728
83.3,1727
83.4,1728
83.4,1727
83.4,1727
83.4,1728
83.4,1728
83.4,1727
83.4,1727
83.4,1728
83.4,1728
83.4,1727
83.4,1726
83.4,1727
83.4,1727
83.4,1726
83.5,1725
83.5,1726
83.5,1726
83.5,1726
83.5,1727
83.5,1726
83.5,1726
83.5,1726
83.5,1725
83.5,1726
83.5,1727
83.5,1728
83.6,1727
83.6,1727
83.6,1727
83.6,1727
83.6,1727
83.6,1726
83.7,1726
83.7,1726
83.7,1726
83.7,1726
83.7,1725
83.7,1725
83.7,1726
83.7,1727
83.7,1726
83.7,1725
83.7,1724
83.7,1724
83.7,1723
83.7,1723
83.8,1723
83.8,1722
83.8,1723
83.8,1723
83.8,1723
83.8,1723
83.8,1724
83.8,1724
83.8,1724
83.9,1724
83.9,1724
83.9,1723
83.9,1723
83.9,1724
83.9,1725
83.9,1726
83.9,1727
83.9,1726
83.9,1725
83.9,1725
83.9,1726
83.9,1725
83.9,1726
83.9,1726
83.9,1725
84.0,1725
84.0,1725
84.0,1725
84.0,1726
84.0,1726
84.0,1726
84.0,1726
84.0,1727
84.0,1726
84.0,1726
84.0,1726
84.0,1726
84.0,1726
84.0,1725
84.0,1725
84.1,1726
84.1,1726
84.1,1726
84.1,1726
84.1,1725
84.1,1726
84.1,1726
84.1,1725
84.1,1725
84.2,1725
84.2,1725
84.2,1725
84.2,1725
84.2,1724
84.2,1723
84.2,1724
84.2,1724
84.2,1725
84.2,1726
84.2,1725
84.2,1724
84.3,1723
84.3,1723
84.3,1722
84.3,1723
84.3,1723
84.3,1724
84.3,1725
84.3,1724
84.3,1723
84.3,1724
84.3,1725
84.3,1726
84.3,1725
84.3,1724
84.3,1724
84.3,1725
84.3,1725
84.3,1724
84.3,1723
84.3,1722
84.3,1721
84.4,1722
84.4,1721
84.4,1722
84.4,1722
84.4,1721
84.4,1722
84.4,1722
84.4,1721
84.4,1720
84.4,1719
84.4,1720
84.4,1720
84.4,1720
84.5,1719
84.5,1720
84.5,1720
84.5,1719
84.5,1718
84.5,1718
84.5,1718
84.5,1718
84.5,1719
84.5,1719
84.5,1720
84.5,1721
84.5,1721
84.5,1722
84.6,1722
84.6,1723
84.6,1722
84.6,1722
84.6,1723
84.6,1723
84.6,1723
84.6,1722
84.6,1721
84.6,1720
84.6,1720
84.6,1720
84.6,1720
84.6,1721
84.6,1721
84.6,1722
84.6,1722
84.6,1723
84.6,1723
84.7,1723
84.7,1724
84.7,1724
84.7,1725
84.7,1724
84.7,1725
84.7,1726
84.7,1726
84.7,1726
84.7,1725
84.7,1725
84.7,1724
84.7,1723
84.7,1723
84.7,1724
84.7,1724
84.8,1725
84.8,1724
84.8,1724
84.8,1724
84.8,1724
84.8,1723
84.8,1723
84.8,1722
84.8,1721
84.8,1720
84.8,1720
84.8,1720
84.8,1719
84.8,1718
84.8,1719
84.8,1719
84.8,1718
84.9,1717
84.9,1716
84.9,1716
84.9,1715
84.9,1715
84.9,1716
84.9,1716
84.9,1715
84.9,1716
84.9,1717
84.9,1717
85.0,1718
85.0,1718
85.0,1719
85.0,1718
85.0,1718
85.0,1719
85.0,1719
85.0,1720
85.0,1719
85.0,1720
85.0,1721
85.0,1722
85.0,1723
85.0,1724
85.0,1724
85.1,1723
85.1,1724
85.1,1724
85.1,1725
85.1,1726
85.1,1726
85.1,1725
85.1,1726
85.2,1725
85.2,1724
85.2,1723
85.2,1722
85.2,1721
85.2,1720
85.2,1721
85.2,1722
85.2,1722
85.2,1723
85.2,1724
85.2,1725
85.2,1725
85.2,1725
85.2,1726
85.2,1725
85.2,1726
85.2,1725
85.3,1726
85.3,1727
85.3,1726
85.3,1727
85.3,1726
85.3,1727
85.3,1728
85.3,1729
85.3,1728
85.3,1728
85.4,1729
85.4,1729
85.4,1729
85.4,1729
85.4,1729
85.4,1729
85.4,1730
85.4,1731
85.4,1731
85.4,1730
85.4,1730
85.4,1731
85.4,1732
85.4,1732
85.5,1732
85.5,1733
85.5,1734
85.5,1734
85.5,1734
85.5,1735
85.5,1736
85.5,1735
85.5,1735
85.5,1734
85.5,1734
85.5,1734
85.5,1733
85.5,1733
85.6,1732
85.6,1731
85.6,1732
85.6,1731
85.6,1731
85.6,1731
85.6,1730
85.7,1730
85.7,1730
85.7,1731
85.7,1730
85.7,1729
85.7,1729
85.7,1729
85.7,1728
85.7,1729
85.7,1728
85.7,1729
85.7,1730
85.7,1730
85.7,1730
85.8,1729
85.8,1729
85.8,1729
85.8,1729
85.8,1728
85.8,1728
85.8,1728
85.8,1728
85.8,1727
85.8,1727
85.8,1726
85.8,1726
85.8,1727
85.8,1728
85.9,1729
85.9,1730
85.9,1730
85.9,1729
85.9,1729
85.9,1728
85.9,1728
86.0,1727
86.0,1726
86.0,1726
86.0,1725
86.0,1725
86.0,1724
86.0,1724
86.0,1725
86.0,1726
86.0,1727
86.0,1727
86.0,1727
86.0,1727
86.0,1727
86.0,1727
86.1,1728
86.1,1728
86.1,1727
86.1,1728
86.1,1728
86.1,1729
86.1,1730
86.1,1731
86.1,1730
86.1,1731
86.1,1731
86.1,1731
86.2,1732
86.2,1732
86.2,1732
86.2,1731
86.2,1732
86.2,1731
86.3,1730
86.3,1731
86.3,1731
86.3,1732
86.3,1733
86.3,1732
86.3,1733
86.3,1732
86.3,1733
86.3,1732
86.3,1733
86.3,1733
86.3,1733
86.3,1734
86.4,1734
86.4,1734
86.4,1734
86.4,1734
86.4,1735
86.4,1735
86.4,1736
86.4,1736
86.4,1735
86.4,1734
86.4,1733
86.5,1734
86.5,1735
86.5,1735
86.5,1734
86.5,1735
86.5,1736
86.5,1736
86.5,1735
86.5,1734
86.5,1734
86.5,1734
86.5,1735
86.5,1735
86.5,1735
86.6,1735
86.6,1736
86.6,1735
86.6,1735
86.6,1736
86.6,1736
86.6,1735
86.6,1735
86.6,1736
86.6,1735
86.6,1734
86.7,1735
86.7,1736
86.7,1735
86.7,1735
86.7,1735
86.7,1736
86.7,1737
86.7,1738
86.7,1737
86.7,1737
86.7,1738
86.7,1737
86.7,1737
86.7,1738
86.7,1738
86.8,1738
86.8,1738
86.8,1737
86.8,1736
86.8,1737
86.8,1738
86.8,1737
86.8,1736
86.9,1737
86.9,1736
86.9,1735
86.9,1735
86.9,1736
86.9,1737
86.9,1737
86.9,1736
86.9,1737
86.9,1736
86.9,1735
86.9,1735
87.0,1735
87.0,1736
87.0,1735
87.0,1734
87.0,1735
87.0,1736
87.0,1737
87.0,1738
87.0,1739
87.0,1738
87.0,1739
87.0,1740
87.0,1739
87.0,1739
87.0,1739
87.0,1740
87.0,1741
87.0,1742
87.0,1743
87.1,1742
87.1,1741
87.1,1740
87.1,1740
87.1,1741
87.1,1741
87.1,1741
87.1,1740
87.1,1740
87.1,1740
87.1,1740
87.2,1739
87.2,1739
87.2,1739
87.2,1739
87.2,1738
87.2,1739
87.2,1740
87.2,1740
87.2,1741
87.2,1741
87.2,1741
87.2,1742
87.2,1742
87.2,1742
87.3,1741
87.3,1742
87.3,1743
87.3,1742
87.3,1743
87.3,1744
87.3,1744
87.3,1744
87.3,1744
87.3,1744
87.4,1744
87.4,1744
87.4,1744
87.4,1744
87.4,1743
87.4,1744
87.4,1744
87.4,1743
87.4,1742
87.4,1742
87.4,1741
87.4,1740
87.4,1740
87.4,1741
87.4,1741
87.4,1741
87.5,1740
87.5,1739
87.5,1738
87.5,1739
87.5,1740
87.5,1739
87.5,1739
87.5,1740
87.6,1741
87.6,1742
87.6,1741
87.6,1741
87.6,1742
87.6,1743
87.6,1742
87.6,1741
87.6,1740
87.7,1741
87.7,1740
87.7,1739
87.7,1740
87.7,1739
87.7,1740
87.7,1740
87.7,1740
87.7,1741
87.7,1742
87.7,1742
87.7,1743
87.7,1744
87.7,1744
87.7,1744
87.7,1745
87.7,1746
87.7,1745
87.7,1746
87.8,1746
87.8,1745
87.8,1746
87.8,1746
87.8,1747
87.8,1746
87.8,1746
87.8,1746
87.9,1746
87.9,1746
87.9,1745
87.9,1745
87.9,1746
87.9,1747
87.9,1747
87.9,1746
87.9,1746
87.9,1745
87.9,1744
87.9,1743
87.9,1742
87.9,1741
87.9,1742
88.0,1741
88.0,1742
88.0,1742
88.0,1743
88.0,1742
88.0,1741
88.0,1741
88.0,1742
88.0,1743
88.0,1743
88.0,1742
88.0,1743
88.0,1742
88.0,1742
88.0,1743
88.1,1744
88.1,1744
88.1,1745
88.1,1745
88.1,1744
88.1,1744
88.1,1744
88.1,1744
88.1,1744
88.1,1743
88.1,1744
88.1,1744
88.1,1744
88.1,1745
88.1,1744
88.1,1745
88.1,1745
88.1,1744
88.2,1744
88.2,1745
88.2,1744
88.2,1743
88.2,1744
88.2,1743
88.2,1743
88.2,1743
88.2,1744
88.2,1745
88.3,1745
88.3,1745
88.3,1746
88.3,1746
88.3,1746
88.3,1746
88.3,1747
88.3,1747
88.4,1748
88.4,1749
88.4,1748
88.4,1749
88.4,1749
88.4,1749
88.4,1749
88.4,1748
88.4,1748
88.4,1748
88.4,1748
88.4,1749
88.4,1749
88.4,1749
88.4,1749
88.4,1750
88.4,1749
88.4,1750
88.4,1749
88.4,1748
88.4,1749
88.4,1748
88.5,1747
88.5,1748
88.5,1749
88.5,1749
88.5,1750
88.5,1751
88.5,1750
88.5,1749
88.5,1750
88.5,1751
88.5,1751
88.5,1750
88.6,1749
88.6,1749
88.6,1748
88.6,1747
88.6,1747
88.6,1747
88.6,1748
88.6,1747
88.6,1748
88.6,1748
88.6,1748
88.7,1749
88.7,1750
88.7,1750
88.7,1751
88.7,1751
88.7,1751
88.7,1751
88.7,1751
88.7,1752
88.8,1753
88.8,1754
88.8,1755
88.8,1754
88.8,1753
88.8,1753
88.9,1753
88.9,1753
88.9,1754
88.9,1754
88.9,1754
88.9,1755
88.9,1755
88.9,1756
88.9,1757
88.9,1757
88.9,1757
88.9,1757
88.9,1756
88.9,1755
88.9,1756
88.9,1756
88.9,1757
88.9,1758
89.0,1757
89.0,1757
89.0,1756
89.0,1757
89.0,1757
89.0,1756
89.0,1756
89.0,1755
89.0,1755
89.0,1754
89.0,1755
89.0,1756
89.0,1756
89.0,1757
89.0,1756
89.1,1756
89.1,1756
89.1,1755
89.1,1755
89.1,1755
89.2,1756
89.2,1755
89.2,1756
89.2,1757
89.2,1757
89.2,1758
89.2,1758
89.2,1757
89.2,1757
89.2,1758
89.2,1758
89.2,1757
89.2,1756
89.2,1756
89.2,1757
89.2,1756
89.2,1755
89.2,1754
89.2,1755
89.2,1755
89.3,1755
89.3,1754
89.3,1753
89.3,1753
89.3,1754
89.3,1755
89.3,1754
89.3,1753
89.3,1753
89.3,1754
89.3,1754
89.3,1755
89.4,1755
89.4,1754
89.4,1754
89.4,1754
89.4,1753
89.4,1754
89.4,1754
89.4,1754
89.4,1754
89.4,1755
89.4,1755
89.4,1755
89.4,1756
89.4,1755
89.4,1755
89.4,1754
89.4,1754
89.5,1754
89.5,1755
89.5,1755
89.5,1754
89.5,1754
89.5,1753
89.5,1753
89.5,1752
89.5,1753
89.6,1753
89.6,1753
89.6,1753
89.6,1752
89.6,1753
89.6,1752
89.6,1751
89.6,1751
89.6,1751
89.6,1750
89.6,1749
89.7,1748
89.7,1749
89.7,1749
89.7,1750
89.7,1750
89.7,1751
89.7,1750
89.7,1749
89.7,1748
89.7,1748
89.7,1747
89.8,1747
89.8,1748
89.8,1747
89.8,1747
89.8,1748
89.8,1748
89.8,1747
89.8,1747
89.8,1746
89.8,1746
89.8,1747
89.8,1748
89.8,1748
89.8,1748
89.8,1748
89.8,1749
89.9,1749
89.9,1748
89.9,1747
89.9,1747
89.9,1746
89.9,1746
89.9,1745
89.9,1746
89.9,1746
89.9,1747
89.9,1748
90.0,1747
90.0,1747
90.0,1747
90.0,1747
90.0,1746
90.0,1747
90.0,1747
90.0,1746
90.0,1746
90.0,1745
90.0,1745
90.0,1746
90.0,1746
90.1,1747
90.1,1747
90.1,1746
90.1,1747
90.1,1746
90.1,1746
90.1,1746
90.1,1747
90.1,1746
90.1,1745
90.1,1744
90.1,1745
90.1,1746
90.1,1746
90.1,1746
90.1,1746
90.1,1746
90.1,1746
90.2,1746
90.2,1745
90.2,1746
90.2,1746
90.2,1747
90.2,1748
90.2,1749
90.2,1750
90.2,1749
90.2,1749
90.3,1748
90.3,1747
90.3,1747
90.3,1748
90.3,1749
90.3,1748
90.3,1748
90.3,1748
90.3,1749
90.3,1750
90.3,1751
90.4,1750
90.4,1750
90.4,1751
90.4,1752
90.4,1751
90.4,1750
90.4,1750
90.4,1751
90.4,1750
90.4,1750
90.4,1750
90.4,1750
90.5,1751
90.5,1752
90.5,1753
90.5,1753
90.5,1753
90.5,1753
90.5,1753
90.5,1753
90.5,1753
90.6,1754
90.6,1754
90.6,1754
90.6,1753
90.6,1753
90.6,1753
90.6,1753
90.6,1753
90.6,1753
90.7,1752
90.7,1752
90.7,1751
90.7,1752
90.7,1752
90.8,1751
90.8,1752
90.8,1752
90.8,1752
90.8,1753
90.8,1753
90.8,1754
90.8,1755
90.8,1755
90.8,1756
90.8,1756
90.8,1756
90.9,1757
90.9,1757
90.9,1757
90.9,1756
90.9,1757
90.9,1756
90.9,1757
91.0,1758
91.0,1758
91.0,1758
91.0,1759
91.0,1759
91.1,1760
91.1,1760
91.1,1760
91.1,1760
91.1,1761
91.1,1761
91.1,1761
91.1,1761
91.1,1760
91.1,1759
91.1,1759
91.1,1758
91.1,1758
91.1,1759
91.2,1758
91.2,1758
91.2,1758
91.2,1758
91.2,1758
91.2,1758
91.2,1757
91.2,1756
91.2,1757
91.2,1758
91.2,1759
91.2,1759
91.2,1758
91.2,1759
91.2,1759
91.3,1758
91.3,1758
91.3,1757
91.3,1757
91.3,1756
91.3,1756
91.3,1755
91.3,1756
91.3,1756
91.3,1755
91.3,1754
91.3,1755
91.3,1755
91.3,1756
91.4,1756
91.4,1756
91.4,1755
91.4,1755
91.4,1756
91.4,1755
91.4,1756
91.4,1755
91.4,1754
91.4,1754
91.4,1754
91.5,1753
91.5,1752
91.5,1751
91.5,1752
91.5,1753
91.5,1753
91.5,1752
91.5,1751
91.5,1750
91.5,1751
91.5,1750
91.5,1749
91.5,1748
91.5,1749
91.5,1749
91.6,1749
91.6,1748
91.6,1747
91.6,1748
91.6,1749
91.6,1749
91.6,1748
91.6,1748
91.6,1747
91.6,1747
91.6,1748
91.6,1749
91.6,1749
91.6,1748
91.6,1749
91.7,1748
91.7,1749
91.7,1749
91.7,1749
91.7,1748
91.7,1748
91.7,1747
91.7,1748
91.7,1749
91.7,1749
91.7,1750
91.7,1751
91.7,1750
91.7,1751
91.8,1750
91.8,1750
91.8,1750
91.8,1751
91.8,1752
91.9,1753
91.9,1754
91.9,1753
91.9,1754
91.9,1755
91.9,1755
91.9,1756
91.9,1756
92.0,1756
92.0,1757
92.0,1757
92.0,1758
92.0,1758
92.0,1758
92.0,1758
92.1,1758
92.1,1759
92.1,1760
92.1,1760
92.1,1761
92.1,1760
92.1,1761
92.1,1762
92.1,1762
92.1,1763
92.1,1763
92.1,1764
92.1,1764
92.1,1764
92.2,1765
92.2,1764
92.2,1765
92.2,1764
92.2,1765
92.2,1764
92.2,1765
92.2,1765
92.2,1765
92.2,1765
92.2,1765
92.2,1765
92.3,1765
92.3,1764
92.3,1765
92.3,1766
92.3,1766
92.3,1765
92.3,1766
92.3,1767
92.3,1766
92.3,1766
92.3,1766
92.3,1765
92.3,1766
92.4,1767
92.4,1767
92.4,1767
92.4,1768
92.4,1767
92.4,1768
92.4,1767
92.4,1766
92.4,1767
92.4,1768
92.5,1768
92.5,1767
92.5,1766
92.5,1767
92.5,1768
92.5,1767
92.5,1768
92.5,1767
92.5,1768
92.5,1768
92.5,1768
92.5,1769
92.6,1770
92.6,1771
92.6,1771
92.6,1770
92.6,1771
92.6,1770
92.6,1770
92.6,1771
92.6,1771
92.6,1771
92.6,1770
92.6,1771
92.7,1770
92.7,1771
92.7,1771
92.7,1771
92.7,1771
92.7,1770
92.7,1770
92.7,1770
92.7,1770
92.7,1769
92.7,1769
92.7,1769
92.7,1770
92.7,1770
92.8,1769
92.8,1768
92.8,1769
92.8,1768
92.8,1768
92.8,1768
92.8,1768
92.8,1768
92.8,1769
92.8,1769
92.8,1770
92.8,1771
92.8,1771
92.9,1772
92.9,1773
92.9,1772
92.9,1773
92.9,1773
92.9,1774
92.9,1774
93.0,1774
93.0,1775
93.0,1775
93.0,1776
93.0,1776
93.0,1775
93.0,1775
93.1,1774
93.1,1775
93.1,1776
93.1,1776
93.1,1775
93.1,1776
93.2,1776
93.2,1775
93.2,1774
93.2,1774
93.2,1774
93.2,1774
93.2,1775
93.2,1774
93.2,1775
93.2,1776
93.3,1777
93.3,1777
93.3,1778
93.3,1778
93.3,1778
93.3,1777
93.3,1776
93.3,1775
93.3,1776
93.3,1775
93.3,1775
93.4,1775
93.4,1775
93.4,1774
93.4,1773
93.4,1773
93.4,1772
93.4,1772
93.4,1771
93.4,1771
93.4,1772
93.4,1772
93.4,1773
93.5,1773
93.5,1772
93.5,1771
93.5,1772
93.5,1771
93.5,1771
93.5,1771
93.6,1771
93.6,1771
93.6,1772
93.6,1773
93.6,1774
93.6,1775
93.6,1776
93.6,1775
93.6,1774
93.6,1773
93.6,1773
93.6,1772
93.6,1771
93.6,1771
93.6,1772
93.6,1773
93.6,1773
93.6,1772
93.7,1773
93.7,1773
93.7,1773
93.7,1773
93.7,1774
93.7,1774
93.7,1775
93.7,1774
93.7,1773
93.7,1773
93.7,1772
93.8,1773
93.8,1772
93.8,1772
93.8,1772
93.8,1771
93.8,1770
93.8,1771
93.8,1771
93.8,1772
93.9,1771
93.9,1771
93.9,1772
93.9,1772
93.9,1772
93.9,1771
93.9,1772
93.9,1773
94.0,1774
94.0,1775
94.0,1775
94.0,1774
94.0,1773
94.0,1773
94.0,1773
94.0,1774
94.0,1773
94.0,1773
94.1,1772
94.1,1771
94.1,1771
94.1,1771
94.1,1771
94.2,1772
94.2,1772
94.2,1772
94.2,1771
94.2,1771
94.2,1770
94.2,1770
94.2,1771
94.2,1772
94.2,1773
94.2,1774
94.2,1773
94.2,1772
94.2,1772
94.2,1773
94.2,1772
94.2,1771
94.3,1770
94.3,1771
94.3,1771
94.3,1770
94.3,1769
94.3,1769
94.3,1769
94.3,1769
94.3,1769
94.3,1769
94.3,1769
94.3,1770
94.3,1769
94.3,1768
94.3,1768
94.4,1768
94.4,1769
94.4,1769
94.4,1768
94.4,1768
94.4,1768
94.4,1768
94.4,1767
94.4,1766
94.4,1766
94.4,1766
94.4,1767
94.5,1767
94.5,1766
94.5,1767
94.5,1767
94.5,1766
94.5,1767
94.5,1768
94.5,1769
94.5,1768
94.5,1768
94.5,1769
94.5,1768
94.5,1768
94.5,1768
94.6,1767
94.6,1768
94.6,1767
94.6,1768
94.6,1768
94.6,1769
94.6,1769
94.6,1770
94.6,1771
94.6,1772
94.6,1772
94.6,1772
94.6,1771
94.6,1770
94.6,1769
94.6,1769
94.6,1769
94.6,1769
94.6,1768
94.6,1768
94.7,1769
94.7,1770
94.7,1771
94.7,1770
94.7,1771
94.7,1770
94.7,1770
94.7,1770
94.8,1769
94.8,1769
94.8,1769
94.8,1768
94.8,1768
94.8,1768
94.9,1768
94.9,1768
94.9,1769
94.9,1768
94.9,1769
94.9,1769
95.0,1769
95.0,1768
95.0,1768
95.0,1767
95.0,1766
95.0,1765
95.0,1766
95.0,1767
95.0,1767
95.0,1768
95.0,1769
95.0,1770
95.0,1770
95.1,1769
95.1,1770
95.1,1769
95.1,1768
95.1,1768
95.1,1767
95.1,1767
95.1,1767
95.1,1768
95.1,1769
95.2,1769
95.2,1769
95.2,1768
95.2,1768
95.2,1767
95.2,1767
95.2,1766
95.2,1766
95.2,1767
95.2,1766
95.2,1765
95.2,1766
95.2,1766
95.2,1765
95.2,1765
95.3,1764
95.3,1765
95.3,1764
95.3,1763
95.3,1763
95.3,1763
95.3,1764
95.3,1765
95.3,1764
95.3,1764
95.3,1765
95.3,1765
95.3,1766
95.3,1766
95.3,1766
95.3,1767
95.3,1766
95.4,1766
95.4,1766
95.4,1767
95.4,1768
95.4,1768
95.4,1767
95.4,1767
95.5,1768
95.5,1767
95.5,1766
95.5,1766
95.5,1766
95.5,1766
95.5,1766
95.5,1765
95.5,1765
95.6,1765
95.6,1766
95.6,1767
95.6,1768
95.6,1768
95.6,1768
95.6,1769
95.6,1768
95.6,1768
95.6,1769
95.6,1770
95.7,1769
95.7,1769
95.7,1769
95.7,1770
95.7,1769
95.7,1768
95.7,1768
95.7,1769
95.7,1769
95.7,1770
95.7,1770
95.7,1770
95.7,1769
95.7,1769
95.7,1768
95.7,1768
95.7,1767
95.8,1766
95.8,1767
95.8,1767
95.8,1766
95.8,1765
95.8,1765
95.8,1766
95.8,1766
95.9,1767
95.9,1768
95.9,1769
95.9,1769
95.9,1768
95.9,1767
95.9,1767
95.9,1768
95.9,1767
95.9,1767
95.9,1767
95.9,1767
96.0,1768
96.0,1767
96.0,1766
96.0,1766
96.0,1766
96.0,1767
96.0,1768
96.0,1769
96.0,1769
96.0,1768
96.0,1768
96.0,1767
96.0,1766
96.0,1767
96.0,1766
96.1,1766
96.1,1767
96.1,1767
96.1,1766
96.1,1767
96.1,1766
96.1,1767
96.1,1768
96.1,1768
96.1,1769
96.1,1769
96.1,1770
96.1,1769
96.1,1769
96.1,1769
96.1,1768
96.1,1768
96.1,1768
96.2,1769
96.2,1769
96.2,1769
96.2,1769
96.2,1768
96.2,1769
96.3,1768
96.3,1767
96.3,1766
96.3,1766
96.3,1767
96.3,1768
96.3,1768
96.3,1767
96.3,1767
96.3,1766
96.3,1766
96.3,1767
96.3,1768
96.3,1769
96.4,1769
96.4,1768
96.4,1767
96.4,1767
96.4,1766
96.4,1766
96.4,1765
96.4,1766
96.4,1765
96.4,1765
96.5,1764
96.5,1763
96.5,1764
96.5,1764
96.5,1765
96.5,1765
96.5,1766
96.5,1767
96.5,1767
96.5,1766
96.5,1765
96.5,1764
96.5,1763
96.5,1764
96.5,1764
96.5,1763
96.6,1762
96.6,1762
96.6,1762
96.6,1761
96.6,1761
96.6,1760
96.6,1760
96.6,1760
96.6,1760
96.6,1759
96.7,1759
96.7,1760
96.7,1761
96.7,1760
96.7,1759
96.7,1758
96.7,1759
96.7,1758
96.7,1757
96.7,1756
96.7,1757
96.8,1756
96.8,1756
96.8,1756
96.8,1756
96.8,1756
96.8,1755
96.8,1754
96.8,1753
96.8,1752
96.8,1752
96.8,1752
96.8,1751
96.8,1751
96.8,1752
96.9,1752
96.9,1752
96.9,1752
96.9,1752
96.9,1752
96.9,1753
96.9,1752
97.0,1752
97.0,1753
97.0,1753
97.0,1752
97.0,1752
97.0,1751
97.0,1752
97.0,1753
97.0,1752
97.0,1752
97.0,1753
97.0,1753
97.0,1754
97.0,1753
97.0,1754
97.0,1754
97.1,1753
97.1,1752
97.1,1753
97.1,1754
97.1,1754
97.1,1754
97.2,1754
97.2,1753
97.2,1752
97.2,1751
97.2,1751
97.2,1750
97.2,1751
97.2,1751
97.2,1750
97.2,1749
97.2,1750
97.2,1751
97.2,1750
97.2,1749
97.2,1748
97.2,1747
97.3,1746
97.3,1745
97.3,1744
97.3,1743
97.3,1743
97.3,1744
97.3,1745
97.3,1744
97.3,1744
97.3,1743
97.3,1742
97.3,1742
97.3,1743
97.3,1742
97.3,1742
97.3,1741
97.4,1740
97.4,1739
97.4,1740
97.4,1739
97.4,1738
97.4,1738
97.4,1739
97.4,1738
97.4,1737
97.4,1737
97.4,1737
97.4,1736
97.4,1737
97.4,1736
97.4,1735
97.4,1736
97.5,1736
97.5,1737
97.5,1738
97.5,1737
97.5,1738
97.5,1739
97.5,1739
97.5,1739
97.5,1739
97.5,1740
97.6,1739
97.6,1739
97.6,1738
97.6,1738
97.6,1737
97.6,1736
97.6,1736
97.6,1737
97.6,1738
97.6,1738
97.6,1739
97.6,1740
97.6,1741
97.6,1742
97.6,1743
97.7,1742
97.7,1742
97.7,1743
97.7,1744
97.7,1743
97.7,1742
97.7,1741
97.7,1740
97.7,1741
97.7,1740
97.7,1741
97.8,1741
97.8,1741
97.8,1742
97.8,1743
97.8,1743
97.9,1742
97.9,1741
97.9,1742
97.9,1742
97.9,1743
97.9,1742
97.9,1743
97.9,1744
97.9,1745
97.9,1745
97.9,1744
97.9,1743
97.9,1743
97.9,1742
97.9,1742
97.9,1743
98.0,1742
98.0,1742
98.0,1741
98.0,1741
98.0,1742
98.0,1743
98.0,1744
98.0,1745
98.0,1744
98.1,1744
98.1,1745
98.1,1744
98.1,1744
98.1,1744
98.1,1745
98.1,1744
98.1,1745
98.1,1745
98.1,1745
98.1,1746
98.2,1745
98.2,1746
98.2,1746
98.2,1747
98.2,1747
98.2,1746
98.2,1747
98.2,1748
98.2,1748
98.2,1748
98.2,1748
98.3,1749
98.3,1749
98.3,1749
98.3,1750
98.3,1751
98.3,1752
98.3,1752
98.3,1752
98.3,1752
98.3,1752
98.3,1751
98.3,1752
98.4,1751
98.4,1750
98.4,1749
98.4,1750
98.4,1749
98.4,1749
98.4,1749
98.4,1750
98.4,1751
98.4,1751
98.5,1752
98.5,1753
98.5,1753
98.5,1753
98.5,1753
98.5,1753
98.5,1754
98.5,1754
98.5,1754
98.5,1754
98.5,1753
98.5,1754
98.5,1754
98.6,1754
98.6,1754
98.6,1754
98.6,1754
98.6,1753
98.6,1753
98.6,1752
98.6,1753
98.6,1754
98.6,1755
98.6,1755
98.6,1754
98.6,1753
98.6,1753
98.6,1754
98.6,1754
98.7,1753
98.7,1753
98.7,1754
98.7,1755
98.7,1754
98.7,1753
98.7,1753
98.7,1754
98.7,1754
98.7,1754
98.7,1753
98.7,1753
98.7,1754
98.7,1754
98.8,1754
98.8,1754
98.8,1754
98.8,1753
98.8,1754
98.8,1753
98.8,1753
98.8,1752
98.8,1752
98.8,1752
98.8,1753
98.8,1753
98.8,1753
98.8,1754
98.8,1753
98.9,1752
98.9,1753
98.9,1754
98.9,1754
98.9,1755
98.9,1754
98.9,1755
98.9,1754
98.9,1753
98.9,1752
98.9,1753
99.0,1753
99.0,1753
99.0,1753
99.0,1753
99.0,1752
99.0,1752
99.0,1753
99.0,1752
99.0,1753
99.0,1754
99.0,1755
99.0,1756
99.0,1756
99.0,1757
99.0,1757
99.0,1756
99.1,1755
99.1,1754
99.1,1755
99.1,1755
99.1,1755
99.1,1754
99.1,1753
99.1,1753
99.1,1752
99.1,1753
99.1,1753
99.1,1753
99.1,1752
99.1,1753
99.2,1754
99.2,1754
99.2,1754
99.2,1755
99.2,1756
99.2,1756
99.2,1757
99.2,1756
99.2,1755
99.2,1754
99.3,1754
99.3,1753
99.3,1752
99.3,1753
99.3,1753
99.3,1754
99.3,1754
99.3,1753
99.3,1753
99.3,1754
99.3,1753
99.3,1754
99.3,1753
99.3,1753
99.4,1753
99.4,1752
99.4,1753
99.4,1752
99.4,1751
99.4,1751
99.4,1750
99.4,1750
99.4,1751
99.4,1750
99.4,1751
99.4,1752
99.5,1751
99.5,1752
99.5,1753
99.5,1754
99.5,1753
99.5,1753
99.5,1753
99.5,1753
99.5,1753
99.5,1754
99.5,1755
99.5,1755
99.5,1756
99.6,1756
99.6,1757
99.6,1757
99.6,1757
99.6,1756
99.6,1756
99.6,1755
99.7,1756
99.7,1756
99.7,1755
99.7,1756
99.7,1756
99.7,1755
99.8,1755
99.8,1755
99.8,1754
99.8,1755
99.8,1754
99.8,1754
99.9,1753
99.9,1753
99.9,1754
99.9,1755
99.9,1755
99.9,1755
99.9,1755
99.9,1755
99.9,1755
99.9,1755
100.0,1756
100.0,1757
100.0,1757
100.0,1756
100.0,1757
100.0,1758
100.0,1759
100.0,1758
100.0,1757
100.0,1757
100.1,1757
100.1,1758
100.1,1759
100.1,1760
100.1,1760
100.1,1760
100.2,1759
100.2,1760
100.2,1759
100.2,1760
100.2,1759
100.2,1759
100.2,1758
100.2,1759
100.2,1760
100.2,1759
100.2,1759
100.2,1759
100.2,1758
100.2,1759
100.2,1759
100.3,1759
100.3,1759
100.3,1759
100.3,1760
100.3,1759
100.3,1759
100.3,1759
100.3,1759
100.3,1758
100.3,1757
100.3,1757
100.4,1757
100.4,1756
100.4,1756
100.4,1755
100.4,1755
100.4,1754
100.4,1755
100.4,1756
100.4,1755
100.4,1755
100.4,1756
100.4,1755
100.5,1756
100.5,1757
100.5,1757
100.5,1756
100.5,1757
100.5,1756
100.5,1756
100.5,1756
100.5,1755
100.5,1754
100.6,1755
100.6,1755
100.6,1755
100.6,1755
100.6,1755
100.6,1754
100.6,1753
100.6,1753
100.6,1754
100.6,1754
100.7,1753
100.7,1753
100.7,1752
100.7,1752
100.7,1752
100.7,1751
100.7,1751
100.7,1751
100.7,1750
100.8,1749
100.8,1748
100.8,1747
100.8,1747
100.8,1746
100.8,1747
100.8,1746
100.8,1747
100.8,1748
100.8,1749
100.8,1750
100.8,1750
100.8,1751
100.8,1750
100.8,1749
100.9,1748
100.9,1747
100.9,1746
100.9,1745
100.9,1745
100.9,1745
100.9,1745
100.9,1746
100.9,1746
101.0,1746
101.0,1746
101.0,1745
101.0,1744
101.0,1743
101.0,1744
101.0,1743
101.0,1744
101.0,1745
101.0,1744
101.0,1743
101.0,1743
101.0,1743
101.0,1742
101.0,1742
101.0,1742
101.0,1742
101.1,1741
101.1,1741
101.1,1742
101.1,1743
101.1,1744
101.1,1744
101.1,1744
101.1,1745
101.1,1745
101.1,1746
101.1,1747
101.1,1747
101.2,1746
101.2,1747
101.2,1746
101.2,1745
101.2,1744
101.2,1743
101.2,1742
101.2,1742
101.2,1742
101.2,1743
101.2,1743
101.2,1743
101.2,1742
101.3,1742
101.3,1742
101.3,1741
101.3,1742
101.3,1742
101.3,1741
101.3,1742
101.3,1741
101.3,1742
101.3,1742
101.3,1742
101.3,1743
101.3,1743
101.3,1743
101.3,1744
101.4,1743
101.4,1743
101.4,1742
101.4,1743
101.4,1743
101.4,1744
101.4,1743
101.4,1743
101.4,1743
101.4,1744
101.5,1743
101.5,1744
101.5,1744
101.5,1744
101.5,1745
101.5,1745
101.5,1745
101.5,1746
101.5,1745
101.5,1744
101.5,1743
101.6,1743
101.6,1743
101.6,1743
101.6,1742
101.6,1741
101.6,1742
101.7,1741
101.7,1740
101.7,1740
101.7,1739
101.7,1738
101.7,1737
101.7,1738
101.7,1737
101.7,1736
101.7,1736
101.7,1737
101.8,1736
101.8,1735
101.8,1734
101.8,1733
101.8,1734
101.8,1735
101.8,1734
101.8,1733
101.9,1733
101.9,1734
101.9,1733
101.9,1732
101.9,1731
101.9,1732
101.9,1732
101.9,1731
101.9,1730
101.9,1729
101.9,1729
101.9,1729
102.0,1730
102.0,1729
102.0,1729
102.0,1730
102.0,1731
102.0,1730
102.0,1731
102.0,1732
102.0,1733
102.0,1734
102.0,1735
102.0,1734
102.0,1735
102.0,1734
102.0,1735
102.1,1734
102.1,1733
102.1,1733
102.1,1733
102.1,1734
102.1,1734
102.1,1733
102.1,1734
102.1,1734
102.1,1734
102.1,1734
102.1,1734
102.1,1735
102.1,1735
102.2,1736
102.2,1737
102.2,1736
102.2,1737
102.2,1737
102.2,1736
102.2,1736
102.2,1737
102.2,1736
102.2,1737
102.2,1737
102.2,1738
102.2,1739
102.2,1739
102.3,1738
102.3,1737
102.3,1737
102.3,1738
102.3,1738
102.3,1737
102.3,1737
102.3,1737
102.3,1736
102.3,1735
102.3,1734
102.3,1734
102.3,1733
102.3,1733
102.3,1734
102.3,1733
102.3,1734
102.4,1735
102.4,1736
102.4,1735
102.4,1736
102.4,1736
102.4,1736
102.4,1736
102.4,1735
102.4,1734
102.4,1733
102.4,1734
102.4,1733
102.4,1733
102.4,1732
102.4,1733
102.4,1732
102.5,1732
102.5,1732
102.5,1733
102.5,1732
102.5,1731
102.5,1732
102.5,1732
102.5,1733
102.5,1734
102.5,1733
102.5,1734
102.5,1733
102.5,1733
102.6,1732
102.6,1731
102.6,1732
102.6,1732
102.6,1732
102.6,1732
102.6,1731
102.6,1732
102.6,1732
102.6,1732
102.6,1733
102.6,1732
102.6,1731
102.6,1731
102.6,1732
102.7,1732
102.7,1732
102.7,1731
102.7,1732
102.7,1732
102.7,1731
102.7,1732
102.7,1731
102.7,1731
102.7,1730
102.7,1730
102.8,1731
102.8,1732
102.8,1731
102.8,1731
102.8,1731
102.8,1731
102.8,1731
102.8,1731
102.8,1731
102.9,1731
102.9,1731
102.9,1730
102.9,1730
102.9,1730
102.9,1730
102.9,1731
102.9,1731
102.9,1732
102.9,1732
102.9,1733
103.0,1733
103.0,1734
103.0,1734
103.0,1734
103.0,1735
103.0,1734
103.0,1734
103.0,1733
103.0,1733
103.0,1733
103.0,1732
103.0,1731
103.0,1730
103.0,1730
103.0,1730
103.0,1730
103.0,1729
103.1,1730
103.1,1729
103.1,1728
103.1,1727
103.1,1726
103.1,1725
103.1,1725
103.1,1724
103.1,1725
103.1,1726
103.1,1727
103.2,1726
103.2,1726
103.2,1727
103.2,1726
103.2,1726
103.2,1726
103.2,1725
103.2,1725
103.2,1726
103.2,1726
103.2,1726
103.2,1726
103.2,1725
103.3,1725
103.3,1725
103.3,1724
103.3,1724
103.3,1723
103.3,1723
103.3,1722
103.3,1722
103.3,1721
103.3,1722
103.3,1723
103.3,1722
103.3,1722
103.3,1723
103.3,1722
103.4,1723
103.4,1722
103.4,1721
103.4,1720
103.4,1720
103.4,1719
103.4,1718
103.4,1717
103.4,1718
103.4,1718
103.4,1717
103.4,1718
103.4,1717
103.4,1716
103.4,1717
103.4,1717
103.4,1717
103.4,1717
103.5,1716
103.5,1717
103.5,1716
103.5,1717
103.5,1716
103.5,1715
103.5,1715
103.5,1714
103.6,1714
103.6,1715
103.6,1715
103.6,1714
103.6,1713
103.6,1713
103.6,1713
103.6,1714
103.6,1713
103.6,1713
103.6,1714
103.6,1714
103.6,1713
103.6,1713
103.6,1712
103.6,1711
103.6,1712
103.7,1711
103.7,1710
103.7,1710
103.7,1711
103.7,1711
103.7,1710
103.7,1711
103.7,1712
103.7,1712
103.7,1713
103.7,1714
103.7,1714
103.7,1714
103.7,1715
103.7,1715
103.7,1715
103.7,1716
103.8,1715
103.8,1714
103.8,1715
103.8,1716
103.8,1715
103.8,1715
103.8,1715
103.8,1714
103.8,1715
103.8,1715
103.8,1714
103.8,1715
103.8,1714
103.8,1715
103.8,1715
103.8,1715
103.8,1716
103.8,1717
103.8,1717
103.8,1718
103.8,1719
103.8,1718
103.8,1718
103.9,1719
103.9,1720
103.9,1719
103.9,1720
103.9,1721
103.9,1722
103.9,1722
103.9,1722
103.9,1721
103.9,1720
103.9,1721
103.9,1720
103.9,1720
103.9,1721
104.0,1722
104.0,1722
104.0,1721
104.0,1721
104.0,1720
104.0,1721
104.0,1722
104.0,1721
104.0,1721
104.0,1721
104.0,1720
104.0,1721
104.0,1720
104.0,1719
104.0,1719
104.0,1719
104.0,1718
104.1,1719
104.1,1720
104.1,1719
104.1,1719
104.1,1719
104.1,1720
104.1,1720
104.1,1720
104.1,1721
104.1,1722
104.1,1722
104.1,1721
104.1,1722
104.2,1721
104.2,1721
104.2,1722
104.2,1721
104.2,1721
104.2,1722
104.2,1721
104.2,1721
104.2,1722
104.2,1723
104.2,1724
104.2,1725
104.2,1726
104.2,1726
104.2,1727
104.2,1727
104.2,1728
104.3,1728
104.3,1727
104.3,1727
104.3,1727
104.3,1727
104.3,1727
104.3,1727
104.3,1726
104.3,1725
104.3,1725
104.3,1726
104.3,1726
104.3,1727
104.3,1728
104.3,1727
104.4,1727
104.4,1726
104.4,1726
104.4,1725
104.4,1725
104.4,1725
104.4,1726
104.4,1725
104.4,1726
104.4,1726
104.4,1727
104.4,1727
104.4,1726
104.4,1726
104.4,1727
104.4,1727
104.4,1727
104.4,1726
104.5,1725
104.5,1725
104.5,1725
104.5,1724
104.5,1723
104.5,1723
104.5,1724
104.5,1724
104.5,1723
104.5,1723
104.5,1722
104.5,1723
104.6,1723
104.6,1722
104.6,1722
104.6,1723
104.6,1722
104.6,1721
104.6,1721
104.6,1722
104.7,1722
104.7,1723
104.7,1722
104.7,1723
104.7,1722
104.7,1721
104.7,1722
104.7,1723
104.7,1722
104.7,1721
104.7,1721
104.8,1722
104.8,1722
104.8,1721
104.8,1721
104.8,1721
104.8,1720
104.8,1721
104.8,1721
104.8,1721
104.8,1721
104.8,1721
104.8,1722
104.8,1722
104.8,1722
104.9,1721
104.9,1722
104.9,1722
104.9,1723
104.9,1724
104.9,1724
104.9,1724
104.9,1725
104.9,1725
104.9,1726
105.0,1725
105.0,1726
105.0,1725
105.0,1726
105.0,1725
105.0,1725
105.0,1726
105.0,1725
105.0,1724
105.0,1725
105.1,1726
105.1,1727
105.1,1728
105.1,1727
105.1,1726
105.1,1727
105.1,1728
105.1,1727
105.1,1726
105.1,1727
105.1,1728
105.2,1729
105.2,1729
105.2,1729
105.2,1729
105.2,1729
105.2,1730
105.2,1730
105.2,1729
105.2,1729
105.3,1728
105.3,1729
105.3,1729
105.3,1730
105.3,1729
105.3,1728
105.3,1729
105.3,1729
105.3,1730
105.3,1731
105.4,1730
105.4,1729
105.4,1728
105.4,1727
105.4,1727
105.4,1728
105.4,1727
105.5,1727
105.5,1726
105.5,1726
105.5,1726
105.5,1727
105.5,1728
105.5,1729
105.5,1728
105.6,1727
105.6,1726
105.6,1727
105.6,1728
105.6,1727
105.6,1726
105.6,1726
105.6,1726
105.7,1725
105.7,1726
105.7,1726
105.7,1725
105.7,1726
105.7,1727
105.7,1726
105.7,1725
105.7,1726
105.8,1726
105.8,1727
105.8,1728
105.8,1729
105.8,1728
105.8,1727
105.8,1727
105.9,1728
105.9,1728
105.9,1727
105.9,1728
105.9,1727
105.9,1728
105.9,1728
105.9,1727
105.9,1727
105.9,1727
106.0,1728
106.0,1729
106.0,1730
106.0,1729
106.0,1729
106.0,1730
106.1,1731
106.1,1732
106.1,1731
106.1,1730
106.1,1731
106.1,1730
106.1,1729
106.1,1730
106.1,1730
106.1,1730
106.1,1731
106.1,1730
106.1,1731
106.2,1732
106.2,1732
106.2,1733
106.2,1734
106.2,1735
106.2,1735
106.2,1735
106.2,1735
106.3,1734
106.3,1735
106.3,1735
106.3,1734
106.3,1734
106.3,1734
106.3,1735
106.3,1735
106.3,1734
106.3,1734
106.3,1733
106.3,1732
106.3,1732
106.4,1733
106.4,1732
106.4,1732
106.4,1731
106.4,1732
106.4,1732
106.4,1733
106.4,1733
106.4,1734
106.5,1734
106.5,1734
106.5,1735
106.5,1734
106.5,1734
106.5,1734
106.5,1733
106.5,1734
106.5,1735
106.5,1734
106.6,1733
106.6,1732
106.6,1733
106.6,1732
106.6,1733
106.6,1734
106.6,1733
106.6,1734
106.6,1733
106.6,1732
106.6,1731
106.6,1730
106.6,1730
106.6,1729
106.6,1730
106.7,1731
106.7,1730
106.7,1729
106.7,1728
106.7,1729
106.7,1729
106.7,1730
106.7,1730
106.8,1731
106.8,1730
106.8,1731
106.8,1730
106.8,1729
106.8,1728
106.8,1728
106.8,1728
106.8,1729
106.8,1730
106.8,1730
106.8,1731
106.9,1732
106.9,1731
106.9,1730
106.9,1729
106.9,1728
106.9,1729
106.9,1730
106.9,1730
106.9,1729
106.9,1728
106.9,1728
107.0,1727
107.0,1726
107.0,1725
107.0,1724
107.0,1723
107.0,1723
107.0,1722
107.0,1721
107.0,1721
107.0,1720
107.0,1719
107.0,1718
107.1,1718
107.1,1719
107.1,1718
107.1,1718
107.1,1719
107.1,1719
107.1,1718
107.1,1719
107.1,1720
107.1,1720
107.1,1719
107.1,1718
107.1,1718
107.1,1717
107.2,1716
107.2,1717
107.2,1718
107.2,1719
107.2,1719
107.2,1720
107.2,1719
107.2,1718
107.3,1718
107.3,1718
107.3,1717
107.3,1716
107.3,1717
107.3,1718
107.3,1717
107.3,1716
107.4,1717
107.4,1716
107.4,1715
107.4,1716
107.4,1716
107.4,1716
107.4,1715
107.4,1716
107.4,1717
107.5,1718
107.5,1719
107.5,1718
107.5,1719
107.5,1720
107.5,1720
107.5,1721
107.5,1721
107.5,1722
107.5,1722
107.5,1721
107.5,1720
107.6,1721
107.6,1721
107.6,1720
107.6,1720
107.6,1720
107.6,1721
107.6,1722
107.6,1723
107.6,1724
107.6,1724
107.7,1723
107.7,1724
107.7,1725
107.7,1726
107.7,1727
107.7,1727
107.7,1726
107.7,1727
107.7,1727
107.7,1727
107.7,1726
107.7,1727
107.7,1727
107.8,1728
107.8,1728
107.8,1727
107.8,1727
107.8,1728
107.8,1728
107.8,1729
107.8,1729
107.8,1729
107.8,1728
107.8,1729
107.8,1730
107.9,1731
107.9,1731
107.9,1731
107.9,1730
107.9,1730
107.9,1730
107.9,1731
107.9,1730
107.9,1731
107.9,1731
107.9,1730
107.9,1731
107.9,1730
107.9,1729
107.9,1730
108.0,1731
108.0,1730
108.0,1731
108.0,1731
108.0,1730
108.0,1729
108.0,1728
108.0,1728
108.0,1727
108.0,1727
108.0,1728
108.0,1728
108.0,1729
108.1,1729
108.1,1729
108.1,1730
108.1,1730
108.1,1729
108.1,1729
108.1,1729
108.1,1730
108.2,1730
108.2,1729
108.2,1729
108.2,1729
108.2,1729
108.2,1730
108.2,1730
108.2,1731
108.2,1731
108.2,1732
108.2,1733
108.2,1733
108.2,1734
108.3,1734
108.3,1734
108.3,1735
108.3,1735
108.3,1734
108.3,1734
108.3,1735
108.3,1736
108.3,1735
108.3,1735
108.3,1736
108.3,1736
108.4,1735
108.4,1736
108.4,1735
108.4,1734
108.4,1734
108.4,1734
108.4,1734
108.4,1734
108.4,1733
108.4,1734
108.5,1735
108.5,1736
108.5,1735
108.5,1736
108.5,1736
108.5,1735
108.5,1734
108.5,1735
108.5,1736
108.5,1735
108.5,1734
108.5,1734
108.5,1735
108.5,1735
108.5,1736
108.6,1736
108.6,1737
108.6,1738
108.6,1739
108.6,1738
108.6,1737
108.6,1737
108.6,1737
108.6,1736
108.6,1735
108.6,1734
108.6,1735
108.6,1736
108.7,1736
108.7,1737
108.7,1738
108.7,1738
108.7,1738
108.7,1737
108.7,1736
108.7,1735
108.7,1734
108.7,1735
108.7,1736
108.8,1737
108.8,1738
108.8,1739
108.8,1738
108.8,1737
108.8,1737
108.8,1736
108.8,1735
108.8,1736
108.8,1736
108.9,1736
108.9,1735
108.9,1736
108.9,1736
108.9,1737
108.9,1737
108.9,1738
108.9,1739
109.0,1740
109.0,1740
109.0,1739
109.0,1738
109.0,1738
109.0,1739
109.0,1738
109.0,1737
109.0,1736
109.0,1735
109.0,1734
109.0,1733
109.0,1733
109.1,1732
109.1,1732
109.1,1731
109.1,1731
109.1,1732
109.1,1733
109.2,1734
109.2,1735
109.2,1736
109.2,1737
109.2,1736
109.2,1736
109.2,1737
109.2,1737
109.3,1736
109.3,1736
109.3,1737
109.3,1737
109.3,1737
109.3,1737
109.3,1736
109.3,1735
109.3,1736
109.3,1736
109.3,1736
109.3,1735
109.3,1736
109.3,1735
109.3,1735
109.3,1736
109.4,1736
109.4,1736
109.4,1737
109.4,1736
109.4,1737
109.4,1738
109.5,1737
109.5,1736
109.5,1737
109.5,1738
109.5,1738
109.5,1737
109.5,1736
109.5,1737
109.5,1737
109.5,1736
109.5,1735
109.6,1736
109.6,1737
109.6,1738
109.6,1738
109.6,1737
109.6,1737
109.6,1737
109.6,1737
109.6,1737
109.6,1738
109.6,1739
109.6,1739
109.6,1740
109.7,1739
109.7,1738
109.7,1738
109.7,1739
109.7,1740
109.7,1739
109.7,1739
109.7,1739
109.7,1738
109.7,1739
109.7,1739
109.7,1740
109.7,1739
109.8,1738
109.8,1738
109.8,1738
109.8,1739
109.8,1740
109.8,1740
109.8,1740
109.8,1741
109.8,1740
109.8,1741
109.8,1741
109.8,1740
109.8,1740
109.8,1740
109.8,1741
109.8,1740
109.9,1739
109.9,1738
109.9,1738
109.9,1737
109.9,1738
109.9,1739
109.9,1739
109.9,1740
109.9,1739
109.9,1738
109.9,1739
109.9,1738
109.9,1737
110.0,1737
110.0,1736
110.0,1735
110.0,1736
110.0,1735
110.0,1734
110.0,1735
110.0,1734
110.0,1735
110.0,1736
110.0,1735
110.0,1736
110.0,1736
110.0,1735
110.0,1736
110.0,1735
110.1,1735
110.1,1736
110.1,1735
110.1,1735
110.1,1734
110.1,1733
110.1,1734
110.1,1735
110.1,1736
110.1,1735
110.1,1736
110.2,1737
110.2,1736
110.2,1736
110.2,1737
110.2,1736
110.2,1735
110.2,1735
110.2,1736
110.2,1736
110.2,1736
110.2,1735
110.2,1735
110.2,1736
110.2,1736
110.3,1736
110.3,1735
110.3,1734
110.3,1735
110.3,1734
110.3,1735
110.3,1734
110.3,1733
110.3,1733
110.3,1734
110.3,1735
110.4,1735
110.4,1734
110.4,1733
110.4,1732
110.4,1731
110.4,1732
110.4,1732
110.5,1732
110.5,1733
110.5,1733
110.5,1733
110.5,1732
110.5,1731
110.5,1730
110.5,1729
110.5,1730
110.5,1731
110.6,1730
110.6,1731
110.6,1730
110.6,1730
110.6,1729
110.6,1730
110.6,1730
110.6,1731
110.6,1731
110.6,1732
110.6,1732
110.6,1731
110.6,1730
110.6,1731
110.7,1732
110.7,1731
110.7,1731
110.7,1732
110.7,1733
110.7,1732
110.7,1732
110.7,1731
110.7,1730
110.7,1731
110.7,1731
110.7,1730
110.7,1731
110.7,1732
110.7,1731
110.7,1732
110.7,1733
110.7,1734
110.7,1735
110.7,1736
110.8,1737
110.8,1738
110.8,1737
110.8,1737
110.8,1736
110.8,1737
110.8,1736
110.8,1735
110.8,1735
110.8,1736
110.8,1737
110.8,1738
110.8,1738
110.9,1738
110.9,1739
110.9,1738
110.9,1738
110.9,1739
110.9,1740
110.9,1741
110.9,1742
110.9,1742
110.9,1741
110.9,1740
110.9,1741
111.0,1740
111.0,1741
111.0,1740
111.0,1739
111.0,1740
111.0,1741
111.0,1740
111.0,1741
111.0,1742
111.0,1743
111.0,1744
111.0,1743
111.0,1744
111.0,1745
111.1,1746
111.1,1746
111.1,1747
111.1,1748
111.1,1747
111.1,1748
111.1,1749
111.1,1749
111.1,1748
111.1,1747
111.2,1748
111.2,1748
111.2,1748
111.2,1749
111.2,1749
111.2,1748
111.2,1749
111.2,1748
111.2,1748
111.2,1747
111.2,1747
111.3,1748
111.3,1747
111.3,1747
111.3,1746
111.3,1746
111.3,1745
111.3,1746
111.3,1745
111.3,1745
111.3,1746
111.3,1745
111.4,1746
111.4,1746
111.4,1747
111.4,1748
111.4,1749
111.4,1750
111.4,1751
111.4,1751
111.4,1751
111.4,1752
111.4,1752
111.4,1751
111.4,1750
111.5,1750
111.5,1750
111.5,1749
111.5,1748
111.5,1747
111.5,1748
111.5,1747
111.5,1748
111.6,1748
111.6,1749
111.6,1749
111.6,1749
111.6,1750
111.6,1750
111.6,1750
111.6,1750
111.6,1751
111.6,1750
111.6,1750
111.6,1750
111.7,1751
111.7,1751
111.7,1750
111.7,1750
111.7,1749
111.7,1750
111.7,1750
111.7,1749
111.7,1749
111.7,1750
111.7,1750
111.7,1749
111.7,1749
111.7,1750
111.7,1751
111.8,1751
111.8,1750
111.8,1749
111.8,1750
111.8,1751
111.8,1751
111.8,1752
111.8,1753
111.9,1752
111.9,1753
111.9,1754
111.9,1754
111.9,1754
111.9,1754
111.9,1754
111.9,1755
111.9,1754
111.9,1755
111.9,1755
111.9,1754
111.9,1753
111.9,1754
111.9,1755
111.9,1755
112.0,1756
112.0,1755
112.0,1755
112.0,1756
112.0,1756
112.0,1755
112.0,1755
112.0,1755
112.0,1756
112.0,1755
112.1,1756
112.1,1757
112.1,1757
112.1,1757
112.1,1758
112.1,1757
112.1,1757
112.1,1756
112.1,1757
112.1,1757
112.1,1757
112.1,1758
112.1,1758
112.1,1759
112.1,1759
112.2,1760
112.2,1761
112.2,1762
112.2,1763
112.2,1762
112.2,1763
112.2,1762
112.2,1761
112.2,1761
112.2,1760
112.2,1761
112.3,1760
112.3,1761
112.3,1762
112.3,1762
112.3,1763
112.3,1762
112.3,1762
112.4,1763
112.4,1762
112.4,1761
112.4,1762
112.4,1762
112.4,1761
112.4,1761
112.4,1760
112.4,1761
112.4,1760
112.4,1760
112.4,1759
112.4,1758
112.5,1758
112.5,1759
112.5,1759
112.5,1758
112.5,1758
112.5,1757
112.5,1757
112.5,1758
112.5,1758
112.5,1759
112.5,1759
112.5,1759
112.5,1760
112.5,1761
112.6,1761
112.6,1762
112.6,1761
112.6,1762
112.6,1763
112.6,1762
112.6,1761
112.6,1762
112.6,1762
112.7,1763
112.7,1764
112.7,1764
112.7,1763
112.7,1763
112.7,1763
112.7,1763
112.7,1763
112.7,1763
112.8,1763
112.8,1764
112.8,1765
112.8,1764
112.8,1763
112.8,1763
112.8,1764
112.8,1763
112.8,1762
112.8,1763
112.8,1763
112.9,1762
112.9,1761
112.9,1760
112.9,1759
112.9,1758
112.9,1759
112.9,1760
112.9,1759
112.9,1760
112.9,1761
112.9,1761
112.9,1762
112.9,1762
112.9,1761
112.9,1760
113.0,1760
113.0,1759
113.0,1758
113.0,1759
113.0,1758
113.0,1757
113.0,1756
113.0,1756
113.0,1757
113.0,1756
113.0,1757
113.0,1758
113.0,1758
113.0,1759
113.1,1758
113.1,1757
113.1,1758
113.1,1758
113.1,1759
113.1,1760
113.1,1761
113.1,1760
113.1,1760
113.1,1761
113.1,1760
113.1,1759
113.1,1758
113.1,1759
113.1,1759
113.1,1760
113.1,1761
113.2,1760
113.2,1759
113.2,1759
113.2,1758
113.2,1759
113.2,1760
113.2,1761
113.2,1761
113.2,1762
113.3,1763
113.3,1764
113.3,1763
113.3,1763
113.3,1763
113.3,1764
113.3,1765
113.3,1765
113.3,1764
113.3,1765
113.3,1766
113.4,1765
113.4,1766
113.4,1766
113.4,1766
113.4,1766
113.4,1767
113.4,1768
113.4,1769
113.4,1769
113.4,1769
113.5,1768
113.5,1767
113.5,1767
113.5,1767
113.5,1768
113.5,1768
113.5,1768
113.5,1767
113.5,1766
113.5,1766
113.6,1766
113.6,1766
113.6,1766
113.6,1766
113.6,1767
113.6,1768
113.6,1768
113.6,1768
113.6,1767
113.6,1767
113.6,1768
113.6,1768
113.6,1768
113.7,1767
113.7,1766
113.7,1766
113.7,1767
113.7,1766
113.7,1767
113.7,1767
113.7,1768
113.7,1767
113.7,1766
113.7,1767
113.7,1767
113.7,1766
113.8,1766
113.8,1766
113.8,1767
113.8,1766
113.8,1767
113.8,1766
113.8,1765
113.8,1765
113.8,1765
113.8,1764
113.8,1763
113.8,1762
113.9,1762
113.9,1762
113.9,1761
113.9,1761
113.9,1760
113.9,1761
113.9,1762
113.9,1763
113.9,1763
113.9,1762
113.9,1761
113.9,1762
113.9,1763
114.0,1763
114.0,1762
114.0,1762
114.0,1762
114.0,1762
114.0,1763
114.0,1762
114.0,1761
114.1,1762
114.1,1762
114.1,1763
114.1,1763
114.1,1763
114.1,1764
114.1,1763
114.1,1762
114.1,1762
114.2,1763
114.2,1763
114.2,1763
114.2,1763
114.2,1762
114.2,1761
114.2,1761
114.2,1761
114.2,1760
114.2,1761
114.3,1762
114.3,1762
114.3,1761
114.3,1761
114.3,1762
114.3,1761
114.3,1762
114.3,1762
114.3,1761
114.3,1760
114.3,1760
114.3,1760
114.3,1759
114.3,1759
114.3,1758
114.3,1758
114.4,1757
114.4,1758
114.4,1757
114.4,1758
114.4,1757
114.4,1758
114.4,1759
114.4,1758
114.4,1759
114.4,1758
114.4,1759
114.4,1758
114.4,1758
114.4,1758
114.4,1759
114.5,1760
114.5,1760
114.5,1760
114.5,1761
114.5,1761
114.5,1760
114.5,1761
114.5,1760
114.5,1761
114.5,1762
114.5,1762
114.5,1761
114.5,1760
114.5,1759
114.6,1760
114.6,1761
114.6,1760
114.6,1760
114.6,1759
114.6,1758
114.6,1759
114.6,1760
114.6,1759
114.6,1758
114.6,1759
114.6,1758
114.7,1759
114.7,1759
114.7,1759
114.7,1758
114.7,1757
114.7,1758
114.7,1757
114.7,1756
114.7,1756
114.7,1755
114.8,1754
114.8,1755
114.8,1755
114.8,1756
114.8,1757
114.8,1756
114.8,1755
114.8,1754
114.8,1754
114.8,1753
114.8,1752
114.8,1753
114.8,1753
114.9,1754
114.9,1753
114.9,1753
114.9,1754
114.9,1755
114.9,1755
114.9,1756
114.9,1756
114.9,1755
114.9,1756
114.9,1756
115.0,1757
115.0,1756
115.0,1757
115.0,1756
115.0,1755
115.0,1754
115.0,1754
115.0,1755
115.0,1755
115.0,1756
115.0,1755
115.0,1755
115.0,1755
115.1,1754
115.1,1753
115.1,1752
115.1,1752
115.1,1753
115.1,1753
115.1,1752
115.1,1752
115.1,1753
115.2,1752
115.2,1751
115.2,1751
115.2,1752
115.2,1752
115.2,1752
115.2,1753
115.2,1754
115.2,1755
115.3,1755
115.3,1754
115.3,1754
115.3,1753
115.3,1754
115.3,1755
115.3,1755
115.3,1754
115.3,1753
115.3,1753
115.3,1754
115.3,1755
115.3,1756
115.3,1756
115.3,1755
115.4,1756
115.4,1755
115.4,1754
115.4,1754
115.4,1754
115.4,1755
115.4,1756
115.4,1756
115.4,1757
115.4,1757
115.4,1758
115.5,1758
115.5,1758
115.5,1757
115.5,1757
115.5,1756
115.5,1756
115.5,1757
115.5,1758
115.5,1758
115.5,1759
115.5,1760
115.5,1759
115.6,1758
115.6,1757
115.6,1758
115.6,1758
115.6,1758
115.6,1757
115.6,1756
115.6,1757
115.6,1757
115.6,1758
115.6,1759
115.6,1760
115.6,1759
115.6,1759
115.6,1758
115.6,1759
115.7,1759
115.7,1760
115.7,1759
115.7,1759
115.7,1759
115.7,1760
115.7,1760
115.7,1761
115.7,1762
115.7,1761
115.7,1761
115.7,1760
115.7,1761
115.7,1760
115.8,1761
115.8,1760
115.8,1759
115.8,1760
115.8,1759
115.8,1760
115.8,1761
115.8,1762
115.8,1761
115.9,1762
115.9,1761
115.9,1761
115.9,1761
115.9,1761
115.9,1760
115.9,1759
115.9,1760
116.0,1760
116.0,1760
116.0,1761
116.0,1762
116.0,1761
116.0,1761
116.0,1762
116.0,1762
116.0,1762
116.0,1761
116.0,1761
116.0,1761
116.0,1760
116.0,1760
116.0,1761
116.1,1761
116.1,1760
116.1,1759
116.1,1760
116.1,1760
116.1,1761
116.1,1762
116.1,1763
116.1,1763
116.1,1763
116.1,1764
116.2,1765
116.2,1764
116.2,1763
116.2,1764
116.2,1763
116.2,1764
116.2,1763
116.2,1763
116.2,1763
116.3,1763
116.3,1762
116.3,1761
116.3,1762
116.3,1761
116.3,1762
116.3,1761
116.3,1760
116.3,1761
116.3,1762
116.3,1762
116.4,1761
116.4,1760
116.4,1759
116.4,1760
116.4,1759
116.4,1760
116.4,1761
116.4,1762
116.4,1762
116.4,1763
116.5,1763
116.5,1764
116.5,1764
116.5,1765
116.5,1765
116.5,1764
116.5,1764
116.5,1763
116.6,1764
116.6,1763
116.6,1763
116.6,1762
116.6,1763
116.6,1763
116.6,1762
116.6,1761
116.6,1761
116.6,1762
116.7,1763
116.7,1762
116.7,1761
116.7,1761
116.7,1761
116.7,1762
116.7,1763
116.7,1764
116.7,1765
116.8,1764
116.8,1764
116.8,1765
116.8,1765
116.8,1765
116.8,1765
116.8,1765
116.8,1765
116.8,1765
116.8,1766
116.9,1765
116.9,1766
116.9,1766
116.9,1765
116.9,1766
116.9,1765
116.9,1766
116.9,1766
116.9,1767
116.9,1767
116.9,1766
117.0,1765
117.0,1765
117.0,1764
117.0,1763
117.0,1763
117.0,1764
117.0,1764
117.0,1764
117.0,1765
117.0,1766
117.0,1765
117.1,1765
117.1,1764
117.1,1764
117.1,1764
117.1,1765
117.1,1765
117.1,1765
117.1,1764
117.1,1763
117.1,1763
117.1,1764
117.1,1765
117.1,1766
117.1,1766
117.1,1766
117.2,1766
117.2,1765
117.2,1766
117.2,1766
117.2,1767
117.2,1766
117.2,1765
117.2,1765
117.2,1764
117.3,1763
117.3,1762
117.3,1762
117.3,1761
117.3,1761
117.3,1760
117.3,1760
117.3,1759
117.3,1758
117.3,1758
117.4,1757
117.4,1756
117.4,1756
117.4,1756
117.4,1757
117.4,1756
117.4,1756
117.4,1756
117.4,1756
117.4,1757
117.4,1758
117.4,1758
117.4,1758
117.5,1757
117.5,1756
117.5,1756
117.5,1757
117.5,1756
117.5,1756
117.5,1755
117.5,1756
117.5,1757
117.5,1756
117.5,1756
117.6,1755
117.6,1754
117.6,1755
117.6,1754
117.6,1753
117.6,1752
117.6,1751
117.6,1750
117.6,1751
117.6,1752
117.6,1753
117.6,1754
117.6,1754
117.6,1754
117.6,1755
117.6,1754
117.7,1753
117.7,1752
117.7,1752
117.7,1753
117.7,1753
117.7,1754
117.7,1753
117.7,1753
117.7,1752
117.7,1752
117.7,1753
117.8,1754
117.8,1755
117.8,1754
117.8,1755
117.8,1754
117.8,1755
117.8,1754
117.8,1753
117.8,1752
117.8,1751
117.8,1750
117.8,1749
117.8,1750
117.9,1749
117.9,1748
117.9,1747
117.9,1748
117.9,1748
117.9,1748
117.9,1749
117.9,1748
117.9,1748
117.9,1747
117.9,1747
117.9,1748
117.9,1748
117.9,1749
117.9,1750
118.0,1750
118.0,1750
118.0,1750
118.0,1751
118.0,1752
118.0,1752
118.0,1753
118.0,1752
118.0,1752
118.0,1752
118.0,1753
118.0,1753
118.1,1754
118.1,1755
118.1,1754
118.1,1754
118.1,1754
118.1,1755
118.1,1754
118.1,1755
118.1,1756
118.1,1756
118.1,1757
118.1,1758
118.2,1758
118.2,1757
118.2,1757
118.2,1757
118.2,1757
118.2,1758
118.2,1758
118.2,1758
118.2,1757
118.2,1757
118.2,1758
118.2,1759
118.2,1758
118.3,1759
118.3,1760
118.3,1761
118.3,1761
118.3,1762
118.3,1762
118.3,1761
118.3,1761
118.3,1762
118.3,1762
118.4,1762
118.4,1763
118.4,1763
118.4,1763
118.4,1764
118.4,1763
118.4,1763
118.4,1763
118.5,1764
118.5,1765
118.5,1766
118.5,1765
118.5,1766
118.5,1765
118.5,1766
118.5,1766
118.5,1767
118.5,1766
118.5,1766
118.5,1767
118.5,1768
118.5,1769
118.6,1770
118.6,1769
118.6,1768
118.6,1768
118.6,1768
118.6,1769
118.6,1770
118.6,1769
118.6,1769
118.6,1768
118.6,1767
118.6,1768
118.6,1768
118.6,1768
118.7,1769
118.7,1769
118.7,1770
118.7,1769
118.7,1768
118.7,1767
118.7,1768
118.7,1767
118.8,1767
118.8,1766
118.8,1767
118.8,1767
118.8,1767
118.8,1767
118.8,1766
118.8,1765
118.8,1766
118.8,1767
118.8,1768
118.8,1769
118.8,1768
118.8,1768
118.8,1767
118.8,1768
118.8,1769
118.9,1770
118.9,1769
118.9,1768
118.9,1769
118.9,1770
118.9,1769
118.9,1769
118.9,1768
118.9,1769
118.9,1768
118.9,1769
118.9,1768
118.9,1768
118.9,1768
118.9,1768
119.0,1768
119.0,1768
119.0,1768
119.0,1769
119.0,1768
119.0,1768
119.0,1767
119.0,1766
119.0,1765
119.1,1766
119.1,1767
119.1,1766
119.1,1765
119.1,1765
119.1,1764
119.1,1765
119.1,1766
119.1,1767
119.1,1767
119.1,1767
119.1,1768
119.1,1767
119.1,1766
119.2,1767
119.2,1766
119.2,1767
119.2,1767
119.2,1767
119.2,1766
119.2,1767
119.2,1767
119.3,1766
119.3,1766
119.3,1767
119.3,1768
119.3,1767
119.3,1767
119.3,1768
119.3,1767
119.3,1768
119.3,1769
119.3,1770
119.3,1770
119.3,1771
119.3,1771
119.3,1772
119.3,1772
119.3,1773
119.4,1773
119.4,1772
119.4,1773
119.4,1773
119.4,1774
119.4,1773
119.4,1774
119.4,1774
119.4,1773
119.4,1772
119.4,1773
119.5,1773
119.5,1773
119.5,1773
119.5,1772
119.5,1773
119.5,1774
119.5,1773
119.6,1774
119.6,1774
119.6,1775
119.6,1776
119.6,1777
119.6,1778
119.6,1777
119.6,1776
119.6,1777
119.6,1776
119.6,1777
119.6,1778
119.6,1778
119.6,1779
119.6,1778
119.6,1778
119.6,1777
119.6,1776
119.7,1777
119.7,1778
119.7,1779
119.7,1778
119.7,1777
119.7,1777
119.7,1777
119.7,1777
119.7,1776
119.7,1776
119.7,1775
119.7,1775
119.7,1775
119.8,1775
119.8,1776
119.8,1777
119.8,1777
119.8,1776
119.8,1776
119.8,1777
119.8,1776
119.8,1776
119.8,1776
119.8,1776
119.8,1776
119.8,1776
119.8,1777
119.8,1777
119.9,1776
119.9,1776
119.9,1776
119.9,1776
119.9,1776
119.9,1777
119.9,1778
119.9,1779
119.9,1779
119.9,1779
119.9,1779
119.9,1779
120.0,1780
120.0,1780
120.0,1781
120.0,1780
120.0,1780
120.0,1779
120.0,1780
120.0,1781
120.1,1781
120.1,1782
120.1,1783
120.1,1783
120.1,1783
120.1,1782
120.1,1783
120.1,1784
120.1,1784
120.1,1784
120.1,1784
120.2,1785
120.2,1785
120.2,1786
120.2,1786
120.2,1786
120.2,1786
120.2,1785
120.2,1785
120.2,1785
120.2,1784
120.2,1784
120.2,1784
120.2,1783
120.3,1782
120.3,1783
120.3,1783
120.3,1782
120.3,1783
120.3,1784
120.3,1783
120.3,1783
120.3,1783
120.3,1784
120.3,1785
120.4,1786
120.4,1787
120.4,1786
120.4,1786
120.4,1786
120.4,1787
120.4,1787
120.4,1787
120.4,1787
120.4,1788
120.5,1787
120.5,1787
120.5,1788
120.5,1788
120.5,1787
120.5,1786
120.5,1787
120.5,1787
120.5,1788
120.6,1788
120.6,1787
120.6,1787
120.6,1787
120.6,1786
120.6,1787
120.6,1786
120.6,1786
120.6,1787
120.6,1788
120.6,1789
120.6,1790
120.6,1789
120.6,1790
120.6,1791
120.6,1790
120.6,1789
120.6,1788
120.7,1789
120.7,1790
120.7,1790
120.7,1789
120.7,1788
120.7,1789
120.7,1790
120.7,1791
120.7,1791
120.7,1791
120.7,1790
120.7,1791
120.7,1792
120.7,1791
120.7,1791
120.7,1792
120.7,1792
120.7,1792
120.7,1791
120.8,1791
120.8,1792
120.8,1793
120.8,1794
120.8,1795
120.8,1794
120.8,1795
120.8,1796
120.8,1796
120.9,1795
120.9,1796
120.9,1795
120.9,1795
120.9,1796
120.9,1796
120.9,1797
120.9,1797
120.9,1797
120.9,1797
120.9,1797
120.9,1796
120.9,1795
120.9,1796
120.9,1795
121.0,1795
121.0,1795
121.0,1795
121.0,1796
121.0,1797
121.0,1798
121.0,1799
121.0,1799
121.0,1798
121.0,1799
121.0,1799
121.0,1800
121.0,1799
121.0,1798
121.0,1798
121.1,1799
121.1,1799
121.1,1798
121.1,1799
121.1,1800
121.1,1801
121.1,1801
121.1,1802
121.1,1801
121.1,1802
121.1,1801
121.1,1802
121.1,1803
121.1,1803
121.1,1802
121.1,1801
121.1,1801
121.2,1802
121.2,1802
121.2,1803
121.2,1802
121.2,1802
121.2,1802
121.2,1803
121.2,1802
121.2,1802
121.2,1801
121.2,1801
121.2,1801
121.2,1802
121.3,1803
121.3,1803
121.3,1803
121.3,1804
121.3,1805
121.3,1804
121.3,1803
121.3,1802
121.3,1803
121.3,1802
121.3,1802
121.3,1803
121.3,1804
121.3,1803
121.3,1804
121.3,1805
121.4,1805
121.4,1804
121.4,1804
121.4,1804
121.4,1803
121.4,1804
121.4,1804
121.4,1804
121.4,1805
121.4,1805
121.4,1806
121.4,1805
121.4,1804
121.4,1803
121.5,1802
121.5,1802
121.5,1803
121.5,1803
121.5,1804
121.5,1805
121.5,1805
121.5,1804
121.5,1804
121.5,1804
121.5,1804
121.5,1803
121.5,1804
121.6,1804
121.6,1805
121.6,1805
121.6,1804
121.6,1803
121.6,1802
121.6,1801
121.6,1800
121.7,1799
121.7,1798
121.7,1797
121.7,1796
121.7,1797
121.7,1798
121.7,1798
121.7,1798
121.7,1798
121.8,1797
121.8,1797
121.8,1798
121.8,1797
121.8,1797
121.8,1798
121.8,1798
121.8,1798
121.8,1799
121.8,1798
121.8,1797
121.8,1796
121.8,1797
121.8,1798
121.9,1797
121.9,1798
121.9,1799
121.9,1798
121.9,1799
121.9,1798
122.0,1797
122.0,1796
122.0,1796
122.0,1796
122.0,1795
122.0,1796
122.0,1797
122.0,1798
122.0,1799
122.0,1800
122.0,1801
122.0,1801
122.1,1801
122.1,1802
122.1,1802
122.1,1803
122.1,1804
122.1,1805
122.1,1805
122.1,1805
122.1,1805
122.1,1806
122.1,1807
122.1,1808
122.1,1808
122.1,1808
122.1,1807
122.1,1806
122.1,1807
122.1,1807
122.2,1806
122.2,1805
122.2,1805
122.2,1804
122.2,1804
122.2,1804
122.2,1803
122.2,1803
122.2,1803
122.2,1803
122.2,1803
122.2,1804
122.2,1804
122.2,1805
122.3,1804
122.3,1803
122.3,1802
122.3,1801
122.3,1800
122.3,1799
122.3,1800
122.3,1800
122.3,1800
122.3,1801
122.3,1801
122.3,1801
122.3,1802
122.4,1802
122.4,1802
122.4,1802
122.4,1802
122.4,1802
122.4,1803
122.4,1804
122.4,1804
122.4,1804
122.5,1804
122.5,1805
122.5,1804
122.5,1803
122.5,1803
122.5,1804
122.5,1803
122.5,1802
122.5,1801
122.5,1802
122.5,1803
122.5,1802
122.5,1801
122.5,1801
122.5,1802
122.6,1802
122.6,1802
122.6,1802
122.6,1803
122.6,1803
122.6,1803
122.6,1803
122.6,1802
122.6,1803
122.6,1804
122.6,1803
122.6,1803
122.6,1803
122.6,1802
122.6,1803
122.6,1804
122.6,1805
122.6,1805
122.7,1805
122.7,1805
122.7,1805
122.7,1804
122.7,1805
122.7,1805
122.7,1805
122.7,1805
122.7,1805
122.7,1806
122.7,1807
122.8,1807
122.8,1806
122.8,1805
122.8,1804
122.8,1803
122.8,1803
122.8,1804
122.8,1805
122.8,1806
122.8,1806
122.8,1807
122.9,1807
122.9,1806
122.9,1807
122.9,1808
122.9,1808
122.9,1809
122.9,1810
122.9,1811
122.9,1812
122.9,1812
122.9,1812
122.9,1813
123.0,1812
123.0,1813
123.0,1814
123.0,1813
123.0,1814
123.0,1814
123.0,1813
123.0,1812
123.0,1811
123.0,1812
123.1,1813
123.1,1813
123.1,1812
123.1,1811
123.1,1810
123.1,1811
123.1,1810
123.1,1810
123.1,1811
123.1,1812
123.1,1811
123.1,1812
123.1,1813
123.1,1812
123.2,1812
123.2,1813
123.2,1812
123.2,1811
123.2,1811
123.2,1812
123.2,1812
123.2,1813
123.2,1813
123.3,1814
123.3,1814
123.3,1815
123.3,1816
123.3,1815
123.3,1814
123.3,1815
123.3,1815
123.3,1816
123.3,1816
123.4,1815
123.4,1815
123.4,1814
123.4,1815
123.4,1814
123.4,1813
123.4,1812
123.4,1811
123.4,1810
123.4,1811
123.4,1811
123.5,1812
123.5,1813
123.5,1812
123.5,1812
123.5,1813
123.5,1812
123.5,1811
123.5,1811
123.5,1811
123.5,1810
123.5,1809
123.5,1810
123.5,1810
123.5,1811
123.6,1812
123.6,1812
123.6,1813
123.6,1813
123.6,1814
123.6,1814
123.6,1813
123.6,1812
123.6,1811
123.6,1811
123.6,1811
123.6,1812
123.7,1813
123.7,1813
123.7,1812
123.7,1812
123.7,1811
123.7,1811
123.7,1811
123.7,1812
123.7,1812
123.7,1811
123.7,1810
123.7,1809
123.7,1810
123.7,1811
123.7,1811
123.7,1812
123.8,1811
123.8,1810
123.8,1810
123.8,1809
123.8,1810
123.8,1810
123.8,1810
123.8,1809
123.8,1809
123.8,1809
123.8,1810
123.8,1810
123.8,1809
123.8,1810
123.9,1811
123.9,1811
123.9,1810
123.9,1810
123.9,1809
123.9,1808
123.9,1809
123.9,1810
123.9,1811
123.9,1811
123.9,1810
123.9,1809
123.9,1809
123.9,1808
123.9,1807
123.9,1807
123.9,1808
123.9,1809
124.0,1808
124.0,1808
124.0,1807
124.0,1806
124.0,1805
124.0,1805
124.0,1806
124.0,1805
124.0,1806
124.0,1807
124.0,1807
124.0,1807
124.0,1808
124.1,1808
124.1,1807
124.1,1808
124.1,1807
124.1,1808
124.1,1808
124.1,1807
124.1,1806
124.1,1805
124.1,1805
124.1,1805
124.1,1806
124.1,1807
124.1,1806
124.1,1807
124.2,1807
124.2,1806
124.2,1805
124.2,1806
124.2,1807
124.2,1807
124.2,1806
124.2,1806
124.2,1805
124.2,1805
124.2,1804
124.2,1805
124.2,1806
124.2,1806
124.2,1806
124.2,1806
124.3,1807
124.3,1808
124.3,1807
124.3,1808
124.3,1807
124.3,1807
124.3,1808
124.3,1808
124.3,1809
124.3,1808
124.3,1808
124.3,1808
124.3,1809
124.3,1809
124.4,1810
124.4,1811
124.4,1812
124.4,1812
124.4,1811
124.4,1812
124.4,1811
124.4,1810
124.4,1810
124.4,1810
124.4,1810
124.4,1809
124.4,1809
124.4,1810
124.4,1811
124.5,1810
124.5,1809
124.5,1808
124.5,1807
124.5,1807
124.5,1807
124.5,1808
124.5,1808
124.5,1807
124.5,1808
124.5,1809
124.5,1810
124.5,1811
124.6,1811
124.6,1811
124.6,1810
124.6,1810
124.6,1810
124.6,1809
124.6,1809
124.6,1808
124.6,1807
124.6,1808
124.6,1807
124.6,1807
124.6,1807
124.6,1808
124.7,1808
124.7,1809
124.7,1809
124.7,1810
124.7,1810
124.7,1809
124.7,1808
124.7,1808
124.7,1808
124.7,1809
124.7,1810
124.7,1811
124.7,1811
124.8,1811
124.8,1812
124.8,1813
124.8,1813
124.8,1814
124.8,1814
124.8,1814
124.8,1814
124.8,1815
124.8,1816
124.8,1815
124.8,1816
124.8,1816
124.8,1816
124.9,1816
124.9,1816
124.9,1817
124.9,1818
124.9,1817
124.9,1816
124.9,1817
124.9,1818
124.9,1818
124.9,1818
124.9,1819
124.9,1819
125.0,1820
125.0,1820
125.0,1819
125.0,1819
125.0,1818
125.0,1818
125.0,1818
125.0,1818
125.0,1819
125.0,1820
125.0,1821
125.0,1822
125.0,1822
125.1,1823
125.1,1824
125.1,1824
125.1,1824
125.1,1825
125.1,1826
125.1,1825
125.1,1826
125.1,1826
125.1,1826
125.2,1826
125.2,1827
125.2,1826
125.2,1827
125.2,1827
125.2,1827
125.2,1826
125.2,1827
125.2,1828
125.2,1828
125.2,1827
125.2,1827
125.2,1826
125.3,1826
125.3,1825
125.3,1826
125.3,1825
125.3,1825
125.3,1826
125.3,1827
125.3,1827
125.3,1828
125.3,1828
125.3,1827
125.3,1827
125.3,1826
125.3,1826
125.3,1825
125.4,1826
125.4,1827
125.4,1826
125.4,1825
125.4,1825
125.4,1825
125.4,1825
125.4,1826
125.4,1826
125.4,1826
125.4,1827
125.5,1827
125.5,1828
125.5,1829
125.5,1829
125.5,1828
125.5,1829
125.5,1828
125.5,1827
125.5,1827
125.5,1826
125.5,1825
125.5,1825
125.6,1825
125.6,1825
125.6,1825
125.6,1824
125.6,1825
125.6,1824
125.6,1824
125.6,1825
125.6,1825
125.6,1825
125.6,1824
125.6,1825
125.6,1826
125.7,1827
125.7,1826
125.7,1825
125.7,1824
125.7,1824
125.7,1824
125.7,1825
125.7,1825
125.7,1824
125.8,1825
125.8,1824
125.8,1823
125.8,1822
125.8,1822
125.8,1821
125.8,1820
125.8,1821
125.8,1821
125.8,1820
125.8,1820
125.9,1820
125.9,1820
125.9,1820
125.9,1819
125.9,1818
125.9,1818
125.9,1818
125.9,1817
125.9,1817
125.9,1817
125.9,1818
125.9,1817
126.0,1816
126.0,1817
126.0,1816
126.0,1817
126.0,1817
126.0,1817
126.0,1817
126.0,1818
126.0,1817
126.0,1818
126.0,1818
126.1,1818
126.1,1819
126.1,1820
126.1,1820
126.1,1821
126.1,1822
126.1,1822
126.1,1823
126.1,1824
126.2,1824
126.2,1823
126.2,1824
126.2,1825
126.2,1826
126.2,1827
126.2,1826
126.2,1825
126.2,1825
126.2,1824
126.2,1825
126.2,1825
126.2,1824
126.2,1824
126.3,1823
126.3,1822
126.3,1823
126.3,1823
126.3,1824
126.3,1825
126.3,1825
126.3,1826
126.4,1825
126.4,1826
126.4,1825
126.4,1826
126.4,1825
126.4,1824
126.4,1823
126.5,1822
126.5,1822
126.5,1823
126.5,1822
126.5,1821
126.5,1820
126.5,1820
126.5,1821
126.5,1820
126.5,1821
126.6,1821
126.6,1822
126.6,1823
126.6,1824
126.6,1825
126.6,1824
126.6,1823
126.6,1823
126.6,1824
126.6,1824
126.6,1824
126.6,1825
126.6,1824
126.6,1825
126.7,1825
126.7,1824
126.7,1824
126.7,1824
126.7,1823
126.7,1823
126.7,1823
126.7,1824
126.7,1824
126.7,1823
126.7,1824
126.7,1824
126.7,1823
126.7,1823
126.7,1823
126.7,1823
126.7,1823
126.7,1823
126.8,1824
126.8,1824
126.8,1824
126.8,1825
126.8,1826
126.8,1826
126.8,1826
126.8,1827
126.8,1827
126.8,1827
126.9,1826
126.9,1825
126.9,1826
126.9,1826
126.9,1827
126.9,1827
126.9,1826
126.9,1826
126.9,1825
126.9,1825
126.9,1826
126.9,1826
126.9,1826
126.9,1826
126.9,1825
126.9,1825
127.0,1826
127.0,1825
127.0,1824
127.0,1824
127.0,1825
127.0,1825
127.0,1824
127.0,1825
127.0,1825
127.0,1824
127.0,1824
127.0,1824
127.0,1824
127.0,1825
127.0,1825
127.0,1825
127.1,1825
127.1,1826
127.1,1826
127.1,1827
127.1,1827
127.1,1827
127.1,1827
127.1,1826
127.1,1825
127.1,1824
127.1,1824
127.1,1825
127.1,1825
127.1,1825
127.1,1824
127.2,1825
127.2,1824
127.2,1825
127.2,1825
127.2,1826
127.2,1825
127.2,1825
127.2,1825
127.2,1824
127.2,1823
127.2,1824
127.2,1824
127.2,1825
127.2,1824
127.3,1825
127.3,1824
127.3,1823
127.3,1823
127.3,1824
127.3,1825
127.3,1824
127.3,1824
127.3,1825
127.3,1824
127.3,1825
127.3,1825
127.3,1825
127.4,1824
127.4,1824
127.4,1824
127.4,1823
127.4,1823
127.4,1824
127.4,1825
127.4,1825
127.4,1826
127.4,1825
127.4,1824
127.4,1824
127.4,1824
127.4,1824
127.4,1825
127.4,1826
127.5,1825
127.5,1826
127.5,1827
127.5,1828
127.5,1827
127.5,1826
127.5,1827
127.5,1828
127.5,1828
127.5,1828
127.5,1828
127.6,1828
127.6,1829
127.6,1828
127.6,1828
127.6,1829
127.6,1830
127.6,1829
127.6,1830
127.6,1830
127.6,1830
127.6,1829
127.6,1830
127.7,1829
127.7,1830
127.7,1831
127.7,1832
127.7,1832
127.7,1832
127.7,1833
127.7,1834
127.7,1835
127.7,1835
127.7,1836
127.7,1836
127.7,1836
127.7,1837
127.8,1838
127.8,1839
127.8,1840
127.8,1840
127.8,1840
127.8,1840
127.8,1839
127.8,1840
127.8,1839
127.8,1838
127.9,1838
127.9,1837
127.9,1837
127.9,1838
127.9,1838
127.9,1839
127.9,1839
127.9,1840
127.9,1840
127.9,1839
127.9,1839
127.9,1840
127.9,1840
127.9,1839
128.0,1839
128.0,1838
128.0,1839
128.0,1839
128.0,1838
128.0,1838
128.0,1839
128.0,1838
128.0,1839
128.0,1838
128.0,1839
128.0,1839
128.0,1839
128.0,1838
128.0,1837
128.0,1838
128.0,1839
128.1,1839
128.1,1838
128.1,1839
128.1,1839
128.1,1839
128.1,1840
128.1,1839
128.1,1840
128.1,1839
128.1,1840
128.1,1841
128.1,1841
128.1,1842
128.1,1843
128.2,1843
128.2,1844
128.2,1844
128.2,1845
128.2,1844
128.2,1844
128.2,1843
128.2,1843
128.2,1843
128.2,1843
128.3,1844
128.3,1843
128.3,1842
128.3,1843
128.3,1843
128.3,1844
128.3,1843
128.3,1844
128.3,1845
128.3,1845
128.4,1845
128.4,1846
128.4,1847
128.4,1846
128.4,1846
128.4,1845
128.4,1844
128.4,1843
128.4,1844
128.4,1844
128.4,1843
128.4,1844
128.4,1844
128.4,1845
128.5,1845
128.5,1845
128.5,1845
128.5,1846
128.5,1847
128.5,1847
128.5,1847
128.5,1848
128.5,1849
128.5,1849
128.5,1849
128.6,1850
128.6,1851
128.6,1851
128.6,1852
128.6,1852
128.6,1852
128.6,1852
128.6,1851
128.6,1850
128.6,1849
128.7,1850
128.7,1850
128.7,1849
128.7,1848
128.7,1847
128.7,1846
128.7,1847
128.7,1848
128.7,1847
128.7,1846
128.8,1847
128.8,1847
128.8,1846
128.8,1845
128.8,1844
128.8,1844
128.8,1845
128.8,1844
128.8,1845
128.8,1846
128.8,1845
128.8,1844
128.8,1843
128.8,1843
128.8,1842
128.8,1843
128.8,1844
128.8,1843
128.9,1843
128.9,1842
128.9,1842
128.9,1842
128.9,1842
128.9,1842
128.9,1841
128.9,1842
128.9,1843
128.9,1843
128.9,1844
128.9,1843
128.9,1843
129.0,1842
129.0,1842
129.0,1841
129.0,1840
129.0,1839
129.0,1838
129.0,1838
129.0,1838
129.0,1837
129.0,1836
129.0,1836
129.0,1837
129.1,1838
129.1,1838
129.1,1838
129.1,1838
129.1,1838
129.1,1838
129.1,1838
129.1,1837
129.1,1837
129.1,1836
129.1,1836
129.1,1835
129.1,1834
129.1,1834
129.1,1834
129.2,1834
129.2,1835
129.2,1834
129.2,1834
129.2,1834
129.2,1833
129.2,1834
129.2,1834
129.2,1833
129.2,1833
129.2,1834
129.2,1835
129.3,1835
129.3,1835
129.3,1836
129.3,1837
129.3,1838
129.3,1838
129.3,1838
129.3,1839
129.3,1840
129.3,1839
129.3,1839
129.3,1838
129.3,1838
129.3,1838
129.3,1837
129.4,1837
129.4,1836
129.4,1837
129.4,1838
129.4,1839
129.4,1840
129.4,1839
129.4,1840
129.4,1840
129.4,1840
129.4,1840
129.4,1841
129.4,1840
129.5,1840
129.5,1841
129.5,1842
129.5,1841
129.5,1840
129.5,1839
129.5,1840
129.5,1839
129.5,1838
129.5,1839
129.5,1840
129.5,1839
129.5,1838
129.5,1837
129.5,1838
129.6,1839
129.6,1840
129.6,1839
129.6,1840
129.6,1840
129.6,1840
129.6,1841
129.6,1840
129.6,1839
129.6,1839
129.6,1839
129.6,1840
129.6,1839
129.7,1840
129.7,1839
129.7,1839
129.7,1839
129.7,1840
129.7,1841
129.7,1842
129.7,1843
129.7,1843
129.7,1843
129.7,1844
129.7,1844
129.7,1843
129.7,1844
129.7,1844
129.7,1845
129.8,1844
129.8,1843
129.8,1843
129.8,1843
129.8,1844
129.8,1844
129.8,1843
129.8,1843
129.8,1844
129.9,1843
129.9,1843
129.9,1844
129.9,1845
129.9,1844
129.9,1844
129.9,1845
129.9,1846
129.9,1846
129.9,1847
129.9,1848
129.9,1847
129.9,1846
129.9,1845
129.9,1846
130.0,1847
130.0,1846
130.0,1846
130.0,1847
130.0,1847
130.0,1848
130.0,1848
130.0,1849
130.0,1848
130.0,1847
130.0,1848
130.0,1847
130.0,1847
130.1,1846
130.1,1846
130.1,1845
130.1,1846
130.1,1847
130.1,1847
130.1,1847
130.1,1846
130.1,1846
130.1,1845
130.1,1844
130.1,1843
130.1,1844
130.2,1844
130.2,1844
130.2,1843
130.2,1844
130.2,1843
130.2,1844
130.2,1845
130.2,1845
130.2,1844
130.2,1844
130.2,1845
130.2,1846
130.2,1845
130.2,1844
130.2,1844
130.2,1843
130.2,1842
130.3,1843
130.3,1843
130.3,1842
130.3,1841
130.3,1840
130.3,1841
130.3,1840
130.3,1839
130.3,1840
130.3,1840
130.3,1839
130.3,1839
130.3,1840
130.3,1841
130.3,1841
130.3,1841
130.4,1842
130.4,1841
130.4,1841
130.4,1842
130.4,1843
130.4,1844
130.4,1845
130.4,1846
130.4,1846
130.4,1847
130.4,1847
130.4,1848
130.4,1847
130.4,1847
130.4,1848
130.4,1849
130.4,1850
130.4,1849
130.5,1850
130.5,1850
130.5,1851
130.5,1850
130.5,1851
130.5,1850
130.5,1850
130.6,1851
130.6,1850
130.6,1851
130.6,1850
130.6,1850
130.6,1850
130.6,1850
130.6,1849
130.6,1850
130.6,1851
130.6,1851
130.6,1850
130.6,1850
130.6,1850
130.7,1851
130.7,1850
130.7,1851
130.7,1852
130.7,1851
130.7,1850
130.7,1851
130.7,1850
130.7,1849
130.7,1848
130.7,1847
130.8,1847
130.8,1846
130.8,1845
130.8,1845
130.8,1845
130.8,1845
130.8,1846
130.8,1846
130.8,1847
130.8,1847
130.8,1846
130.8,1845
130.8,1845
130.9,1846
130.9,1846
130.9,1845
130.9,1846
130.9,1845
130.9,1844
130.9,1844
130.9,1845
130.9,1845
130.9,1844
130.9,1844
130.9,1845
130.9,1844
130.9,1843
130.9,1844
130.9,1844
131.0,1843
131.0,1843
131.0,1842
131.0,1843
131.0,1844
131.0,1844
131.0,1845
131.0,1844
131.0,1843
131.0,1843
131.0,1844
131.0,1844
131.0,1843
131.1,1843
131.1,1843
131.1,1842
131.1,1843
131.1,1844
131.1,1844
131.1,1843
131.1,1843
131.1,1844
131.1,1845
131.1,1844
131.1,1844
131.1,1844
131.2,1844
131.2,1845
131.2,1844
131.2,1843
131.2,1843
131.2,1844
131.2,1845
131.2,1846
131.2,1845
131.2,1846
131.2,1845
131.2,1846
131.2,1847
131.3,1848
131.3,1847
131.3,1847
131.3,1848
131.3,1847
131.3,1848
131.3,1847
131.3,1846
131.3,1846
131.3,1846
131.3,1845
131.3,1845
131.3,1845
131.4,1845
131.4,1844
131.4,1844
131.4,1845
131.4,1844
131.4,1843
131.4,1842
131.4,1843
131.4,1844
131.4,1845
131.5,1846
131.5,1845
131.5,1846
131.5,1845
131.5,1846
131.5,1846
131.5,1846
131.5,1847
131.5,1846
131.5,1846
131.5,1846
131.5,1846
131.5,1847
131.5,1846
131.5,1845
131.5,1845
131.6,1846
131.6,1846
131.6,1846
131.6,1846
131.6,1846
131.6,1846
131.6,1847
131.6,1848
131.6,1847
131.6,1848
131.6,1849
131.7,1850
131.7,1851
131.7,1851
131.7,1850
131.7,1849
131.7,1849
131.7,1849
131.7,1850
131.7,1849
131.7,1849
131.7,1848
131.7,1847
131.7,1848
131.7,1849
131.8,1849
131.8,1850
131.8,1850
131.8,1849
131.8,1848
131.8,1848
131.8,1847
131.8,1846
131.8,1846
131.8,1846
131.8,1845
131.8,1846
131.8,1845
131.9,1846
131.9,1845
131.9,1844
131.9,1844
132.0,1845
132.0,1845
132.0,1844
132.0,1843
132.0,1843
132.0,1844
132.0,1845
132.0,1845
132.0,1845
132.0,1844
132.0,1843
132.0,1842
132.0,1842
132.0,1841
132.0,1842
132.0,1841
132.1,1842
132.1,1843
132.1,1844
132.1,1844
132.1,1845
132.1,1846
132.1,1846
132.1,1845
132.1,1845
132.1,1844
132.1,1843
132.1,1842
132.1,1843
132.2,1843
132.2,1843
132.2,1844
132.2,1844
132.2,1845
132.2,1846
132.2,1846
132.2,1845
132.2,1844
132.2,1843
132.3,1842
132.3,1841
132.3,1841
132.3,1841
132.3,1841
132.3,1842
132.3,1841
132.3,1841
132.3,1842
132.4,1842
132.4,1843
132.4,1843
132.4,1842
132.4,1841
132.4,1841
132.4,1841
132.4,1840
132.4,1839
132.4,1839
132.4,1840
132.4,1839
132.5,1839
132.5,1838
132.5,1837
132.5,1838
132.5,1838
132.5,1838
132.5,1838
132.5,1838
132.5,1839
132.5,1839
132.5,1839
132.5,1840
132.5,1841
132.6,1841
132.6,1841
132.6,1840
132.6,1841
132.6,1841
132.6,1842
132.6,1841
132.6,1840
132.6,1839
132.6,1838
132.6,1839
132.6,1838
132.6,1837
132.6,1837
132.6,1838
132.6,1837
132.6,1838
132.7,1839
132.7,1840
132.7,1840
132.7,1841
132.7,1841
132.7,1840
132.7,1840
132.7,1841
132.7,1841
132.7,1841
132.7,1841
132.7,1841
132.7,1840
132.7,1841
132.7,1840
132.7,1841
132.7,1841
132.7,1841
132.8,1842
132.8,1843
132.8,1842
132.8,1841
132.8,1840
132.8,1840
132.8,1839
132.8,1839
132.8,1840
132.8,1840
132.8,1840
132.9,1839
132.9,1838
132.9,1838
132.9,1839
132.9,1838
132.9,1838
132.9,1837
132.9,1838
132.9,1838
132.9,1838
132.9,1839
132.9,1838
132.9,1838
132.9,1839
132.9,1839
132.9,1840
132.9,1840
132.9,1840
133.0,1839
133.0,1838
133.0,1837
133.0,1836
133.0,1836
133.0,1836
133.0,1836
133.0,1836
133.0,1837
133.0,1837
133.1,1837
133.1,1836
133.1,1835
133.1,1834
133.1,1833
133.1,1833
133.1,1832
133.1,1832
133.1,1833
133.1,1833
133.1,1833
133.1,1832
133.2,1832
133.2,1832
133.2,1832
133.2,1833
133.2,1833
133.2,1832
133.2,1833
133.2,1832
133.2,1833
133.3,1833
133.3,1833
133.3,1832
133.3,1831
133.3,1832
133.3,1831
133.3,1832
133.3,1833
133.3,1834
133.3,1835
133.3,1834
133.3,1835
133.3,1834
133.4,1833
133.4,1834
133.4,1834
133.4,1833
133.4,1832
133.4,1832
133.4,1831
133.4,1830
133.4,1831
133.4,1832
133.4,1832
133.4,1831
133.4,1830
133.4,1829
133.4,1830
133.5,1829
133.5,1828
133.5,1828
133.5,1827
133.5,1828
133.5,1827
133.5,1826
133.5,1827
133.5,1826
133.5,1826
133.5,1825
133.5,1825
133.5,1826
133.5,1825
133.5,1825
133.6,1825
133.6,1826
133.6,1826
133.6,1826
133.6,1826
133.6,1826
133.6,1826
133.6,1826
133.6,1827
133.6,1827
133.6,1827
133.6,1827
133.6,1827
133.6,1827
133.7,1826
133.7,1825
133.7,1826
133.7,1825
133.7,1825
133.7,1825
133.7,1825
133.7,1825
133.7,1826
133.7,1827
133.7,1826
133.8,1825
133.8,1825
133.8,1826
133.8,1825
133.8,1825
133.8,1826
133.8,1825
133.8,1825
133.8,1825
133.8,1825
133.8,1826
133.8,1826
133.8,1827
133.8,1827
133.9,1826
133.9,1825
133.9,1825
133.9,1824
133.9,1824
133.9,1823
133.9,1822
133.9,1822
133.9,1821
133.9,1821
134.0,1820
134.0,1819
134.0,1818
134.0,1819
134.0,1820
134.0,1821
134.0,1821
134.0,1820
134.0,1820
134.0,1821
134.0,1820
134.0,1819
134.0,1819
134.1,1818
134.1,1817
134.1,1817
134.1,1817
134.1,1817
134.1,1816
134.1,1816
134.1,1816
134.1,1817
134.1,1818
134.1,1818
134.1,1817
134.1,1817
134.2,1816
134.2,1815
134.2,1815
134.2,1816
134.2,1817
134.2,1816
134.3,1816
134.3,1816
134.3,1817
134.3,1818
134.3,1819
134.3,1820
134.3,1821
134.3,1821
134.3,1822
134.3,1821
134.3,1822
134.4,1823
134.4,1823
134.4,1823
134.4,1823
134.4,1823
134.4,1822
134.4,1822
134.4,1823
134.4,1824
134.4,1823
134.4,1822
134.4,1821
134.4,1821
134.4,1822
134.4,1823
134.4,1823
134.5,1823
134.5,1824
134.5,1824
134.5,1825
134.5,1826
134.5,1825
134.5,1825
134.5,1824
134.5,1824
134.5,1824
134.5,1824
134.5,1824
134.5,1824
134.5,1823
134.5,1823
134.6,1823
134.6,1824
134.6,1825
134.6,1826
134.6,1825
134.6,1826
134.6,1827
134.6,1826
134.6,1826
134.6,1825
134.6,1824
134.6,1823
134.6,1823
134.6,1822
134.6,1823
134.7,1823
134.7,1824
134.7,1824
134.7,1823
134.7,1823
134.7,1823
134.7,1823
134.7,1823
134.7,1822
134.7,1821
134.7,1821
134.7,1822
134.7,1822
134.8,1823
134.8,1823
134.8,1822
134.8,1823
134.8,1822
134.8,1821
134.8,1820
134.8,1819
134.8,1818
134.8,1819
134.8,1819
134.8,1820
134.8,1820
134.8,1819
134.8,1820
134.9,1820
134.9,1820
134.9,1819
134.9,1818
134.9,1818
134.9,1817
134.9,1817
134.9,1816
134.9,1815
134.9,1816
134.9,1815
134.9,1816
134.9,1815
134.9,1816
135.0,1817
135.0,1816
135.0,1817
135.0,1817
135.0,1818
135.0,1817
135.0,1817
135.0,1817
135.0,1816
135.0,1815
135.0,1814
135.0,1813
135.0,1814
135.0,1814
135.0,1813
135.0,1812
135.0,1812
135.1,1811
135.1,1810
135.1,1810
135.1,1809
135.1,1809
135.1,1809
135.1,1808
135.1,1807
135.1,1807
135.1,1806
135.1,1805
135.1,1805
135.2,1806
135.2,1807
135.2,1807
135.2,1807
135.2,1806
135.2,1805
135.2,1804
135.2,1803
135.2,1804
135.2,1805
135.2,1804
135.3,1805
135.3,1805
135.3,1805
135.3,1804
135.3,1803
135.3,1802
135.3,1802
135.3,1801
135.3,1800
135.3,1800
135.3,1801
135.4,1800
135.4,1800
135.4,1800
135.4,1799
135.4,1798
135.4,1799
135.4,1799
135.4,1800
135.4,1801
135.4,1801
135.4,1802
135.4,1801
135.4,1802
135.4,1803
135.4,1803
135.4,1802
135.5,1801
135.5,1801
135.5,1802
135.5,1801
135.5,1801
135.5,1801
135.5,1802
135.6,1801
135.6,1800
135.6,1800
135.6,1800
135.6,1800
135.6,1799
135.6,1799
135.6,1799
135.6,1800
135.6,1801
135.6,1801
135.6,1801
135.6,1800
135.6,1800
135.6,1800
135.6,1801
135.7,1800
135.7,1800
135.7,1801
135.7,1802
135.7,1803
135.7,1802
135.7,1801
135.7,1802
135.7,1802
135.7,1803
135.7,1803
135.8,1803
135.8,1802
135.8,1803
135.8,1802
135.8,1802
135.8,1803
135.8,1802
135.8,1802
135.8,1801
135.9,1802
135.9,1803
135.9,1802
135.9,1803
135.9,1803
135.9,1804
135.9,1804
135.9,1804
135.9,1804
135.9,1805
135.9,1804
135.9,1803
135.9,1802
136.0,1802
136.0,1802
136.0,1801
136.0,1801
136.0,1802
136.0,1803
136.0,1803
136.1,1802
136.1,1801
136.1,1801
136.1,1800
136.1,1801
136.1,1800
136.1,1800
136.1,1801
136.1,1801
136.1,1800
136.1,1801
136.1,1802
136.2,1802
136.2,1801
136.2,1801
136.2,1801
136.2,1800
136.2,1800
136.2,1800
136.2,1799
136.2,1799
136.2,1798
136.2,1797
136.2,1796
136.2,1795
136.2,1795
136.2,1794
136.3,1795
136.3,1796
136.3,1795
136.3,1794
136.3,1793
136.3,1793
136.3,1792
136.3,1792
136.3,1793
136.3,1793
136.3,1793
136.4,1793
136.4,1793
136.4,1793
136.4,1793
136.4,1794
136.4,1793
136.4,1793
136.4,1793
136.4,1794
136.4,1793
136.4,1794
136.5,1793
136.5,1794
136.5,1794
136.5,1795
136.5,1796
136.5,1795
136.6,1796
136.6,1795
136.6,1794
136.6,1794
136.6,1794
136.6,1794
136.6,1794
136.6,1794
136.6,1793
136.6,1794
136.6,1793
136.6,1794
136.6,1794
136.6,1793
136.6,1792
136.6,1793
136.6,1794
136.7,1793
136.7,1792
136.7,1793
136.7,1793
136.7,1793
136.7,1792
136.7,1792
136.7,1791
136.7,1792
136.7,1792
136.7,1793
136.8,1792
136.8,1791
136.8,1790
136.8,1791
136.8,1792
136.8,1792
136.8,1792
136.8,1793
136.8,1792
136.8,1793
136.8,1793
136.8,1793
136.8,1793
136.9,1793
136.9,1792
136.9,1792
136.9,1792
136.9,1792
136.9,1793
136.9,1792
136.9,1792
136.9,1791
137.0,1790
137.0,1790
137.0,1790
137.0,1789
137.0,1788
137.0,1788
137.0,1789
137.0,1788
137.0,1787
137.0,1786
137.0,1786
137.1,1786
137.1,1786
137.1,1786
137.1,1786
137.1,1786
137.1,1786
137.1,1786
137.1,1785
137.1,1786
137.1,1786
137.1,1786
137.1,1786
137.1,1787
137.1,1786
137.1,1786
137.1,1787
137.2,1787
137.2,1786
137.2,1786
137.2,1787
137.2,1786
137.2,1785
137.2,1786
137.2,1785
137.2,1784
137.2,1785
137.2,1784
137.2,1785
137.2,1786
137.2,1787
137.3,1786
137.3,1786
137.3,1785
137.3,1785
137.3,1785
137.3,1784
137.3,1784
137.3,1783
137.3,1783
137.3,1784
137.3,1784
137.3,1784
137.3,1784
137.3,1785
137.3,1786
137.4,1785
137.4,1785
137.4,1785
137.4,1785
137.4,1785
137.4,1785
137.4,1785
137.4,1784
137.4,1785
137.4,1786
137.4,1785
137.4,1786
137.4,1787
137.5,1788
137.5,1787
137.5,1787
137.5,1787
137.5,1787
137.5,1786
137.5,1785
137.5,1784
137.5,1784
137.6,1785
137.6,1785
137.6,1784
137.6,1785
137.6,1786
137.6,1785
137.6,1785
137.6,1785
137.6,1784
137.6,1784
137.7,1785
137.7,1784
137.7,1784
137.7,1783
137.7,1783
137.7,1783
137.7,1783
137.7,1783
137.7,1782
137.8,1782
137.8,1781
137.8,1781
137.8,1780
137.8,1779
137.8,1780
137.8,1781
137.8,1781
137.8,1782
137.9,1781
137.9,1782
137.9,1782
137.9,1781
137.9,1782
137.9,1782
137.9,1782
137.9,1781
137.9,1782
137.9,1781
137.9,1782
138.0,1783
138.0,1784
138.0,1783
138.0,1784
138.0,1785
138.0,1785
138.0,1785
138.0,1786
138.0,1786
138.0,1787
138.0,1786
138.0,1785
138.0,1785
138.0,1784
138.1,1785
138.1,1785
138.1,1785
138.1,1785
138.1,1785
138.1,1785
138.1,1785
138.1,1785
138.1,1784
138.1,1783
138.1,1783
138.1,1783
138.1,1784
138.1,1784
138.2,1783
138.2,1783
138.2,1784
138.2,1785
138.2,1785
138.2,1786
138.2,1786
138.2,1787
138.2,1786
138.2,1785
138.2,1785
138.2,1786
138.2,1786
138.2,1787
138.2,1788
138.2,1788
138.2,1787
138.2,1787
138.2,1788
138.3,1788
138.3,1787
138.3,1788
138.3,1788
138.3,1787
138.3,1786
138.3,1787
138.3,1786
138.3,1787
138.3,1788
138.4,1788
138.4,1787
138.4,1787
138.4,1787
138.4,1787
138.4,1788
138.4,1788
138.4,1788
138.4,1787
138.4,1788
138.4,1788
138.5,1787
138.5,1787
138.5,1788
138.5,1787
138.5,1787
138.5,1788
138.5,1789
138.5,1789
138.5,1789
138.5,1788
138.5,1789
138.5,1790
138.5,1791
138.5,1790
138.5,1791
138.6,1792
138.6,1792
138.6,1792
138.6,1791
138.6,1792
138.6,1793
138.6,1794
138.6,1794
138.6,1795
138.6,1795
138.7,1796
138.7,1795
138.7,1794
138.7,1794
138.7,1795
138.7,1794
138.7,1794
138.7,1794
138.8,1794
138.8,1793
138.8,1793
138.8,1792
138.8,1793
138.8,1794
138.8,1794
138.8,1794
138.8,1793
138.8,1793
138.8,1792
138.8,1793
138.8,1793
138.8,1794
138.8,1794
138.9,1795
138.9,1795
138.9,1795
138.9,1796
138.9,1797
138.9,1797
138.9,1797
138.9,1797
138.9,1797
138.9,1798
138.9,1799
138.9,1800
139.0,1800
139.0,1800
139.0,1801
139.0,1802
139.0,1802
139.0,1801
139.0,1800
139.0,1801
139.0,1800
139.1,1800
139.1,1800
139.1,1799
139.1,1800
139.1,1801
139.1,1801
139.1,1802
139.1,1803
139.1,1803
139.1,1803
139.2,1804
139.2,1804
139.2,1803
139.2,1802
139.2,1801
139.2,1802
139.2,1802
139.2,1803
139.2,1802
139.2,1803
139.2,1804
139.2,1803
139.2,1802
139.2,1802
139.3,1801
139.3,1802
139.3,1802
139.3,1801
139.3,1802
139.3,1802
139.3,1802
139.3,1802
139.3,1801
139.3,1800
139.3,1799
139.3,1799
139.3,1798
139.3,1797
139.4,1796
139.4,1795
139.4,1794
139.4,1795
139.4,1794
139.4,1795
139.4,1794
139.4,1793
139.4,1794
139.4,1795
139.5,1795
139.5,1796
139.5,1796
139.5,1797
139.5,1797
139.5,1796
139.5,1796
139.5,1795
139.5,1794
139.5,1794
139.5,1793
139.6,1794
139.6,1794
139.6,1795
139.6,1795
139.6,1794
139.6,1794
139.6,1794
139.6,1795
139.6,1795
139.6,1796
139.7,1797
139.7,1798
139.7,1799
139.7,1799
139.7,1798
139.7,1798
139.7,1799
139.7,1798
139.7,1798
139.7,1797
139.7,1797
139.7,1798
139.7,1799
139.8,1800
139.8,1801
139.8,1802
139.8,1801
139.8,1802
139.8,1801
139.8,1802
139.8,1802
139.8,1802
139.8,1802
139.8,1801
139.8,1801
139.8,1801
139.8,1800
139.8,1800
139.8,1800
139.8,1801
139.8,1801
139.8,1801
139.9,1801
139.9,1800
139.9,1799
139.9,1798
139.9,1798
139.9,1797
139.9,1796
140.0,1795
140.0,1794
140.0,1793
140.0,1793
140.0,1794
140.0,1794
140.0,1794
140.0,1793
140.0,1794
140.0,1795
140.0,1796
140.0,1797
140.0,1797
140.1,1797
140.1,1797
140.1,1798
140.1,1798
140.1,1798
140.1,1798
140.1,1797
140.1,1797
140.1,1796
140.1,1797
140.1,1797
140.1,1798
140.1,1797
140.2,1796
140.2,1797
140.2,1796
140.2,1796
140.2,1797
140.2,1798
140.2,1798
140.2,1797
140.2,1797
140.2,1796
140.2,1795
140.2,1795
140.2,1796
140.2,1797
140.2,1797
140.2,1797
140.2,1797
140.2,1798
140.3,1798
140.3,1799
140.3,1799
140.3,1798
140.3,1799
140.3,1799
140.3,1798
140.3,1798
140.3,1797
140.3,1796
140.3,1797
140.3,1796
140.3,1796
140.3,1796
140.3,1797
140.3,1797
140.3,1798
140.3,1799
140.4,1800
140.4,1800
140.4,1800
140.4,1801
140.4,1800
140.4,1800
140.4,1801
140.4,1801
140.4,1800
140.4,1799
140.4,1798
140.4,1798
140.4,1797
140.4,1796
140.4,1796
140.4,1797
140.4,1797
140.5,1796
140.5,1795
140.5,1796
140.5,1796
140.5,1795
140.5,1794
140.5,1795
140.5,1794
140.5,1794
140.5,1794
140.5,1793
140.5,1793
140.5,1794
140.6,1795
140.6,1796
140.6,1795
140.6,1794
140.6,1795
140.6,1796
140.6,1797
140.6,1798
140.6,1798
140.6,1797
140.6,1797
140.7,1797
140.7,1796
140.7,1796
140.7,1796
140.7,1797
140.7,1797
140.7,1797
140.7,1798
140.7,1798
140.7,1799
140.8,1799
140.8,1798
140.8,1799
140.8,1800
140.8,1801
140.8,1801
140.8,1800
140.8,1801
140.8,1800
140.8,1799
140.8,1800
140.8,1800
140.8,1799
140.8,1798
140.8,1797
140.8,1796
140.8,1795
140.9,1794
140.9,1793
140.9,1792
140.9,1792
140.9,1792
140.9,1791
140.9,1792
140.9,1791
140.9,1791
140.9,1791
140.9,1791
141.0,1790
141.0,1789
141.0,1790
141.0,1790
141.0,1790
141.0,1789
141.0,1788
141.0,1787
141.0,1787
141.0,1788
141.0,1788
141.1,1788
141.1,1789
141.1,1788
141.1,1788
141.1,1787
141.1,1788
141.1,1787
141.1,1787
141.1,1788
141.1,1787
141.1,1788
141.1,1787
141.1,1787
141.1,1787
141.1,1788
141.1,1789
141.1,1788
141.1,1789
141.1,1788
141.1,1789
141.1,1789
141.2,1790
141.2,1790
141.2,1789
141.2,1789
141.2,1789
141.2,1789
141.2,1789
141.2,1788
141.2,1789
141.3,1788
141.3,1787
141.3,1787
141.3,1788
141.3,1787
141.3,1787
141.3,1788
141.3,1788
141.3,1788
141.3,1789
141.4,1789
141.4,1790
141.4,1791
141.4,1792
141.4,1792
141.4,1791
141.4,1792
141.4,1792
141.4,1791
141.5,1791
141.5,1791
141.5,1792
141.5,1791
141.5,1791
141.5,1791
141.5,1790
141.5,1791
141.5,1790
141.5,1791
141.5,1790
141.5,1791
141.5,1791
141.6,1791
141.6,1791
141.6,1792
141.6,1791
141.6,1790
141.6,1791
141.6,1790
141.6,1791
141.6,1790
141.6,1790
141.6,1791
141.6,1790
141.6,1791
141.6,1792
141.6,1793
141.6,1793
141.6,1794
141.6,1794
141.7,1794
141.7,1795
141.7,1795
141.7,1796
141.7,1795
141.7,1795
141.7,1794
141.8,1795
141.8,1796
141.8,1795
141.8,1795
141.8,1794
141.8,1794
141.8,1793
141.8,1793
141.8,1794
141.8,1794
141.8,1795
141.8,1796
141.9,1795
141.9,1794
141.9,1795
141.9,1794
141.9,1795
141.9,1794
141.9,1795
141.9,1794
141.9,1795
141.9,1794
141.9,1794
142.0,1795
142.0,1795
142.0,1794
142.0,1795
142.0,1795
142.0,1796
142.0,1795
142.0,1794
142.0,1793
142.0,1794
142.0,1795
142.0,1796
142.0,1795
142.0,1795
142.1,1796
142.1,1795
142.1,1794
142.1,1795
142.1,1796
142.1,1796
142.1,1795
142.1,1794
142.1,1795
142.1,1795
142.1,1796
142.1,1795
142.2,1795
142.2,1794
142.2,1793
142.2,1794
142.2,1794
142.2,1795
142.2,1796
142.2,1795
142.2,1794
142.2,1793
142.2,1794
142.2,1795
142.2,1794
142.2,1793
142.2,1792
142.3,1792
142.3,1791
142.3,1791
142.3,1792
142.3,1791
142.3,1792
142.3,1793
142.3,1794
142.3,1795
142.3,1795
142.3,1795
142.3,1796
142.4,1797
142.4,1798
142.4,1797
142.4,1798
142.4,1799
142.4,1799
142.4,1799
142.4,1798
142.4,1798
142.4,1797
142.5,1798
142.5,1799
142.5,1798
142.5,1797
142.5,1798
142.5,1797
142.5,1797
142.5,1797
142.5,1796
142.5,1797
142.6,1797
142.6,1796
142.6,1796
142.6,1797
142.6,1798
142.6,1797
142.6,1796
142.6,1796
142.6,1796
142.6,1795
142.6,1795
142.6,1796
142.6,1796
142.6,1796
142.7,1795
142.7,1794
142.7,1794
142.7,1794
142.7,1794
142.7,1793
142.7,1793
142.7,1792
142.7,1792
142.7,1792
142.8,1793
142.8,1793
142.8,1794
142.8,1795
142.8,1794
142.8,1793
142.8,1793
142.8,1793
142.8,1793
142.8,1794
142.8,1793
142.8,1794
142.8,1793
142.8,1792
142.8,1791
142.9,1790
142.9,1791
142.9,1792
142.9,1791
142.9,1791
142.9,1792
142.9,1792
142.9,1793
142.9,1792
142.9,1791
142.9,1790
142.9,1789
142.9,1790
143.0,1789
143.0,1789
143.0,1789
143.0,1790
143.0,1790
143.0,1791
143.0,1790
143.0,1791
143.0,1792
143.0,1792
143.0,1792
143.0,1793
143.1,1792
143.1,1791
143.1,1792
143.1,1791
143.1,1792
143.1,1793
143.1,1794
143.1,1795
143.1,1796
143.1,1797
143.1,1797
143.1,1798
143.1,1799
143.1,1798
143.2,1799
143.2,1799
143.2,1799
143.2,1799
143.2,1800
143.2,1800
143.2,1801
143.2,1800
143.2,1799
143.2,1799
143.3,1800
143.3,1800
143.3,1801
143.3,1801
143.3,1802
143.3,1802
143.3,1801
143.3,1802
143.3,1803
143.3,1802
143.3,1803
143.3,1802
143.3,1803
143.3,1803
143.3,1803
143.3,1803
143.4,1803
143.4,1804
143.4,1803
143.4,1803
143.4,1803
143.4,1803
143.4,1804
143.4,1804
143.4,1803
143.4,1803
143.5,1804
143.5,1804
143.5,1805
143.5,1805
143.5,1805
143.5,1804
143.5,1804
143.5,1805
143.5,1806
143.5,1807
143.5,1807
143.5,1806
143.5,1806
143.5,1807
143.5,1807
143.6,1806
143.6,1805
143.6,1804
143.6,1804
143.6,1803
143.6,1804
143.6,1804
143.6,1805
143.6,1805
143.6,1805
143.6,1804
143.6,1805
143.6,1804
143.6,1805
143.6,1806
143.6,1806
143.6,1806
143.6,1807
143.6,1808
143.7,1809
143.7,1810
143.7,1811
143.7,1811
143.7,1810
143.7,1810
143.7,1809
143.7,1808
143.7,1808
143.7,1809
143.7,1809
143.7,1808
143.7,1809
143.7,1809
143.7,1809
143.8,1808
143.8,1807
143.8,1807
143.8,1808
143.8,1809
143.8,1808
143.8,1808
143.8,1807
143.8,1807
143.8,1806
143.8,1807
143.8,1806
143.8,1807
143.8,1807
143.8,1807
143.8,1806
143.8,1805
143.9,1805
143.9,1805
143.9,1804
143.9,1804
143.9,1803
143.9,1802
143.9,1803
143.9,1802
143.9,1803
144.0,1803
144.0,1804
144.0,1804
144.0,1804
144.0,1803
144.0,1804
144.0,1803
144.0,1804
144.0,1804
144.0,1803
144.0,1803
144.0,1804
144.0,1804
144.0,1803
144.0,1802
144.1,1802
144.1,1801
144.1,1800
144.1,1800
144.1,1801
144.1,1801
144.1,1801
144.1,1802
144.1,1802
144.1,1802
144.1,1803
144.1,1802
144.1,1803
144.1,1804
144.1,1805
144.2,1805
144.2,1806
144.2,1805
144.2,1806
144.2,1805
144.2,1806
144.2,1805
144.2,1804
144.3,1805
144.3,1805
144.3,1804
144.3,1805
144.3,1804
144.3,1804
144.3,1805
144.3,1805
144.3,1805
144.3,1804
144.3,1804
144.3,1803
144.3,1802
144.4,1801
144.4,1801
144.4,1802
144.4,1803
144.4,1803
144.4,1803
144.4,1803
144.4,1804
144.4,1805
144.4,1806
144.4,1805
144.5,1804
144.5,1805
144.5,1806
144.5,1807
144.5,1806
144.5,1807
144.5,1807
144.5,1806
144.5,1806
144.5,1806
144.5,1806
144.5,1805
144.5,1804
144.5,1804
144.6,1804
144.6,1803
144.6,1802
144.6,1802
144.6,1803
144.6,1803
144.6,1802
144.6,1801
144.6,1801
144.6,1800
144.6,1801
144.6,1801
144.7,1801
144.7,1800
144.7,1800
144.7,1801
144.7,1802
144.7,1801
144.7,1802
144.7,1802
144.7,1802
144.7,1803
144.8,1802
144.8,1802
144.8,1803
144.8,1802
144.8,1802
144.8,1802
144.8,1801
144.8,1801
144.8,1801
144.9,1800
144.9,1799
144.9,1799
144.9,1798
144.9,1799
144.9,1798
144.9,1798
144.9,1798
144.9,1799
144.9,1799
144.9,1798
145.0,1799
145.0,1798
145.0,1798
145.0,1798
145.0,1798
145.0,1799
145.0,1800
145.0,1801
145.0,1801
145.1,1802
145.1,1801
145.1,1800
145.1,1800
145.1,1800
145.1,1801
145.1,1801
145.1,1802
145.1,1801
145.1,1800
145.1,1800
145.1,1800
145.1,1799
145.1,1800
145.1,1799
145.1,1800
145.1,1799
145.2,1798
145.2,1799
145.2,1800
145.2,1800
145.2,1801
145.2,1800
145.2,1800
145.2,1800
145.2,1801
145.2,1800
145.2,1801
145.2,1801
145.3,1802
145.3,1802
145.3,1802
145.3,1802
145.3,1803
145.3,1804
145.3,1804
145.3,1805
145.3,1804
145.3,1803
145.4,1802
145.4,1802
145.4,1802
145.4,1802
145.4,1801
145.4,1800
145.4,1801
145.4,1802
145.4,1803
145.4,1804
145.4,1804
145.4,1805
145.4,1805
145.5,1805
145.5,1804
145.5,1803
145.5,1803
145.5,1804
145.5,1804
145.5,1805
145.5,1804
145.5,1804
145.5,1804
145.5,1804
145.5,1804
145.5,1803
145.5,1802
145.6,1802
145.6,1802
145.6,1802
145.6,1803
145.6,1804
145.6,1804
145.6,1804
145.6,1804
145.6,1803
145.6,1802
145.6,1802
145.6,1803
145.6,1802
145.6,1802
145.6,1803
145.7,1803
145.7,1803
145.7,1802
145.7,1803
145.7,1804
145.7,1803
145.7,1804
145.7,1805
145.7,1806
145.7,1805
145.7,1805
145.7,1806
145.7,1806
145.7,1805
145.7,1804
145.7,1804
145.7,1805
145.7,1805
145.8,1806
145.8,1805
145.8,1804
145.8,1804
145.8,1804
145.8,1804
145.8,1805
145.8,1804
145.8,1805
145.8,1804
145.8,1805
145.8,1804
145.8,1805
145.8,1806
145.8,1807
145.8,1808
145.8,1808
145.8,1807
145.8,1808
145.8,1809
145.9,1809
145.9,1810
145.9,1810
145.9,1810
145.9,1811
145.9,1811
145.9,1812
145.9,1811
145.9,1810
145.9,1810
145.9,1809
145.9,1809
145.9,1808
145.9,1808
145.9,1807
145.9,1807
146.0,1806
146.0,1806
146.0,1805
146.0,1805
146.0,1805
146.0,1806
146.0,1805
146.0,1806
146.0,1805
146.0,1805
146.0,1806
146.1,1806
146.1,1805
146.1,1804
146.1,1804
146.1,1803
146.1,1802
146.1,1801
146.1,1801
146.1,1801
146.1,1801
146.1,1800
146.2,1801
146.2,1800
146.2,1801
146.2,1802
146.2,1801
146.2,1802
146.2,1801
146.2,1800
146.2,1801
146.2,1800
146.2,1800
146.2,1801
146.2,1800
146.2,1799
146.3,1799
146.3,1798
146.3,1797
146.3,1796
146.3,1796
146.3,1796
146.3,1797
146.3,1796
146.3,1795
146.3,1796
146.3,1795
146.3,1794
146.3,1795
146.3,1795
146.3,1795
146.4,1796
146.4,1796
146.4,1797
146.4,1798
146.4,1798
146.4,1798
146.4,1798
146.4,1799
146.4,1799
146.4,1799
146.4,1800
146.4,1801
146.4,1802
146.4,1802
146.4,1802
146.4,1803
146.4,1803
146.4,1803
146.4,1803
146.5,1803
146.5,1803
146.5,1804
146.5,1805
146.5,1806
146.5,1807
146.5,1807
146.5,1806
146.5,1807
146.5,1808
146.6,1807
146.6,1807
146.6,1807
146.6,1806
146.6,1807
146.6,1808
146.6,1808
146.6,1809
146.6,1809
146.6,1810
146.6,1810
146.7,1810
146.7,1810
146.7,1811
146.7,1811
146.7,1812
146.7,1811
146.7,1812
146.7,1813
146.7,1812
146.7,1813
146.8,1812
146.8,1812
146.8,1813
146.8,1814
146.8,1813
146.8,1812
146.8,1812
146.8,1811
146.8,1810
146.8,1811
146.8,1812
146.9,1812
146.9,1811
146.9,1811
146.9,1811
146.9,1810
146.9,1809
146.9,1809
146.9,1808
146.9,1807
146.9,1808
146.9,1809
146.9,1808
146.9,1808
146.9,1809
146.9,1809
146.9,1810
146.9,1810
146.9,1811
146.9,1810
147.0,1810
147.0,1811
147.0,1811
147.0,1810
147.0,1811
147.0,1810
147.0,1809
147.0,1810
147.1,1810
147.1,1809
147.1,1809
147.1,1809
147.1,1809
147.1,1809
147.1,1810
147.2,1809
147.2,1808
147.2,1808
147.2,1809
147.2,1809
147.2,1809
147.2,1809
147.2,1809
147.2,1808
147.2,1807
147.3,1807
147.3,1807
147.3,1806
147.3,1807
147.3,1808
147.3,1808
147.3,1808
147.3,1808
147.3,1809
147.3,1809
147.3,1810
147.3,1810
147.3,1809
147.3,1809
147.4,1808
147.4,1808
147.4,1809
147.4,1810
147.4,1810
147.4,1811
147.4,1811
147.4,1811
147.4,1810
147.4,1810
147.5,1810
147.5,1810
147.5,1809
147.5,1808
147.5,1808
147.5,1808
147.5,1807
147.5,1807
147.5,1806
147.5,1806
147.5,1805
147.6,1805
147.6,1806
147.6,1806
147.6,1805
147.6,1805
147.6,1804
147.6,1805
147.6,1806
147.6,1806
147.6,1805
147.6,1806
147.6,1805
147.6,1804
147.6,1804
147.7,1804
147.7,1804
147.7,1804
147.7,1805
147.7,1806
147.7,1807
147.7,1808
147.7,1809
147.7,1809
147.7,1810
147.8,1809
147.8,1809
147.8,1809
147.8,1809
147.8,1809
147.8,1808
147.8,1808
147.8,1808
147.8,1808
147.8,1808
147.8,1807
147.8,1806
147.8,1806
147.8,1806
147.8,1807
147.8,1808
147.8,1809
147.9,1808
147.9,1807
147.9,1806
147.9,1805
148.0,1806
148.0,1805
148.0,1805
148.0,1806
148.0,1807
148.0,1807
148.0,1806
148.0,1806
148.0,1806
148.0,1806
148.0,1807
148.0,1808
148.0,1809
148.0,1810
148.0,1811
148.0,1810
148.0,1809
148.0,1809
148.1,1809
148.1,1808
148.1,1809
148.1,1808
148.1,1808
148.1,1807
148.1,1808
148.1,1808
148.1,1807
148.1,1808
148.1,1807
148.1,1807
148.1,1806
148.1,1807
148.1,1807
148.1,1808
148.2,1807
148.2,1808
148.2,1808
148.2,1807
148.2,1807
148.2,1808
148.2,1807
148.2,1806
148.2,1806
148.2,1805
148.2,1805
148.2,1806
148.2,1806
148.3,1805
148.3,1806
148.3,1806
148.3,1807
148.3,1808
148.3,1809
148.3,1809
148.3,1810
148.3,1811
148.3,1810
148.3,1810
148.3,1810
148.4,1810
148.4,1810
148.4,1811
148.4,1810
148.4,1810
148.4,1810
148.4,1811
148.4,1810
148.4,1809
148.4,1810
148.5,1811
148.5,1812
148.5,1812
148.5,1812
148.5,1812
148.5,1813
148.5,1812
148.5,1811
148.5,1811
148.5,1810
148.5,1811
148.6,1812
148.6,1811
148.6,1812
148.6,1811
148.6,1810
148.6,1811
148.6,1810
148.6,1811
148.6,1811
148.6,1812
148.6,1812
148.6,1811
148.6,1812
148.6,1812
148.6,1813
148.6,1813
148.6,1813
148.7,1812
148.7,1812
148.7,1813
148.7,1812
148.7,1811
148.7,1811
148.7,1812
148.7,1813
148.7,1814
148.7,1814
148.7,1814
148.7,1813
148.7,1814
148.7,1813
148.7,1812
148.8,1813
148.8,1814
148.8,1814
148.8,1815
148.8,1815
148.8,1814
148.8,1813
148.8,1812
148.8,1811
148.9,1811
148.9,1812
148.9,1811
148.9,1812
148.9,1813
148.9,1814
148.9,1814
148.9,1814
148.9,1814
149.0,1815
149.0,1814
149.0,1815
149.0,1816
149.0,1817
149.0,1817
149.0,1816
149.0,1816
149.1,1816
149.1,1815
149.1,1816
149.1,1815
149.1,1816
149.1,1815
149.1,1816
149.1,1817
149.1,1818
149.1,1817
149.1,1818
149.1,1817
149.1,1816
149.2,1815
149.2,1814
149.2,1813
149.2,1812
149.2,1812
149.2,1813
149.2,1814
149.2,1814
149.2,1813
149.2,1814
149.3,1813
149.3,1812
149.3,1812
149.3,1813
149.3,1814
149.3,1814
149.3,1814
149.3,1814
149.3,1813
149.3,1814
149.3,1814
149.3,1814
149.3,1814
149.3,1815
149.3,1815
149.3,1815
149.3,1814
149.3,1813
149.3,1812
149.3,1813
149.3,1812
149.3,1813
149.4,1814
149.4,1815
149.4,1815
149.4,1814
149.4,1813
149.4,1813
149.4,1812
149.4,1813
149.4,1812
149.4,1811
149.4,1812
149.4,1811
149.4,1811
149.4,1810
149.5,1811
149.5,1810
149.5,1811
149.5,1811
149.5,1812
149.5,1812
149.5,1812
149.5,1812
149.5,1813
149.5,1812
149.6,1812
149.6,1811
149.6,1811
149.6,1810
149.6,1809
149.6,1808
149.6,1808
149.6,1808
149.7,1809
149.7,1808
149.7,1808
149.7,1808
149.7,1808
149.7,1809
149.7,1810
149.7,1809
149.7,1810
149.7,1810
149.7,1810
149.8,1809
149.8,1809
149.8,1810
149.8,1811
149.8,1812
149.8,1811
149.8,1812
149.8,1811
149.8,1811
149.8,1811
149.8,1810
149.9,1811
149.9,1810
149.9,1809
149.9,1810
149.9,1809
149.9,1809
149.9,1810
149.9,1811
149.9,1811
150.0,1811
150.0,1811
150.0,1812
150.0,1811
150.0,1812
150.0,1811
150.0,1812
150.0,1811
150.0,1812
150.0,1813
150.0,1813
150.0,1813
150.0,1813
150.0,1813
150.0,1813
150.0,1813
150.0,1813
150.0,1812
150.0,1811
150.1,1810
150.1,1809
150.1,1810
150.1,1811
150.1,1812
150.1,1813
150.1,1812
150.1,1813
150.1,1814
150.1,1813
150.1,1813
150.1,1812
150.1,1812
150.1,1813
150.1,1812
150.1,1811
150.1,1810
150.1,1811
150.1,1811
150.1,1811
150.2,1810
150.2,1810
150.2,1809
150.2,1808
150.2,1808
150.2,1808
150.2,1809
150.2,1809
150.2,1810
150.2,1811
150.2,1812
150.3,1812
150.3,1811
150.3,1811
150.3,1812
150.3,1812
150.3,1812
150.3,1813
150.3,1814
150.3,1814
150.3,1815
150.3,1815
150.3,1816
150.3,1816
150.3,1816
150.4,1816
150.4,1817
150.4,1816
150.4,1817
150.4,1817
150.4,1817
150.4,1816
150.4,1817
150.4,1817
150.4,1817
150.4,1818
150.4,1817
150.4,1818
150.4,1818
150.5,1818
150.5,1818
150.5,1818
150.5,1819
150.5,1820
150.5,1820
150.5,1820
150.5,1820
150.5,1821
150.5,1820
150.6,1819
150.6,1818
150.6,1817
150.6,1817
150.6,1818
150.6,1818
150.6,1818
150.6,1818
150.6,1817
150.6,1816
150.6,1817
150.6,1817
150.7,1818
150.7,1818
150.7,1817
150.7,1816
150.7,1817
150.7,1816
150.7,1816
150.7,1816
150.7,1817
150.7,1818
150.8,1819
150.8,1819
150.8,1818
150.8,1818
150.8,1819
150.8,1820
150.8,1821
150.8,1820
150.8,1821
150.8,1821
150.8,1820
150.8,1821
150.8,1820
150.8,1820
150.9,1819
150.9,1820
150.9,1820
150.9,1819
150.9,1820
150.9,1820
150.9,1821
150.9,1821
150.9,1822
151.0,1821
151.0,1822
151.0,1822
151.0,1821
151.0,1820
151.0,1819
151.0,1818
151.0,1818
151.0,1817
151.0,1818
151.1,1818
151.1,1818
151.1,1817
151.1,1817
151.1,1817
151.1,1818
151.1,1818
151.1,1818
151.1,1817
151.1,1817
151.1,1816
151.1,1817
151.1,1818
151.1,1818
151.1,1817
151.2,1817
151.2,1816
151.2,1816
151.2,1817
151.2,1816
151.2,1815
151.2,1815
151.2,1815
151.2,1814
151.2,1815
151.2,1816
151.2,1815
151.2,1815
151.2,1814
151.3,1815
151.3,1815
151.3,1815
151.3,1814
151.3,1815
151.3,1816
151.3,1816
151.3,1815
151.3,1815
151.3,1816
151.3,1817
151.3,1818
151.3,1818
151.4,1817
151.4,1818
151.4,1819
151.4,1819
151.4,1819
151.4,1818
151.4,1817
151.4,1818
151.4,1817
151.5,1817
151.5,1816
151.5,1816
151.5,1815
151.5,1815
151.5,1814
151.5,1815
151.5,1814
151.5,1813
151.5,1813
151.5,1812
151.6,1812
151.6,1813
151.6,1812
151.6,1811
151.6,1811
151.6,1812
151.6,1813
151.6,1812
151.6,1812
151.6,1811
151.7,1811
151.7,1810
151.7,1809
151.7,1809
151.7,1809
151.7,1808
151.7,1809
151.7,1810
151.7,1810
151.7,1811
151.7,1811
151.7,1810
151.7,1810
151.7,1810
151.7,1811
151.8,1810
151.8,1811
151.8,1811
151.8,1812
151.8,1813
151.8,1814
151.8,1813
151.8,1814
151.8,1814
151.8,1815
151.8,1816
151.9,1816
151.9,1817
151.9,1818
151.9,1818
151.9,1817
151.9,1816
151.9,1815
151.9,1814
151.9,1814
151.9,1814
151.9,1814
151.9,1813
151.9,1813
151.9,1814
151.9,1815
151.9,1815
151.9,1816
152.0,1815
152.0,1815
152.0,1815
152.0,1814
152.0,1814
152.0,1814
152.0,1815
152.0,1815
152.0,1814
152.0,1814
152.0,1814
152.0,1813
152.0,1812
152.0,1812
152.0,1813
152.0,1813
152.0,1812
152.0,1811
152.0,1812
152.1,1812
152.1,1811
152.1,1812
152.1,1811
152.1,1812
152.1,1813
152.1,1812
152.1,1811
152.1,1812
152.1,1812
152.1,1812
152.2,1813
152.2,1814
152.2,1813
152.2,1812
152.2,1813
152.2,1814
152.2,1815
152.2,1814
152.2,1814
152.2,1813
152.2,1812
152.3,1811
152.3,1812
152.3,1813
152.3,1814
152.3,1814
152.3,1815
152.3,1814
152.3,1815
152.3,1815
152.3,1816
152.3,1816
152.3,1815
152.3,1816
152.3,1817
152.4,1816
152.4,1815
152.4,1814
152.4,1813
152.4,1814
152.4,1813
152.4,1813
152.4,1813
152.4,1814
152.4,1815
152.4,1814
152.4,1813
152.5,1812
152.5,1813
152.5,1813
152.5,1812
152.5,1812
152.5,1812
152.5,1813
152.5,1813
152.5,1814
152.5,1813
152.5,1812
152.6,1811
152.6,1811
152.6,1810
152.6,1811
152.6,1812
152.6,1812
152.6,1811
152.6,1812
152.6,1811
152.6,1811
152.6,1811
152.6,1810
152.6,1811
152.6,1810
152.6,1810
152.6,1810
152.6,1811
152.6,1811
152.6,1810
152.7,1811
152.7,1811
152.7,1811
152.7,1812
152.7,1812
152.7,1811
152.7,1812
152.7,1813
152.7,1814
152.7,1814
152.8,1815
152.8,1814
152.8,1815
152.8,1816
152.8,1816
152.8,1816
152.8,1815
152.8,1814
152.8,1815
152.8,1815
152.8,1814
152.8,1815
152.8,1814
152.8,1813
152.8,1814
152.8,1815
152.8,1816
152.8,1815
152.9,1814
152.9,1815
152.9,1815
152.9,1814
152.9,1813
152.9,1814
152.9,1814
152.9,1813
152.9,1814
152.9,1813
152.9,1814
152.9,1815
153.0,1815
153.0,1815
153.0,1814
153.0,1813
153.0,1812
153.0,1812
153.0,1812
153.0,1813
153.0,1812
153.0,1812
153.0,1812
153.0,1811
153.0,1812
153.0,1813
153.0,1812
153.1,1813
153.1,1814
153.1,1814
153.1,1815
153.1,1815
153.1,1816
153.1,1816
153.1,1815
153.1,1816
153.1,1816
153.2,1816
153.2,1815
153.2,1815
153.2,1815
153.2,1816
153.2,1817
153.2,1817
153.2,1818
153.2,1817
153.2,1817
153.2,1817
153.2,1816
153.2,1816
153.2,1817
153.3,1816
153.3,1816
153.3,1816
153.3,1816
153.3,1817
153.3,1817
153.3,1818
153.4,1817
153.4,1818
153.4,1819
153.4,1819
153.4,1819
153.4,1820
153.4,1819
153.4,1820
153.4,1819
153.4,1819
153.4,1819
153.4,1819
153.4,1819
153.4,1818
153.4,1818
153.4,1818
153.4,1819
153.4,1818
153.5,1817
153.5,1816
153.5,1816
153.5,1816
153.5,1817
153.5,1817
153.5,1816
153.5,1815
153.5,1815
153.5,1816
153.5,1817
153.5,1816
153.6,1817
153.6,1816
153.6,1816
153.6,1817
153.6,1817
153.6,1816
153.6,1815
153.6,1814
153.6,1815
153.6,1815
153.7,1814
153.7,1813
153.7,1812
153.7,1812
153.7,1811
153.7,1810
153.7,1811
153.7,1812
153.8,1811
153.8,1811
153.8,1810
153.8,1811
153.8,1812
153.8,1812
153.8,1812
153.8,1812
153.8,1813
153.8,1813
153.8,1814
153.8,1813
153.8,1814
153.8,1813
153.9,1813
153.9,1813
153.9,1812
153.9,1813
153.9,1814
153.9,1814
153.9,1813
153.9,1813
153.9,1813
153.9,1812
154.0,1813
154.0,1813
154.0,1813
154.0,1813
154.0,1814
154.0,1815
154.0,1816
154.0,1815
154.0,1814
154.1,1815
154.1,1815
154.1,1816
154.1,1815
154.1,1814
154.1,1813
154.1,1813
154.2,1812
154.2,1813
154.2,1813
154.2,1813
154.2,1814
154.2,1815
154.2,1815
154.2,1814
154.2,1814
154.2,1814
154.2,1815
154.2,1814
154.2,1814
154.2,1814
154.2,1813
154.2,1813
154.2,1812
154.2,1811
154.2,1811
154.2,1812
154.3,1813
154.3,1812
154.3,1813
154.3,1814
154.3,1815
154.3,1816
154.3,1817
154.3,1818
154.3,1819
154.3,1819
154.3,1818
154.3,1819
154.3,1819
154.4,1818
154.4,1818
154.4,1819
154.4,1819
154.4,1820
154.4,1819
154.4,1820
154.4,1821
154.4,1820
154.4,1819
154.4,1820
154.4,1819
154.4,1818
154.5,1818
154.5,1818
154.5,1817
154.5,1816
154.5,1817
154.5,1816
154.5,1816
154.5,1815
154.5,1814
154.5,1814
154.5,1814
154.6,1815
154.6,1814
154.6,1815
154.6,1816
154.6,1815
154.6,1816
154.6,1816
154.6,1815
154.6,1815
154.6,1816
154.7,1817
154.7,1818
154.7,1819
154.7,1819
154.7,1818
154.7,1819
154.7,1818
154.7,1817
154.7,1816
154.7,1817
154.7,1816
154.7,1817
154.8,1817
154.8,1818
154.8,1817
154.8,1816
154.8,1817
154.8,1817
154.8,1817
154.8,1817
154.8,1816
154.8,1816
154.9,1815
154.9,1814
154.9,1814
154.9,1813
154.9,1814
154.9,1814
154.9,1815
154.9,1814
154.9,1815
154.9,1815
154.9,1815
154.9,1815
154.9,1815
154.9,1814
155.0,1813
155.0,1812
155.0,1812
155.0,1811
155.0,1811
155.0,1812
155.0,1813
155.1,1814
155.1,1813
155.1,1812
155.1,1812
155.1,1812
155.1,1812
155.1,1813
155.1,1814
155.1,1813
155.2,1813
155.2,1812
155.2,1812
155.2,1813
155.2,1814
155.2,1814
155.2,1814
155.2,1815
155.2,1815
155.2,1816
155.2,1816
155.2,1816
155.2,1816
155.2,1817
155.2,1816
155.3,1815
155.3,1815
155.3,1814
155.3,1815
155.3,1814
155.3,1813
155.3,1813
155.3,1813
155.3,1813
155.3,1814
155.3,1813
155.3,1812
155.4,1811
155.4,1811
155.4,1810
155.4,1811
155.4,1811
155.4,1812
155.4,1811
155.4,1811
155.4,1810
155.4,1809
155.4,1810
155.4,1810
155.4,1810
155.5,1810
155.5,1809
155.5,1808
155.5,1807
155.5,1806
155.5,1806
155.5,1805
155.5,1804
155.5,1804
155.5,1805
155.5,1806
155.5,1806
155.5,1807
155.5,1806
155.5,1807
155.5,1806
155.5,1805
155.6,1806
155.6,1807
155.6,1807
155.6,1806
155.6,1805
155.6,1806
155.6,1805
155.6,1804
155.6,1803
155.6,1802
155.6,1802
155.6,1802
155.6,1802
155.6,1801
155.7,1802
155.7,1803
155.7,1804
155.7,1804
155.7,1803
155.7,1802
155.7,1801
155.7,1800
155.7,1799
155.7,1800
155.7,1801
155.7,1800
155.7,1799
155.7,1798
155.7,1797
155.7,1796
155.7,1797
155.7,1797
155.7,1796
155.8,1795
155.8,1795
155.8,1794
155.8,1794
155.8,1794
155.8,1795
155.8,1795
155.8,1794
155.8,1794
155.8,1793
155.8,1793
155.8,1792
155.8,1792
155.9,1793
155.9,1792
155.9,1791
155.9,1792
155.9,1792
155.9,1792
156.0,1793
156.0,1792
156.0,1791
156.0,1791
156.0,1790
156.0,1791
156.0,1790
156.0,1789
156.0,1790
156.0,1790
156.0,1789
156.0,1789
156.1,1789
156.1,1788
156.1,1788
156.1,1789
156.1,1790
156.1,1791
156.1,1792
156.1,1791
156.1,1790
156.1,1791
156.1,1791
156.1,1790
156.1,1790
156.2,1789
156.2,1789
156.2,1789
156.2,1790
156.2,1789
156.2,1789
156.2,1789
156.2,1789
156.2,1788
156.2,1789
156.2,1789
156.3,1790
156.3,1790
156.3,1789
156.3,1788
156.3,1787
156.3,1786
156.3,1785
156.3,1786
156.3,1786
156.3,1786
156.3,1786
156.4,1786
156.4,1787
156.4,1788
156.4,1789
156.4,1789
156.4,1790
156.4,1791
156.4,1790
156.4,1790
156.4,1790
156.4,1791
156.4,1790
156.4,1789
156.4,1790
156.4,1791
156.4,1790
156.4,1789
156.5,1788
156.5,1788
156.5,1787
156.5,1788
156.5,1789
156.5,1789
156.5,1788
156.5,1788
156.5,1788
156.5,1789
156.5,1790
156.5,1791
156.5,1791
156.6,1792
156.6,1793
156.6,1793
156.6,1793
156.6,1792
156.6,1793
156.6,1792
156.6,1792
156.6,1791
156.6,1791
156.6,1791
156.6,1792
156.6,1792
156.6,1793
156.7,1792
156.7,1793
156.7,1792
156.7,1793
156.7,1793
156.7,1792
156.7,1793
156.7,1793
156.7,1793
156.7,1794
156.7,1795
156.7,1796
156.7,1796
156.7,1797
156.8,1798
156.8,1798
156.8,1797
156.8,1796
156.8,1797
156.8,1796
156.8,1796
156.8,1795
156.8,1796
156.8,1796
156.8,1797
156.8,1798
156.8,1799
156.8,1800
156.8,1800
156.8,1799
156.9,1799
156.9,1800
156.9,1800
156.9,1799
156.9,1799
156.9,1798
156.9,1798
156.9,1799
156.9,1798
156.9,1799
157.0,1799
157.0,1800
157.0,1799
157.0,1798
157.0,1798
157.0,1797
157.0,1796
157.0,1797
157.0,1797
157.0,1796
157.1,1797
157.1,1797
157.1,1798
157.1,1799
157.1,1799
157.1,1800
157.1,1800
157.1,1799
157.1,1799
157.1,1800
157.1,1800
157.1,1799
157.1,1799
157.1,1799
157.1,1798
157.1,1798
157.1,1799
157.1,1800
157.1,1801
157.1,1800
157.2,1800
157.2,1800
157.2,1801
157.2,1801
157.2,1800
157.2,1801
157.2,1800
157.2,1800
157.2,1800
157.2,1799
157.2,1800
157.2,1801
157.3,1800
157.3,1800
157.3,1801
157.3,1801
157.3,1802
157.3,1803
157.3,1803
157.4,1803
157.4,1804
157.4,1804
157.4,1803
157.4,1804
157.4,1804
157.4,1804
157.4,1804
157.4,1805
157.4,1804
157.4,1805
157.4,1805
157.4,1806
157.5,1805
157.5,1806
157.5,1807
157.5,1807
157.5,1808
157.5,1809
157.5,1808
157.5,1808
157.5,1808
157.5,1807
157.5,1808
157.5,1809
157.6,1809
157.6,1810
157.6,1809
157.6,1808
157.6,1809
157.6,1809
157.6,1810
157.6,1811
157.6,1811
157.6,1812
157.6,1813
157.6,1814
157.7,1814
157.7,1814
157.7,1815
157.7,1816
157.7,1815
157.7,1815
157.7,1816
157.7,1815
157.7,1816
157.8,1817
157.8,1817
157.8,1818
157.8,1817
157.8,1818
157.8,1817
157.8,1817
157.8,1818
157.8,1817
157.8,1817
157.8,1816
157.8,1817
157.8,1816
157.8,1816
157.8,1817
157.9,1817
157.9,1818
157.9,1819
157.9,1818
157.9,1817
157.9,1818
157.9,1818
157.9,1817
157.9,1818
157.9,1819
157.9,1819
157.9,1819
158.0,1820
158.0,1821
158.0,1822
158.0,1822
158.0,1821
158.0,1821
158.0,1822
158.1,1821
158.1,1821
158.1,1820
158.1,1820
158.1,1821
158.1,1821
158.1,1822
158.1,1822
158.1,1821
158.1,1822
158.2,1823
158.2,1824
158.2,1825
158.2,1824
158.2,1825
158.2,1824
158.2,1823
158.2,1824
158.2,1824
158.2,1823
158.2,1824
158.2,1824
158.2,1825
158.2,1826
158.2,1826
158.2,1826
158.2,1826
158.3,1826
158.3,1827
158.3,1827
158.3,1826
158.3,1826
158.3,1827
158.3,1827
158.3,1826
158.3,1827
158.3,1826
158.3,1827
158.3,1827
158.3,1828
158.3,1829
158.3,1829
158.3,1828
158.3,1828
158.4,1829
158.4,1829
158.4,1829
158.4,1828
158.4,1829
158.4,1830
158.4,1829
158.5,1830
158.5,1830
158.5,1831
158.5,1831
158.5,1832
158.5,1831
158.5,1832
158.5,1833
158.5,1832
158.5,1831
158.5,1831
158.6,1832
158.6,1832
158.6,1833
158.6,1834
158.6,1833
158.6,1832
158.6,1832
158.6,1833
158.6,1833
158.6,1833
158.6,1834
158.6,1835
158.6,1834
158.6,1833
158.6,1833
158.6,1833
158.6,1832
158.6,1833
158.6,1834
158.7,1834
158.7,1835
158.7,1836
158.7,1835
158.7,1834
158.7,1833
158.7,1834
158.7,1833
158.7,1834
158.7,1833
158.7,1833
158.7,1834
158.7,1835
158.8,1835
158.8,1834
158.8,1834
158.8,1835
158.8,1835
158.8,1834
158.8,1834
158.8,1833
158.8,1834
158.8,1834
158.8,1835
158.9,1835
158.9,1834
158.9,1834
158.9,1833
158.9,1833
158.9,1832
158.9,1832
158.9,1833
158.9,1834
158.9,1835
158.9,1836
158.9,1836
158.9,1835
159.0,1835
159.0,1834
159.0,1835
159.0,1836
159.0,1835
159.0,1835
159.0,1836
159.0,1836
159.0,1837
159.0,1838
159.0,1837
159.0,1837
159.1,1836
159.1,1835
159.1,1834
159.1,1833
159.1,1832
159.1,1831
159.1,1830
159.1,1831
159.1,1831
159.1,1830
159.1,1830
159.1,1829
159.1,1828
159.1,1827
159.1,1827
159.1,1826
159.1,1826
159.1,1825
159.2,1824
159.2,1824
159.2,1825
159.2,1824
159.2,1825
159.2,1825
159.2,1825
159.2,1825
159.2,1825
159.2,1826
159.2,1825
159.2,1824
159.2,1824
159.3,1824
159.3,1824
159.3,1825
159.3,1825
159.3,1824
159.3,1824
159.3,1824
159.3,1824
159.3,1824
159.3,1825
159.4,1826
159.4,1827
159.4,1827
159.4,1826
159.4,1827
159.4,1828
159.4,1828
159.4,1827
159.4,1828
159.4,1827
159.4,1827
159.4,1826
159.5,1826
159.5,1825
159.5,1826
159.5,1827
159.5,1827
159.5,1827
159.5,1828
159.5,1828
159.5,1829
159.5,1830
159.5,1829
159.5,1830
159.5,1829
159.5,1828
159.5,1829
159.5,1828
159.5,1828
159.5,1829
159.6,1830
159.6,1831
159.6,1831
159.6,1832
159.6,1832
159.6,1833
159.6,1834
159.6,1833
159.6,1834
159.6,1834
159.6,1834
159.6,1834
159.6,1835
159.7,1835
159.7,1834
159.7,1834
159.7,1833
159.7,1833
159.7,1834
159.7,1834
159.7,1835
159.8,1834
159.8,1833
159.8,1833
159.8,1833
159.8,1832
159.8,1833
159.8,1832
159.9,1833
159.9,1833
159.9,1834
159.9,1835
159.9,1836
159.9,1835
159.9,1834
159.9,1835
159.9,1836
159.9,1835
159.9,1835
159.9,1836
160.0,1836
160.0,1837
160.0,1838
160.0,1839
160.0,1840
160.0,1841
160.0,1840
160.0,1840
160.0,1839
160.0,1838
160.0,1838
160.0,1839
160.1,1839
160.1,1840
160.1,1839
160.1,1839
160.1,1838
160.1,1837
160.1,1838
160.1,1837
160.1,1836
160.1,1837
160.1,1837
160.1,1838
160.1,1839
160.1,1840
160.1,1840
160.1,1839
160.1,1838
160.2,1839
160.2,1840
160.2,1841
160.2,1841
160.2,1841
160.2,1840
160.2,1841
160.2,1842
160.2,1843
160.2,1844
160.3,1843
160.3,1843
160.3,1842
160.3,1842
160.3,1841
160.3,1841
160.3,1840
160.3,1839
160.3,1838
160.3,1837
160.4,1838
160.4,1837
160.4,1838
160.4,1838
160.4,1838
160.4,1838
160.4,1837
160.4,1838
160.4,1839
160.4,1838
160.4,1838
160.4,1838
160.4,1837
160.5,1837
160.5,1837
160.5,1838
160.5,1839
160.5,1838
160.5,1839
160.5,1840
160.5,1839
160.6,1840
160.6,1839
160.6,1840
160.6,1840
160.6,1839
160.6,1838
160.6,1838
160.6,1838
160.6,1837
160.6,1838
160.6,1837
160.6,1837
160.6,1838
160.6,1839
160.6,1839
160.7,1840
160.7,1840
160.7,1840
160.7,1841
160.7,1840
160.7,1840
160.7,1840
160.7,1841
160.7,1840
160.8,1839
160.8,1838
160.8,1839
160.8,1840
160.8,1841
160.8,1842
160.8,1843
160.8,1844
160.8,1844
160.8,1843
160.8,1842
160.8,1843
160.9,1844
160.9,1843
160.9,1844
160.9,1844
160.9,1843
160.9,1843
160.9,1842
160.9,1843
160.9,1844
160.9,1845
160.9,1844
160.9,1844
161.0,1845
161.0,1844
161.0,1845
161.0,1846
161.0,1846
161.0,1846
161.0,1845
161.0,1845
161.0,1846
161.0,1845
161.1,1846
161.1,1845
161.1,1845
161.1,1846
161.1,1845
161.1,1846
161.1,1845
161.1,1845
161.1,1845
161.1,1844
161.1,1845
161.1,1845
161.1,1845
161.1,1846
161.1,1847
161.1,1846
161.2,1847
161.2,1847
161.2,1847
161.2,1848
161.2,1848
161.2,1849
161.2,1848
161.2,1849
161.2,1848
161.2,1848
161.2,1849
161.2,1850
161.2,1851
161.2,1852
161.3,1853
161.3,1852
161.3,1852
161.3,1853
161.3,1853
161.3,1853
161.4,1852
161.4,1853
161.4,1852
161.4,1851
161.4,1850
161.4,1850
161.4,1851
161.4,1851
161.4,1851
161.4,1851
161.4,1852
161.4,1852
161.5,1852
161.5,1853
161.5,1852
161.5,1852
161.5,1852
161.5,1851
161.5,1852
161.5,1852
161.5,1853
161.5,1854
161.5,1855
161.5,1854
161.5,1854
161.5,1855
161.5,1854
161.6,1855
161.6,1856
161.6,1857
161.6,1857
161.6,1857
161.6,1858
161.6,1858
161.6,1857
161.6,1857
161.7,1858
161.7,1857
161.7,1857
161.7,1858
161.7,1858
161.7,1858
161.7,1858
161.7,1858
161.7,1857
161.7,1857
161.8,1857
161.8,1857
161.8,1856
161.8,1857
161.8,1857
161.8,1857
161.8,1857
161.9,1858
161.9,1857
161.9,1856
161.9,1857
161.9,1858
161.9,1858
161.9,1858
161.9,1859
162.0,1858
162.0,1858
162.0,1859
162.0,1860
162.0,1861
162.0,1862
162.0,1863
162.0,1863
162.0,1864
162.0,1863
162.0,1864
162.0,1865
162.0,1865
162.0,1866
162.0,1865
162.0,1866
162.0,1866
162.0,1866
162.1,1866
162.1,1865
162.1,1866
162.1,1865
162.1,1864
162.1,1863
162.1,1864
162.1,1865
162.1,1864
162.1,1863
162.2,1864
162.2,1865
162.2,1864
162.2,1863
162.2,1862
162.2,1862
162.2,1861
162.2,1861
162.2,1861
162.2,1861
162.2,1860
162.2,1860
162.2,1861
162.2,1860
162.3,1861
162.3,1861
162.3,1860
162.3,1860
162.3,1861
162.3,1860
162.3,1861
162.3,1862
162.4,1863
162.4,1863
162.4,1864
162.4,1864
162.4,1864
162.4,1863
162.4,1863
162.4,1863
162.4,1864
162.4,1865
162.4,1865
162.4,1865
162.4,1865
162.5,1866
162.5,1867
162.5,1867
162.5,1868
162.5,1869
162.5,1870
162.5,1870
162.5,1870
162.5,1869
162.5,1870
162.5,1871
162.5,1872
162.5,1872
162.5,1872
162.5,1871
162.5,1871
162.5,1872
162.5,1872
162.6,1872
162.6,1873
162.6,1872
162.6,1871
162.6,1872
162.6,1872
162.6,1873
162.6,1874
162.6,1875
162.6,1874
162.6,1875
162.6,1875
162.6,1874
162.6,1874
162.7,1875
162.7,1874
162.7,1873
162.7,1872
162.7,1873
162.7,1873
162.7,1873
162.7,1873
162.7,1874
162.7,1875
162.7,1875
162.8,1874
162.8,1875
162.8,1876
162.8,1877
162.8,1878
162.8,1878
162.8,1879
162.8,1878
162.8,1879
162.8,1880
162.9,1880
162.9,1879
162.9,1880
162.9,1879
162.9,1880
162.9,1880
162.9,1879
162.9,1879
162.9,1878
162.9,1878
162.9,1878
162.9,1877
162.9,1878
162.9,1877
162.9,1878
162.9,1878
162.9,1878
163.0,1877
163.0,1878
163.0,1879
163.0,1879
163.0,1880
163.0,1880
163.0,1880
163.0,1881
163.0,1882
163.0,1883
163.0,1884
163.1,1883
163.1,1882
163.1,1883
163.1,1884
163.1,1884
163.1,1883
163.1,1883
163.1,1882
163.1,1883
163.2,1884
163.2,1884
163.2,1885
163.2,1884
163.2,1884
163.2,1884
163.2,1884
163.2,1885
163.2,1886
163.3,1886
163.3,1886
163.3,1886
163.3,1886
163.3,1887
163.3,1887
163.3,1888
163.3,1888
163.4,1889
163.4,1888
163.4,1887
163.4,1886
163.4,1885
163.4,1886
163.4,1885
163.4,1886
163.4,1887
163.4,1887
163.4,1888
163.5,1888
163.5,1887
163.5,1887
163.5,1886
163.5,1887
163.5,1887
163.5,1886
163.5,1885
163.5,1886
163.6,1886
163.6,1887
163.6,1886
163.6,1887
163.6,1886
163.6,1885
163.6,1884
163.6,1883
163.6,1882
163.6,1882
163.6,1881
163.6,1880
163.6,1879
163.6,1880
163.7,1880
163.7,1880
163.7,1879
163.7,1880
163.7,1881
163.7,1882
163.7,1882
163.7,1883
163.7,1883
163.7,1882
163.7,1883
163.8,1882
163.8,1881
163.8,1881
163.8,1880
163.8,1881
163.8,1880
163.8,1881
163.8,1881
163.8,1881
163.8,1881
163.9,1880
163.9,1881
163.9,1880
163.9,1880
163.9,1881
163.9,1880
163.9,1879
163.9,1880
163.9,1881
163.9,1880
163.9,1879
163.9,1879
163.9,1878
163.9,1878
163.9,1879
163.9,1880
163.9,1880
164.0,1880
164.0,1879
164.0,1879
164.0,1878
164.0,1879
164.0,1878
164.0,1878
164.0,1877
164.0,1877
164.0,1876
164.0,1876
164.0,1876
164.0,1875
164.0,1876
164.0,1875
164.0,1875
164.0,1876
164.1,1875
164.1,1874
164.1,1875
164.1,1876
164.1,1875
164.1,1876
164.1,1875
164.1,1874
164.1,1875
164.1,1874
164.1,1873
164.1,1873
164.1,1873
164.1,1872
164.1,1872
164.1,1871
164.2,1870
164.2,1870
164.2,1871
164.2,1872
164.2,1872
164.2,1872
164.2,1871
164.2,1870
164.2,1870
164.2,1870
164.2,1871
164.2,1872
164.2,1873
164.2,1874
164.3,1875
164.3,1875
164.3,1876
164.3,1877
164.3,1877
164.3,1877
164.3,1877
164.3,1876
164.3,1876
164.3,1876
164.3,1876
164.3,1877
164.3,1878
164.3,1877
164.3,1878
164.4,1879
164.4,1879
164.4,1878
164.4,1878
164.4,1879
164.4,1879
164.4,1878
164.4,1877
164.4,1877
164.4,1878
164.4,1878
164.4,1879
164.4,1878
164.4,1877
164.4,1876
164.5,1876
164.5,1877
164.5,1878
164.5,1878
164.5,1877
164.5,1877
164.5,1878
164.5,1877
164.5,1878
164.5,1878
164.5,1877
164.5,1876
164.6,1876
164.6,1876
164.6,1875
164.6,1874
164.6,1874
164.6,1875
164.6,1875
164.6,1875
164.6,1876
164.6,1875
164.6,1876
164.6,1876
164.6,1875
164.6,1875
164.6,1876
164.6,1877
164.6,1876
164.6,1877
164.7,1877
164.7,1877
164.7,1878
164.7,1878
164.7,1877
164.7,1876
164.7,1875
164.7,1874
164.7,1873
164.7,1872
164.7,1872
164.7,1873
164.7,1873
164.7,1874
164.7,1873
164.7,1874
164.8,1874
164.8,1873
164.8,1872
164.8,1873
164.8,1872
164.8,1871
164.9,1871
164.9,1871
164.9,1872
164.9,1871
164.9,1870
164.9,1870
164.9,1871
164.9,1871
165.0,1871
165.0,1872
165.0,1872
165.0,1872
165.0,1872
165.0,1872
165.0,1871
165.0,1872
165.0,1873
165.0,1874
165.0,1874
165.0,1874
165.0,1873
165.0,1872
165.1,1871
165.1,1870
165.1,1870
165.1,1871
165.1,1872
165.1,1871
165.1,1871
165.1,1872
165.1,1871
165.1,1870
165.2,1869
165.2,1870
165.2,1871
165.2,1872
165.2,1871
165.2,1872
165.2,1871
165.2,1872
165.2,1871
165.2,1870
165.2,1869
165.2,1870
165.2,1870
165.2,1871
165.2,1872
165.2,1872
165.3,1873
165.3,1872
165.3,1872
165.3,1873
165.3,1874
165.3,1874
165.3,1875
165.3,1874
165.3,1873
165.3,1873
165.3,1872
165.3,1872
165.3,1872
165.3,1873
165.3,1874
165.4,1873
165.4,1872
165.4,1873
165.4,1873
165.4,1872
165.4,1873
165.4,1874
165.4,1874
165.4,1873
165.4,1873
165.5,1874
165.5,1874
165.5,1873
165.5,1874
165.5,1873
165.5,1872
165.5,1873
165.5,1874
165.5,1873
165.5,1872
165.5,1872
165.5,1871
165.5,1871
165.5,1870
165.5,1869
165.5,1868
165.5,1869
165.6,1869
165.6,1868
165.6,1867
165.6,1866
165.6,1867
165.6,1868
165.6,1867
165.6,1868
165.6,1869
165.7,1869
165.7,1870
165.7,1869
165.7,1870
165.7,1869
165.7,1870
165.8,1869
165.8,1868
165.8,1869
165.8,1868
165.8,1867
165.8,1867
165.8,1867
165.8,1867
165.8,1868
165.8,1867
165.8,1868
165.8,1868
165.8,1868
165.8,1868
165.8,1868
165.8,1868
165.9,1869
165.9,1870
165.9,1871
165.9,1872
165.9,1872
165.9,1872
165.9,1873
165.9,1874
165.9,1875
166.0,1874
166.0,1875
166.0,1874
166.0,1874
166.0,1875
166.0,1874
166.0,1874
166.0,1874
166.0,1874
166.0,1874
166.0,1875
166.0,1876
166.0,1877
166.1,1876
166.1,1876
166.1,1875
166.1,1875
166.1,1875
166.1,1875
166.1,1876
166.1,1876
166.1,1875
166.1,1876
166.1,1876
166.1,1875
166.1,1874
166.1,1874
166.1,1874
166.1,1873
166.1,1873
166.2,1872
166.2,1871
166.2,1872
166.2,1873
166.2,1874
166.2,1873
166.2,1874
166.2,1873
166.2,1872
166.2,1871
166.2,1870
166.2,1871
166.3,1872
166.3,1873
166.3,1872
166.3,1872
166.3,1872
166.3,1873
166.3,1872
166.3,1873
166.3,1873
166.3,1873
166.3,1874
166.3,1874
166.3,1873
166.4,1874
166.4,1874
166.4,1874
166.4,1875
166.4,1875
166.4,1875
166.4,1876
166.4,1876
166.4,1877
166.5,1878
166.5,1878
166.5,1879
166.5,1880
166.5,1880
166.5,1879
166.5,1879
166.5,1879
166.5,1879
166.5,1878
166.6,1879
166.6,1878
166.6,1877
166.6,1878
166.6,1879
166.6,1880
166.6,1880
166.6,1881
166.6,1882
166.6,1883
166.6,1882
166.6,1882
166.6,1882
166.7,1881
166.7,1881
166.7,1882
166.7,1881
166.7,1880
166.7,1881
166.7,1880
166.7,1881
166.7,1881
166.7,1882
166.7,1882
166.7,1882
166.8,1883
166.8,1884
166.8,1885
166.8,1885
166.8,1886
166.8,1885
166.8,1885
166.8,1884
166.8,1883
166.8,1882
166.8,1881
166.8,1881
166.9,1880
166.9,1881
166.9,1880
166.9,1880
166.9,1881
166.9,1880
166.9,1879
166.9,1879
166.9,1878
166.9,1879
166.9,1878
166.9,1878
166.9,1878
166.9,1879
167.0,1878
167.0,1878
167.0,1877
167.0,1878
167.0,1879
167.0,1878
167.0,1877
167.0,1878
167.0,1878
167.0,1878
167.0,1879
167.0,1879
167.0,1878
167.0,1878
167.0,1878
167.1,1877
167.1,1876
167.1,1876
167.1,1877
167.1,1878
167.1,1879
167.1,1880
167.1,1879
167.1,1880
167.1,1881
167.1,1881
167.1,1881
167.1,1882
167.1,1883
167.2,1883
167.2,1883
167.2,1884
167.2,1885
167.2,1885
167.2,1885
167.2,1884
167.2,1885
167.2,1884
167.2,1884
167.2,1884
167.2,1883
167.3,1884
167.3,1885
167.3,1885
167.3,1885
167.3,1886
167.3,1887
167.3,1888
167.3,1888
167.3,1888
167.4,1887
167.4,1888
167.4,1889
167.4,1890
167.4,1890
167.4,1890
167.4,1889
167.4,1890
167.4,1889
167.4,1888
167.4,1887
167.4,1888
167.4,1888
167.5,1887
167.5,1888
167.5,1887
167.5,1886
167.5,1885
167.5,1885
167.5,1884
167.5,1884
167.5,1883
167.5,1883
167.5,1882
167.5,1883
167.5,1883
167.5,1884
167.6,1884
167.6,1885
167.6,1885
167.6,1884
167.6,1883
167.6,1882
167.6,1881
167.6,1882
167.6,1883
167.6,1883
167.6,1883
167.6,1882
167.6,1882
167.6,1882
167.6,1882
167.7,1881
167.7,1880
167.7,1880
167.7,1879
167.7,1878
167.8,1878
167.8,1879
167.8,1879
167.8,1879
167.8,1878
167.8,1878
167.8,1879
167.8,1878
167.8,1878
167.8,1879
167.8,1879
167.8,1880
167.9,1881
167.9,1880
167.9,1879
167.9,1880
167.9,1879
167.9,1879
167.9,1878
167.9,1877
167.9,1877
167.9,1878
167.9,1878
167.9,1878
168.0,1878
168.0,1879
168.0,1878
168.0,1877
168.0,1878
168.0,1878
168.0,1879
168.0,1880
168.0,1879
168.0,1880
168.0,1881
168.0,1881
168.0,1882
168.0,1881
168.0,1880
168.0,1881
168.1,1882
168.1,1882
168.1,1881
168.1,1882
168.1,1882
168.1,1882
168.1,1883
168.2,1884
168.2,1884
168.2,1885
168.2,1886
168.2,1887
168.2,1887
168.2,1887
168.2,1887
168.2,1886
168.2,1887
168.2,1886
168.2,1886
168.2,1887
168.3,1886
168.3,1885
168.3,1885
168.3,1885
168.3,1885
168.3,1885
168.3,1886
168.3,1886
168.3,1885
168.3,1886
168.3,1887
168.3,1886
168.3,1885
168.3,1886
168.3,1886
168.3,1886
168.3,1885
168.3,1886
168.3,1885
168.3,1886
168.3,1886
168.4,1886
168.4,1886
168.4,1887
168.4,1888
168.4,1888
168.4,1889
168.4,1890
168.4,1890
168.4,1891
168.4,1890
168.5,1890
168.5,1889
168.5,1889
168.5,1889
168.5,1890
168.5,1890
168.5,1891
168.5,1890
168.6,1889
168.6,1890
168.6,1891
168.6,1891
168.6,1892
168.6,1891
168.6,1891
168.6,1891
168.6,1892
168.6,1891
168.6,1890
168.6,1889
168.6,1888
168.6,1889
168.7,1888
168.7,1888
168.7,1889
168.7,1890
168.7,1890
168.7,1890
168.7,1889
168.7,1888
168.7,1888
168.7,1889
168.7,1889
168.7,1890
168.7,1890
168.7,1889
168.7,1889
168.7,1889
168.8,1889
168.8,1890
168.8,1890
168.8,1890
168.8,1891
168.8,1890
168.8,1890
168.8,1889
168.8,1890
168.8,1889
168.8,1889
168.8,1890
168.8,1890
168.8,1889
168.8,1889
168.8,1888
168.8,1888
168.8,1888
168.8,1888
168.8,1889
168.9,1889
168.9,1888
168.9,1888
168.9,1889
168.9,1889
168.9,1888
168.9,1887
168.9,1886
168.9,1887
168.9,1887
169.0,1888
169.0,1887
169.0,1887
169.0,1886
169.0,1887
169.0,1887
169.0,1887
169.1,1886
169.1,1886
169.1,1887
169.1,1888
169.1,1888
169.1,1887
169.1,1886
169.1,1885
169.1,1885
169.1,1885
169.1,1885
169.1,1886
169.1,1887
169.1,1888
169.1,1887
169.1,1886
169.1,1886
169.2,1885
169.2,1886
169.2,1886
169.2,1886
169.2,1887
169.2,1886
169.2,1886
169.2,1886
169.2,1886
169.2,1886
169.2,1887
169.2,1886
169.2,1886
169.2,1886
169.2,1885
169.2,1885
169.2,1884
169.3,1883
169.3,1882
169.3,1883
169.3,1882
169.3,1881
169.3,1880
169.3,1881
169.3,1882
169.3,1883
169.3,1882
169.3,1883
169.3,1883
169.3,1883
169.3,1883
169.3,1883
169.4,1883
169.4,1883
169.4,1883
169.4,1883
169.4,1884
169.4,1885
169.4,1884
169.4,1885
169.4,1885
169.5,1884
169.5,1883
169.5,1882
169.5,1882
169.5,1881
169.5,1882
169.5,1883
169.5,1882
169.5,1882
169.5,1882
169.6,1881
169.6,1881
169.6,1882
169.6,1882
169.6,1883
169.6,1882
169.6,1883
169.6,1882
169.7,1881
169.7,1880
169.7,1881
169.7,1880
169.7,1880
169.7,1881
169.7,1882
169.7,1882
169.7,1882
169.7,1882
169.7,1881
169.7,1880
169.7,1880
169.8,1881
169.8,1880
169.8,1879
169.8,1880
169.8,1881
169.8,1881
169.8,1880
169.8,1880
169.8,1881
169.8,1881
169.8,1880
169.8,1880
169.9,1881
169.9,1881
169.9,1881
169.9,1881
169.9,1880
169.9,1881
169.9,1881
169.9,1882
169.9,1883
170.0,1883
170.0,1883
170.0,1883
170.0,1883
170.0,1883
170.0,1882
170.0,1882
170.0,1882
170.0,1881
170.1,1881
170.1,1881
170.1,1882
170.1,1883
170.1,1884
170.1,1883
170.1,1884
170.1,1885
170.1,1885
170.1,1884
170.1,1883
170.1,1883
170.1,1882
170.1,1883
170.1,1882
170.2,1882
170.2,1882
170.2,1883
170.2,1884
170.2,1883
170.2,1883
170.2,1882
170.2,1883
170.2,1883
170.2,1883
170.2,1883
170.2,1882
170.3,1882
170.3,1882
170.3,1882
170.3,1881
170.3,1881
170.3,1882
170.3,1882
170.3,1882
170.3,1881
170.3,1880
170.3,1881
170.3,1882
170.3,1881
170.3,1880
170.4,1881
170.4,1882
170.4,1882
170.4,1882
170.4,1883
170.4,1884
170.4,1883
170.4,1884
170.4,1883
170.4,1884
170.4,1883
170.4,1884
170.5,1885
170.5,1884
170.5,1883
170.5,1882
170.5,1882
170.5,1881
170.5,1881
170.5,1882
170.5,1883
170.5,1883
170.5,1884
170.5,1885
170.5,1886
170.5,1887
170.6,1886
170.6,1886
170.6,1887
170.6,1887
170.6,1888
170.6,1888
170.6,1887
170.6,1886
170.6,1886
170.6,1886
170.6,1885
170.6,1886
170.6,1886
170.6,1886
170.6,1885
170.6,1884
170.6,1885
170.7,1886
170.7,1886
170.7,1885
170.7,1885
170.7,1884
170.7,1883
170.7,1883
170.7,1883
170.7,1884
170.7,1884
170.8,1883
170.8,1884
170.8,1883
170.8,1884
170.8,1884
170.8,1884
170.8,1883
170.8,1883
170.8,1883
170.8,1884
170.8,1885
170.9,1886
170.9,1887
170.9,1886
170.9,1887
170.9,1886
170.9,1886
170.9,1886
170.9,1885
170.9,1886
170.9,1885
171.0,1885
171.0,1884
171.0,1883
171.0,1883
171.0,1883
171.1,1883
171.1,1884
171.1,1884
171.1,1885
171.1,1884
171.1,1883
171.1,1884
171.1,1884
171.1,1883
171.1,1882
171.1,1881
171.1,1881
171.1,1881
171.1,1880
171.1,1881
171.1,1882
171.2,1881
171.2,1880
171.2,1881
171.2,1881
171.2,1882
171.2,1882
171.2,1882
171.2,1883
171.2,1883
171.2,1884
171.2,1885
171.2,1885
171.2,1885
171.2,1886
171.3,1886
171.3,1886
171.3,1887
171.3,1886
171.3,1886
171.3,1885
171.3,1886
171.3,1886
171.3,1886
171.3,1887
171.3,1888
171.4,1888
171.4,1888
171.4,1888
171.4,1888
171.4,1888
171.4,1888
171.4,1889
171.4,1889
171.4,1890
171.4,1890
171.4,1890
171.4,1889
171.4,1888
171.4,1887
171.4,1887
171.4,1888
171.4,1889
171.5,1889
171.5,1889
171.5,1889
171.5,1890
171.5,1890
171.5,1889
171.5,1890
171.5,1889
171.6,1889
171.6,1889
171.6,1890
171.6,1890
171.6,1890
171.6,1889
171.6,1888
171.6,1888
171.6,1889
171.6,1888
171.6,1887
171.6,1888
171.7,1888
171.7,1889
171.7,1890
171.7,1891
171.7,1891
171.7,1892
171.7,1893
171.7,1893
171.7,1894
171.7,1894
171.7,1894
171.7,1893
171.8,1894
171.8,1893
171.8,1893
171.8,1894
171.8,1894
171.8,1895
171.8,1896
171.8,1896
171.8,1895
171.8,1894
171.8,1893
171.8,1893
171.9,1893
171.9,1893
171.9,1892
171.9,1893
171.9,1894
171.9,1895
171.9,1896
171.9,1895
171.9,1894
171.9,1894
171.9,1893
171.9,1894
171.9,1893
171.9,1893
172.0,1894
172.0,1893
172.0,1894
172.0,1895
172.0,1896
172.0,1895
172.0,1894
172.0,1894
172.1,1894
172.1,1894
172.1,1894
172.1,1893
172.1,1892
172.1,1892
172.1,1892
172.1,1891
172.1,1890
172.1,1890
172.1,1889
172.1,1890
172.1,1891
172.1,1892
172.2,1892
172.2,1891
172.2,1890
172.2,1890
172.2,1889
172.2,1889
172.2,1890
172.2,1889
172.2,1890
172.2,1891
172.3,1890
172.3,1889
172.3,1890
172.3,1890
172.3,1891
172.4,1892
172.4,1893
172.4,1893
172.4,1893
172.4,1893
172.4,1893
172.4,1894
172.4,1894
172.4,1893
172.4,1892
172.4,1893
172.4,1893
172.4,1893
172.5,1892
172.5,1893
172.5,1892
172.5,1891
172.5,1891
172.5,1890
172.5,1889
172.5,1889
172.5,1890
172.5,1889
172.5,1888
172.5,1889
172.6,1890
172.6,1889
172.6,1889
172.6,1889
172.6,1890
172.6,1889
172.6,1890
172.6,1889
172.6,1888
172.6,1888
172.6,1889
172.6,1889
172.6,1890
172.6,1889
172.6,1888
172.6,1889
172.6,1890
172.6,1891
172.7,1890
172.7,1890
172.7,1891
172.7,1890
172.7,1889
172.7,1888
172.7,1888
172.7,1888
172.7,1888
172.7,1888
172.7,1887
172.7,1888
172.7,1889
172.7,1889
172.7,1888
172.7,1888
172.7,1889
172.8,1890
172.8,1891
172.8,1891
172.8,1890
172.8,1891
172.8,1891
172.8,1890
172.8,1891
172.8,1891
172.8,1890
172.8,1890
172.8,1889
172.8,1889
172.8,1890
172.8,1891
172.9,1890
172.9,1890
172.9,1891
172.9,1890
172.9,1890
172.9,1891
172.9,1891
172.9,1892
172.9,1892
172.9,1893
172.9,1893
172.9,1892
172.9,1893
173.0,1893
173.0,1894
173.0,1893
173.0,1892
173.0,1893
173.0,1894
173.0,1895
173.0,1896
173.0,1897
173.0,1898
173.0,1897
173.0,1897
173.0,1898
173.0,1897
173.1,1896
173.1,1896
173.1,1896
173.1,1896
173.1,1896
173.1,1896
173.1,1895
173.1,1896
173.1,1896
173.1,1895
173.2,1894
173.2,1895
173.2,1894
173.2,1893
173.2,1894
173.2,1895
173.2,1894
173.2,1893
173.2,1893
173.2,1893
173.3,1894
173.3,1893
173.3,1893
173.3,1892
173.3,1892
173.3,1892
173.3,1892
173.3,1891
173.3,1892
173.3,1892
173.4,1891
173.4,1891
173.4,1890
173.4,1890
173.4,1890
173.4,1891
173.4,1891
173.4,1892
173.4,1892
173.5,1891
173.5,1891
173.5,1891
173.5,1892
173.5,1892
173.5,1892
173.5,1891
173.5,1892
173.5,1891
173.5,1891
173.6,1891
173.6,1890
173.6,1891
173.6,1891
173.6,1892
173.6,1893
173.6,1894
173.6,1894
173.6,1895
173.6,1896
173.6,1896
173.6,1897
173.6,1896
173.6,1896
173.6,1895
173.7,1894
173.7,1893
173.7,1894
173.7,1895
173.7,1896
173.7,1895
173.7,1895
173.7,1895
173.7,1895
173.7,1896
173.7,1896
173.7,1897
173.7,1897
173.8,1898
173.8,1898
173.8,1897
173.8,1897
173.8,1896
173.8,1895
173.8,1895
173.8,1894
173.8,1895
173.8,1896
173.8,1896
173.8,1895
173.8,1894
173.8,1893
173.8,1892
173.8,1892
173.9,1891
173.9,1890
173.9,1891
173.9,1891
173.9,1890
173.9,1890
173.9,1891
173.9,1891
173.9,1891
173.9,1891
173.9,1890
174.0,1889
174.0,1889
174.0,1888
174.0,1888
174.0,1887
174.0,1887
174.0,1886
174.0,1886
174.0,1886
174.0,1887
174.0,1886
174.0,1885
174.0,1886
174.1,1887
174.1,1888
174.1,1887
174.1,1887
174.1,1888
174.1,1887
174.1,1888
174.1,1887
174.1,1886
174.1,1886
174.1,1885
174.1,1885
174.2,1884
174.2,1884
174.2,1885
174.2,1886
174.2,1887
174.2,1887
174.2,1888
174.2,1888
174.2,1889
174.2,1890
174.2,1890
174.2,1891
174.2,1892
174.2,1891
174.2,1891
174.2,1890
174.3,1891
174.3,1891
174.3,1891
174.3,1891
174.3,1890
174.3,1891
174.3,1891
174.3,1892
174.3,1893
174.3,1894
174.3,1895
174.3,1894
174.3,1895
174.3,1896
174.4,1895
174.4,1896
174.4,1897
174.4,1897
174.4,1897
174.4,1896
174.4,1895
174.4,1895
174.4,1894
174.4,1894
174.4,1893
174.5,1893
174.5,1894
174.5,1894
174.5,1895
174.5,1896
174.5,1897
174.5,1897
174.5,1898
174.6,1898
174.6,1898
174.6,1898
174.6,1898
174.6,1897
174.6,1898
174.6,1898
174.6,1899
174.6,1899
174.6,1900
174.6,1900
174.6,1900
174.6,1900
174.6,1901
174.6,1900
174.6,1901
174.6,1902
174.6,1902
174.6,1902
174.7,1902
174.7,1901
174.7,1902
174.7,1901
174.7,1902
174.7,1902
174.7,1902
174.7,1903
174.7,1902
174.7,1902
174.8,1902
174.8,1903
174.8,1904
174.8,1903
174.8,1902
174.8,1901
174.8,1900
174.8,1900
174.8,1901
174.8,1900
174.8,1899
174.8,1898
174.8,1898
174.8,1899
174.9,1900
174.9,1901
174.9,1902
174.9,1903
174.9,1904
174.9,1904
174.9,1905
174.9,1906
174.9,1906
174.9,1906
174.9,1906
174.9,1906
175.0,1907
175.0,1908
175.0,1908
175.0,1909
175.0,1909
175.0,1909
175.0,1910
175.0,1911
175.0,1910
175.0,1910
175.0,1910
175.0,1909
175.1,1910
175.1,1911
175.1,1910
175.1,1909
175.1,1910
175.1,1911
175.1,1910
175.1,1910
175.1,1911
175.1,1912
175.1,1911
175.2,1911
175.2,1910
175.2,1910
175.2,1909
175.2,1909
175.2,1908
175.2,1909
175.2,1910
175.2,1911
175.2,1912
175.2,1913
175.3,1913
175.3,1912
175.3,1913
175.3,1912
175.3,1913
175.3,1913
175.3,1914
175.3,1914
175.3,1913
175.3,1913
175.3,1914
175.3,1915
175.3,1915
175.4,1915
175.4,1915
175.4,1916
175.4,1915
175.4,1916
175.4,1917
175.4,1916
175.4,1915
175.4,1914
175.5,1914
175.5,1915
175.5,1915
175.5,1915
175.5,1916
175.5,1917
175.5,1916
175.5,1917
175.5,1918
175.5,1918
175.5,1919
175.5,1919
175.5,1918
175.5,1918
175.5,1919
175.5,1920
175.6,1919
175.6,1920
175.6,1920
175.6,1920
175.6,1921
175.6,1921
175.6,1922
175.6,1922
175.6,1923
175.6,1923
175.6,1922
175.6,1922
175.6,1923
175.7,1923
175.7,1923
175.7,1923
175.7,1923
175.7,1923
175.7,1923
175.7,1924
175.7,1924
175.7,1925
175.7,1925
175.7,1924
175.7,1924
175.7,1924
175.7,1924
175.8,1925
175.8,1926
175.8,1925
175.8,1926
175.8,1925
175.8,1924
175.8,1925
175.8,1926
175.8,1926
175.8,1925
175.8,1924
175.8,1923
175.8,1922
175.8,1921
175.8,1922
175.8,1923
175.8,1923
175.8,1923
175.9,1923
175.9,1923
175.9,1924
175.9,1923
175.9,1923
175.9,1922
175.9,1922
175.9,1923
175.9,1922
175.9,1922
175.9,1922
175.9,1922
175.9,1922
175.9,1921
175.9,1922
175.9,1923
175.9,1924
176.0,1923
176.0,1923
176.0,1923
176.0,1922
176.0,1923
176.0,1923
176.0,1923
176.0,1924
176.0,1925
176.0,1925
176.0,1925
176.0,1925
176.0,1924
176.1,1924
176.1,1924
176.1,1925
176.1,1925
176.1,1925
176.1,1926
176.1,1927
176.1,1927
176.1,1927
176.1,1928
176.1,1929
176.1,1929
176.1,1930
176.1,1930
176.1,1929
176.1,1929
176.1,1928
176.2,1929
176.2,1930
176.2,1930
176.2,1930
176.2,1931
176.2,1932
176.2,1933
176.2,1934
176.2,1934
176.2,1934
176.2,1935
176.2,1934
176.2,1933
176.2,1932
176.3,1932
176.3,1932
176.3,1932
176.3,1931
176.3,1930
176.3,1931
176.3,1930
176.3,1931
176.3,1931
176.3,1930
176.3,1931
176.4,1930
176.4,1929
176.4,1929
176.4,1929
176.4,1929
176.4,1928
176.4,1927
176.4,1927
176.4,1928
176.4,1929
176.4,1930
176.4,1930
176.4,1931
176.4,1930
176.4,1929
176.4,1930
176.4,1931
176.4,1930
176.4,1931
176.5,1932
176.5,1931
176.5,1930
176.5,1931
176.5,1932
176.5,1931
176.5,1931
176.5,1932
176.5,1933
176.5,1934
176.5,1935
176.5,1936
176.5,1936
176.5,1937
176.5,1936
176.5,1936
176.6,1936
176.6,1937
176.6,1936
176.6,1937
176.6,1938
176.6,1939
176.6,1938
176.6,1939
176.6,1939
176.6,1939
176.7,1938
176.7,1939
176.7,1938
176.7,1939
176.7,1939
176.7,1938
176.7,1939
176.7,1940
176.7,1940
176.7,1939
176.7,1940
176.7,1941
176.7,1941
176.7,1942
176.7,1941
176.7,1941
176.7,1941
176.7,1942
176.8,1943
176.8,1943
176.8,1942
176.8,1942
176.8,1943
176.8,1943
176.8,1944
176.8,1944
176.8,1945
176.8,1944
176.8,1943
176.8,1944
176.8,1944
176.9,1945
176.9,1946
176.9,1946
176.9,1945
176.9,1944
176.9,1944
176.9,1945
176.9,1945
176.9,1946
176.9,1946
176.9,1946
176.9,1947
176.9,1946
176.9,1947
176.9,1946
176.9,1945
176.9,1944
176.9,1943
176.9,1943
176.9,1942
176.9,1943
176.9,1943
177.0,1943
177.0,1943
177.0,1942
177.0,1942
177.0,1943
177.0,1943
177.0,1944
177.0,1945
177.0,1945
177.0,1944
177.0,1945
177.0,1945
177.0,1946
177.0,1946
177.0,1947
177.0,1948
177.1,1949
177.1,1948
177.1,1949
177.1,1949
177.1,1950
177.1,1950
177.1,1950
177.1,1949
177.1,1949
177.1,1948
177.1,1948
177.1,1947
177.1,1948
177.1,1948
177.1,1948
177.1,1948
177.2,1948
177.2,1948
177.2,1949
177.2,1950
177.2,1951
177.2,1952
177.2,1952
177.2,1953
177.2,1952
177.2,1951
177.2,1952
177.2,1953
177.2,1953
177.2,1954
177.2,1954
177.2,1954
177.3,1953
177.3,1953
177.3,1952
177.3,1951
177.3,1950
177.3,1951
177.3,1952
177.3,1952
177.3,1952
177.3,1951
177.3,1950
177.4,1950
177.4,1949
177.4,1948
177.4,1947
177.4,1948
177.4,1948
177.4,1947
177.4,1947
177.4,1947
177.4,1948
177.4,1949
177.4,1948
177.4,1949
177.5,1949
177.5,1949
177.5,1949
177.5,1950
177.5,1950
177.5,1950
177.5,1949
177.5,1949
177.5,1949
177.6,1950
177.6,1950
177.6,1949
177.6,1949
177.6,1949
177.6,1949
177.6,1949
177.6,1949
177.6,1948
177.6,1948
177.6,1947
177.6,1946
177.6,1947
177.6,1948
177.6,1949
177.7,1948
177.7,1949
177.7,1948
177.7,1947
177.7,1948
177.7,1949
177.7,1948
177.8,1947
177.8,1947
177.8,1948
177.8,1947
177.8,1948
177.8,1947
177.8,1947
177.8,1948
177.9,1948
177.9,1947
177.9,1948
177.9,1948
177.9,1947
177.9,1947
177.9,1948
177.9,1948
177.9,1949
177.9,1948
177.9,1949
177.9,1948
177.9,1948
177.9,1947
177.9,1948
177.9,1947
178.0,1948
178.0,1948
178.0,1949
178.0,1949
178.0,1949
178.0,1948
178.0,1949
178.0,1949
178.0,1949
178.0,1949
178.0,1949
178.1,1948
178.1,1949
178.1,1950
178.1,1951
178.1,1951
178.1,1952
178.1,1951
178.1,1951
178.1,1951
178.1,1951
178.1,1950
178.1,1950
178.1,1951
178.1,1950
178.1,1949
178.1,1948
178.1,1948
178.2,1948
178.2,1949
178.2,1948
178.2,1947
178.2,1946
178.2,1947
178.2,1946
178.2,1945
178.2,1944
178.2,1945
178.2,1946
178.2,1945
178.2,1944
178.2,1944
178.2,1944
178.3,1944
178.3,1945
178.3,1945
178.3,1946
178.3,1945
178.3,1946
178.3,1946
178.3,1945
178.3,1944
178.3,1945
178.3,1945
178.3,1945
178.3,1946
178.4,1945
178.4,1946
178.4,1946
178.4,1946
178.4,1947
178.4,1946
178.4,1947
178.4,1947
178.4,1948
178.4,1949
178.4,1950
178.4,1950
178.4,1949
178.4,1950
178.4,1951
178.4,1951
178.5,1950
178.5,1949
178.5,1948
178.5,1947
178.5,1948
178.5,1948
178.5,1949
178.5,1949
178.5,1950
178.5,1951
178.5,1951
178.5,1951
178.5,1952
178.5,1953
178.5,1952
178.5,1951
178.6,1952
178.6,1953
178.6,1954
178.6,1955
178.6,1956
178.6,1955
178.6,1956
178.6,1955
178.6,1955
178.6,1955
178.6,1955
178.6,1954
178.6,1954
178.6,1955
178.7,1956
178.7,1956
178.7,1956
178.7,1955
178.7,1956
178.7,1956
178.7,1955
178.7,1956
178.7,1956
178.7,1957
178.7,1956
178.7,1957
178.8,1958
178.8,1958
178.8,1957
178.8,1957
178.8,1957
178.8,1957
178.8,1957
178.8,1958
178.8,1959
178.8,1959
178.9,1960
178.9,1959
178.9,1960
178.9,1961
178.9,1962
178.9,1963
178.9,1962
178.9,1963
178.9,1964
178.9,1964
178.9,1964
178.9,1964
178.9,1963
178.9,1962
179.0,1962
179.0,1961
179.0,1962
179.0,1963
179.0,1963
179.0,1963
179.0,1963
179.0,1963
179.0,1964
179.1,1964
179.1,1963
179.1,1964
179.1,1965
179.1,1966
179.1,1967
179.1,1968
179.1,1967
179.1,1966
179.1,1967
179.1,1968
179.1,1969
179.1,1970
179.1,1971
179.1,1972
179.1,1972
179.2,1972
179.2,1972
179.2,1971
179.2,1970
179.2,1971
179.2,1972
179.2,1972
179.2,1971
179.2,1970
179.2,1971
179.2,1970
179.2,1969
179.2,1970
179.2,1970
179.2,1969
179.3,1968
179.3,1968
179.3,1967
179.3,1967
179.3,1968
179.3,1969
179.3,1968
179.3,1969
179.3,1968
179.3,1969
179.3,1968
179.3,1969
179.3,1970
179.3,1969
179.3,1968
179.3,1968
179.4,1968
179.4,1967
179.4,1966
179.4,1967
179.4,1966
179.4,1967
179.4,1968
179.4,1967
179.4,1967
179.4,1967
179.4,1968
179.4,1968
179.4,1968
179.4,1968
179.4,1967
179.4,1966
179.4,1967
179.4,1968
179.4,1968
179.5,1967
179.5,1967
179.5,1968
179.5,1968
179.5,1967
179.5,1968
179.5,1969
179.5,1970
179.5,1971
179.5,1972
179.5,1973
179.5,1973
179.6,1974
179.6,1973
179.6,1973
179.6,1973
179.6,1972
179.6,1971
179.6,1971
179.6,1971
179.6,1970
179.6,1971
179.6,1970
179.6,1970
179.6,1969
179.6,1969
179.6,1968
179.7,1969
179.7,1968
179.7,1968
179.7,1968
179.7,1968
179.7,1967
179.7,1967
179.7,1966
179.8,1966
179.8,1966
179.8,1966
179.8,1967
179.8,1967
179.8,1966
179.8,1966
179.9,1965
179.9,1966
179.9,1967
179.9,1968
179.9,1969
179.9,1969
179.9,1970
179.9,1970
179.9,1969
179.9,1968
179.9,1967
179.9,1968
179.9,1968
179.9,1967
179.9,1968
180.0,1968
180.0,1967
180.0,1966
180.0,1966
180.0,1966
180.0,1966
180.0,1965
180.0,1966
180.0,1965
180.0,1965
180.0,1966
180.0,1966
180.1,1966
180.1,1966
180.1,1965
180.1,1966
180.1,1965
180.1,1964
180.1,1965
180.1,1964
180.1,1963
180.1,1962
180.1,1962
180.2,1963
180.2,1962
180.2,1961
180.2,1962
180.2,1961
180.2,1961
180.2,1962
180.2,1962
180.2,1962
180.2,1963
180.2,1964
180.2,1963
180.2,1962
180.2,1963
180.2,1964
180.2,1965
180.2,1965
180.3,1966
180.3,1967
180.3,1967
180.3,1966
180.3,1965
180.3,1964
180.3,1963
180.3,1962
180.3,1963
180.3,1962
180.3,1962
180.3,1961
180.3,1961
180.3,1960
180.4,1960
180.4,1959
180.4,1960
180.4,1959
180.4,1958
180.4,1958
180.4,1958
180.4,1958
180.4,1957
180.4,1958
180.4,1957
180.5,1958
180.5,1959
180.5,1960
180.5,1960
180.5,1960
180.5,1961
180.5,1961
180.5,1962
180.5,1962
180.5,1962
180.5,1962
180.5,1963
180.5,1962
180.6,1961
180.6,1960
180.6,1959
180.6,1958
180.6,1959
180.6,1959
180.6,1958
180.6,1959
180.6,1958
180.6,1958
180.6,1958
180.6,1958
180.6,1958
180.6,1959
180.6,1960
180.6,1959
180.6,1959
180.6,1960
180.6,1960
180.6,1961
180.6,1960
180.7,1959
180.7,1960
180.7,1961
180.7,1961
180.7,1960
180.7,1961
180.7,1962
180.7,1961
180.7,1961
180.7,1962
180.7,1961
180.8,1961
180.8,1961
180.8,1961
180.8,1961
180.8,1961
180.8,1960
180.8,1961
180.8,1962
180.9,1961
180.9,1960
180.9,1961
180.9,1962
180.9,1963
180.9,1962
180.9,1962
180.9,1961
180.9,1961
180.9,1960
180.9,1960
181.0,1960
181.0,1959
181.0,1960
181.0,1960
181.0,1959
181.0,1960
181.0,1959
181.0,1959
181.1,1958
181.1,1959
181.1,1958
181.1,1957
181.1,1956
181.1,1957
181.1,1958
181.1,1958
181.1,1957
181.1,1958
181.1,1958
181.2,1958
181.2,1958
181.2,1958
181.2,1959
181.2,1960
181.2,1960
181.2,1961
181.2,1961
181.2,1960
181.2,1961
181.2,1960
181.2,1960
181.2,1959
181.2,1959
181.2,1958
181.3,1959
181.3,1960
181.3,1961
181.3,1962
181.3,1962
181.3,1962
181.3,1963
181.3,1962
181.3,1962
181.3,1961
181.3,1960
181.3,1960
181.3,1960
181.3,1961
181.4,1961
181.4,1960
181.4,1961
181.4,1962
181.4,1962
181.4,1961
181.4,1960
181.4,1959
181.4,1958
181.4,1957
181.4,1956
181.4,1956
181.4,1955
181.4,1955
181.4,1954
181.5,1955
181.5,1955
181.5,1956
181.5,1955
181.5,1954
181.5,1954
181.5,1953
181.5,1953
181.5,1953
181.5,1952
181.5,1952
181.5,1952
181.5,1951
181.5,1952
181.6,1953
181.6,1953
181.6,1954
181.6,1955
181.6,1954
181.6,1955
181.6,1954
181.6,1954
181.6,1955
181.6,1955
181.6,1956
181.6,1955
181.6,1956
181.6,1957
181.6,1957
181.6,1957
181.6,1958
181.7,1957
181.7,1957
181.7,1956
181.7,1955
181.7,1956
181.7,1955
181.7,1954
181.7,1953
181.7,1953
181.7,1953
181.7,1953
181.7,1953
181.7,1952
181.8,1953
181.8,1953
181.8,1952
181.8,1952
181.8,1952
181.8,1951
181.8,1950
181.8,1949
181.8,1950
181.8,1949
181.8,1950
181.8,1951
181.8,1950
181.8,1949
181.8,1949
181.9,1949
181.9,1948
181.9,1947
181.9,1948
181.9,1948
181.9,1948
181.9,1948
182.0,1949
182.0,1948
182.0,1947
182.0,1947
182.0,1948
182.0,1948
182.0,1948
182.0,1947
182.0,1948
182.0,1947
182.0,1946
182.0,1945
182.1,1946
182.1,1945
182.1,1945
182.1,1945
182.1,1945
182.1,1944
182.1,1944
182.1,1945
182.1,1944
182.1,1943
182.1,1943
182.1,1942
182.1,1943
182.2,1942
182.2,1941
182.2,1941
182.2,1941
182.2,1942
182.2,1942
182.2,1942
182.2,1943
182.2,1942
182.2,1941
182.2,1940
182.3,1939
182.3,1938
182.3,1938
182.3,1939
182.3,1939
182.3,1938
182.3,1937
182.3,1937
182.3,1936
182.3,1936
182.4,1937
182.4,1936
182.4,1935
182.4,1935
182.4,1936
182.4,1936
182.4,1937
182.4,1936
182.4,1936
182.4,1936
182.4,1935
182.4,1934
182.4,1934
182.4,1933
182.4,1934
182.4,1934
182.5,1933
182.5,1932
182.5,1932
182.5,1933
182.5,1934
182.5,1933
182.5,1932
182.5,1933
182.5,1932
182.5,1932
182.5,1931
182.5,1931
182.5,1931
182.6,1931
182.6,1932
182.6,1933
182.6,1933
182.6,1934
182.6,1933
182.6,1932
182.6,1932
182.6,1932
182.6,1932
182.6,1932
182.6,1932
182.6,1932
182.6,1932
182.6,1932
182.6,1932
182.6,1933
182.6,1934
182.6,1935
182.7,1935
182.7,1936
182.7,1937
182.7,1938
182.7,1938
182.7,1939
182.7,1939
182.7,1939
182.7,1938
182.8,1937
182.8,1938
182.8,1938
182.8,1938
182.8,1939
182.8,1939
182.8,1938
182.8,1937
182.8,1937
182.8,1938
182.8,1939
182.8,1938
182.8,1937
182.8,1937
182.9,1938
182.9,1937
182.9,1938
182.9,1937
182.9,1938
182.9,1938
182.9,1938
182.9,1938
182.9,1939
182.9,1939
182.9,1940
182.9,1940
182.9,1940
183.0,1941
183.0,1940
183.0,1939
183.0,1939
183.0,1938
183.0,1938
183.0,1939
183.0,1938
183.0,1939
183.0,1938
183.0,1939
183.0,1940
183.0,1940
183.0,1940
183.0,1940
183.0,1941
183.0,1940
183.0,1940
183.1,1939
183.1,1938
183.1,1939
183.1,1938
183.1,1939
183.1,1939
183.1,1938
183.1,1939
183.1,1940
183.1,1941
183.1,1942
183.1,1942
183.1,1943
183.1,1943
183.1,1942
183.1,1941
183.1,1941
183.1,1941
183.1,1941
183.1,1941
183.1,1941
183.1,1941
183.1,1940
183.1,1939
183.1,1940
183.1,1941
183.1,1941
183.1,1941
183.1,1942
183.1,1942
183.2,1941
183.2,1941
183.2,1940
183.2,1941
183.2,1940
183.2,1939
183.2,1939
183.2,1938
183.2,1938
183.2,1939
183.2,1940
183.2,1939
183.2,1938
183.2,1939
183.2,1940
183.3,1941
183.3,1941
183.3,1942
183.3,1942
183.3,1942
183.3,1942
183.3,1941
183.3,1942
183.3,1943
183.3,1943
183.3,1943
183.3,1943
183.4,1944
183.4,1944
183.4,1944
183.4,1945
183.4,1945
183.4,1946
183.4,1947
183.4,1948
183.4,1947
183.4,1946
183.4,1947
183.4,1948
183.4,1947
183.4,1946
183.5,1945
183.5,1946
183.5,1947
183.5,1946
183.5,1946
183.5,1947
183.5,1947
183.5,1946
183.5,1946
183.5,1946
183.5,1946
183.6,1945
183.6,1945
183.6,1945
183.6,1946
183.6,1947
183.6,1947
183.6,1946
183.6,1946
183.7,1945
183.7,1946
183.7,1946
183.7,1945
183.7,1945
183.7,1946
183.7,1946
183.7,1945
183.7,1944
183.7,1945
183.7,1946
183.7,1947
183.7,1947
183.7,1946
183.7,1947
183.7,1946
183.7,1945
183.8,1946
183.8,1946
183.8,1946
183.8,1945
183.8,1946
183.8,1947
183.8,1946
183.8,1947
183.8,1947
183.8,1948
183.8,1948
183.8,1948
183.8,1948
183.8,1947
183.8,1946
183.9,1946
183.9,1945
183.9,1945
183.9,1946
183.9,1946
183.9,1945
183.9,1945
183.9,1945
184.0,1946
184.0,1945
184.0,1944
184.0,1945
184.0,1945
184.0,1945
184.0,1946
184.0,1946
184.0,1946
184.0,1945
184.0,1944
184.0,1944
184.1,1943
184.1,1942
184.1,1942
184.1,1943
184.1,1943
184.1,1942
184.1,1942
184.1,1943
184.1,1942
184.1,1942
184.1,1942
184.1,1941
184.1,1942
184.1,1942
184.1,1943
184.1,1943
184.2,1943
184.2,1944
184.2,1944
184.2,1943
184.2,1944
184.2,1944
184.2,1943
184.2,1943
184.2,1944
184.2,1943
184.3,1944
184.3,1945
184.3,1946
184.3,1946
184.3,1946
184.3,1947
184.3,1947
184.3,1947
184.3,1947
184.3,1946
184.3,1945
184.3,1945
184.3,1945
184.3,1946
184.3,1946
184.3,1946
184.3,1946
184.4,1947
184.4,1946
184.4,1946
184.4,1947
184.4,1946
184.4,1945
184.4,1946
184.4,1946
184.4,1946
184.4,1946
184.5,1945
184.5,1944
184.5,1945
184.5,1944
184.5,1943
184.5,1942
184.5,1941
184.5,1942
184.5,1943
184.5,1942
184.5,1941
184.6,1940
184.6,1940
184.6,1940
184.6,1940
184.6,1941
184.6,1940
184.6,1941
184.6,1941
184.6,1942
184.6,1942
184.6,1941
184.6,1941
184.6,1941
184.6,1940
184.6,1940
184.6,1941
184.6,1941
184.6,1941
184.6,1940
184.6,1941
184.6,1942
184.7,1942
184.7,1943
184.7,1942
184.7,1942
184.7,1942
184.7,1943
184.7,1943
184.7,1942
184.7,1943
184.7,1943
184.7,1944
184.8,1944
184.8,1945
184.8,1945
184.8,1944
184.8,1943
184.8,1944
184.8,1943
184.8,1942
184.8,1943
184.8,1943
184.9,1942
184.9,1942
184.9,1942
184.9,1942
184.9,1943
184.9,1943
184.9,1943
184.9,1944
184.9,1944
184.9,1943
184.9,1944
184.9,1943
184.9,1944
185.0,1943
185.0,1943
185.0,1944
185.0,1944
185.0,1945
185.0,1944
185.0,1944
185.0,1945
185.0,1944
185.0,1944
185.0,1944
185.0,1944
185.0,1945
185.1,1946
185.1,1945
185.1,1944
185.1,1944
185.1,1944
185.1,1943
185.1,1942
185.1,1941
185.1,1941
185.1,1940
185.1,1939
185.1,1939
185.1,1939
185.1,1938
185.1,1939
185.1,1940
185.2,1940
185.2,1939
185.2,1939
185.2,1939
185.2,1939
185.2,1938
185.2,1937
185.2,1938
185.2,1938
185.2,1939
185.2,1940
185.2,1939
185.3,1938
185.3,1937
185.3,1937
185.3,1936
185.3,1937
185.3,1936
185.3,1936
185.3,1935
185.3,1936
185.3,1936
185.3,1936
185.3,1937
185.3,1936
185.3,1935
185.3,1936
185.3,1935
185.3,1935
185.3,1935
185.3,1935
185.4,1935
185.4,1935
185.4,1936
185.4,1936
185.4,1937
185.4,1938
185.4,1937
185.4,1938
185.4,1938
185.4,1939
185.4,1938
185.4,1937
185.5,1936
185.5,1937
185.5,1938
185.5,1939
185.5,1940
185.5,1939
185.5,1939
185.5,1940
185.5,1939
185.5,1938
185.5,1939
185.5,1940
185.6,1941
185.6,1941
185.6,1942
185.6,1942
185.6,1942
185.6,1942
185.6,1942
185.6,1943
185.6,1944
185.6,1945
185.6,1944
185.6,1945
185.6,1945
185.6,1946
185.6,1945
185.7,1945
185.7,1945
185.7,1946
185.7,1947
185.7,1948
185.7,1947
185.7,1946
185.7,1947
185.7,1946
185.7,1946
185.7,1946
185.7,1947
185.7,1947
185.7,1946
185.8,1945
185.8,1946
185.8,1946
185.8,1946
185.8,1945
185.8,1946
185.8,1947
185.8,1948
185.8,1948
185.8,1949
185.8,1949
185.8,1948
185.8,1947
185.8,1948
185.8,1949
185.8,1950
185.8,1950
185.8,1950
185.9,1951
185.9,1951
185.9,1951
185.9,1950
185.9,1949
185.9,1949
185.9,1950
185.9,1950
185.9,1950
185.9,1950
186.0,1949
186.0,1948
186.0,1949
186.0,1950
186.0,1950
186.0,1949
186.0,1949
186.0,1949
186.0,1949
186.0,1950
186.0,1949
186.0,1948
186.1,1949
186.1,1949
186.1,1950
186.1,1950
186.1,1950
186.1,1950
186.1,1951
186.1,1951
186.1,1950
186.1,1950
186.1,1951
186.1,1950
186.1,1951
186.1,1952
186.1,1951
186.1,1952
186.1,1951
186.1,1952
186.2,1951
186.2,1951
186.2,1950
186.2,1950
186.2,1949
186.2,1948
186.2,1947
186.2,1948
186.2,1949
186.2,1949
186.2,1949
186.2,1949
186.3,1949
186.3,1949
186.3,1948
186.3,1948
186.3,1947
186.3,1947
186.3,1946
186.3,1945
186.3,1944
186.3,1944
186.3,1945
186.3,1945
186.3,1944
186.3,1944
186.3,1945
186.3,1944
186.3,1945
186.4,1944
186.4,1944
186.4,1944
186.4,1944
186.4,1944
186.4,1943
186.4,1943
186.4,1943
186.4,1942
186.4,1943
186.4,1944
186.4,1944
186.5,1944
186.5,1943
186.5,1944
186.5,1943
186.5,1943
186.5,1942
186.5,1943
186.5,1943
186.5,1942
186.5,1942
186.5,1941
186.5,1942
186.5,1942
186.5,1942
186.5,1942
186.5,1941
186.5,1941
186.6,1941
186.6,1941
186.6,1940
186.6,1939
186.6,1938
186.6,1938
186.6,1937
186.6,1938
186.6,1939
186.6,1938
186.6,1937
186.6,1938
186.6,1938
186.6,1938
186.7,1938
186.7,1937
186.7,1936
186.7,1937
186.7,1936
186.7,1935
186.7,1934
186.7,1935
186.7,1934
186.7,1935
186.7,1934
186.7,1935
186.7,1935
186.7,1935
186.7,1935
186.8,1934
186.8,1935
186.8,1935
186.8,1934
186.8,1934
186.8,1933
186.8,1933
186.8,1933
186.8,1933
186.8,1934
186.8,1933
186.8,1934
186.8,1933
186.9,1933
186.9,1934
186.9,1933
186.9,1932
186.9,1932
186.9,1933
186.9,1932
186.9,1933
186.9,1934
186.9,1934
186.9,1935
187.0,1934
187.0,1933
187.0,1933
187.0,1934
187.0,1934
187.0,1933
187.0,1932
187.0,1933
187.0,1933
187.1,1932
187.1,1931
187.1,1930
187.1,1930
187.1,1930
187.1,1929
187.1,1928
187.1,1928
187.1,1928
187.1,1929
187.1,1929
187.1,1929
187.1,1928
187.1,1928
187.1,1928
187.1,1929
187.1,1928
187.1,1928
187.1,1929
187.1,1928
187.1,1928
187.1,1929
187.2,1930
187.2,1931
187.2,1930
187.2,1930
187.2,1929
187.2,1928
187.2,1929
187.2,1929
187.2,1930
187.2,1930
187.2,1930
187.2,1929
187.2,1929
187.2,1930
187.3,1931
187.3,1930
187.3,1930
187.3,1929
187.3,1928
187.3,1928
187.3,1929
187.3,1930
187.4,1931
187.4,1932
187.4,1933
187.4,1933
187.4,1934
187.4,1935
187.4,1934
187.4,1933
187.4,1933
187.4,1933
187.5,1932
187.5,1933
187.5,1934
187.5,1935
187.5,1936
187.5,1936
187.5,1936
187.5,1936
187.5,1937
187.5,1936
187.6,1935
187.6,1936
187.6,1935
187.6,1935
187.6,1934
187.6,1935
187.6,1936
187.6,1936
187.6,1936
187.7,1936
187.7,1937
187.7,1936
187.7,1936
187.7,1937
187.7,1936
187.7,1936
187.7,1936
187.7,1937
187.7,1938
187.7,1937
187.7,1936
187.7,1937
187.7,1937
187.7,1936
187.7,1935
187.7,1935
187.7,1936
187.7,1937
187.8,1937
187.8,1936
187.8,1936
187.8,1937
187.8,1936
187.8,1935
187.8,1935
187.8,1935
187.8,1935
187.8,1936
187.8,1936
187.8,1935
187.8,1936
187.8,1937
187.8,1937
187.8,1937
187.9,1937
187.9,1936
187.9,1936
187.9,1937
187.9,1936
187.9,1937
187.9,1938
187.9,1938
187.9,1939
187.9,1939
187.9,1939
187.9,1940
187.9,1941
187.9,1942
187.9,1943
188.0,1943
188.0,1943
188.0,1942
188.0,1942
188.0,1943
188.0,1944
188.0,1943
188.0,1943
188.0,1944
188.0,1945
188.0,1946
188.1,1945
188.1,1946
188.1,1947
188.1,1946
188.1,1946
188.1,1945
188.1,1944
188.1,1944
188.1,1943
188.1,1944
188.1,1944
188.1,1945
188.1,1945
188.1,1944
188.1,1945
188.1,1945
188.2,1945
188.2,1944
188.2,1943
188.2,1942
188.2,1943
188.2,1942
188.2,1941
188.2,1942
188.2,1941
188.2,1941
188.2,1942
188.2,1942
188.2,1941
188.3,1940
188.3,1940
188.3,1939
188.3,1939
188.3,1939
188.3,1940
188.3,1941
188.3,1940
188.3,1939
188.3,1938
188.3,1939
188.3,1938
188.3,1938
188.3,1939
188.3,1939
188.3,1940
188.4,1939
188.4,1939
188.4,1940
188.4,1941
188.4,1940
188.4,1939
188.4,1939
188.4,1938
188.4,1939
188.4,1938
188.4,1939
188.4,1940
188.4,1939
188.4,1938
188.4,1939
188.4,1939
188.5,1940
188.5,1940
188.5,1940
188.5,1941
188.5,1940
188.5,1939
188.5,1939
188.5,1940
188.5,1939
188.5,1938
188.5,1939
188.5,1939
188.5,1939
188.6,1938
188.6,1939
188.6,1940
188.6,1940
188.6,1941
188.6,1940
188.6,1941
188.6,1942
188.6,1942
188.6,1943
188.6,1942
188.6,1941
188.6,1940
188.6,1939
188.6,1939
188.7,1939
188.7,1938
188.7,1938
188.7,1938
188.7,1937
188.7,1937
188.7,1936
188.7,1935
188.8,1935
188.8,1936
188.8,1937
188.8,1936
188.8,1936
188.8,1936
188.8,1937
188.8,1936
188.8,1937
188.8,1937
188.8,1936
188.8,1935
188.8,1935
188.8,1935
188.8,1934
188.8,1934
188.8,1933
188.8,1933
188.8,1933
188.8,1933
188.9,1932
188.9,1931
188.9,1930
188.9,1930
188.9,1929
188.9,1929
188.9,1928
188.9,1929
188.9,1928
188.9,1928
188.9,1929
188.9,1930
188.9,1929
188.9,1928
188.9,1927
188.9,1926
188.9,1927
188.9,1926
188.9,1926
188.9,1927
188.9,1926
189.0,1926
189.0,1925
189.0,1924
189.0,1924
189.0,1925
189.0,1925
189.0,1924
189.0,1923
189.0,1924
189.0,1923
189.0,1924
189.0,1924
189.1,1925
189.1,1926
189.1,1925
189.1,1925
189.1,1926
189.1,1927
189.1,1927
189.1,1927
189.1,1928
189.1,1928
189.1,1929
189.2,1930
189.2,1929
189.2,1930
189.2,1931
189.2,1930
189.2,1930
189.2,1929
189.2,1930
189.2,1930
189.3,1930
189.3,1931
189.3,1931
189.3,1931
189.3,1932
189.3,1933
189.3,1933
189.3,1933
189.3,1934
189.4,1933
189.4,1933
189.4,1934
189.4,1934
189.4,1933
189.4,1932
189.4,1931
189.4,1930
189.4,1930
189.4,1930
189.5,1931
189.5,1932
189.5,1931
189.5,1930
189.5,1929
189.5,1929
189.5,1929
189.5,1930
189.5,1931
189.5,1931
189.5,1930
189.5,1931
189.5,1931
189.5,1931
189.5,1931
189.5,1930
189.6,1929
189.6,1930
189.6,1930
189.6,1930
189.6,1930
189.6,1930
189.6,1930
189.6,1931
189.6,1932
189.7,1932
189.7,1933
189.7,1934
189.7,1933
189.7,1934
189.7,1934
189.7,1935
189.7,1935
189.7,1935
189.7,1936
189.7,1936
189.7,1937
189.7,1936
189.7,1936
189.7,1935
189.7,1936
189.7,1937
189.8,1937
189.8,1937
189.8,1937
189.8,1938
189.8,1939
189.8,1938
189.8,1939
189.8,1940
189.8,1941
189.8,1942
189.8,1943
189.8,1942
189.8,1942
189.8,1943
189.8,1942
189.9,1942
189.9,1942
189.9,1943
189.9,1942
189.9,1941
189.9,1941
189.9,1942
189.9,1941
189.9,1942
189.9,1943
189.9,1942
189.9,1941
189.9,1941
189.9,1942
189.9,1942
190.0,1941
190.0,1940
190.0,1941
190.0,1942
190.0,1943
190.0,1943
190.0,1943
190.0,1943
190.0,1944
190.0,1944
190.0,1945
190.1,1945
190.1,1944
190.1,1943
190.1,1942
190.1,1942
190.1,1942
190.1,1942
190.1,1941
190.1,1941
190.1,1941
190.1,1942
190.1,1943
190.1,1943
190.1,1942
190.2,1942
190.2,1942
190.2,1942
190.2,1942
190.2,1943
190.2,1943
190.2,1943
190.2,1942
190.2,1943
190.2,1943
190.2,1944
190.2,1943
190.2,1944
190.2,1945
190.2,1944
190.3,1944
190.3,1943
190.3,1942
190.3,1941
190.3,1940
190.3,1941
190.3,1941
190.3,1940
190.3,1941
190.3,1941
190.3,1942
190.3,1942
190.3,1941
190.3,1940
190.3,1940
190.3,1940
190.3,1940
190.4,1940
190.4,1941
190.4,1942
190.4,1941
190.4,1942
190.4,1942
190.4,1943
190.4,1944
190.4,1944
190.4,1943
190.4,1942
190.5,1941
190.5,1942
190.5,1941
190.5,1941
190.5,1941
190.5,1940
190.5,1940
190.5,1941
190.5,1941
190.5,1940
190.5,1940
190.5,1941
190.5,1942
190.6,1941
190.6,1941
190.6,1941
190.6,1942
190.6,1941
190.6,1940
190.6,1940
190.6,1940
190.6,1939
190.6,1939
190.6,1939
190.7,1938
190.7,1938
190.7,1937
190.7,1937
190.7,1938
190.7,1938
190.7,1937
190.7,1938
190.7,1937
190.7,1938
190.7,1938
190.7,1937
190.7,1937
190.8,1936
190.8,1935
190.8,1934
190.8,1934
190.8,1935
190.8,1934
190.8,1934
190.8,1933
190.8,1934
190.8,1934
190.8,1933
190.8,1932
190.8,1933
190.8,1934
190.8,1933
190.9,1932
190.9,1933
190.9,1933
190.9,1933
190.9,1933
190.9,1932
190.9,1931
190.9,1932
190.9,1931
190.9,1930
190.9,1931
191.0,1931
191.0,1932
191.0,1933
191.0,1933
191.0,1934
191.0,1935
191.0,1936
191.0,1935
191.1,1936
191.1,1937
191.1,1936
191.1,1936
191.1,1937
191.1,1937
191.1,1937
191.1,1936
191.1,1935
191.1,1935
191.1,1936
191.1,1935
191.1,1936
191.1,1935
191.2,1934
191.2,1934
191.2,1933
191.2,1934
191.2,1933
191.2,1932
191.2,1933
191.2,1934
191.2,1935
191.2,1934
191.2,1934
191.2,1935
191.2,1936
191.2,1935
191.2,1934
191.2,1935
191.2,1934
191.2,1934
191.2,1934
191.3,1935
191.3,1934
191.3,1934
191.3,1935
191.3,1935
191.3,1936
191.3,1935
191.3,1936
191.3,1935
191.3,1936
191.3,1936
191.4,1937
191.4,1938
191.4,1937
191.4,1936
191.4,1936
191.4,1935
191.4,1935
191.4,1936
191.4,1936
191.4,1935
191.4,1934
191.4,1933
191.5,1932
191.5,1933
191.5,1932
191.5,1933
191.5,1932
191.5,1931
191.5,1931
191.5,1932
191.5,1933
191.5,1934
191.5,1935
191.5,1935
191.5,1936
191.5,1936
191.5,1937
191.5,1938
191.6,1938
191.6,1939
191.6,1940
191.6,1940
191.6,1940
191.6,1939
191.6,1940
191.6,1939
191.6,1939
191.6,1940
191.6,1941
191.6,1941
191.6,1941
191.6,1941
191.6,1942
191.6,1942
191.6,1942
191.7,1941
191.7,1942
191.7,1941
191.7,1941
191.7,1940
191.7,1940
191.7,1939
191.8,1939
191.8,1939
191.8,1940
191.8,1941
191.8,1941
191.8,1941
191.8,1940
191.8,1939
191.8,1938
191.8,1937
191.8,1937
191.8,1938
191.8,1939
191.8,1939
191.8,1939
191.9,1940
191.9,1941
191.9,1941
191.9,1942
191.9,1943
191.9,1942
191.9,1941
191.9,1942
191.9,1942
191.9,1941
191.9,1941
192.0,1942
192.0,1943
192.0,1944
192.0,1945
192.0,1946
192.0,1947
192.0,1948
192.0,1948
192.0,1949
192.0,1950
192.0,1949
192.0,1949
192.0,1948
192.0,1949
192.0,1948
192.1,1947
192.1,1946
192.1,1945
192.1,1944
192.1,1945
192.1,1944
192.1,1943
192.1,1942
192.1,1942
192.1,1942
192.1,1942
192.1,1943
192.1,1943
192.1,1944
192.1,1943
192.1,1944
192.2,1944
192.2,1945
192.2,1945
192.2,1946
192.2,1947
192.2,1948
192.2,1949
192.2,1949
192.2,1949
192.2,1949
192.2,1950
192.2,1951
192.2,1952
192.2,1953
192.2,1952
192.3,1953
192.3,1952
192.3,1953
192.3,1952
192.3,1951
192.3,1951
192.3,1952
192.3,1952
192.3,1952
192.4,1952
192.4,1952
192.4,1952
192.4,1952
192.4,1951
192.4,1950
192.4,1951
192.4,1951
192.4,1951
192.4,1950
192.5,1950
192.5,1950
192.5,1950
192.5,1949
192.5,1949
192.5,1949
192.5,1949
192.5,1950
192.5,1950
192.5,1950
192.5,1949
192.5,1950
192.5,1950
192.5,1951
192.5,1950
192.5,1949
192.5,1950
192.6,1950
192.6,1949
192.6,1950
192.6,1951
192.6,1950
192.6,1950
192.6,1951
192.6,1951
192.6,1951
192.7,1952
192.7,1951
192.7,1952
192.7,1952
192.7,1952
192.7,1952
192.7,1953
192.7,1952
192.7,1951
192.7,1952
192.7,1952
192.7,1952
192.7,1952
192.7,1952
192.7,1953
192.7,1954
192.7,1954
192.8,1954
192.8,1954
192.8,1954
192.8,1954
192.8,1955
192.8,1956
192.8,1956
192.8,1955
192.8,1954
192.8,1954
192.8,1953
192.8,1954
192.8,1953
192.8,1953
192.8,1953
192.8,1954
192.8,1955
192.9,1955
192.9,1954
192.9,1954
192.9,1954
192.9,1955
192.9,1954
192.9,1955
192.9,1954
192.9,1953
192.9,1953
192.9,1952
192.9,1951
192.9,1952
192.9,1952
192.9,1952
192.9,1953
192.9,1952
193.0,1953
193.0,1954
193.0,1954
193.0,1953
193.0,1954
193.0,1954
193.0,1954
193.0,1954
193.0,1954
193.0,1954
193.0,1954
193.0,1953
193.1,1954
193.1,1955
193.1,1955
193.1,1956
193.1,1957
193.1,1958
193.1,1957
193.1,1957
193.1,1958
193.1,1959
193.1,1959
193.1,1959
193.1,1959
193.1,1958
193.1,1958
193.1,1959
193.1,1960
193.1,1959
193.1,1960
193.1,1961
193.2,1961
193.2,1960
193.2,1959
193.2,1958
193.2,1958
193.2,1959
193.2,1959
193.2,1959
193.2,1959
193.2,1959
193.3,1958
193.3,1958
193.3,1957
193.3,1957
193.3,1957
193.3,1958
193.3,1959
193.3,1958
193.3,1959
193.3,1959
193.3,1960
193.3,1959
193.4,1958
193.4,1959
193.4,1960
193.4,1961
193.4,1962
193.4,1961
193.4,1961
193.4,1961
193.4,1960
193.4,1960
193.4,1960
193.5,1959
193.5,1958
193.5,1957
193.5,1956
193.5,1955
193.5,1954
193.5,1955
193.5,1955
193.5,1955
193.5,1956
193.5,1955
193.6,1955
193.6,1954
193.6,1953
193.6,1954
193.6,1955
193.6,1955
193.6,1955
193.6,1956
193.6,1955
193.6,1954
193.6,1954
193.6,1955
193.6,1955
193.6,1955
193.7,1955
193.7,1954
193.7,1954
193.7,1953
193.7,1954
193.7,1954
193.7,1954
193.7,1954
193.7,1954
193.7,1953
193.7,1952
193.8,1951
193.8,1952
193.8,1952
193.8,1952
193.8,1952
193.8,1952
193.8,1952
193.8,1952
193.8,1951
193.8,1951
193.8,1950
193.8,1950
193.8,1949
193.9,1950
193.9,1949
193.9,1950
193.9,1950
193.9,1951
193.9,1952
193.9,1952
193.9,1952
193.9,1952
193.9,1952
193.9,1953
193.9,1954
194.0,1955
194.0,1954
194.0,1954
194.0,1953
194.0,1952
194.0,1953
194.0,1952
194.0,1951
194.0,1950
194.0,1950
194.0,1951
194.0,1952
194.0,1952
194.1,1951
194.1,1952
194.1,1951
194.1,1951
194.1,1951
194.1,1950
194.1,1951
194.1,1952
194.1,1953
194.1,1954
194.2,1953
194.2,1954
194.2,1955
194.2,1955
194.2,1954
194.2,1955
194.2,1954
194.2,1955
194.2,1955
194.3,1955
194.3,1955
194.3,1955
194.3,1955
194.3,1955
194.3,1955
194.3,1954
194.3,1954
194.3,1954
194.3,1954
194.4,1954
194.4,1954
194.4,1954
194.4,1955
194.4,1955
194.4,1955
194.4,1955
194.4,1955
194.4,1956
194.4,1955
194.4,1955
194.5,1956
194.5,1955
194.5,1956
194.5,1956
194.5,1956
194.5,1956
194.5,1956
194.5,1956
194.5,1956
194.5,1956
194.5,1955
194.5,1956
194.5,1956
194.5,1957
194.5,1956
194.5,1956
194.5,1955
194.5,1954
194.6,1953
194.6,1952
194.6,1952
194.6,1952
194.6,1952
194.6,1953
194.6,1953
194.6,1953
194.6,1954
194.6,1954
194.6,1955
194.6,1955
194.6,1955
194.6,1956
194.6,1957
194.6,1957
194.6,1958
194.6,1958
194.6,1957
194.7,1957
194.7,1957
194.7,1956
194.7,1957
194.7,1956
194.7,1957
194.7,1957
194.7,1957
194.7,1957
194.7,1956
194.7,1956
194.7,1957
194.7,1957
194.7,1957
194.7,1957
194.8,1958
194.8,1957
194.8,1958
194.8,1959
194.8,1958
194.8,1957
194.8,1956
194.8,1955
194.8,1956
194.8,1956
194.8,1957
194.9,1956
194.9,1956
194.9,1957
194.9,1957
194.9,1957
194.9,1958
194.9,1958
194.9,1958
194.9,1957
194.9,1956
194.9,1955
194.9,1956
194.9,1955
194.9,1955
194.9,1955
194.9,1954
194.9,1955
194.9,1955
195.0,1954
195.0,1955
195.0,1954
195.0,1955
195.0,1955
195.0,1956
195.0,1956
195.0,1957
195.0,1957
195.0,1957
195.0,1958
195.0,1957
195.0,1956
195.0,1957
195.1,1958
195.1,1958
195.1,1959
195.1,1959
195.1,1959
195.1,1958
195.1,1958
195.1,1958
195.1,1958
195.1,1957
195.1,1957
195.1,1958
195.1,1958
195.1,1957
195.1,1956
195.1,1957
195.1,1957
195.1,1957
195.2,1958
195.2,1957
195.2,1958
195.2,1958
195.2,1957
195.2,1956
195.2,1956
195.2,1957
195.2,1957
195.2,1957
195.2,1956
195.3,1956
195.3,1956
195.3,1957
195.3,1957
195.3,1958
195.3,1958
195.3,1958
195.3,1958
195.3,1959
195.3,1959
195.3,1959
195.3,1959
195.3,1958
195.3,1959
195.3,1959
195.3,1959
195.3,1960
195.4,1960
195.4,1960
195.4,1960
195.4,1960
195.4,1960
195.4,1959
195.4,1959
195.4,1959
195.4,1958
195.4,1959
195.4,1959
195.4,1960
195.4,1960
195.4,1959
195.4,1960
195.4,1960
195.4,1959
195.4,1960
195.4,1960
195.4,1960
195.4,1960
195.5,1960
195.5,1960
195.5,1961
195.5,1961
195.5,1961
195.5,1961
195.5,1960
195.5,1961
195.5,1961
195.5,1962
195.5,1961
195.5,1961
195.5,1960
195.6,1960
195.6,1959
195.6,1958
195.6,1958
195.6,1959
195.6,1958
195.6,1959
195.6,1958
195.6,1957
195.6,1956
195.6,1956
195.6,1955
195.6,1956
195.6,1956
195.6,1955
195.7,1956
195.7,1956
195.7,1955
195.7,1954
195.7,1953
195.7,1954
195.7,1954
195.7,1955
195.7,1955
195.7,1954
195.7,1955
195.7,1956
195.7,1957
195.7,1958
195.7,1959
195.7,1958
195.8,1957
195.8,1958
195.8,1959
195.8,1959
195.8,1958
195.8,1959
195.8,1960
195.8,1959
195.8,1960
195.9,1960
195.9,1960
195.9,1961
195.9,1962
195.9,1962
195.9,1963
195.9,1962
195.9,1962
195.9,1961
195.9,1962
195.9,1963
195.9,1963
195.9,1962
195.9,1962
195.9,1962
195.9,1961
195.9,1960
195.9,1961
195.9,1961
196.0,1960
196.0,1961
196.0,1962
196.0,1961
196.0,1961
196.0,1962
196.0,1961
196.0,1962
196.0,1962
196.0,1962
196.0,1962
196.0,1963
196.1,1962
196.1,1961
196.1,1962
196.1,1963
196.1,1963
196.1,1964
196.1,1965
196.1,1964
196.1,1964
196.1,1964
196.1,1964
196.1,1963
196.1,1964
196.2,1964
196.2,1963
196.2,1963
196.2,1962
196.2,1962
196.2,1962
196.2,1962
196.2,1962
196.2,1963
196.2,1962
196.2,1962
196.2,1963
196.2,1963
196.3,1962
196.3,1962
196.3,1961
196.3,1961
196.3,1961
196.3,1961
196.3,1960
196.3,1959
196.3,1960
196.3,1959
196.4,1960
196.4,1961
196.4,1960
196.4,1961
196.4,1961
196.4,1960
196.4,1961
196.4,1961
196.4,1961
196.4,1961
196.4,1961
196.4,1962
196.4,1962
196.4,1961
196.4,1962
196.4,1963
196.5,1964
196.5,1964
196.5,1964
196.5,1965
196.5,1966
196.5,1966
196.5,1967
196.5,1966
196.5,1965
196.5,1965
196.5,1964
196.5,1964
196.5,1964
196.5,1965
196.5,1965
196.5,1964
196.5,1965
196.5,1965
196.5,1966
196.5,1965
196.5,1966
196.6,1967
196.6,1966
196.6,1967
196.6,1968
196.6,1967
196.6,1968
196.6,1968
196.6,1967
196.6,1966
196.6,1966
196.6,1966
196.6,1966
196.7,1966
196.7,1966
196.7,1966
196.7,1965
196.7,1964
196.7,1963
196.7,1964
196.7,1964
196.7,1963
196.7,1962
196.7,1962
196.7,1963
196.7,1964
196.7,1963
196.8,1963
196.8,1962
196.8,1963
196.8,1962
196.8,1963
196.8,1964
196.8,1963
196.8,1963
196.8,1964
196.8,1963
196.8,1964
196.8,1964
196.9,1965
196.9,1966
196.9,1966
196.9,1965
196.9,1966
196.9,1967
197.0,1968
197.0,1967
197.0,1966
197.0,1965
197.0,1965
197.0,1965
197.0,1965
197.0,1964
197.1,1964
197.1,1964
197.1,1963
197.1,1963
197.1,1963
197.1,1963
197.1,1962
197.1,1963
197.1,1962
197.1,1961
197.1,1962
197.2,1963
197.2,1962
197.2,1961
197.2,1962
197.2,1962
197.2,1961
197.2,1962
197.2,1963
197.2,1963
197.2,1964
197.2,1965
197.2,1965
197.2,1964
197.2,1965
197.2,1964
197.3,1963
197.3,1963
197.3,1963
197.3,1963
197.3,1962
197.3,1962
197.3,1963
197.3,1962
197.3,1963
197.3,1964
197.3,1963
197.3,1962
197.3,1963
197.3,1963
197.3,1963
197.4,1963
197.4,1963
197.4,1962
197.4,1962
197.4,1961
197.4,1960
197.5,1961
197.5,1961
197.5,1961
197.5,1962
197.5,1963
197.5,1962
197.5,1961
197.5,1961
197.5,1962
197.5,1961
197.5,1960
197.5,1960
197.5,1961
197.5,1962
197.5,1963
197.6,1962
197.6,1962
197.6,1961
197.6,1962
197.6,1963
197.6,1964
197.6,1963
197.6,1962
197.6,1962
197.6,1961
197.6,1961
197.6,1961
197.6,1962
197.6,1963
197.6,1962
197.6,1962
197.6,1962
197.6,1962
197.6,1961
197.6,1962
197.6,1963
197.6,1963
197.7,1963
197.7,1962
197.7,1962
197.7,1962
197.7,1961
197.7,1960
197.7,1961
197.7,1962
197.7,1962
197.7,1963
197.7,1963
197.7,1964
197.7,1963
197.7,1962
197.7,1961
197.7,1960
197.8,1960
197.8,1960
197.8,1961
197.8,1960
197.8,1959
197.8,1959
197.9,1959
197.9,1958
197.9,1959
197.9,1960
197.9,1960
197.9,1961
197.9,1962
197.9,1961
197.9,1962
197.9,1962
197.9,1962
197.9,1963
197.9,1964
197.9,1963
197.9,1964
197.9,1965
197.9,1966
197.9,1967
197.9,1967
198.0,1967
198.0,1966
198.0,1967
198.0,1968
198.0,1968
198.0,1969
198.0,1970
198.0,1971
198.0,1971
198.0,1970
198.0,1969
198.1,1968
198.1,1969
198.1,1970
198.1,1971
198.1,1972
198.1,1971
198.1,1970
198.1,1971
198.1,1970
198.1,1971
198.1,1970
198.2,1971
198.2,1972
198.2,1973
198.2,1972
198.2,1972
198.2,1971
198.2,1972
198.2,1971
198.2,1970
198.2,1971
198.2,1972
198.3,1973
198.3,1972
198.3,1973
198.3,1973
198.3,1972
198.3,1973
198.3,1974
198.3,1973
198.3,1973
198.3,1973
198.3,1973
198.3,1972
198.4,1972
198.4,1972
198.4,1971
198.4,1970
198.4,1971
198.4,1972
198.4,1972
198.4,1972
198.4,1971
198.5,1970
198.5,1971
198.5,1970
198.5,1970
198.5,1970
198.5,1970
198.5,1970
198.5,1969
198.5,1968
198.5,1968
198.5,1969
198.5,1968
198.5,1968
198.5,1967
198.6,1967
198.6,1967
198.6,1967
198.6,1968
198.6,1968
198.6,1967
198.6,1968
198.6,1969
198.6,1970
198.6,1971
198.6,1971
198.6,1970
198.6,1969
198.6,1968
198.6,1968
198.7,1969
198.7,1970
198.7,1971
198.7,1972
198.7,1972
198.7,1972
198.7,1971
198.7,1971
198.7,1971
198.7,1971
198.7,1972
198.7,1972
198.7,1972
198.7,1973
198.7,1972
198.7,1971
198.8,1972
198.8,1972
198.8,1971
198.8,1971
198.8,1971
198.8,1970
198.9,1971
198.9,1972
198.9,1972
198.9,1972
198.9,1971
198.9,1972
198.9,1973
198.9,1972
198.9,1971
198.9,1972
198.9,1971
198.9,1972
198.9,1971
198.9,1971
198.9,1970
199.0,1970
199.0,1970
199.0,1970
199.0,1971
199.0,1972
199.0,1972
199.0,1973
199.0,1973
199.0,1972
199.0,1973
199.0,1973
199.0,1973
199.0,1972
199.1,1971
199.1,1971
199.1,1972
199.1,1973
199.1,1973
199.1,1973
199.1,1974
199.1,1975
199.1,1974
199.2,1975
199.2,1976
199.2,1977
199.2,1978
199.2,1978
199.2,1977
199.2,1978
199.2,1977
199.2,1976
199.2,1977
199.2,1977
199.2,1976
199.2,1977
199.3,1976
199.3,1976
199.3,1975
199.3,1976
199.3,1976
199.3,1975
199.3,1975
199.3,1974
199.3,1974
199.3,1975
199.3,1976
199.3,1975
199.3,1975
199.3,1975
199.3,1975
199.4,1975
199.4,1974
199.4,1975
199.4,1975
199.4,1975
199.4,1975
199.4,1975
199.4,1975
199.4,1976
199.4,1976
199.4,1975
199.4,1974
199.4,1974
199.4,1973
199.4,1973
199.4,1974
199.4,1973
199.4,1973
199.5,1972
199.5,1972
199.5,1972
199.5,1973
199.5,1972
199.5,1971
199.5,1970
199.5,1971
199.5,1972
199.6,1973
199.6,1974
199.6,1975
199.6,1974
199.6,1974
199.6,1975
199.6,1975
199.6,1974
199.6,1975
199.6,1976
199.6,1976
199.6,1977
199.6,1976
199.6,1975
199.6,1974
199.6,1975
199.6,1974
199.6,1974
199.7,1973
199.7,1973
199.7,1973
199.7,1974
199.7,1975
199.7,1974
199.7,1973
199.7,1974
199.7,1974
199.7,1975
199.7,1976
199.7,1975
199.7,1974
199.7,1975
199.7,1976
199.7,1977
199.7,1978
199.7,1978
199.7,1978
199.7,1977
199.8,1977
199.8,1977
199.8,1977
199.8,1976
199.8,1976
199.8,1976
199.8,1976
199.8,1975
199.8,1975
199.8,1976
199.8,1977
199.8,1978
199.8,1979
199.8,1979
199.9,1980
199.9,1979
199.9,1980
199.9,1981
199.9,1982
199.9,1981
199.9,1982
199.9,1983
199.9,1984
199.9,1984
199.9,1985
199.9,1985
200.0,1984
200.0,1984
200.0,1985
200.0,1984
200.0,1984
Population finale: 1984
]]></system-out>
  </testcase>
</testsuite>