<?xml version="1.0" encoding="UTF-8"?>
<testsuite xmlns:xsi="http://www.w3.org/2001/XMLSchema-instance" xsi:noNamespaceSchemaLocation="https://maven.apache.org/surefire/maven-surefire-plugin/xsd/surefire-test-report-3.0.xsd" version="3.0" name="pedigree.FullRunSimulationTest" time="0.261" tests="1" errors="0" skipped="0" failures="0">
  <properties>
    <property name="java.specification.version" value="23"/>
    <property name="sun.jnu.encoding" value="UTF-8"/>
    <property name="java.class.path" value="/Users/arthur/Library/Mobile Documents/com~apple~CloudDocs/Cours/IFT 2015/IFT2015-D2/target/test-classes:/Users/arthur/Library/Mobile Documents/com~apple~CloudDocs/Cours/IFT 2015/IFT2015-D2/target/classes:/Users/arthur/.m2/repository/org/junit/jupiter/junit-jupiter/5.10.0/junit-jupiter-5.10.0.jar:/Users/arthur/.m2/repository/org/junit/jupiter/junit-jupiter-api/5.10.0/junit-jupiter-api-5.10.0.jar:/Users/arthur/.m2/repository/org/opentest4j/opentest4j/1.3.0/opentest4j-1.3.0.jar:/Users/arthur/.m2/repository/org/junit/platform/junit-platform-commons/1.10.0/junit-platform-commons-1.10.0.jar:/Users/arthur/.m2/repository/org/apiguardian/apiguardian-api/1.1.2/apiguardian-api-1.1.2.jar:/Users/arthur/.m2/repository/org/junit/jupiter/junit-jupiter-params/5.10.0/junit-jupiter-params-5.10.0.jar:/Users/arthur/.m2/repository/org/junit/jupiter/junit-jupiter-engine/5.10.0/junit-jupiter-engine-5.10.0.jar:/Users/arthur/.m2/repository/org/junit/platform/junit-platform-engine/1.10.0/junit-platform-engine-1.10.0.jar:"/>
    <property name="java.vm.vendor" value="Homebrew"/>
    <property name="sun.arch.data.model" value="64"/>
    <property name="java.vendor.url" value="https://github.com/Homebrew/homebrew-core/issues"/>
    <property name="os.name" value="Mac OS X"/>
    <property name="java.vm.specification.version" value="23"/>
    <property name="sun.java.launcher" value="SUN_STANDARD"/>
    <property name="user.country" value="CA"/>
    <property name="sun.boot.library.path" value="/opt/homebrew/Cellar/openjdk/23.0.2/libexec/openjdk.jdk/Contents/Home/lib"/>
    <property name="sun.java.command" value="/Users/arthur/Library/Mobile Documents/com~apple~CloudDocs/Cours/IFT 2015/IFT2015-D2/target/surefire/surefirebooter-20250707233008402_3.jar /Users/arthur/Library/Mobile Documents/com~apple~CloudDocs/Cours/IFT 2015/IFT2015-D2/target/surefire 2025-07-07T23-30-08_357-jvmRun1 surefire-20250707233008402_1tmp surefire_0-20250707233008402_2tmp"/>
    <property name="jdk.debug" value="release"/>
    <property name="surefire.test.class.path" value="/Users/arthur/Library/Mobile Documents/com~apple~CloudDocs/Cours/IFT 2015/IFT2015-D2/target/test-classes:/Users/arthur/Library/Mobile Documents/com~apple~CloudDocs/Cours/IFT 2015/IFT2015-D2/target/classes:/Users/arthur/.m2/repository/org/junit/jupiter/junit-jupiter/5.10.0/junit-jupiter-5.10.0.jar:/Users/arthur/.m2/repository/org/junit/jupiter/junit-jupiter-api/5.10.0/junit-jupiter-api-5.10.0.jar:/Users/arthur/.m2/repository/org/opentest4j/opentest4j/1.3.0/opentest4j-1.3.0.jar:/Users/arthur/.m2/repository/org/junit/platform/junit-platform-commons/1.10.0/junit-platform-commons-1.10.0.jar:/Users/arthur/.m2/repository/org/apiguardian/apiguardian-api/1.1.2/apiguardian-api-1.1.2.jar:/Users/arthur/.m2/repository/org/junit/jupiter/junit-jupiter-params/5.10.0/junit-jupiter-params-5.10.0.jar:/Users/arthur/.m2/repository/org/junit/jupiter/junit-jupiter-engine/5.10.0/junit-jupiter-engine-5.10.0.jar:/Users/arthur/.m2/repository/org/junit/platform/junit-platform-engine/1.10.0/junit-platform-engine-1.10.0.jar:"/>
    <property name="sun.cpu.endian" value="little"/>
    <property name="user.home" value="/Users/arthur"/>
    <property name="user.language" value="en"/>
    <property name="java.specification.vendor" value="Oracle Corporation"/>
    <property name="java.version.date" value="2025-01-21"/>
    <property name="java.home" value="/opt/homebrew/Cellar/openjdk/23.0.2/libexec/openjdk.jdk/Contents/Home"/>
    <property name="file.separator" value="/"/>
    <property name="basedir" value="/Users/arthur/Library/Mobile Documents/com~apple~CloudDocs/Cours/IFT 2015/IFT2015-D2"/>
    <property name="java.vm.compressedOopsMode" value="Zero based"/>
    <property name="line.separator" value="&#10;"/>
    <property name="java.specification.name" value="Java Platform API Specification"/>
    <property name="java.vm.specification.vendor" value="Oracle Corporation"/>
    <property name="apple.awt.application.name" value="ForkedBooter"/>
    <property name="surefire.real.class.path" value="/Users/arthur/Library/Mobile Documents/com~apple~CloudDocs/Cours/IFT 2015/IFT2015-D2/target/surefire/surefirebooter-20250707233008402_3.jar"/>
    <property name="sun.management.compiler" value="HotSpot 64-Bit Tiered Compilers"/>
    <property name="java.runtime.version" value="23.0.2"/>
    <property name="user.name" value="arthur"/>
    <property name="stdout.encoding" value="UTF-8"/>
    <property name="path.separator" value=":"/>
    <property name="os.version" value="15.5"/>
    <property name="java.runtime.name" value="OpenJDK Runtime Environment"/>
    <property name="file.encoding" value="UTF-8"/>
    <property name="java.vm.name" value="OpenJDK 64-Bit Server VM"/>
    <property name="java.vendor.version" value="Homebrew"/>
    <property name="localRepository" value="/Users/arthur/.m2/repository"/>
    <property name="java.vendor.url.bug" value="https://github.com/Homebrew/homebrew-core/issues"/>
    <property name="java.io.tmpdir" value="/var/folders/3d/px25gn9n1cg8clmw10nxnsg00000gn/T/"/>
    <property name="java.version" value="23.0.2"/>
    <property name="user.dir" value="/Users/arthur/Library/Mobile Documents/com~apple~CloudDocs/Cours/IFT 2015/IFT2015-D2"/>
    <property name="os.arch" value="aarch64"/>
    <property name="java.vm.specification.name" value="Java Virtual Machine Specification"/>
    <property name="native.encoding" value="UTF-8"/>
    <property name="java.library.path" value="/Users/arthur/Library/Java/Extensions:/Library/Java/Extensions:/Network/Library/Java/Extensions:/System/Library/Java/Extensions:/usr/lib/java:."/>
    <property name="java.vm.info" value="mixed mode, sharing"/>
    <property name="stderr.encoding" value="UTF-8"/>
    <property name="java.vendor" value="Homebrew"/>
    <property name="java.vm.version" value="23.0.2"/>
    <property name="sun.io.unicode.encoding" value="UnicodeBig"/>
    <property name="java.class.version" value="67.0"/>
  </properties>
  <testcase name="testEventLoopRunsSmoothly" classname="pedigree.FullRunSimulationTest" time="0.259">
    <system-out><![CDATA[time,population
0.0,999
0.1,998
0.1,997
0.2,996
0.4,995
0.5,994
0.6,993
0.9,992
1.1,991
1.3,990
1.3,989
1.5,988
1.5,987
1.6,986
1.6,985
1.7,984
1.7,983
1.7,982
1.8,981
1.9,980
1.9,979
2.0,978
2.1,977
2.1,976
2.2,975
2.2,974
2.4,973
2.4,972
2.4,971
2.5,970
2.5,969
2.6,968
2.7,967
2.7,966
2.7,965
2.8,964
2.9,963
3.0,962
3.0,961
3.0,960
3.0,959
3.1,958
3.3,957
3.9,956
3.9,955
3.9,954
4.0,953
4.1,952
4.4,951
4.6,950
4.8,949
4.9,948
5.0,947
5.0,946
5.2,945
5.2,944
5.3,943
5.6,942
5.6,941
5.6,940
5.8,939
6.1,938
6.2,937
6.2,936
6.4,935
6.5,934
6.7,933
6.7,932
6.7,931
6.8,930
7.0,929
7.3,928
7.8,927
7.8,926
7.8,925
7.9,924
8.3,923
8.4,922
8.4,921
8.4,920
8.7,919
8.7,918
8.7,917
8.9,916
9.1,915
9.2,914
9.2,913
9.3,912
9.3,911
9.4,910
9.5,909
9.6,908
9.7,907
10.0,906
10.0,905
10.1,904
10.4,903
10.6,902
10.7,901
10.7,900
10.8,899
10.9,898
11.0,897
11.0,896
11.2,895
11.3,894
11.4,893
11.4,892
11.4,891
11.6,890
11.8,889
11.8,888
11.9,887
11.9,886
12.1,885
12.2,884
12.2,883
12.4,882
12.4,881
12.7,880
12.8,879
12.9,878
12.9,877
12.9,876
13.0,875
13.0,874
13.3,873
13.4,872
13.4,871
13.8,870
14.2,869
14.2,868
14.3,867
14.3,866
14.3,865
14.4,864
14.4,863
14.5,862
14.6,861
14.8,860
14.8,859
14.9,858
15.0,857
15.3,856
15.3,855
15.4,854
15.4,853
15.5,852
15.5,851
15.6,850
15.6,849
15.8,848
15.8,847
15.9,846
16.0,846
16.0,846
16.0,846
16.0,846
16.0,846
16.0,846
16.0,846
16.0,846
16.0,846
16.0,846
16.0,846
16.0,846
16.0,846
16.0,846
16.0,846
16.0,846
16.0,846
16.0,846
16.0,846
16.0,846
16.0,846
16.0,846
16.0,846
16.0,846
16.0,846
16.0,846
16.0,846
16.0,846
16.0,846
16.0,846
16.0,846
16.0,846
16.0,846
16.0,846
16.0,846
16.0,846
16.0,846
16.0,846
16.0,846
16.0,846
16.0,846
16.0,846
16.0,846
16.0,846
16.0,846
16.0,846
16.0,846
16.0,846
16.0,846
16.0,846
16.0,846
16.0,846
16.0,846
16.0,846
16.0,846
16.0,846
16.0,846
16.0,846
16.0,846
16.0,846
16.0,846
16.0,846
16.0,846
16.0,846
16.0,846
16.0,846
16.0,846
16.0,846
16.0,846
16.0,846
16.0,846
16.0,846
16.0,846
16.0,846
16.0,846
16.0,846
16.0,846
16.0,846
16.0,846
16.0,846
16.0,846
16.0,846
16.0,846
16.0,846
16.0,846
16.0,846
16.0,846
16.0,846
16.0,846
16.0,846
16.0,846
16.0,846
16.0,846
16.0,846
16.0,846
16.0,846
16.0,846
16.0,846
16.0,846
16.0,846
16.0,846
16.0,846
16.0,846
16.0,846
16.0,846
16.0,846
16.0,846
16.0,846
16.0,846
16.0,846
16.0,846
16.0,846
16.0,846
16.0,846
16.0,846
16.0,846
16.0,846
16.0,846
16.0,846
16.0,846
16.0,846
16.0,846
16.0,846
16.0,846
16.0,846
16.0,846
16.0,846
16.0,846
16.0,846
16.0,846
16.0,846
16.0,846
16.0,846
16.0,846
16.0,846
16.0,846
16.0,846
16.0,846
16.0,846
16.0,846
16.0,846
16.0,846
16.0,846
16.0,846
16.0,846
16.0,846
16.0,846
16.0,846
16.0,846
16.0,846
16.0,846
16.0,846
16.0,846
16.0,846
16.0,846
16.0,846
16.0,846
16.0,846
16.0,846
16.0,846
16.0,846
16.0,846
16.0,846
16.0,846
16.0,846
16.0,846
16.0,846
16.0,846
16.0,846
16.0,846
16.0,846
16.0,846
16.0,846
16.0,846
16.0,846
16.0,846
16.0,846
16.0,846
16.0,846
16.0,846
16.0,846
16.0,846
16.0,846
16.0,846
16.0,846
16.0,846
16.0,846
16.0,846
16.0,846
16.0,846
16.0,846
16.0,846
16.0,846
16.0,846
16.0,846
16.0,846
16.0,846
16.0,846
16.0,846
16.0,846
16.0,846
16.0,846
16.0,846
16.0,846
16.0,846
16.0,846
16.0,846
16.0,846
16.0,846
16.0,846
16.0,846
16.0,846
16.0,846
16.0,846
16.0,846
16.0,846
16.0,846
16.0,846
16.0,846
16.0,846
16.0,846
16.0,846
16.0,846
16.0,846
16.0,846
16.0,846
16.0,846
16.0,846
16.0,846
16.0,846
16.0,846
16.0,846
16.0,846
16.0,846
16.0,846
16.0,846
16.0,846
16.0,846
16.0,846
16.0,846
16.0,846
16.0,846
16.0,846
16.0,846
16.0,846
16.0,846
16.0,846
16.0,846
16.0,846
16.0,846
16.0,846
16.0,846
16.0,846
16.0,846
16.0,846
16.0,846
16.0,846
16.0,846
16.0,846
16.0,846
16.0,846
16.0,846
16.0,846
16.0,846
16.0,846
16.0,846
16.0,846
16.0,846
16.0,846
16.0,846
16.0,846
16.0,846
16.0,846
16.0,846
16.0,846
16.0,846
16.0,846
16.0,846
16.0,846
16.0,846
16.0,846
16.0,846
16.0,846
16.0,846
16.0,846
16.0,846
16.0,846
16.0,846
16.0,846
16.0,846
16.0,846
16.0,846
16.0,846
16.0,846
16.0,846
16.0,846
16.0,846
16.0,846
16.0,846
16.0,846
16.0,846
16.0,846
16.0,846
16.0,846
16.0,846
16.0,846
16.0,846
16.0,846
16.0,846
16.0,846
16.0,846
16.0,846
16.0,846
16.0,846
16.0,846
16.0,846
16.0,846
16.0,846
16.0,846
16.0,846
16.0,846
16.0,846
16.0,846
16.0,846
16.0,846
16.0,846
16.0,846
16.0,846
16.0,846
16.0,846
16.0,846
16.0,846
16.0,846
16.0,846
16.0,846
16.0,846
16.0,846
16.0,846
16.0,846
16.0,846
16.0,846
16.0,846
16.0,846
16.0,846
16.0,846
16.0,846
16.0,846
16.0,846
16.0,846
16.0,846
16.0,846
16.0,846
16.0,846
16.0,846
16.0,846
16.0,846
16.0,846
16.0,846
16.0,846
16.0,846
16.0,846
16.0,846
16.0,846
16.0,846
16.0,846
16.0,846
16.0,846
16.0,846
16.0,846
16.0,846
16.0,846
16.0,846
16.0,846
16.0,846
16.0,846
16.0,846
16.0,846
16.0,846
16.0,846
16.0,846
16.0,846
16.0,846
16.0,846
16.0,846
16.0,846
16.0,846
16.0,846
16.0,846
16.0,846
16.0,846
16.0,846
16.0,846
16.0,846
16.0,846
16.0,846
16.0,846
16.0,846
16.0,846
16.0,846
16.0,846
16.0,846
16.0,846
16.0,846
16.0,846
16.0,846
16.0,846
16.0,846
16.0,846
16.0,846
16.0,846
16.0,846
16.0,846
16.0,846
16.0,846
16.0,846
16.0,846
16.0,846
16.0,846
16.0,846
16.0,846
16.0,846
16.0,846
16.0,846
16.0,846
16.0,846
16.0,846
16.0,846
16.0,846
16.0,846
16.0,846
16.0,846
16.0,846
16.0,846
16.0,846
16.0,846
16.0,846
16.0,846
16.0,846
16.0,846
16.0,846
16.0,846
16.0,846
16.0,846
16.0,846
16.0,846
16.0,846
16.0,846
16.0,846
16.0,846
16.0,846
16.0,846
16.0,846
16.0,846
16.0,846
16.0,846
16.0,846
16.0,846
16.0,846
16.0,846
16.0,846
16.0,846
16.0,846
16.0,846
16.0,846
16.0,846
16.0,846
16.0,846
16.0,846
16.0,846
16.0,846
16.0,846
16.0,846
16.0,846
16.0,846
16.0,846
16.0,846
16.0,846
16.0,846
16.0,846
16.0,846
16.0,846
16.0,846
16.0,846
16.0,846
16.0,846
16.0,846
16.0,846
16.0,846
16.0,846
16.0,846
16.0,846
16.0,846
16.0,846
16.0,846
16.0,846
16.0,846
16.0,846
16.0,846
16.0,847
16.0,846
16.1,847
16.1,848
16.1,848
16.1,849
16.1,850
16.1,851
16.1,852
16.1,853
16.1,854
16.1,855
16.1,855
16.1,856
16.2,857
16.2,858
16.2,858
16.2,859
16.2,860
16.2,861
16.2,860
16.3,861
16.3,862
16.3,863
16.3,864
16.3,865
16.3,864
16.3,865
16.4,864
16.4,865
16.4,866
16.4,867
16.4,867
16.4,867
16.5,868
16.5,869
16.5,870
16.5,870
16.5,871
16.5,872
16.5,873
16.5,873
16.5,874
16.5,873
16.6,874
16.6,874
16.6,873
16.6,874
16.7,875
16.7,876
16.7,876
16.7,877
16.7,876
16.7,877
16.7,877
16.7,878
16.7,879
16.8,880
16.8,881
16.8,882
16.8,883
16.8,883
16.8,883
16.9,884
16.9,885
16.9,886
16.9,885
16.9,885
16.9,886
16.9,885
17.0,886
17.0,887
17.0,888
17.0,889
17.0,890
17.0,891
17.0,892
17.0,891
17.0,891
17.0,892
17.0,891
17.0,891
17.1,891
17.1,892
17.1,893
17.1,894
17.1,895
17.2,895
17.2,896
17.2,897
17.2,898
17.3,899
17.3,899
17.3,900
17.4,901
17.5,901
17.5,902
17.5,903
17.6,902
17.6,903
17.6,903
17.6,904
17.6,905
17.6,906
17.6,907
17.7,908
17.7,909
17.7,908
17.7,909
17.7,908
17.7,909
17.8,910
17.8,911
17.8,912
17.8,913
17.8,913
17.8,914
17.8,915
17.8,916
17.9,916
17.9,917
17.9,918
18.0,919
18.0,920
18.0,921
18.0,921
18.0,922
18.0,923
18.0,924
18.1,925
18.1,926
18.1,927
18.1,928
18.1,929
18.1,930
18.1,931
18.2,930
18.2,931
18.2,932
18.2,933
18.2,934
18.2,935
18.2,934
18.3,934
18.3,935
18.3,936
18.3,937
18.3,937
18.4,938
18.4,939
18.4,938
18.4,938
18.4,937
18.4,938
18.5,939
18.5,940
18.5,941
18.5,940
18.5,941
18.5,942
18.5,942
18.6,943
18.6,943
18.6,944
18.6,945
18.6,946
18.6,947
18.6,948
18.6,949
18.6,950
18.6,951
18.6,952
18.6,953
18.7,954
18.7,954
18.7,955
18.7,956
18.8,956
18.8,955
18.8,956
18.8,957
18.8,956
18.8,957
18.8,958
18.9,959
18.9,960
18.9,961
18.9,960
18.9,960
19.0,961
19.0,960
19.0,961
19.0,962
19.0,963
19.0,963
19.0,964
19.0,963
19.1,964
19.1,965
19.1,966
19.1,966
19.1,967
19.2,968
19.2,969
19.2,968
19.3,969
19.3,970
19.3,971
19.3,972
19.3,973
19.4,974
19.4,975
19.4,976
19.4,977
19.4,978
19.4,978
19.4,977
19.5,978
19.5,979
19.6,980
19.6,981
19.6,980
19.6,980
19.6,979
19.6,979
19.7,979
19.7,980
19.7,981
19.7,982
19.7,981
19.7,982
19.8,983
19.8,984
19.8,985
19.9,986
19.9,987
19.9,988
19.9,987
19.9,988
19.9,987
19.9,988
19.9,989
19.9,990
20.0,989
20.0,990
20.0,991
20.0,991
20.0,992
20.0,993
20.0,994
20.0,995
20.0,996
20.0,997
20.0,996
20.0,997
20.1,998
20.1,997
20.1,998
20.1,997
20.1,998
20.1,997
20.1,998
20.2,998
20.2,999
20.2,1000
20.2,999
20.2,1000
20.2,1001
20.2,1002
20.2,1003
20.3,1004
20.3,1005
20.3,1006
20.3,1007
20.4,1008
20.4,1009
20.4,1010
20.4,1009
20.4,1008
20.4,1009
20.4,1010
20.5,1009
20.5,1010
20.5,1011
20.5,1011
20.5,1012
20.6,1011
20.6,1011
20.6,1012
20.6,1013
20.6,1014
20.6,1015
20.6,1014
20.6,1014
20.7,1015
20.7,1016
20.7,1017
20.7,1017
20.7,1017
20.7,1018
20.7,1019
20.7,1019
20.7,1020
20.8,1021
20.8,1021
20.8,1020
20.8,1021
20.8,1022
20.8,1023
20.8,1022
20.8,1023
20.9,1023
20.9,1024
20.9,1025
20.9,1026
20.9,1027
21.0,1028
21.0,1029
21.0,1030
21.0,1029
21.0,1030
21.0,1031
21.0,1030
21.1,1031
21.1,1032
21.1,1033
21.1,1033
21.1,1034
21.1,1033
21.1,1034
21.2,1035
21.2,1034
21.2,1033
21.2,1034
21.2,1035
21.3,1035
21.3,1036
21.3,1036
21.3,1035
21.3,1034
21.4,1035
21.4,1036
21.4,1036
21.4,1036
21.4,1037
21.5,1038
21.5,1039
21.5,1040
21.6,1040
21.6,1041
21.6,1042
21.6,1042
21.6,1043
21.6,1044
21.6,1043
21.6,1044
21.7,1045
21.8,1046
21.8,1047
21.9,1046
21.9,1047
21.9,1048
21.9,1048
21.9,1047
22.0,1048
22.0,1049
22.0,1050
22.0,1051
22.0,1052
22.0,1053
22.0,1052
22.1,1053
22.1,1054
22.1,1055
22.1,1056
22.1,1057
22.1,1057
22.1,1058
22.2,1059
22.2,1058
22.2,1059
22.2,1060
22.2,1061
22.3,1062
22.3,1063
22.3,1063
22.3,1063
22.3,1064
22.3,1064
22.3,1065
22.4,1066
22.4,1067
22.4,1068
22.4,1067
22.4,1066
22.4,1065
22.4,1066
22.4,1067
22.4,1066
22.5,1067
22.5,1068
22.5,1069
22.5,1070
22.5,1071
22.5,1072
22.5,1073
22.5,1072
22.6,1071
22.6,1072
22.6,1071
22.6,1072
22.7,1073
22.7,1073
22.7,1074
22.7,1074
22.7,1073
22.7,1074
22.7,1073
22.7,1074
22.7,1075
22.7,1076
22.7,1075
22.7,1074
22.8,1075
22.8,1074
22.8,1075
22.9,1074
22.9,1075
22.9,1076
22.9,1077
22.9,1078
22.9,1077
23.0,1078
23.0,1079
23.1,1078
23.1,1077
23.1,1078
23.1,1079
23.2,1078
23.2,1079
23.3,1080
23.3,1081
23.3,1080
23.3,1081
23.3,1080
23.3,1081
23.3,1082
23.4,1083
23.4,1083
23.4,1084
23.4,1085
23.4,1086
23.4,1087
23.4,1088
23.4,1089
23.4,1090
23.4,1091
23.4,1092
23.4,1093
23.5,1094
23.5,1093
23.5,1094
23.5,1095
23.5,1096
23.6,1097
23.6,1098
23.6,1099
23.6,1100
23.6,1101
23.7,1100
23.7,1101
23.7,1100
23.7,1100
23.7,1101
23.7,1102
23.8,1101
23.8,1100
23.8,1101
23.8,1102
23.8,1101
23.8,1100
23.8,1101
23.9,1102
23.9,1103
23.9,1102
23.9,1103
24.0,1102
24.0,1103
24.0,1102
24.1,1103
24.1,1102
24.1,1103
24.1,1102
24.1,1103
24.1,1104
24.1,1105
24.1,1106
24.1,1107
24.1,1106
24.1,1105
24.1,1106
24.2,1105
24.2,1106
24.2,1105
24.3,1106
24.3,1105
24.3,1104
24.3,1105
24.3,1106
24.3,1107
24.3,1106
24.4,1106
24.4,1107
24.4,1108
24.4,1109
24.4,1110
24.5,1111
24.5,1110
24.5,1111
24.5,1111
24.5,1112
24.5,1111
24.5,1112
24.5,1113
24.5,1112
24.6,1113
24.6,1113
24.6,1114
24.6,1115
24.6,1116
24.6,1117
24.6,1118
24.6,1119
24.6,1120
24.6,1119
24.7,1120
24.7,1121
24.7,1120
24.7,1121
24.7,1122
24.7,1123
24.7,1124
24.7,1123
24.7,1124
24.8,1123
24.8,1124
24.8,1125
24.8,1126
24.8,1127
24.8,1127
24.8,1128
24.8,1129
24.8,1130
24.8,1131
24.9,1132
24.9,1131
24.9,1131
25.0,1132
25.0,1133
25.0,1134
25.0,1135
25.0,1136
25.0,1137
25.0,1138
25.0,1137
25.1,1138
25.1,1139
25.1,1140
25.1,1141
25.1,1142
25.1,1143
25.2,1144
25.2,1143
25.2,1144
25.2,1145
25.2,1146
25.3,1147
25.3,1147
25.3,1148
25.3,1149
25.4,1150
25.4,1151
25.4,1150
25.4,1151
25.4,1152
25.4,1153
25.4,1152
25.5,1153
25.5,1154
25.6,1155
25.6,1154
25.6,1155
25.6,1156
25.6,1157
25.6,1156
25.6,1157
25.7,1158
25.7,1159
25.7,1158
25.8,1159
25.8,1158
25.8,1159
25.8,1160
25.8,1160
25.9,1159
25.9,1160
25.9,1160
25.9,1159
26.0,1159
26.0,1160
26.0,1161
26.0,1162
26.0,1163
26.0,1164
26.0,1165
26.1,1165
26.1,1164
26.1,1165
26.1,1164
26.1,1165
26.1,1166
26.1,1167
26.1,1168
26.2,1169
26.2,1170
26.2,1170
26.3,1169
26.3,1170
26.3,1171
26.3,1170
26.3,1171
26.4,1172
26.4,1173
26.4,1174
26.4,1175
26.4,1176
26.4,1177
26.5,1178
26.5,1179
26.5,1178
26.5,1179
26.5,1180
26.5,1181
26.5,1182
26.5,1181
26.6,1180
26.6,1181
26.6,1182
26.7,1181
26.7,1182
26.7,1181
26.7,1182
26.7,1183
26.7,1184
26.7,1183
26.8,1184
26.8,1185
26.8,1186
26.8,1187
26.8,1188
26.8,1189
26.8,1188
26.8,1189
26.9,1190
26.9,1191
26.9,1190
26.9,1191
27.0,1192
27.0,1193
27.0,1192
27.0,1193
27.0,1194
27.0,1193
27.0,1193
27.0,1194
27.1,1195
27.1,1196
27.1,1197
27.1,1196
27.1,1197
27.1,1198
27.1,1199
27.2,1200
27.2,1200
27.2,1201
27.2,1202
27.3,1201
27.3,1202
27.3,1203
27.3,1204
27.3,1204
27.3,1203
27.4,1204
27.5,1204
27.5,1203
27.5,1202
27.5,1203
27.5,1204
27.6,1205
27.6,1204
27.6,1205
27.6,1204
27.6,1204
27.6,1205
27.6,1206
27.6,1207
27.6,1208
27.6,1207
27.6,1208
27.7,1209
27.7,1210
27.7,1211
27.7,1210
27.8,1209
27.8,1208
27.8,1209
27.8,1208
27.8,1208
27.8,1207
27.8,1206
27.8,1205
27.8,1204
27.8,1205
27.8,1206
27.8,1205
27.9,1206
27.9,1207
27.9,1208
27.9,1207
27.9,1208
28.0,1208
28.0,1209
28.0,1210
28.0,1209
28.0,1208
28.1,1209
28.1,1210
28.1,1211
28.1,1212
28.1,1213
28.1,1214
28.1,1215
28.2,1216
28.2,1217
28.2,1218
28.2,1219
28.2,1218
28.2,1219
28.2,1220
28.2,1219
28.2,1220
28.2,1221
28.2,1222
28.2,1223
28.3,1224
28.3,1224
28.3,1225
28.3,1226
28.3,1227
28.3,1228
28.3,1229
28.4,1230
28.4,1231
28.4,1232
28.4,1233
28.4,1234
28.5,1235
28.5,1236
28.5,1237
28.5,1236
28.5,1237
28.5,1238
28.5,1239
28.6,1238
28.6,1239
28.6,1240
28.6,1241
28.6,1242
28.6,1243
28.6,1242
28.7,1243
28.7,1244
28.7,1245
28.7,1244
28.8,1243
28.8,1244
28.8,1245
28.8,1244
28.9,1245
28.9,1246
28.9,1247
28.9,1248
28.9,1249
28.9,1248
28.9,1249
28.9,1250
28.9,1250
29.0,1249
29.0,1250
29.0,1251
29.0,1250
29.0,1251
29.0,1252
29.1,1252
29.1,1252
29.1,1251
29.1,1252
29.1,1253
29.1,1254
29.1,1255
29.2,1254
29.2,1255
29.2,1256
29.2,1256
29.2,1255
29.2,1256
29.3,1255
29.3,1256
29.3,1257
29.3,1257
29.3,1258
29.4,1257
29.4,1258
29.4,1259
29.4,1258
29.4,1258
29.4,1257
29.4,1258
29.4,1259
29.5,1260
29.5,1261
29.5,1262
29.5,1261
29.5,1262
29.5,1261
29.6,1262
29.6,1263
29.6,1264
29.6,1263
29.6,1262
29.6,1263
29.6,1264
29.7,1265
29.7,1266
29.7,1265
29.7,1266
29.8,1267
29.8,1268
29.8,1269
29.8,1270
29.9,1269
29.9,1270
29.9,1269
29.9,1270
30.0,1271
30.0,1272
30.0,1273
30.0,1274
30.1,1275
30.1,1276
30.1,1277
30.2,1276
30.2,1275
30.2,1275
30.2,1276
30.2,1277
30.2,1278
30.2,1279
30.2,1280
30.3,1281
30.3,1282
30.3,1281
30.3,1282
30.3,1281
30.4,1282
30.4,1282
30.4,1283
30.4,1284
30.4,1285
30.4,1286
30.5,1287
30.5,1288
30.5,1289
30.5,1288
30.5,1289
30.5,1290
30.6,1291
30.6,1292
30.6,1293
30.6,1294
30.6,1295
30.7,1294
30.7,1295
30.7,1296
30.7,1297
30.7,1296
30.7,1297
30.7,1296
30.8,1297
30.8,1298
30.8,1298
30.8,1299
30.8,1298
30.8,1299
30.8,1300
30.8,1299
30.8,1298
30.8,1299
30.8,1300
30.9,1301
30.9,1302
30.9,1303
30.9,1304
30.9,1304
31.0,1305
31.0,1304
31.0,1304
31.1,1305
31.1,1304
31.1,1305
31.1,1306
31.2,1307
31.2,1308
31.2,1309
31.2,1310
31.3,1311
31.3,1312
31.3,1311
31.3,1312
31.4,1311
31.4,1310
31.4,1311
31.4,1310
31.4,1309
31.4,1310
31.5,1311
31.5,1310
31.5,1311
31.5,1312
31.5,1312
31.5,1311
31.6,1312
31.6,1313
31.6,1312
31.6,1313
31.6,1312
31.6,1313
31.6,1314
31.6,1315
31.7,1316
31.7,1317
31.8,1318
31.8,1319
31.8,1320
31.8,1321
31.9,1320
31.9,1321
31.9,1322
31.9,1321
31.9,1322
31.9,1323
31.9,1324
31.9,1325
31.9,1325
31.9,1326
31.9,1327
32.0,1326
32.0,1327
32.0,1326
32.0,1325
32.0,1326
32.0,1327
32.0,1327
32.0,1328
32.0,1329
32.0,1330
32.1,1331
32.1,1332
32.1,1333
32.1,1333
32.1,1332
32.1,1333
32.1,1333
32.1,1334
32.1,1335
32.1,1334
32.1,1335
32.1,1335
32.2,1335
32.2,1335
32.2,1336
32.2,1337
32.2,1338
32.2,1337
32.2,1338
32.2,1338
32.3,1338
32.3,1338
32.3,1339
32.3,1340
32.3,1339
32.3,1340
32.3,1339
32.3,1340
32.4,1340
32.4,1341
32.4,1341
32.4,1342
32.4,1343
32.4,1344
32.5,1345
32.5,1345
32.5,1346
32.5,1346
32.5,1346
32.5,1347
32.5,1348
32.5,1349
32.5,1350
32.5,1351
32.5,1352
32.5,1351
32.6,1352
32.6,1353
32.6,1352
32.6,1351
32.6,1352
32.6,1353
32.7,1354
32.7,1355
32.7,1356
32.7,1357
32.7,1358
32.7,1359
32.8,1358
32.8,1358
32.9,1357
32.9,1358
32.9,1358
32.9,1359
32.9,1360
32.9,1361
32.9,1362
32.9,1363
32.9,1364
33.0,1364
33.0,1363
33.0,1364
33.0,1365
33.0,1365
33.0,1365
33.0,1366
33.0,1367
33.0,1368
33.1,1369
33.1,1369
33.1,1370
33.1,1370
33.1,1370
33.1,1369
33.1,1370
33.1,1369
33.1,1368
33.2,1369
33.2,1368
33.2,1367
33.2,1368
33.2,1369
33.2,1368
33.2,1369
33.2,1370
33.3,1371
33.3,1372
33.3,1373
33.3,1373
33.3,1374
33.3,1375
33.4,1376
33.4,1377
33.4,1378
33.4,1377
33.4,1376
33.4,1377
33.4,1376
33.4,1377
33.4,1378
33.4,1377
33.4,1378
33.4,1379
33.4,1380
33.5,1381
33.5,1381
33.5,1382
33.5,1383
33.5,1383
33.5,1384
33.6,1383
33.6,1384
33.6,1383
33.6,1383
33.6,1383
33.6,1383
33.6,1383
33.6,1384
33.7,1384
33.7,1383
33.7,1384
33.7,1385
33.7,1386
33.7,1387
33.7,1386
33.7,1387
33.7,1387
33.7,1387
33.7,1387
33.7,1388
33.7,1389
33.8,1388
33.8,1388
33.8,1387
33.8,1387
33.8,1386
33.8,1385
33.8,1384
33.8,1383
33.8,1384
33.8,1384
33.8,1384
33.8,1383
33.8,1384
33.8,1384
33.9,1384
33.9,1383
33.9,1384
33.9,1385
33.9,1386
33.9,1387
33.9,1388
34.0,1389
34.0,1389
34.0,1390
34.0,1391
34.0,1392
34.0,1392
34.0,1391
34.0,1392
34.1,1392
34.1,1392
34.1,1392
34.1,1393
34.1,1392
34.1,1393
34.1,1393
34.1,1392
34.1,1393
34.2,1393
34.2,1393
34.2,1392
34.2,1392
34.2,1393
34.2,1394
34.2,1395
34.2,1395
34.2,1396
34.2,1397
34.3,1396
34.3,1395
34.3,1396
34.3,1397
34.3,1398
34.3,1399
34.4,1400
34.4,1399
34.4,1400
34.4,1400
34.4,1401
34.4,1402
34.4,1403
34.5,1404
34.5,1404
34.5,1405
34.5,1406
34.5,1407
34.5,1408
34.5,1408
34.5,1409
34.5,1409
34.5,1408
34.5,1408
34.6,1409
34.6,1410
34.6,1410
34.6,1411
34.6,1411
34.6,1411
34.6,1412
34.6,1411
34.6,1412
34.6,1412
34.7,1413
34.7,1413
34.7,1412
34.7,1413
34.7,1414
34.7,1415
34.7,1416
34.7,1416
34.7,1417
34.7,1416
34.7,1417
34.7,1418
34.8,1419
34.8,1418
34.8,1419
34.8,1420
34.8,1419
34.8,1419
34.9,1420
34.9,1421
34.9,1422
34.9,1423
34.9,1424
35.0,1424
35.0,1425
35.0,1426
35.0,1427
35.0,1427
35.0,1427
35.0,1428
35.0,1427
35.0,1427
35.0,1428
35.0,1429
35.1,1430
35.1,1430
35.1,1429
35.1,1430
35.1,1431
35.1,1432
35.1,1432
35.2,1433
35.2,1434
35.2,1433
35.2,1433
35.2,1433
35.2,1434
35.2,1434
35.3,1435
35.3,1436
35.3,1436
35.3,1437
35.3,1438
35.3,1438
35.3,1437
35.4,1437
35.4,1438
35.4,1437
35.4,1438
35.4,1439
35.4,1440
35.4,1440
35.4,1440
35.4,1441
35.4,1442
35.4,1443
35.4,1444
35.5,1444
35.5,1444
35.6,1443
35.6,1444
35.6,1443
35.6,1444
35.6,1444
35.6,1443
35.6,1442
35.7,1443
35.7,1444
35.7,1445
35.7,1446
35.7,1447
35.7,1448
35.7,1448
35.7,1449
35.7,1449
35.7,1450
35.7,1450
35.7,1451
35.7,1450
35.8,1450
35.8,1451
35.8,1452
35.8,1453
35.8,1452
35.8,1453
35.9,1453
35.9,1454
35.9,1454
35.9,1455
35.9,1456
35.9,1457
35.9,1456
35.9,1456
35.9,1456
36.0,1456
36.0,1456
36.0,1456
36.0,1455
36.0,1456
36.0,1455
36.0,1456
36.0,1457
36.0,1457
36.1,1458
36.1,1457
36.1,1457
36.1,1456
36.1,1457
36.1,1458
36.1,1459
36.1,1458
36.1,1459
36.1,1459
36.1,1460
36.1,1460
36.2,1461
36.2,1462
36.2,1463
36.2,1463
36.2,1464
36.2,1464
36.2,1463
36.2,1464
36.2,1464
36.2,1464
36.2,1464
36.3,1463
36.3,1464
36.3,1463
36.3,1464
36.3,1464
36.3,1463
36.3,1464
36.3,1465
36.3,1466
36.4,1467
36.4,1466
36.4,1467
36.4,1467
36.4,1466
36.4,1465
36.4,1466
36.4,1466
36.5,1465
36.5,1466
36.5,1466
36.6,1467
36.6,1468
36.6,1469
36.6,1468
36.6,1468
36.6,1469
36.6,1468
36.6,1468
36.7,1469
36.7,1470
36.7,1471
36.7,1470
36.7,1469
36.7,1468
36.7,1469
36.8,1469
36.8,1468
36.8,1467
36.8,1467
36.8,1468
36.8,1469
36.8,1468
36.8,1468
36.8,1468
36.8,1469
36.9,1469
36.9,1470
36.9,1471
36.9,1472
36.9,1473
36.9,1474
36.9,1475
36.9,1475
36.9,1476
37.0,1475
37.0,1475
37.0,1475
37.0,1476
37.0,1477
37.0,1476
37.0,1477
37.0,1478
37.0,1479
37.0,1480
37.0,1481
37.0,1482
37.0,1481
37.0,1482
37.0,1481
37.1,1481
37.1,1481
37.1,1482
37.1,1483
37.1,1484
37.1,1483
37.1,1483
37.1,1482
37.1,1483
37.1,1484
37.1,1485
37.1,1486
37.1,1486
37.2,1486
37.2,1486
37.2,1486
37.2,1487
37.3,1488
37.3,1489
37.3,1488
37.3,1487
37.3,1488
37.3,1488
37.3,1487
37.3,1486
37.3,1485
37.3,1486
37.3,1487
37.3,1488
37.4,1489
37.4,1488
37.4,1488
37.4,1488
37.4,1489
37.4,1488
37.4,1488
37.4,1487
37.4,1486
37.5,1487
37.5,1488
37.5,1488
37.5,1489
37.5,1490
37.5,1491
37.5,1492
37.5,1491
37.5,1491
37.5,1492
37.5,1493
37.5,1494
37.5,1495
37.6,1494
37.6,1493
37.6,1493
37.6,1494
37.6,1495
37.7,1494
37.7,1495
37.8,1494
37.8,1495
37.8,1495
37.8,1494
37.8,1495
37.8,1496
37.8,1497
37.8,1497
37.9,1497
37.9,1496
37.9,1496
37.9,1497
37.9,1496
37.9,1497
37.9,1498
37.9,1499
37.9,1500
37.9,1501
38.0,1501
38.0,1501
38.0,1502
38.0,1502
38.0,1502
38.0,1502
38.0,1503
38.0,1503
38.1,1504
38.1,1504
38.1,1505
38.1,1506
38.1,1505
38.1,1505
38.1,1506
38.1,1507
38.1,1506
38.1,1505
38.1,1506
38.1,1507
38.1,1508
38.1,1508
38.1,1507
38.1,1506
38.1,1507
38.1,1508
38.2,1509
38.2,1508
38.2,1509
38.2,1508
38.2,1509
38.2,1509
38.2,1508
38.2,1509
38.2,1508
38.3,1509
38.3,1510
38.3,1510
38.3,1509
38.3,1508
38.3,1509
38.3,1510
38.3,1511
38.4,1511
38.4,1512
38.4,1512
38.4,1511
38.4,1510
38.4,1511
38.4,1511
38.4,1512
38.4,1513
38.4,1514
38.4,1514
38.5,1514
38.5,1515
38.5,1515
38.5,1514
38.5,1513
38.5,1514
38.5,1515
38.5,1514
38.5,1515
38.6,1514
38.6,1515
38.6,1514
38.6,1515
38.6,1516
38.6,1515
38.6,1516
38.6,1515
38.6,1514
38.6,1515
38.6,1516
38.6,1515
38.7,1516
38.7,1517
38.7,1517
38.7,1516
38.7,1515
38.7,1516
38.7,1517
38.7,1517
38.7,1518
38.7,1519
38.7,1519
38.7,1518
38.7,1519
38.8,1518
38.8,1519
38.8,1519
38.8,1520
38.8,1521
38.8,1522
38.8,1523
38.8,1522
38.9,1522
38.9,1522
38.9,1521
38.9,1522
38.9,1523
38.9,1523
38.9,1522
38.9,1523
38.9,1524
38.9,1525
38.9,1526
38.9,1527
38.9,1526
38.9,1525
38.9,1526
39.0,1527
39.0,1528
39.0,1529
39.0,1530
39.0,1530
39.0,1529
39.0,1530
39.0,1531
39.0,1530
39.0,1529
39.1,1528
39.1,1529
39.1,1530
39.1,1531
39.1,1532
39.1,1533
39.1,1533
39.1,1534
39.1,1535
39.1,1536
39.2,1535
39.2,1536
39.2,1537
39.2,1538
39.2,1539
39.3,1538
39.3,1538
39.3,1539
39.3,1538
39.3,1538
39.3,1537
39.4,1536
39.4,1536
39.4,1536
39.4,1536
39.4,1536
39.4,1537
39.5,1537
39.5,1538
39.5,1539
39.5,1540
39.5,1541
39.5,1542
39.5,1541
39.5,1542
39.5,1543
39.5,1544
39.5,1545
39.5,1546
39.5,1547
39.5,1548
39.5,1549
39.5,1549
39.5,1548
39.5,1549
39.6,1550
39.6,1551
39.6,1551
39.6,1552
39.6,1552
39.6,1553
39.6,1554
39.6,1555
39.6,1555
39.6,1554
39.6,1554
39.6,1555
39.6,1555
39.6,1554
39.6,1555
39.6,1555
39.6,1556
39.6,1557
39.7,1556
39.7,1557
39.7,1556
39.7,1556
39.7,1557
39.7,1556
39.7,1557
39.7,1558
39.7,1557
39.7,1556
39.7,1555
39.8,1556
39.8,1555
39.8,1556
39.8,1557
39.8,1558
39.8,1558
39.8,1558
39.8,1559
39.8,1558
39.8,1559
39.9,1558
39.9,1557
39.9,1558
39.9,1559
39.9,1558
39.9,1559
39.9,1560
39.9,1560
39.9,1561
39.9,1562
39.9,1563
39.9,1564
40.0,1563
40.0,1564
40.0,1564
40.0,1565
40.0,1564
40.0,1563
40.1,1562
40.1,1562
40.1,1562
40.1,1562
40.1,1562
40.1,1562
40.1,1563
40.1,1563
40.1,1564
40.1,1564
40.1,1564
40.2,1563
40.2,1562
40.2,1562
40.3,1561
40.3,1560
40.3,1559
40.3,1559
40.3,1558
40.3,1557
40.3,1556
40.4,1556
40.4,1557
40.4,1557
40.4,1557
40.5,1558
40.5,1558
40.5,1559
40.5,1560
40.5,1560
40.5,1561
40.5,1562
40.5,1562
40.6,1563
40.6,1562
40.6,1562
40.6,1562
40.6,1562
40.6,1562
40.6,1563
40.7,1563
40.7,1562
40.7,1562
40.7,1561
40.7,1560
40.7,1560
40.7,1560
40.7,1559
40.7,1558
40.7,1559
40.7,1559
40.8,1559
40.8,1558
40.8,1558
40.8,1558
40.8,1559
40.8,1559
40.8,1559
40.8,1559
40.8,1560
40.8,1560
40.9,1559
40.9,1559
40.9,1560
41.0,1560
41.0,1560
41.0,1560
41.0,1561
41.0,1562
41.0,1563
41.1,1562
41.1,1562
41.1,1562
41.1,1563
41.1,1563
41.1,1564
41.1,1565
41.2,1564
41.2,1563
41.2,1564
41.2,1564
41.2,1565
41.2,1566
41.3,1567
41.3,1568
41.3,1569
41.3,1570
41.3,1570
41.3,1569
41.4,1569
41.4,1568
41.4,1568
41.5,1567
41.5,1568
41.5,1568
41.5,1569
41.5,1570
41.5,1571
41.5,1571
41.5,1571
41.6,1572
41.6,1571
41.6,1570
41.6,1570
41.6,1569
41.6,1569
41.6,1569
41.7,1568
41.7,1569
41.7,1568
41.7,1568
41.7,1567
41.7,1568
41.7,1567
41.7,1568
41.7,1569
41.8,1568
41.8,1567
41.8,1568
41.9,1569
41.9,1570
41.9,1570
41.9,1570
41.9,1571
42.0,1570
42.0,1569
42.0,1569
42.0,1570
42.0,1569
42.0,1568
42.0,1568
42.0,1567
42.1,1567
42.1,1568
42.1,1567
42.1,1567
42.1,1568
42.1,1569
42.1,1568
42.1,1569
42.1,1570
42.1,1570
42.1,1569
42.2,1570
42.2,1569
42.2,1569
42.2,1568
42.2,1567
42.2,1567
42.3,1568
42.3,1567
42.3,1568
42.3,1567
42.3,1568
42.3,1569
42.3,1569
42.4,1568
42.4,1567
42.4,1568
42.4,1567
42.4,1568
42.4,1567
42.4,1567
42.4,1568
42.4,1569
42.5,1569
42.5,1570
42.5,1570
42.5,1569
42.5,1568
42.5,1568
42.5,1568
42.5,1568
42.5,1568
42.5,1567
42.5,1568
42.6,1567
42.6,1566
42.6,1565
42.6,1566
42.6,1565
42.6,1566
42.6,1567
42.6,1567
42.7,1568
42.7,1568
42.7,1567
42.7,1568
42.7,1568
42.7,1569
42.8,1570
42.8,1570
42.8,1570
42.8,1570
42.8,1569
42.8,1570
42.8,1570
42.9,1569
42.9,1570
42.9,1571
42.9,1571
42.9,1570
42.9,1570
42.9,1569
42.9,1569
42.9,1569
42.9,1569
42.9,1568
43.0,1569
43.0,1569
43.0,1569
43.0,1568
43.0,1568
43.0,1569
43.0,1569
43.0,1568
43.0,1569
43.0,1570
43.1,1570
43.1,1570
43.1,1570
43.1,1569
43.1,1569
43.2,1569
43.2,1568
43.2,1569
43.2,1568
43.3,1569
43.3,1570
43.3,1570
43.3,1571
43.3,1572
43.3,1571
43.3,1570
43.3,1570
43.3,1569
43.4,1570
43.4,1569
43.4,1569
43.4,1570
43.4,1569
43.5,1568
43.5,1569
43.5,1569
43.5,1570
43.5,1571
43.5,1571
43.6,1571
43.6,1572
43.6,1572
43.6,1572
43.6,1573
43.6,1573
43.6,1573
43.6,1573
43.7,1572
43.7,1571
43.7,1570
43.7,1570
43.7,1570
43.7,1571
43.7,1572
43.8,1571
43.8,1572
43.8,1571
43.8,1572
43.8,1573
43.8,1573
43.8,1572
43.8,1572
43.8,1573
43.8,1572
43.9,1571
43.9,1572
43.9,1571
43.9,1571
43.9,1570
43.9,1571
43.9,1571
43.9,1570
43.9,1571
44.0,1572
44.0,1571
44.0,1570
44.0,1571
44.0,1571
44.0,1570
44.0,1569
44.1,1570
44.1,1571
44.1,1571
44.1,1572
44.1,1571
44.1,1571
44.1,1571
44.1,1571
44.1,1571
44.1,1571
44.1,1571
44.1,1572
44.1,1573
44.1,1572
44.1,1572
44.2,1573
44.2,1573
44.2,1574
44.2,1574
44.2,1575
44.2,1576
44.2,1576
44.2,1577
44.2,1578
44.2,1578
44.2,1578
44.2,1578
44.3,1578
44.3,1578
44.3,1577
44.3,1576
44.3,1577
44.3,1577
44.3,1578
44.3,1578
44.3,1578
44.4,1578
44.4,1577
44.4,1578
44.4,1578
44.5,1577
44.5,1578
44.5,1577
44.5,1577
44.5,1577
44.5,1577
44.5,1577
44.5,1578
44.5,1578
44.6,1577
44.6,1576
44.6,1576
44.6,1576
44.6,1575
44.6,1576
44.6,1575
44.6,1574
44.6,1575
44.6,1576
44.7,1575
44.7,1576
44.7,1577
44.7,1576
44.7,1577
44.7,1576
44.7,1575
44.8,1576
44.8,1576
44.8,1575
44.8,1574
44.8,1573
44.8,1572
44.9,1573
44.9,1572
44.9,1572
44.9,1572
44.9,1571
44.9,1570
44.9,1569
44.9,1569
44.9,1569
44.9,1570
45.0,1570
45.0,1569
45.0,1570
45.0,1571
45.0,1570
45.0,1571
45.0,1570
45.0,1571
45.0,1571
45.0,1570
45.0,1571
45.0,1570
45.0,1570
45.0,1569
45.0,1569
45.0,1569
45.1,1570
45.1,1569
45.1,1569
45.1,1568
45.1,1567
45.2,1567
45.2,1567
45.2,1566
45.2,1567
45.2,1566
45.2,1567
45.2,1566
45.3,1567
45.3,1567
45.3,1568
45.3,1567
45.3,1568
45.3,1568
45.4,1568
45.4,1568
45.4,1568
45.4,1567
45.4,1568
45.4,1567
45.4,1568
45.4,1569
45.4,1569
45.5,1568
45.5,1568
45.5,1569
45.5,1570
45.5,1570
45.5,1569
45.5,1568
45.5,1567
45.5,1567
45.5,1566
45.5,1565
45.5,1566
45.5,1565
45.6,1565
45.6,1565
45.6,1566
45.6,1567
45.6,1566
45.6,1567
45.6,1567
45.6,1567
45.6,1566
45.6,1566
45.6,1565
45.7,1566
45.7,1566
45.7,1567
45.7,1566
45.7,1565
45.8,1564
45.8,1564
45.8,1564
45.8,1565
45.8,1564
45.8,1564
45.9,1563
45.9,1564
45.9,1565
45.9,1564
45.9,1563
45.9,1563
45.9,1563
46.0,1562
46.0,1561
46.0,1561
46.0,1561
46.0,1562
46.0,1561
46.0,1560
46.0,1560
46.0,1561
46.1,1562
46.1,1563
46.1,1562
46.1,1561
46.1,1562
46.1,1561
46.1,1562
46.1,1562
46.1,1562
46.1,1563
46.1,1564
46.2,1563
46.2,1563
46.2,1563
46.2,1563
46.2,1562
46.2,1563
46.2,1562
46.3,1562
46.3,1561
46.3,1562
46.3,1562
46.3,1563
46.4,1563
46.4,1562
46.4,1563
46.4,1564
46.4,1565
46.4,1564
46.4,1563
46.4,1562
46.4,1561
46.5,1562
46.5,1562
46.5,1561
46.5,1562
46.5,1563
46.5,1562
46.5,1562
46.5,1563
46.5,1563
46.5,1562
46.6,1562
46.6,1562
46.6,1561
46.6,1562
46.6,1563
46.6,1562
46.6,1561
46.6,1562
46.6,1561
46.7,1560
46.7,1560
46.7,1559
46.7,1558
46.7,1558
46.7,1557
46.8,1558
46.8,1559
46.8,1559
46.8,1559
46.8,1559
46.8,1560
46.8,1559
46.8,1558
46.8,1558
46.8,1558
46.9,1559
46.9,1559
46.9,1560
46.9,1559
46.9,1559
46.9,1560
46.9,1559
46.9,1558
46.9,1558
46.9,1559
46.9,1558
46.9,1557
47.0,1558
47.0,1558
47.0,1559
47.0,1560
47.0,1561
47.0,1560
47.0,1561
47.0,1560
47.0,1560
47.0,1561
47.0,1562
47.1,1561
47.1,1561
47.1,1560
47.1,1561
47.1,1560
47.1,1559
47.1,1560
47.1,1561
47.1,1560
47.1,1559
47.1,1560
47.1,1560
47.1,1559
47.2,1560
47.2,1561
47.2,1562
47.2,1563
47.2,1562
47.2,1561
47.2,1561
47.2,1560
47.3,1559
47.3,1560
47.3,1561
47.3,1562
47.3,1562
47.4,1563
47.4,1563
47.4,1564
47.4,1564
47.5,1563
47.5,1564
47.5,1564
47.5,1564
47.5,1565
47.5,1564
47.6,1565
47.6,1565
47.6,1566
47.6,1566
47.6,1566
47.6,1566
47.6,1565
47.6,1566
47.6,1565
47.6,1565
47.6,1564
47.7,1565
47.7,1566
47.7,1567
47.7,1568
47.7,1569
47.7,1568
47.7,1569
47.7,1570
47.8,1571
47.8,1571
47.8,1571
47.8,1572
47.8,1571
47.8,1570
47.9,1570
47.9,1570
47.9,1570
47.9,1570
47.9,1570
47.9,1569
47.9,1569
47.9,1569
47.9,1570
48.0,1569
48.0,1570
48.0,1570
48.0,1570
48.0,1569
48.0,1568
48.0,1567
48.0,1566
48.0,1566
48.0,1566
48.0,1566
48.0,1567
48.0,1568
48.1,1568
48.1,1567
48.1,1567
48.1,1567
48.1,1567
48.1,1567
48.1,1568
48.1,1569
48.1,1569
48.1,1570
48.1,1571
48.2,1572
48.2,1573
48.2,1574
48.2,1574
48.2,1575
48.2,1575
48.2,1575
48.3,1575
48.3,1576
48.3,1575
48.3,1574
48.3,1575
48.3,1575
48.3,1574
48.3,1575
48.3,1576
48.3,1577
48.4,1578
48.4,1577
48.4,1577
48.4,1577
48.4,1577
48.5,1576
48.5,1577
48.5,1576
48.5,1576
48.5,1576
48.5,1575
48.5,1575
48.5,1576
48.6,1576
48.6,1577
48.6,1577
48.6,1578
48.6,1579
48.6,1580
48.6,1579
48.6,1578
48.7,1578
48.7,1577
48.7,1576
48.7,1576
48.7,1575
48.7,1575
48.7,1575
48.7,1576
48.7,1576
48.7,1576
48.7,1577
48.7,1578
48.8,1577
48.8,1576
48.8,1576
48.8,1577
48.9,1578
48.9,1579
48.9,1580
48.9,1579
48.9,1579
48.9,1580
48.9,1581
49.0,1582
49.0,1583
49.0,1583
49.0,1584
49.0,1584
49.0,1583
49.0,1584
49.0,1584
49.0,1583
49.0,1583
49.1,1582
49.1,1583
49.1,1584
49.1,1584
49.1,1583
49.1,1584
49.1,1584
49.1,1585
49.1,1585
49.1,1586
49.1,1585
49.2,1586
49.2,1585
49.2,1586
49.2,1587
49.2,1587
49.2,1588
49.2,1587
49.2,1586
49.2,1585
49.2,1586
49.3,1587
49.3,1587
49.3,1588
49.3,1589
49.3,1589
49.3,1588
49.3,1588
49.4,1588
49.4,1588
49.4,1587
49.4,1586
49.4,1586
49.4,1586
49.4,1587
49.4,1588
49.4,1588
49.4,1589
49.4,1590
49.4,1590
49.4,1590
49.4,1591
49.4,1590
49.4,1591
49.4,1592
49.5,1592
49.5,1591
49.5,1590
49.5,1590
49.5,1589
49.5,1588
49.5,1587
49.6,1588
49.6,1587
49.6,1588
49.6,1589
49.6,1588
49.6,1589
49.6,1590
49.6,1589
49.6,1590
49.6,1590
49.6,1589
49.7,1590
49.7,1590
49.7,1589
49.7,1589
49.7,1589
49.7,1589
49.7,1590
49.7,1590
49.7,1590
49.8,1591
49.8,1592
49.8,1591
49.8,1592
49.8,1593
49.8,1594
49.8,1594
49.9,1594
49.9,1594
49.9,1593
49.9,1593
49.9,1593
49.9,1593
49.9,1594
49.9,1594
49.9,1593
50.0,1592
50.0,1592
50.0,1592
50.0,1593
50.0,1594
50.0,1594
50.0,1595
50.0,1596
50.0,1597
50.1,1598
50.1,1597
50.1,1598
50.1,1599
50.1,1600
50.1,1601
50.1,1601
50.1,1601
50.1,1602
50.1,1602
50.2,1602
50.2,1601
50.2,1602
50.2,1602
50.3,1603
50.3,1604
50.3,1603
50.3,1604
50.3,1604
50.3,1604
50.3,1605
50.3,1604
50.3,1603
50.3,1602
50.3,1602
50.3,1601
50.4,1600
50.4,1599
50.4,1599
50.4,1598
50.4,1597
50.4,1597
50.4,1597
50.4,1598
50.5,1598
50.5,1599
50.5,1599
50.5,1600
50.5,1601
50.5,1600
50.5,1600
50.5,1599
50.5,1600
50.6,1599
50.6,1599
50.6,1599
50.6,1599
50.6,1599
50.6,1600
50.6,1601
50.6,1600
50.7,1601
50.7,1601
50.7,1601
50.7,1602
50.7,1602
50.7,1601
50.7,1601
50.8,1602
50.8,1602
50.8,1603
50.8,1602
50.9,1602
50.9,1603
50.9,1602
50.9,1601
50.9,1602
50.9,1601
50.9,1601
50.9,1601
50.9,1601
50.9,1602
50.9,1601
50.9,1601
51.0,1602
51.0,1603
51.0,1604
51.0,1603
51.0,1603
51.0,1602
51.0,1602
51.0,1601
51.0,1602
51.1,1601
51.1,1602
51.1,1601
51.1,1600
51.1,1600
51.1,1601
51.1,1600
51.1,1600
51.2,1600
51.2,1600
51.2,1599
51.2,1599
51.2,1600
51.2,1599
51.2,1598
51.2,1599
51.2,1600
51.3,1599
51.3,1600
51.3,1601
51.3,1600
51.3,1601
51.3,1601
51.3,1602
51.3,1603
51.4,1604
51.4,1604
51.4,1604
51.4,1605
51.4,1605
51.5,1605
51.5,1606
51.5,1607
51.5,1606
51.5,1607
51.5,1606
51.5,1607
51.5,1608
51.6,1609
51.6,1609
51.6,1609
51.6,1610
51.7,1609
51.7,1608
51.7,1607
51.7,1607
51.7,1607
51.7,1608
51.7,1609
51.8,1610
51.8,1611
51.8,1612
51.8,1612
51.8,1612
51.8,1612
51.8,1613
51.8,1614
51.9,1615
51.9,1615
51.9,1614
51.9,1613
51.9,1613
51.9,1612
51.9,1612
51.9,1612
52.0,1611
52.0,1610
52.0,1611
52.0,1612
52.0,1613
52.0,1613
52.0,1614
52.0,1614
52.0,1615
52.0,1616
52.0,1616
52.0,1616
52.0,1615
52.1,1615
52.1,1615
52.1,1614
52.1,1615
52.1,1614
52.1,1614
52.1,1615
52.1,1615
52.1,1614
52.2,1613
52.2,1614
52.2,1615
52.2,1614
52.2,1613
52.2,1614
52.3,1614
52.3,1615
52.3,1615
52.3,1614
52.3,1615
52.3,1615
52.3,1615
52.3,1614
52.3,1615
52.3,1614
52.4,1614
52.4,1613
52.4,1612
52.4,1611
52.4,1610
52.4,1609
52.4,1610
52.4,1609
52.4,1610
52.4,1609
52.5,1609
52.5,1610
52.5,1611
52.5,1610
52.5,1611
52.5,1612
52.6,1612
52.6,1613
52.6,1612
52.6,1613
52.6,1613
52.6,1612
52.6,1611
52.6,1612
52.6,1613
52.6,1612
52.6,1613
52.7,1614
52.7,1613
52.7,1614
52.7,1615
52.7,1616
52.7,1615
52.7,1616
52.7,1617
52.7,1616
52.7,1617
52.7,1618
52.8,1619
52.8,1620
52.8,1620
52.8,1619
52.8,1620
52.8,1621
52.9,1622
52.9,1621
52.9,1621
52.9,1622
52.9,1622
52.9,1622
53.0,1623
53.0,1623
53.0,1623
53.0,1624
53.0,1625
53.0,1625
53.0,1624
53.0,1625
53.0,1624
53.0,1625
53.0,1625
53.0,1625
53.0,1626
53.0,1627
53.0,1628
53.0,1627
53.0,1627
53.1,1627
53.1,1626
53.1,1626
53.1,1626
53.1,1627
53.1,1626
53.1,1626
53.1,1625
53.1,1624
53.1,1625
53.1,1625
53.1,1626
53.1,1626
53.1,1625
53.1,1626
53.2,1625
53.2,1626
53.2,1627
53.2,1628
53.2,1629
53.2,1628
53.2,1629
53.2,1630
53.2,1631
53.2,1632
53.2,1633
53.3,1633
53.3,1633
53.3,1634
53.3,1635
53.3,1634
53.3,1635
53.3,1636
53.3,1637
53.3,1636
53.3,1635
53.3,1636
53.3,1636
53.3,1636
53.4,1636
53.4,1637
53.4,1637
53.4,1637
53.4,1636
53.5,1635
53.5,1635
53.5,1635
53.5,1635
53.5,1635
53.5,1635
53.5,1635
53.5,1635
53.5,1636
53.5,1637
53.5,1637
53.5,1638
53.6,1637
53.6,1636
53.6,1637
53.6,1638
53.6,1639
53.6,1640
53.6,1639
53.6,1638
53.6,1639
53.7,1638
53.7,1637
53.7,1638
53.7,1639
53.7,1640
53.7,1640
53.7,1641
53.8,1642
53.8,1641
53.8,1640
53.8,1641
53.8,1640
53.8,1639
53.8,1638
53.8,1637
53.9,1638
53.9,1637
53.9,1638
53.9,1637
53.9,1636
53.9,1637
53.9,1638
53.9,1638
53.9,1639
53.9,1639
53.9,1639
53.9,1640
53.9,1639
54.0,1638
54.0,1639
54.0,1640
54.0,1641
54.0,1641
54.0,1642
54.0,1641
54.0,1640
54.0,1639
54.0,1640
54.0,1641
54.0,1642
54.0,1641
54.0,1640
54.0,1639
54.1,1639
54.1,1640
54.1,1640
54.1,1640
54.1,1641
54.1,1642
54.1,1642
54.1,1642
54.2,1641
54.2,1642
54.2,1643
54.2,1643
54.2,1643
54.2,1644
54.2,1645
54.3,1646
54.3,1646
54.3,1646
54.3,1647
54.3,1646
54.3,1647
54.3,1647
54.3,1648
54.3,1649
54.3,1650
54.3,1651
54.3,1650
54.3,1650
54.4,1651
54.4,1651
54.4,1650
54.4,1651
54.4,1650
54.4,1651
54.4,1651
54.4,1651
54.4,1650
54.4,1649
54.4,1650
54.4,1651
54.5,1651
54.5,1652
54.5,1653
54.5,1653
54.5,1652
54.5,1651
54.5,1650
54.5,1650
54.6,1651
54.6,1650
54.6,1651
54.6,1650
54.6,1650
54.6,1649
54.6,1650
54.6,1650
54.6,1650
54.7,1651
54.7,1652
54.7,1652
54.7,1652
54.7,1653
54.7,1652
54.7,1652
54.7,1653
54.7,1652
54.7,1651
54.7,1650
54.8,1650
54.8,1651
54.8,1650
54.8,1650
54.8,1651
54.8,1651
54.8,1650
54.8,1649
54.8,1650
54.8,1649
54.8,1650
54.8,1650
54.9,1650
54.9,1649
54.9,1650
54.9,1649
54.9,1648
54.9,1648
54.9,1648
54.9,1647
54.9,1648
55.0,1649
55.0,1649
55.0,1649
55.0,1648
55.0,1649
55.0,1649
55.0,1649
55.0,1649
55.0,1650
55.1,1651
55.1,1651
55.1,1652
55.1,1653
55.1,1652
55.1,1653
55.1,1652
55.1,1652
55.1,1652
55.1,1653
55.1,1653
55.1,1653
55.1,1653
55.1,1653
55.2,1652
55.2,1653
55.2,1652
55.2,1651
55.2,1652
55.3,1653
55.3,1654
55.3,1655
55.3,1656
55.3,1657
55.3,1658
55.3,1658
55.3,1659
55.3,1658
55.3,1659
55.3,1660
55.4,1659
55.4,1658
55.4,1659
55.4,1660
55.4,1660
55.5,1660
55.5,1660
55.5,1660
55.5,1660
55.5,1660
55.5,1660
55.5,1659
55.5,1659
55.5,1660
55.5,1661
55.5,1661
55.5,1661
55.5,1662
55.5,1661
55.5,1661
55.5,1662
55.5,1662
55.6,1663
55.6,1664
55.6,1664
55.6,1664
55.6,1664
55.6,1663
55.6,1662
55.6,1663
55.6,1662
55.6,1662
55.6,1663
55.6,1662
55.6,1662
55.6,1662
55.6,1662
55.7,1663
55.7,1663
55.7,1662
55.7,1663
55.7,1663
55.7,1664
55.7,1665
55.7,1664
55.8,1665
55.8,1665
55.8,1664
55.8,1664
55.8,1663
55.8,1664
55.8,1663
55.8,1664
55.8,1665
55.8,1664
55.9,1665
55.9,1664
55.9,1663
55.9,1663
55.9,1663
55.9,1664
55.9,1663
55.9,1663
55.9,1664
55.9,1664
56.0,1663
56.0,1664
56.0,1665
56.0,1665
56.0,1666
56.0,1666
56.0,1667
56.1,1666
56.1,1665
56.1,1664
56.1,1664
56.1,1665
56.1,1665
56.1,1666
56.2,1665
56.2,1666
56.2,1665
56.2,1666
56.2,1667
56.3,1666
56.3,1667
56.3,1668
56.3,1669
56.3,1670
56.3,1669
56.3,1670
56.3,1669
56.4,1670
56.4,1671
56.4,1670
56.4,1670
56.4,1671
56.4,1672
56.4,1673
56.4,1672
56.5,1672
56.5,1673
56.5,1672
56.5,1672
56.5,1671
56.5,1670
56.5,1670
56.5,1669
56.5,1668
56.5,1669
56.5,1670
56.6,1670
56.6,1671
56.6,1671
56.6,1670
56.6,1669
56.7,1670
56.7,1669
56.7,1670
56.7,1669
56.7,1668
56.7,1667
56.7,1667
56.8,1666
56.8,1665
56.8,1664
56.8,1663
56.8,1662
56.8,1661
56.8,1662
56.8,1662
56.8,1661
56.9,1660
56.9,1661
56.9,1660
56.9,1661
56.9,1660
56.9,1660
56.9,1660
56.9,1661
57.0,1661
57.0,1662
57.0,1661
57.0,1660
57.0,1661
57.0,1662
57.0,1663
57.0,1664
57.0,1664
57.0,1665
57.0,1665
57.0,1665
57.0,1665
57.0,1665
57.0,1666
57.1,1665
57.1,1666
57.1,1667
57.1,1667
57.1,1668
57.1,1669
57.1,1670
57.1,1671
57.1,1672
57.1,1671
57.2,1672
57.2,1673
57.2,1674
57.2,1675
57.2,1674
57.2,1675
57.2,1676
57.2,1676
57.2,1677
57.2,1678
57.2,1678
57.3,1678
57.3,1678
57.3,1677
57.3,1678
57.3,1677
57.3,1676
57.3,1675
57.3,1675
57.3,1674
57.3,1673
57.3,1672
57.4,1671
57.4,1670
57.5,1671
57.5,1670
57.5,1671
57.5,1672
57.5,1673
57.5,1673
57.5,1672
57.5,1671
57.5,1671
57.5,1672
57.6,1673
57.6,1674
57.6,1675
57.6,1676
57.7,1675
57.7,1676
57.7,1675
57.7,1674
57.7,1674
57.7,1675
57.7,1674
57.7,1675
57.8,1674
57.8,1673
57.8,1674
57.9,1673
57.9,1673
57.9,1674
57.9,1675
57.9,1674
57.9,1674
58.0,1674
58.0,1673
58.0,1674
58.0,1673
58.0,1672
58.0,1671
58.0,1670
58.1,1669
58.1,1670
58.1,1669
58.1,1668
58.1,1669
58.1,1669
58.1,1670
58.1,1671
58.1,1671
58.1,1670
58.1,1671
58.1,1672
58.2,1671
58.2,1671
58.2,1670
58.2,1670
58.2,1671
58.2,1670
58.2,1671
58.2,1672
58.2,1671
58.2,1672
58.2,1673
58.3,1673
58.3,1673
58.3,1672
58.3,1672
58.3,1673
58.3,1672
58.3,1671
58.3,1672
58.3,1672
58.3,1673
58.3,1673
58.4,1674
58.4,1675
58.4,1676
58.4,1676
58.4,1677
58.4,1678
58.4,1678
58.5,1679
58.5,1678
58.5,1678
58.5,1679
58.5,1678
58.5,1677
58.5,1676
58.5,1677
58.5,1678
58.6,1677
58.6,1678
58.6,1677
58.6,1676
58.6,1677
58.6,1678
58.6,1677
58.6,1677
58.6,1678
58.6,1677
58.6,1677
58.6,1676
58.7,1676
58.7,1676
58.7,1676
58.7,1677
58.7,1677
58.7,1678
58.8,1678
58.8,1679
58.8,1680
58.8,1681
58.8,1680
58.8,1679
58.8,1679
58.8,1679
58.8,1678
58.9,1677
58.9,1678
58.9,1678
58.9,1677
58.9,1678
58.9,1679
58.9,1679
58.9,1678
58.9,1677
58.9,1678
59.0,1678
59.0,1679
59.0,1678
59.0,1677
59.0,1677
59.0,1678
59.0,1679
59.0,1678
59.0,1679
59.0,1678
59.0,1678
59.0,1677
59.0,1678
59.0,1678
59.0,1679
59.0,1678
59.1,1677
59.1,1678
59.1,1678
59.1,1677
59.1,1678
59.1,1677
59.1,1678
59.1,1677
59.2,1678
59.2,1679
59.2,1680
59.2,1679
59.2,1678
59.2,1679
59.2,1680
59.2,1681
59.2,1680
59.2,1679
59.2,1680
59.3,1679
59.3,1678
59.3,1678
59.3,1677
59.3,1677
59.3,1678
59.4,1679
59.4,1679
59.4,1678
59.4,1677
59.4,1678
59.4,1678
59.5,1677
59.5,1676
59.5,1677
59.5,1676
59.5,1677
59.5,1676
59.5,1677
59.5,1678
59.6,1677
59.6,1678
59.6,1679
59.6,1679
59.6,1680
59.6,1681
59.6,1682
59.6,1681
59.6,1680
59.7,1679
59.7,1679
59.7,1679
59.7,1678
59.7,1677
59.7,1678
59.8,1679
59.8,1680
59.8,1680
59.8,1679
59.8,1679
59.8,1679
59.8,1678
59.8,1677
59.8,1677
59.8,1676
59.9,1675
59.9,1676
59.9,1677
59.9,1676
59.9,1675
59.9,1674
59.9,1673
60.0,1674
60.0,1674
60.0,1675
60.0,1674
60.0,1673
60.0,1672
60.0,1673
60.0,1674
60.0,1675
60.1,1675
60.1,1675
60.1,1675
60.1,1675
60.1,1676
60.1,1677
60.2,1677
60.2,1678
60.2,1678
60.2,1679
60.2,1680
60.2,1681
60.2,1681
60.2,1681
60.2,1681
60.2,1682
60.3,1683
60.3,1684
60.3,1683
60.3,1684
60.3,1685
60.3,1684
60.3,1684
60.3,1683
60.3,1682
60.3,1681
60.3,1681
60.3,1682
60.4,1681
60.4,1681
60.4,1681
60.4,1681
60.4,1682
60.4,1681
60.4,1682
60.4,1681
60.4,1680
60.4,1679
60.5,1680
60.5,1679
60.5,1678
60.5,1678
60.6,1679
60.6,1678
60.6,1678
60.6,1679
60.6,1678
60.6,1678
60.7,1679
60.7,1678
60.7,1677
60.7,1676
60.7,1677
60.7,1678
60.8,1677
60.8,1676
60.8,1677
60.8,1678
60.9,1679
60.9,1678
60.9,1679
60.9,1680
60.9,1681
60.9,1680
60.9,1681
60.9,1680
61.0,1681
61.0,1680
61.0,1681
61.0,1681
61.0,1681
61.0,1682
61.0,1681
61.0,1681
61.0,1680
61.0,1681
61.0,1682
61.1,1681
61.1,1681
61.1,1680
61.1,1681
61.1,1680
61.1,1681
61.1,1680
61.2,1680
61.2,1681
61.2,1681
61.2,1681
61.2,1680
61.2,1679
61.3,1678
61.3,1679
61.3,1679
61.3,1680
61.3,1681
61.3,1681
61.3,1682
61.3,1681
61.3,1682
61.3,1681
61.3,1682
61.3,1681
61.4,1680
61.4,1679
61.4,1678
61.4,1678
61.4,1678
61.4,1677
61.5,1678
61.5,1677
61.5,1676
61.6,1677
61.6,1676
61.6,1675
61.6,1676
61.6,1677
61.6,1677
61.6,1676
61.6,1677
61.6,1676
61.7,1675
61.7,1674
61.7,1673
61.7,1673
61.7,1672
61.7,1673
61.7,1674
61.7,1674
61.8,1673
61.8,1674
61.8,1675
61.8,1676
61.8,1675
61.8,1676
61.8,1675
61.8,1676
61.9,1675
61.9,1676
61.9,1675
61.9,1676
61.9,1677
61.9,1676
61.9,1677
61.9,1678
61.9,1677
61.9,1676
61.9,1677
62.0,1676
62.0,1675
62.0,1674
62.0,1675
62.0,1675
62.0,1676
62.0,1675
62.0,1674
62.0,1675
62.0,1674
62.0,1675
62.0,1674
62.1,1674
62.1,1673
62.1,1672
62.1,1673
62.1,1674
62.1,1673
62.1,1672
62.1,1673
62.1,1673
62.1,1673
62.2,1672
62.2,1673
62.2,1672
62.2,1671
62.2,1670
62.2,1669
62.2,1670
62.2,1669
62.2,1668
62.2,1668
62.3,1669
62.3,1670
62.3,1671
62.3,1672
62.3,1671
62.3,1672
62.3,1672
62.3,1672
62.3,1671
62.3,1672
62.3,1672
62.4,1672
62.4,1672
62.4,1673
62.4,1674
62.5,1674
62.5,1675
62.5,1676
62.5,1675
62.5,1676
62.5,1676
62.5,1675
62.5,1674
62.5,1673
62.5,1673
62.5,1674
62.5,1675
62.5,1676
62.5,1677
62.5,1676
62.6,1677
62.6,1676
62.6,1677
62.6,1677
62.6,1678
62.6,1678
62.6,1677
62.6,1676
62.7,1676
62.7,1675
62.7,1674
62.7,1673
62.7,1674
62.7,1675
62.7,1674
62.7,1673
62.7,1673
62.7,1672
62.8,1672
62.8,1671
62.8,1672
62.8,1672
62.8,1673
62.8,1672
62.8,1673
62.8,1672
62.9,1673
62.9,1673
62.9,1673
62.9,1673
62.9,1672
62.9,1671
62.9,1671
62.9,1671
62.9,1672
63.0,1673
63.0,1672
63.0,1672
63.0,1672
63.0,1671
63.0,1672
63.0,1673
63.0,1674
63.0,1674
63.0,1673
63.0,1673
63.1,1672
63.1,1673
63.1,1672
63.1,1671
63.1,1670
63.1,1670
63.1,1669
63.1,1670
63.1,1671
63.1,1671
63.1,1670
63.2,1671
63.2,1672
63.2,1672
63.2,1673
63.2,1673
63.3,1674
63.3,1675
63.3,1675
63.3,1674
63.3,1675
63.3,1674
63.3,1673
63.3,1672
63.3,1673
63.4,1672
63.4,1673
63.4,1674
63.4,1673
63.4,1674
63.5,1674
63.5,1673
63.5,1673
63.5,1672
63.5,1673
63.5,1672
63.5,1671
63.5,1671
63.5,1670
63.6,1670
63.6,1669
63.6,1668
63.6,1668
63.7,1668
63.7,1667
63.7,1666
63.7,1667
63.7,1667
63.7,1666
63.7,1666
63.7,1665
63.7,1665
63.7,1666
63.7,1666
63.7,1666
63.7,1667
63.8,1666
63.8,1665
63.8,1665
63.8,1664
63.8,1665
63.8,1664
63.8,1663
63.8,1662
63.8,1662
63.8,1663
63.8,1664
63.9,1663
63.9,1664
63.9,1665
63.9,1664
63.9,1663
64.0,1662
64.0,1661
64.0,1660
64.0,1661
64.0,1661
64.0,1660
64.0,1661
64.0,1660
64.0,1661
64.0,1661
64.1,1660
64.1,1659
64.1,1658
64.1,1659
64.1,1658
64.1,1659
64.1,1660
64.1,1660
64.1,1661
64.1,1661
64.2,1661
64.2,1661
64.2,1661
64.2,1661
64.2,1660
64.2,1659
64.2,1660
64.2,1660
64.2,1659
64.2,1660
64.3,1659
64.3,1658
64.3,1657
64.3,1658
64.3,1657
64.3,1658
64.3,1658
64.3,1657
64.3,1656
64.3,1656
64.4,1657
64.4,1656
64.4,1657
64.4,1656
64.4,1657
64.4,1656
64.4,1655
64.5,1654
64.5,1653
64.5,1652
64.5,1652
64.5,1651
64.5,1650
64.6,1651
64.6,1652
64.6,1653
64.6,1652
64.6,1652
64.6,1653
64.6,1652
64.6,1653
64.6,1653
64.6,1652
64.6,1652
64.6,1653
64.6,1654
64.6,1653
64.6,1652
64.7,1651
64.7,1650
64.7,1651
64.7,1650
64.7,1649
64.7,1650
64.7,1651
64.7,1652
64.7,1651
64.7,1651
64.7,1651
64.7,1650
64.7,1649
64.7,1648
64.7,1648
64.8,1649
64.8,1648
64.8,1649
64.8,1649
64.8,1650
64.8,1651
64.8,1650
64.9,1651
64.9,1651
64.9,1652
64.9,1653
64.9,1653
64.9,1654
64.9,1655
64.9,1654
64.9,1655
64.9,1654
64.9,1653
64.9,1654
64.9,1655
64.9,1656
65.0,1656
65.0,1655
65.0,1654
65.0,1654
65.0,1654
65.0,1654
65.0,1654
65.0,1654
65.0,1654
65.0,1654
65.0,1654
65.0,1654
65.0,1654
65.0,1654
65.0,1654
65.0,1654
65.0,1654
65.0,1654
65.0,1654
65.0,1654
65.0,1654
65.0,1654
65.0,1654
65.0,1654
65.0,1654
65.0,1654
65.0,1654
65.0,1654
65.0,1654
65.0,1654
65.0,1654
65.0,1654
65.0,1654
65.0,1654
65.0,1654
65.0,1654
65.0,1654
65.0,1654
65.0,1654
65.0,1654
65.0,1654
65.0,1654
65.0,1654
65.0,1654
65.0,1654
65.0,1654
65.0,1654
65.0,1654
65.0,1654
65.0,1654
65.0,1654
65.0,1654
65.0,1654
65.0,1654
65.0,1654
65.0,1654
65.0,1654
65.0,1654
65.0,1654
65.0,1654
65.0,1654
65.0,1654
65.0,1654
65.0,1654
65.0,1654
65.0,1654
65.0,1654
65.0,1654
65.0,1654
65.0,1654
65.0,1654
65.0,1654
65.0,1654
65.0,1654
65.0,1654
65.0,1654
65.0,1654
65.0,1654
65.0,1654
65.0,1654
65.0,1654
65.0,1654
65.0,1654
65.0,1654
65.0,1654
65.0,1654
65.0,1654
65.0,1654
65.0,1654
65.0,1654
65.0,1654
65.0,1654
65.0,1654
65.0,1654
65.0,1654
65.0,1654
65.0,1654
65.0,1654
65.0,1654
65.0,1654
65.0,1654
65.0,1654
65.0,1654
65.0,1654
65.0,1654
65.0,1654
65.0,1654
65.0,1654
65.0,1654
65.0,1654
65.0,1654
65.0,1654
65.0,1654
65.0,1654
65.0,1654
65.0,1654
65.0,1654
65.0,1654
65.0,1654
65.0,1654
65.0,1654
65.0,1654
65.0,1654
65.0,1654
65.0,1654
65.0,1654
65.0,1654
65.0,1654
65.0,1654
65.0,1654
65.0,1654
65.0,1654
65.0,1654
65.0,1654
65.0,1654
65.0,1654
65.0,1654
65.0,1654
65.0,1654
65.0,1654
65.0,1654
65.0,1654
65.0,1654
65.0,1654
65.0,1654
65.0,1654
65.0,1654
65.0,1654
65.0,1654
65.0,1654
65.0,1654
65.0,1654
65.0,1654
65.0,1654
65.0,1654
65.0,1654
65.0,1654
65.0,1654
65.0,1654
65.0,1654
65.0,1654
65.0,1654
65.0,1654
65.0,1654
65.0,1654
65.0,1654
65.0,1654
65.0,1654
65.0,1654
65.0,1654
65.0,1654
65.0,1654
65.0,1654
65.0,1654
65.0,1654
65.0,1654
65.0,1654
65.0,1654
65.0,1654
65.0,1654
65.0,1654
65.0,1654
65.0,1654
65.0,1654
65.0,1654
65.0,1654
65.0,1654
65.0,1654
65.0,1654
65.0,1654
65.0,1654
65.0,1654
65.0,1654
65.0,1654
65.0,1654
65.0,1654
65.0,1654
65.0,1654
65.0,1654
65.0,1654
65.0,1654
65.0,1654
65.0,1654
65.0,1654
65.0,1654
65.0,1654
65.0,1654
65.0,1654
65.0,1654
65.0,1654
65.0,1654
65.0,1654
65.0,1654
65.0,1654
65.0,1654
65.0,1654
65.0,1654
65.0,1654
65.0,1654
65.0,1654
65.0,1654
65.0,1654
65.0,1654
65.0,1654
65.0,1654
65.0,1654
65.0,1654
65.0,1654
65.0,1654
65.0,1654
65.0,1654
65.0,1654
65.0,1654
65.0,1654
65.0,1654
65.0,1654
65.0,1654
65.0,1654
65.0,1654
65.0,1654
65.0,1654
65.0,1654
65.0,1654
65.0,1654
65.0,1654
65.0,1654
65.0,1654
65.0,1654
65.0,1654
65.0,1654
65.0,1654
65.0,1654
65.0,1654
65.0,1654
65.0,1654
65.0,1654
65.0,1654
65.0,1654
65.0,1654
65.0,1654
65.0,1654
65.0,1654
65.0,1654
65.0,1654
65.0,1654
65.0,1654
65.0,1654
65.0,1654
65.0,1654
65.0,1654
65.0,1654
65.0,1654
65.0,1654
65.0,1654
65.0,1654
65.0,1654
65.0,1654
65.0,1654
65.0,1654
65.0,1654
65.0,1654
65.0,1654
65.0,1654
65.0,1654
65.0,1654
65.0,1654
65.0,1654
65.0,1654
65.0,1654
65.0,1654
65.0,1654
65.0,1654
65.0,1654
65.0,1654
65.0,1654
65.0,1654
65.0,1654
65.0,1654
65.0,1654
65.0,1654
65.0,1654
65.0,1654
65.0,1654
65.0,1654
65.0,1654
65.0,1654
65.0,1654
65.0,1654
65.0,1654
65.0,1654
65.0,1654
65.0,1654
65.0,1654
65.0,1654
65.0,1654
65.0,1654
65.0,1654
65.0,1654
65.0,1654
65.0,1654
65.0,1654
65.0,1654
65.0,1654
65.0,1654
65.0,1654
65.0,1654
65.0,1654
65.0,1654
65.0,1654
65.0,1654
65.0,1654
65.0,1654
65.0,1654
65.0,1654
65.0,1654
65.0,1654
65.0,1654
65.0,1654
65.0,1654
65.0,1654
65.0,1654
65.0,1654
65.0,1654
65.0,1654
65.0,1654
65.0,1654
65.0,1654
65.0,1654
65.0,1654
65.0,1654
65.0,1654
65.0,1654
65.0,1654
65.0,1654
65.0,1654
65.0,1654
65.0,1654
65.0,1654
65.0,1654
65.0,1654
65.0,1654
65.0,1654
65.0,1654
65.0,1654
65.0,1654
65.0,1654
65.0,1654
65.0,1654
65.0,1654
65.0,1654
65.0,1654
65.0,1654
65.0,1654
65.0,1654
65.0,1654
65.0,1654
65.0,1654
65.0,1654
65.0,1654
65.0,1654
65.0,1654
65.0,1654
65.0,1654
65.0,1654
65.0,1654
65.0,1654
65.0,1654
65.0,1654
65.0,1654
65.0,1654
65.0,1654
65.0,1654
65.0,1654
65.0,1654
65.0,1654
65.0,1654
65.0,1654
65.0,1654
65.0,1654
65.0,1654
65.0,1654
65.0,1654
65.0,1654
65.0,1654
65.0,1654
65.0,1654
65.0,1654
65.0,1654
65.0,1654
65.0,1654
65.0,1654
65.0,1654
65.0,1654
65.0,1654
65.0,1654
65.0,1654
65.0,1654
65.0,1654
65.0,1654
65.0,1654
65.0,1654
65.0,1654
65.0,1654
65.0,1654
65.0,1654
65.0,1654
65.0,1654
65.0,1654
65.0,1654
65.0,1654
65.0,1654
65.0,1654
65.0,1654
65.0,1654
65.0,1654
65.0,1654
65.0,1654
65.0,1654
65.0,1654
65.0,1654
65.0,1654
65.0,1654
65.0,1654
65.0,1654
65.0,1654
65.0,1654
65.0,1654
65.0,1654
65.0,1654
65.0,1654
65.0,1654
65.0,1654
65.0,1654
65.0,1654
65.0,1654
65.0,1654
65.0,1654
65.0,1654
65.0,1654
65.0,1654
65.0,1654
65.0,1654
65.0,1654
65.0,1654
65.0,1654
65.0,1654
65.0,1654
65.0,1654
65.0,1654
65.0,1654
65.0,1654
65.0,1654
65.0,1654
65.0,1654
65.0,1654
65.0,1654
65.0,1654
65.0,1654
65.0,1654
65.0,1654
65.0,1654
65.0,1654
65.0,1654
65.0,1654
65.0,1654
65.0,1654
65.0,1654
65.0,1654
65.0,1654
65.0,1654
65.0,1654
65.0,1654
65.0,1654
65.0,1654
65.0,1654
65.0,1654
65.0,1654
65.0,1654
65.0,1654
65.0,1654
65.0,1654
65.0,1654
65.0,1654
65.0,1653
65.0,1652
65.1,1651
65.1,1650
65.1,1649
65.1,1649
65.1,1648
65.1,1649
65.1,1648
65.1,1647
65.1,1648
65.1,1647
65.2,1646
65.2,1646
65.2,1646
65.2,1647
65.2,1646
65.2,1647
65.2,1648
65.2,1649
65.2,1648
65.3,1647
65.3,1646
65.3,1645
65.3,1645
65.3,1644
65.3,1644
65.3,1645
65.3,1646
65.4,1645
65.4,1644
65.4,1645
65.4,1644
65.4,1644
65.4,1644
65.4,1644
65.5,1645
65.5,1644
65.5,1643
65.5,1644
65.5,1645
65.5,1644
65.5,1643
65.5,1642
65.5,1643
65.5,1642
65.5,1641
65.6,1641
65.6,1642
65.6,1643
65.6,1644
65.6,1644
65.6,1645
65.6,1644
65.6,1643
65.6,1642
65.6,1642
65.6,1641
65.7,1642
65.7,1642
65.7,1641
65.7,1642
65.8,1642
65.8,1641
65.8,1640
65.8,1641
65.8,1640
65.8,1641
65.8,1641
65.8,1642
65.8,1642
65.8,1642
65.8,1643
65.8,1642
65.9,1643
65.9,1644
65.9,1645
65.9,1644
65.9,1643
65.9,1644
65.9,1644
65.9,1645
66.0,1646
66.0,1645
66.0,1644
66.0,1645
66.0,1644
66.0,1645
66.0,1645
66.0,1645
66.0,1645
66.0,1644
66.0,1643
66.0,1644
66.0,1643
66.1,1644
66.1,1643
66.1,1642
66.1,1643
66.1,1644
66.1,1644
66.1,1644
66.1,1645
66.1,1644
66.1,1645
66.1,1646
66.1,1647
66.1,1648
66.2,1647
66.2,1646
66.2,1647
66.2,1646
66.2,1645
66.2,1646
66.2,1645
66.2,1644
66.2,1643
66.3,1644
66.3,1645
66.3,1646
66.3,1646
66.3,1647
66.3,1647
66.3,1647
66.3,1647
66.3,1648
66.3,1648
66.3,1649
66.3,1650
66.3,1649
66.3,1650
66.4,1651
66.4,1652
66.4,1651
66.4,1652
66.4,1651
66.4,1650
66.4,1651
66.4,1652
66.4,1653
66.4,1652
66.4,1653
66.5,1652
66.5,1653
66.5,1652
66.5,1652
66.5,1652
66.5,1651
66.5,1650
66.5,1651
66.6,1650
66.6,1651
66.6,1650
66.6,1651
66.6,1650
66.6,1651
66.7,1650
66.7,1649
66.7,1649
66.7,1649
66.7,1650
66.7,1651
66.7,1651
66.7,1652
66.7,1652
66.8,1652
66.8,1652
66.8,1651
66.8,1650
66.8,1650
66.8,1649
66.8,1648
66.8,1647
66.8,1648
66.8,1648
66.9,1647
66.9,1647
66.9,1646
66.9,1645
66.9,1644
66.9,1644
66.9,1643
67.0,1643
67.0,1643
67.0,1642
67.0,1642
67.1,1643
67.1,1642
67.1,1643
67.1,1643
67.1,1642
67.1,1643
67.1,1642
67.1,1643
67.1,1642
67.2,1641
67.2,1642
67.2,1643
67.2,1642
67.2,1642
67.2,1641
67.2,1640
67.2,1639
67.2,1640
67.2,1641
67.2,1642
67.2,1641
67.2,1641
67.2,1641
67.3,1642
67.3,1642
67.3,1641
67.3,1642
67.3,1642
67.3,1641
67.3,1642
67.4,1642
67.4,1641
67.4,1642
67.4,1641
67.4,1641
67.4,1642
67.4,1641
67.5,1641
67.5,1640
67.5,1639
67.5,1638
67.5,1638
67.5,1638
67.6,1639
67.6,1639
67.6,1640
67.6,1641
67.6,1642
67.6,1641
67.6,1641
67.6,1642
67.6,1641
67.6,1642
67.6,1642
67.6,1641
67.7,1640
67.7,1639
67.7,1638
67.7,1637
67.7,1638
67.7,1637
67.7,1636
67.7,1637
67.7,1636
67.7,1635
67.7,1634
67.8,1635
67.8,1635
67.8,1634
67.8,1635
67.8,1634
67.8,1633
67.8,1634
67.8,1635
67.8,1635
67.8,1634
67.9,1633
67.9,1632
67.9,1631
67.9,1632
67.9,1631
67.9,1630
67.9,1629
68.0,1628
68.0,1628
68.0,1628
68.0,1627
68.0,1626
68.0,1627
68.0,1627
68.1,1628
68.1,1627
68.1,1626
68.1,1627
68.1,1627
68.1,1628
68.1,1627
68.1,1626
68.1,1625
68.1,1626
68.1,1626
68.2,1625
68.2,1624
68.2,1624
68.2,1625
68.2,1625
68.2,1626
68.2,1625
68.2,1626
68.2,1627
68.2,1626
68.3,1625
68.3,1624
68.3,1624
68.3,1625
68.3,1624
68.3,1624
68.3,1625
68.3,1625
68.3,1625
68.3,1626
68.4,1625
68.4,1626
68.4,1627
68.4,1626
68.4,1625
68.4,1626
68.4,1627
68.4,1626
68.5,1627
68.5,1626
68.5,1627
68.5,1628
68.5,1629
68.5,1630
68.5,1631
68.5,1630
68.5,1631
68.5,1630
68.5,1629
68.5,1629
68.6,1628
68.6,1627
68.6,1626
68.6,1627
68.6,1628
68.6,1629
68.6,1629
68.6,1630
68.6,1630
68.7,1629
68.7,1628
68.7,1628
68.7,1629
68.7,1630
68.7,1629
68.7,1629
68.7,1628
68.7,1627
68.7,1626
68.7,1626
68.7,1627
68.7,1626
68.7,1625
68.7,1625
68.7,1626
68.8,1625
68.8,1626
68.8,1627
68.8,1626
68.8,1626
68.9,1627
68.9,1626
68.9,1627
68.9,1626
68.9,1627
68.9,1628
68.9,1627
69.0,1627
69.0,1626
69.0,1627
69.0,1627
69.0,1627
69.0,1628
69.0,1627
69.0,1628
69.0,1628
69.0,1629
69.0,1629
69.0,1630
69.0,1630
69.0,1630
69.0,1630
69.0,1630
69.1,1629
69.1,1628
69.1,1629
69.1,1628
69.1,1629
69.1,1630
69.1,1629
69.1,1629
69.1,1630
69.1,1629
69.2,1628
69.2,1629
69.2,1628
69.2,1627
69.2,1626
69.2,1627
69.2,1627
69.2,1628
69.2,1629
69.2,1629
69.2,1629
69.2,1629
69.3,1630
69.3,1631
69.3,1630
69.3,1631
69.3,1630
69.3,1630
69.3,1629
69.3,1630
69.3,1630
69.3,1630
69.3,1631
69.3,1630
69.3,1630
69.3,1631
69.3,1632
69.3,1631
69.3,1630
69.4,1631
69.4,1630
69.4,1630
69.4,1630
69.4,1629
69.4,1630
69.4,1631
69.4,1630
69.4,1631
69.4,1630
69.5,1631
69.5,1632
69.5,1631
69.5,1630
69.5,1631
69.5,1632
69.5,1632
69.5,1631
69.5,1631
69.5,1631
69.6,1631
69.6,1632
69.6,1633
69.6,1634
69.7,1633
69.7,1634
69.7,1633
69.7,1633
69.7,1634
69.7,1633
69.7,1633
69.7,1633
69.7,1633
69.7,1633
69.7,1632
69.7,1631
69.7,1632
69.7,1631
69.8,1632
69.8,1631
69.8,1631
69.8,1632
69.8,1631
69.8,1632
69.8,1633
69.8,1633
69.8,1634
69.8,1633
69.8,1634
69.9,1634
69.9,1634
69.9,1635
69.9,1636
69.9,1637
69.9,1638
69.9,1638
69.9,1639
69.9,1639
69.9,1638
69.9,1639
69.9,1640
69.9,1640
69.9,1641
69.9,1640
69.9,1641
69.9,1640
69.9,1639
69.9,1638
69.9,1638
70.0,1637
70.0,1637
70.0,1637
70.0,1636
70.0,1637
70.0,1638
70.0,1637
70.0,1637
70.0,1637
70.0,1637
70.0,1638
70.0,1639
70.1,1640
70.1,1641
70.1,1640
70.1,1639
70.1,1640
70.1,1640
70.1,1639
70.1,1638
70.1,1637
70.2,1637
70.2,1638
70.2,1639
70.2,1638
70.2,1637
70.2,1638
70.2,1639
70.2,1638
70.2,1639
70.2,1638
70.2,1637
70.2,1637
70.2,1636
70.2,1636
70.2,1635
70.2,1634
70.3,1635
70.3,1635
70.3,1635
70.3,1635
70.3,1634
70.3,1634
70.3,1633
70.3,1632
70.4,1631
70.4,1631
70.4,1630
70.4,1631
70.4,1630
70.4,1631
70.4,1632
70.4,1631
70.4,1630
70.4,1630
70.4,1631
70.4,1631
70.5,1631
70.5,1632
70.5,1632
70.5,1633
70.5,1634
70.5,1633
70.5,1634
70.6,1635
70.6,1636
70.6,1635
70.6,1634
70.6,1635
70.6,1636
70.6,1635
70.6,1634
70.6,1633
70.6,1632
70.6,1633
70.6,1634
70.6,1635
70.6,1635
70.7,1636
70.7,1635
70.7,1636
70.7,1637
70.7,1637
70.7,1638
70.7,1639
70.7,1638
70.7,1639
70.7,1638
70.7,1639
70.8,1640
70.8,1641
70.8,1640
70.8,1640
70.8,1639
70.8,1638
70.8,1638
70.8,1639
70.8,1640
70.8,1640
70.8,1640
70.8,1640
70.8,1641
70.8,1642
70.9,1641
70.9,1640
70.9,1639
70.9,1638
70.9,1639
70.9,1639
71.0,1638
71.0,1637
71.0,1636
71.0,1637
71.0,1636
71.0,1636
71.0,1637
71.1,1637
71.1,1638
71.1,1637
71.1,1637
71.1,1637
71.1,1638
71.1,1637
71.1,1638
71.1,1638
71.1,1639
71.1,1640
71.2,1640
71.2,1639
71.2,1640
71.2,1639
71.2,1638
71.2,1637
71.2,1638
71.2,1637
71.2,1637
71.2,1637
71.2,1636
71.3,1636
71.3,1636
71.3,1635
71.3,1634
71.3,1634
71.3,1634
71.3,1635
71.3,1635
71.3,1635
71.4,1636
71.4,1637
71.4,1637
71.4,1636
71.4,1637
71.4,1636
71.4,1637
71.4,1637
71.4,1638
71.5,1639
71.5,1638
71.5,1639
71.5,1640
71.5,1639
71.5,1640
71.5,1639
71.5,1640
71.5,1641
71.6,1641
71.6,1640
71.6,1641
71.6,1640
71.6,1639
71.6,1640
71.6,1641
71.7,1640
71.7,1640
71.7,1641
71.7,1642
71.7,1641
71.7,1642
71.7,1641
71.7,1642
71.7,1641
71.7,1641
71.8,1642
71.8,1641
71.8,1641
71.8,1640
71.8,1641
71.8,1640
71.8,1641
71.8,1640
71.8,1639
71.8,1638
71.8,1637
71.8,1637
71.8,1636
71.9,1636
71.9,1637
71.9,1638
71.9,1639
71.9,1638
72.0,1639
72.0,1638
72.0,1638
72.0,1637
72.0,1637
72.0,1637
72.0,1638
72.0,1639
72.0,1638
72.0,1637
72.1,1638
72.1,1638
72.1,1637
72.1,1638
72.1,1637
72.1,1638
72.1,1638
72.1,1639
72.1,1638
72.1,1639
72.2,1640
72.2,1641
72.2,1642
72.2,1643
72.2,1644
72.2,1645
72.2,1645
72.2,1646
72.2,1647
72.2,1647
72.2,1648
72.2,1647
72.3,1648
72.3,1648
72.3,1649
72.3,1649
72.3,1648
72.3,1647
72.3,1648
72.4,1649
72.4,1648
72.4,1647
72.4,1648
72.4,1647
72.4,1648
72.4,1648
72.4,1647
72.4,1648
72.4,1649
72.5,1648
72.5,1647
72.5,1646
72.5,1647
72.5,1646
72.5,1645
72.5,1646
72.5,1646
72.5,1647
72.6,1646
72.6,1647
72.6,1647
72.6,1648
72.6,1648
72.6,1647
72.6,1648
72.6,1649
72.6,1648
72.6,1649
72.6,1648
72.6,1647
72.7,1648
72.7,1649
72.7,1650
72.8,1649
72.8,1650
72.8,1649
72.8,1648
72.8,1647
72.8,1646
72.8,1645
72.8,1646
72.8,1646
72.8,1647
72.8,1648
72.9,1648
72.9,1647
72.9,1646
72.9,1645
72.9,1644
72.9,1643
73.0,1642
73.0,1643
73.0,1642
73.0,1642
73.0,1642
73.0,1643
73.0,1643
73.1,1644
73.1,1645
73.1,1646
73.1,1645
73.1,1644
73.1,1645
73.1,1644
73.1,1643
73.1,1642
73.1,1642
73.1,1642
73.1,1643
73.1,1642
73.1,1641
73.1,1640
73.1,1639
73.2,1639
73.2,1638
73.2,1638
73.2,1637
73.2,1636
73.2,1635
73.2,1636
73.2,1637
73.2,1636
73.2,1636
73.2,1636
73.2,1635
73.2,1636
73.2,1635
73.2,1635
73.3,1635
73.3,1634
73.3,1633
73.3,1632
73.3,1631
73.3,1630
73.4,1631
73.4,1631
73.4,1631
73.4,1630
73.4,1631
73.4,1632
73.5,1631
73.5,1630
73.5,1630
73.5,1629
73.5,1629
73.5,1628
73.5,1627
73.5,1628
73.5,1629
73.5,1630
73.5,1629
73.5,1629
73.5,1629
73.6,1629
73.6,1628
73.6,1627
73.6,1627
73.6,1628
73.6,1628
73.6,1629
73.6,1630
73.6,1629
73.6,1629
73.7,1630
73.7,1629
73.7,1628
73.7,1627
73.7,1627
73.7,1626
73.7,1626
73.8,1625
73.8,1626
73.8,1626
73.8,1625
73.8,1624
73.8,1623
73.8,1624
73.8,1623
73.9,1624
73.9,1623
73.9,1624
73.9,1623
73.9,1624
73.9,1625
73.9,1624
73.9,1624
73.9,1624
73.9,1623
73.9,1624
74.0,1623
74.0,1622
74.0,1623
74.0,1622
74.0,1621
74.0,1622
74.1,1622
74.1,1621
74.1,1620
74.1,1621
74.1,1620
74.1,1621
74.1,1621
74.1,1620
74.1,1621
74.1,1621
74.1,1622
74.1,1622
74.2,1621
74.2,1620
74.2,1621
74.2,1622
74.2,1621
74.2,1620
74.2,1619
74.2,1620
74.2,1619
74.2,1619
74.2,1620
74.2,1620
74.3,1621
74.3,1620
74.3,1621
74.3,1622
74.3,1621
74.3,1622
74.3,1623
74.3,1622
74.3,1622
74.3,1621
74.4,1622
74.4,1621
74.4,1622
74.4,1621
74.4,1622
74.4,1623
74.4,1624
74.4,1623
74.4,1624
74.4,1623
74.4,1624
74.4,1625
74.5,1624
74.5,1624
74.5,1623
74.5,1622
74.5,1623
74.5,1623
74.5,1623
74.6,1624
74.6,1625
74.6,1625
74.6,1624
74.6,1623
74.6,1622
74.6,1621
74.6,1621
74.6,1621
74.6,1622
74.6,1621
74.6,1622
74.6,1621
74.7,1620
74.7,1621
74.7,1621
74.7,1622
74.7,1623
74.7,1624
74.7,1624
74.7,1625
74.7,1626
74.7,1625
74.7,1625
74.8,1624
74.8,1624
74.8,1624
74.8,1625
74.8,1626
74.8,1626
74.8,1625
74.8,1626
74.8,1625
74.8,1624
74.8,1625
74.9,1625
74.9,1625
74.9,1624
74.9,1625
74.9,1626
74.9,1625
74.9,1624
74.9,1623
74.9,1622
74.9,1622
74.9,1623
75.0,1624
75.0,1623
75.0,1624
75.0,1623
75.0,1622
75.0,1621
75.0,1622
75.0,1622
75.0,1623
75.1,1624
75.1,1623
75.1,1624
75.1,1625
75.1,1625
75.2,1624
75.2,1624
75.2,1624
75.2,1623
75.2,1624
75.2,1624
75.2,1623
75.2,1622
75.2,1621
75.2,1620
75.2,1619
75.2,1620
75.2,1619
75.2,1618
75.2,1618
75.2,1617
75.2,1618
75.2,1617
75.3,1616
75.3,1615
75.3,1616
75.3,1616
75.3,1617
75.3,1618
75.3,1617
75.3,1618
75.4,1619
75.4,1618
75.4,1619
75.4,1618
75.4,1618
75.4,1619
75.4,1620
75.4,1621
75.4,1622
75.4,1621
75.4,1622
75.4,1623
75.5,1624
75.5,1624
75.5,1624
75.5,1624
75.6,1625
75.6,1624
75.6,1623
75.6,1623
75.6,1624
75.6,1623
75.6,1622
75.6,1623
75.6,1623
75.6,1624
75.6,1624
75.6,1624
75.6,1623
75.6,1623
75.6,1624
75.7,1625
75.7,1624
75.7,1623
75.7,1624
75.7,1625
75.7,1626
75.7,1626
75.8,1625
75.8,1625
75.8,1624
75.8,1623
75.8,1622
75.8,1622
75.9,1621
75.9,1620
75.9,1619
75.9,1618
75.9,1617
75.9,1617
75.9,1618
75.9,1618
75.9,1618
75.9,1617
75.9,1618
75.9,1617
76.0,1616
76.0,1617
76.0,1618
76.0,1619
76.0,1619
76.0,1619
76.0,1620
76.0,1619
76.0,1620
76.0,1619
76.0,1620
76.0,1619
76.0,1618
76.0,1618
76.1,1618
76.1,1619
76.1,1619
76.1,1618
76.1,1618
76.2,1617
76.2,1618
76.2,1619
76.2,1620
76.2,1621
76.2,1620
76.2,1620
76.2,1620
76.2,1620
76.2,1619
76.2,1620
76.2,1619
76.2,1618
76.2,1617
76.2,1618
76.2,1619
76.3,1618
76.3,1617
76.3,1617
76.3,1618
76.3,1619
76.3,1619
76.3,1618
76.3,1618
76.3,1619
76.3,1618
76.3,1617
76.3,1616
76.3,1616
76.3,1615
76.4,1614
76.4,1613
76.4,1614
76.4,1613
76.4,1612
76.4,1611
76.4,1610
76.4,1609
76.4,1608
76.5,1607
76.5,1608
76.5,1607
76.5,1608
76.5,1609
76.5,1609
76.5,1609
76.5,1610
76.5,1609
76.5,1608
76.5,1609
76.6,1609
76.6,1608
76.6,1609
76.6,1608
76.6,1608
76.6,1607
76.6,1606
76.6,1605
76.6,1605
76.6,1604
76.7,1605
76.7,1604
76.7,1603
76.7,1602
76.7,1601
76.7,1600
76.7,1600
76.7,1601
76.7,1602
76.8,1603
76.8,1602
76.8,1603
76.8,1602
76.8,1602
76.8,1601
76.8,1600
76.8,1600
76.8,1600
76.8,1601
76.9,1602
76.9,1603
76.9,1602
76.9,1601
76.9,1601
76.9,1601
77.0,1601
77.0,1602
77.0,1601
77.0,1601
77.0,1602
77.0,1603
77.0,1603
77.0,1602
77.0,1603
77.1,1604
77.1,1603
77.1,1604
77.1,1604
77.1,1604
77.2,1603
77.2,1602
77.2,1603
77.2,1604
77.2,1604
77.2,1605
77.2,1604
77.3,1605
77.3,1604
77.3,1604
77.3,1604
77.3,1605
77.3,1605
77.3,1604
77.3,1603
77.3,1602
77.3,1603
77.3,1603
77.4,1602
77.4,1601
77.4,1600
77.4,1601
77.4,1602
77.4,1601
77.4,1600
77.4,1599
77.4,1600
77.5,1599
77.5,1600
77.5,1601
77.5,1600
77.5,1599
77.5,1600
77.6,1599
77.6,1599
77.6,1598
77.6,1599
77.6,1600
77.6,1601
77.6,1600
77.6,1599
77.6,1599
77.7,1600
77.7,1599
77.7,1598
77.7,1599
77.7,1600
77.7,1599
77.8,1598
77.8,1599
77.8,1600
77.8,1599
77.8,1600
77.8,1599
77.8,1599
77.8,1599
77.8,1598
77.8,1597
77.8,1597
77.9,1597
77.9,1597
77.9,1598
77.9,1599
77.9,1598
77.9,1598
77.9,1599
77.9,1599
78.0,1598
78.0,1599
78.0,1598
78.0,1597
78.0,1597
78.0,1598
78.0,1597
78.0,1598
78.0,1597
78.0,1597
78.0,1596
78.1,1597
78.1,1598
78.1,1599
78.1,1598
78.1,1597
78.1,1596
78.1,1597
78.1,1598
78.1,1599
78.1,1599
78.1,1600
78.1,1601
78.1,1601
78.1,1602
78.1,1603
78.1,1602
78.2,1601
78.2,1600
78.2,1601
78.2,1602
78.2,1601
78.2,1600
78.3,1599
78.3,1598
78.3,1598
78.3,1598
78.3,1597
78.3,1597
78.3,1596
78.3,1597
78.3,1598
78.3,1599
78.3,1599
78.3,1600
78.3,1601
78.4,1600
78.4,1601
78.4,1602
78.4,1603
78.4,1604
78.4,1605
78.4,1605
78.4,1606
78.4,1607
78.4,1607
78.5,1608
78.5,1608
78.5,1609
78.5,1609
78.5,1609
78.5,1608
78.5,1609
78.5,1609
78.5,1609
78.6,1610
78.6,1611
78.6,1612
78.6,1612
78.6,1611
78.6,1610
78.6,1609
78.6,1610
78.6,1611
78.6,1612
78.7,1612
78.7,1611
78.7,1610
78.7,1611
78.7,1612
78.7,1611
78.7,1612
78.7,1611
78.7,1610
78.7,1609
78.7,1608
78.7,1607
78.8,1608
78.8,1607
78.8,1606
78.8,1605
78.8,1604
78.8,1605
78.8,1606
78.8,1607
78.8,1606
78.8,1605
78.8,1605
78.8,1604
78.8,1604
78.8,1605
78.8,1605
78.8,1604
78.9,1603
78.9,1604
78.9,1603
78.9,1604
78.9,1605
78.9,1604
78.9,1605
78.9,1606
78.9,1606
78.9,1607
79.0,1607
79.0,1608
79.0,1609
79.0,1610
79.0,1610
79.0,1611
79.0,1610
79.0,1609
79.0,1608
79.0,1609
79.1,1609
79.1,1610
79.1,1611
79.1,1612
79.1,1612
79.1,1613
79.1,1614
79.1,1613
79.1,1612
79.2,1612
79.2,1612
79.2,1611
79.2,1612
79.2,1612
79.2,1611
79.2,1612
79.3,1613
79.3,1613
79.3,1614
79.3,1613
79.3,1612
79.3,1611
79.3,1611
79.3,1612
79.3,1613
79.3,1614
79.3,1614
79.4,1613
79.4,1612
79.4,1612
79.4,1611
79.4,1612
79.4,1613
79.4,1612
79.4,1611
79.4,1612
79.4,1613
79.4,1614
79.5,1613
79.5,1614
79.5,1614
79.5,1613
79.5,1613
79.6,1612
79.6,1613
79.6,1614
79.6,1613
79.6,1612
79.6,1613
79.6,1614
79.6,1613
79.7,1613
79.7,1613
79.7,1612
79.7,1613
79.7,1612
79.7,1611
79.7,1612
79.7,1612
79.7,1611
79.7,1611
79.7,1612
79.7,1611
79.8,1612
79.8,1613
79.8,1612
79.8,1612
79.8,1611
79.9,1612
79.9,1613
79.9,1614
79.9,1614
79.9,1615
79.9,1614
79.9,1613
79.9,1614
79.9,1615
79.9,1614
80.0,1615
80.0,1616
80.0,1615
80.0,1614
80.0,1613
80.0,1612
80.0,1611
80.0,1612
80.0,1612
80.0,1612
80.0,1611
80.1,1612
80.1,1613
80.1,1613
80.1,1612
80.1,1611
80.1,1612
80.1,1613
80.1,1612
80.2,1613
80.2,1614
80.2,1615
80.2,1615
80.2,1614
80.2,1614
80.3,1615
80.3,1616
80.3,1617
80.3,1618
80.3,1618
80.3,1619
80.3,1618
80.4,1617
80.4,1617
80.4,1618
80.4,1617
80.4,1618
80.4,1619
80.4,1618
80.4,1618
80.4,1619
80.4,1620
80.4,1619
80.4,1619
80.4,1618
80.5,1619
80.5,1620
80.5,1619
80.5,1618
80.5,1617
80.5,1618
80.5,1619
80.6,1618
80.6,1618
80.6,1619
80.6,1620
80.6,1619
80.6,1620
80.6,1620
80.6,1621
80.6,1620
80.6,1620
80.6,1619
80.6,1618
80.6,1617
80.6,1618
80.7,1619
80.7,1618
80.7,1619
80.7,1619
80.7,1619
80.7,1618
80.7,1618
80.8,1617
80.8,1617
80.8,1616
80.8,1615
80.8,1614
80.8,1615
80.8,1616
80.8,1615
80.8,1616
80.9,1616
80.9,1616
80.9,1615
80.9,1616
80.9,1615
80.9,1615
80.9,1615
81.0,1616
81.0,1615
81.0,1614
81.0,1615
81.0,1616
81.0,1616
81.0,1615
81.0,1616
81.0,1616
81.0,1617
81.1,1618
81.1,1618
81.1,1617
81.1,1617
81.1,1617
81.1,1616
81.1,1615
81.1,1614
81.1,1613
81.1,1612
81.1,1612
81.1,1613
81.1,1613
81.2,1612
81.2,1613
81.2,1614
81.2,1614
81.2,1615
81.2,1614
81.2,1614
81.2,1613
81.2,1613
81.2,1612
81.2,1613
81.2,1614
81.2,1615
81.2,1614
81.2,1614
81.2,1614
81.2,1614
81.2,1614
81.3,1614
81.3,1614
81.3,1613
81.3,1614
81.3,1615
81.3,1614
81.3,1613
81.3,1614
81.3,1613
81.3,1612
81.3,1612
81.3,1612
81.4,1612
81.4,1612
81.4,1613
81.4,1612
81.4,1611
81.4,1610
81.5,1609
81.5,1609
81.5,1609
81.5,1609
81.5,1608
81.5,1609
81.5,1609
81.5,1608
81.5,1608
81.5,1608
81.5,1607
81.6,1608
81.6,1608
81.6,1607
81.6,1608
81.6,1608
81.6,1608
81.6,1607
81.6,1608
81.6,1607
81.6,1606
81.6,1605
81.6,1606
81.7,1606
81.7,1607
81.7,1606
81.7,1605
81.7,1604
81.7,1603
81.7,1603
81.8,1603
81.8,1604
81.8,1603
81.8,1603
81.8,1602
81.8,1603
81.8,1602
81.8,1602
81.9,1602
81.9,1601
81.9,1602
81.9,1602
81.9,1601
81.9,1601
81.9,1602
81.9,1603
81.9,1602
81.9,1603
81.9,1602
82.0,1603
82.0,1603
82.0,1602
82.0,1602
82.0,1603
82.0,1603
82.0,1602
82.0,1601
82.0,1601
82.0,1601
82.0,1602
82.0,1601
82.0,1601
82.0,1600
82.1,1600
82.1,1601
82.1,1602
82.1,1603
82.1,1603
82.1,1603
82.1,1603
82.1,1603
82.1,1602
82.1,1601
82.2,1602
82.2,1601
82.2,1602
82.2,1603
82.2,1604
82.2,1603
82.2,1603
82.2,1602
82.3,1602
82.3,1602
82.3,1602
82.3,1603
82.3,1604
82.3,1603
82.3,1603
82.3,1603
82.3,1604
82.3,1603
82.4,1602
82.4,1601
82.4,1600
82.4,1601
82.4,1601
82.4,1600
82.4,1601
82.4,1601
82.4,1601
82.4,1602
82.4,1601
82.4,1601
82.4,1600
82.5,1601
82.5,1601
82.5,1600
82.5,1601
82.5,1601
82.5,1601
82.5,1600
82.5,1599
82.5,1600
82.5,1599
82.5,1599
82.5,1599
82.5,1600
82.6,1600
82.6,1600
82.6,1599
82.6,1600
82.6,1600
82.6,1600
82.6,1599
82.6,1599
82.6,1599
82.6,1599
82.6,1600
82.7,1600
82.7,1601
82.7,1602
82.7,1601
82.7,1600
82.7,1600
82.7,1601
82.7,1601
82.7,1602
82.7,1602
82.8,1602
82.8,1603
82.8,1604
82.8,1604
82.8,1604
82.8,1603
82.8,1603
82.8,1603
82.9,1604
82.9,1604
82.9,1603
82.9,1604
82.9,1605
82.9,1604
82.9,1605
82.9,1606
82.9,1607
82.9,1608
83.0,1609
83.0,1610
83.0,1611
83.0,1611
83.0,1611
83.0,1612
83.0,1611
83.0,1612
83.0,1611
83.0,1611
83.0,1610
83.0,1609
83.0,1608
83.1,1608
83.1,1607
83.1,1607
83.1,1607
83.1,1608
83.1,1608
83.1,1609
83.1,1610
83.1,1611
83.1,1612
83.1,1611
83.1,1611
83.1,1610
83.2,1609
83.2,1609
83.2,1610
83.2,1610
83.2,1611
83.2,1610
83.2,1610
83.2,1611
83.2,1612
83.2,1611
83.2,1611
83.2,1610
83.2,1610
83.2,1611
83.2,1612
83.3,1611
83.3,1610
83.3,1610
83.3,1609
83.3,1610
83.3,1611
83.3,1610
83.3,1610
83.3,1610
83.3,1611
83.3,1610
83.4,1609
83.4,1609
83.4,1608
83.4,1607
83.4,1607
83.4,1608
83.4,1607
83.4,1607
83.4,1608
83.5,1607
83.5,1606
83.5,1606
83.5,1607
83.5,1606
83.5,1606
83.5,1606
83.5,1606
83.5,1605
83.5,1606
83.5,1605
83.5,1606
83.5,1606
83.5,1606
83.6,1606
83.6,1606
83.6,1606
83.6,1606
83.6,1606
83.6,1607
83.6,1607
83.6,1607
83.6,1608
83.6,1609
83.6,1608
83.6,1608
83.6,1608
83.7,1608
83.7,1607
83.7,1607
83.7,1608
83.7,1609
83.7,1608
83.7,1607
83.7,1608
83.7,1609
83.8,1608
83.8,1607
83.8,1606
83.8,1606
83.8,1607
83.8,1608
83.8,1607
83.8,1606
83.8,1606
83.9,1607
83.9,1607
83.9,1606
83.9,1606
83.9,1605
83.9,1605
84.0,1606
84.0,1606
84.0,1606
84.0,1605
84.0,1606
84.0,1607
84.0,1607
84.0,1607
84.0,1607
84.0,1606
84.0,1606
84.0,1606
84.0,1607
84.0,1606
84.1,1606
84.1,1607
84.1,1606
84.1,1606
84.1,1605
84.1,1606
84.1,1606
84.2,1605
84.2,1606
84.2,1607
84.2,1608
84.2,1608
84.2,1609
84.2,1610
84.2,1610
84.2,1609
84.2,1608
84.2,1608
84.2,1607
84.2,1608
84.2,1608
84.2,1607
84.3,1606
84.3,1605
84.3,1606
84.3,1607
84.3,1607
84.3,1608
84.3,1609
84.3,1609
84.3,1610
84.3,1609
84.3,1610
84.3,1611
84.3,1611
84.3,1610
84.4,1611
84.4,1611
84.4,1611
84.4,1611
84.4,1611
84.4,1611
84.4,1610
84.4,1610
84.4,1610
84.4,1609
84.5,1609
84.5,1609
84.5,1610
84.5,1610
84.5,1611
84.5,1612
84.5,1612
84.5,1612
84.5,1613
84.5,1614
84.5,1615
84.5,1614
84.6,1613
84.6,1614
84.6,1614
84.6,1615
84.6,1615
84.6,1615
84.6,1616
84.6,1617
84.6,1617
84.6,1618
84.6,1619
84.6,1619
84.7,1618
84.7,1617
84.7,1618
84.7,1619
84.7,1619
84.7,1620
84.7,1620
84.7,1619
84.7,1620
84.7,1620
84.7,1619
84.7,1619
84.7,1619
84.7,1620
84.7,1621
84.8,1621
84.8,1622
84.8,1623
84.8,1623
84.8,1622
84.8,1623
84.8,1622
84.8,1621
84.8,1622
84.8,1621
84.8,1620
84.9,1620
84.9,1619
84.9,1619
84.9,1619
84.9,1619
84.9,1620
84.9,1619
84.9,1619
84.9,1618
84.9,1619
84.9,1619
84.9,1618
84.9,1618
84.9,1618
85.0,1618
85.0,1618
85.0,1617
85.0,1617
85.0,1618
85.0,1619
85.0,1619
85.0,1619
85.0,1619
85.0,1619
85.0,1619
85.0,1620
85.0,1619
85.0,1618
85.0,1619
85.0,1619
85.0,1618
85.0,1618
85.0,1619
85.0,1619
85.1,1619
85.1,1619
85.1,1619
85.1,1618
85.1,1618
85.1,1617
85.1,1616
85.1,1616
85.1,1615
85.1,1614
85.1,1614
85.1,1615
85.1,1615
85.1,1616
85.2,1615
85.2,1615
85.2,1616
85.2,1617
85.2,1617
85.2,1616
85.2,1615
85.2,1615
85.2,1614
85.2,1614
85.2,1614
85.2,1614
85.2,1615
85.2,1615
85.2,1615
85.3,1615
85.3,1616
85.3,1616
85.3,1615
85.3,1616
85.3,1616
85.3,1617
85.3,1618
85.3,1619
85.3,1619
85.3,1618
85.4,1619
85.4,1619
85.4,1618
85.4,1619
85.4,1619
85.4,1620
85.4,1620
85.4,1619
85.4,1619
85.4,1620
85.4,1620
85.4,1619
85.4,1620
85.5,1620
85.5,1621
85.5,1622
85.5,1623
85.5,1623
85.5,1622
85.5,1623
85.5,1624
85.6,1623
85.6,1624
85.6,1624
85.6,1625
85.6,1624
85.6,1623
85.6,1623
85.6,1622
85.6,1623
85.6,1623
85.6,1623
85.7,1624
85.7,1623
85.7,1624
85.7,1623
85.7,1624
85.7,1624
85.8,1624
85.8,1624
85.8,1624
85.8,1625
85.8,1625
85.8,1626
85.8,1626
85.8,1626
85.8,1627
85.8,1627
85.8,1628
85.8,1628
85.8,1628
85.8,1629
85.8,1629
85.8,1630
85.8,1629
85.9,1628
85.9,1628
85.9,1628
85.9,1629
85.9,1628
85.9,1627
85.9,1628
85.9,1627
85.9,1627
85.9,1627
85.9,1628
85.9,1628
85.9,1628
86.0,1628
86.0,1627
86.0,1627
86.0,1627
86.0,1627
86.0,1626
86.0,1627
86.0,1627
86.1,1628
86.1,1628
86.1,1628
86.1,1629
86.1,1630
86.1,1630
86.2,1630
86.2,1631
86.2,1631
86.2,1630
86.2,1631
86.2,1630
86.2,1630
86.2,1629
86.2,1628
86.2,1628
86.2,1629
86.2,1628
86.3,1627
86.3,1627
86.3,1626
86.3,1626
86.3,1626
86.3,1625
86.3,1624
86.3,1624
86.4,1623
86.4,1623
86.4,1623
86.4,1623
86.4,1623
86.4,1622
86.4,1621
86.4,1621
86.4,1620
86.4,1619
86.4,1618
86.4,1617
86.5,1617
86.5,1617
86.5,1618
86.5,1619
86.5,1619
86.5,1618
86.5,1619
86.5,1619
86.5,1620
86.5,1619
86.6,1620
86.6,1619
86.6,1619
86.6,1620
86.6,1621
86.6,1621
86.6,1620
86.6,1621
86.6,1621
86.6,1621
86.6,1620
86.6,1620
86.6,1619
86.6,1619
86.7,1620
86.7,1619
86.7,1618
86.7,1619
86.7,1620
86.7,1619
86.7,1618
86.7,1619
86.7,1620
86.7,1621
86.7,1622
86.7,1622
86.7,1623
86.7,1622
86.8,1623
86.8,1622
86.8,1622
86.8,1622
86.8,1622
86.8,1623
86.8,1622
86.8,1623
86.8,1623
86.8,1623
86.9,1622
86.9,1623
86.9,1623
86.9,1624
86.9,1625
86.9,1624
86.9,1625
86.9,1624
86.9,1623
86.9,1623
87.0,1623
87.0,1624
87.0,1625
87.0,1625
87.0,1625
87.0,1625
87.0,1625
87.0,1626
87.1,1626
87.1,1626
87.1,1625
87.1,1626
87.1,1625
87.1,1625
87.1,1626
87.1,1626
87.1,1627
87.1,1628
87.1,1628
87.1,1628
87.1,1627
87.1,1627
87.1,1627
87.1,1628
87.1,1629
87.2,1628
87.2,1628
87.2,1628
87.2,1627
87.3,1628
87.3,1629
87.3,1629
87.3,1628
87.3,1628
87.3,1627
87.3,1628
87.4,1629
87.4,1629
87.4,1629
87.4,1628
87.4,1628
87.4,1627
87.4,1628
87.4,1629
87.4,1629
87.4,1630
87.4,1631
87.4,1630
87.4,1630
87.4,1631
87.4,1631
87.5,1631
87.5,1631
87.5,1632
87.5,1631
87.5,1630
87.5,1630
87.5,1629
87.5,1630
87.5,1629
87.5,1630
87.6,1631
87.6,1632
87.6,1631
87.6,1632
87.6,1633
87.6,1633
87.6,1634
87.6,1635
87.6,1634
87.6,1633
87.6,1632
87.6,1632
87.6,1632
87.6,1632
87.6,1633
87.7,1633
87.7,1634
87.7,1634
87.7,1635
87.7,1636
87.7,1635
87.7,1634
87.7,1634
87.7,1634
87.8,1634
87.8,1635
87.8,1636
87.8,1637
87.8,1637
87.8,1636
87.8,1637
87.8,1638
87.9,1638
87.9,1638
87.9,1638
87.9,1637
87.9,1637
87.9,1638
87.9,1638
87.9,1639
87.9,1638
87.9,1638
88.0,1638
88.0,1637
88.0,1636
88.0,1635
88.0,1634
88.0,1633
88.0,1634
88.0,1635
88.1,1636
88.1,1637
88.1,1637
88.1,1636
88.1,1637
88.1,1638
88.1,1638
88.1,1637
88.1,1637
88.1,1637
88.2,1637
88.2,1637
88.2,1638
88.2,1638
88.2,1638
88.2,1639
88.2,1639
88.2,1639
88.2,1638
88.2,1638
88.2,1639
88.3,1638
88.3,1639
88.3,1640
88.3,1639
88.3,1639
88.3,1639
88.3,1638
88.3,1639
88.3,1640
88.3,1639
88.3,1640
88.3,1640
88.3,1641
88.3,1641
88.4,1641
88.4,1641
88.4,1641
88.4,1640
88.4,1640
88.4,1640
88.4,1640
88.4,1641
88.4,1640
88.4,1641
88.4,1641
88.4,1641
88.4,1642
88.4,1643
88.4,1643
88.4,1642
88.5,1641
88.5,1641
88.5,1640
88.5,1639
88.5,1640
88.5,1641
88.5,1640
88.5,1639
88.5,1638
88.5,1637
88.5,1636
88.5,1637
88.5,1638
88.5,1639
88.5,1639
88.5,1639
88.6,1639
88.6,1639
88.6,1639
88.6,1639
88.6,1638
88.6,1638
88.6,1637
88.6,1637
88.6,1637
88.6,1636
88.7,1635
88.7,1635
88.7,1636
88.7,1637
88.7,1636
88.7,1636
88.7,1637
88.7,1637
88.7,1636
88.7,1637
88.7,1638
88.8,1639
88.8,1639
88.8,1639
88.8,1639
88.8,1640
88.8,1640
88.9,1641
88.9,1640
88.9,1639
88.9,1640
88.9,1639
88.9,1639
88.9,1638
88.9,1639
88.9,1638
89.0,1637
89.0,1638
89.0,1639
89.0,1639
89.0,1638
89.0,1639
89.0,1638
89.0,1639
89.0,1640
89.0,1640
89.1,1639
89.1,1638
89.1,1638
89.1,1637
89.1,1638
89.1,1637
89.1,1637
89.1,1636
89.1,1636
89.1,1637
89.1,1638
89.1,1639
89.1,1638
89.1,1638
89.1,1638
89.2,1639
89.2,1640
89.2,1640
89.2,1639
89.2,1639
89.2,1638
89.2,1637
89.2,1637
89.2,1637
89.2,1636
89.2,1635
89.2,1634
89.2,1633
89.2,1634
89.2,1633
89.3,1632
89.3,1631
89.3,1632
89.3,1633
89.3,1633
89.3,1634
89.3,1633
89.3,1634
89.4,1633
89.4,1634
89.4,1634
89.4,1633
89.4,1632
89.4,1632
89.4,1631
89.4,1631
89.4,1632
89.4,1633
89.4,1634
89.4,1634
89.4,1634
89.4,1634
89.5,1635
89.5,1634
89.5,1633
89.5,1633
89.5,1632
89.5,1632
89.5,1632
89.5,1633
89.5,1632
89.5,1632
89.5,1631
89.5,1630
89.5,1630
89.5,1629
89.5,1629
89.6,1630
89.6,1630
89.6,1629
89.6,1628
89.6,1628
89.6,1627
89.6,1627
89.6,1627
89.6,1628
89.6,1629
89.6,1628
89.7,1628
89.7,1628
89.7,1629
89.7,1629
89.7,1629
89.7,1628
89.7,1628
89.7,1627
89.7,1628
89.7,1627
89.7,1628
89.7,1629
89.7,1628
89.7,1628
89.8,1628
89.8,1629
89.8,1629
89.8,1628
89.8,1628
89.8,1628
89.8,1628
89.8,1628
89.8,1629
89.8,1628
89.8,1629
89.8,1630
89.8,1629
89.8,1629
89.8,1629
89.9,1629
89.9,1630
89.9,1629
89.9,1628
89.9,1629
89.9,1629
89.9,1628
89.9,1628
89.9,1627
90.0,1627
90.0,1628
90.0,1628
90.0,1628
90.0,1627
90.0,1627
90.0,1628
90.0,1629
90.0,1628
90.1,1627
90.1,1627
90.1,1626
90.1,1627
90.1,1627
90.1,1626
90.1,1627
90.1,1628
90.1,1628
90.1,1628
90.1,1627
90.1,1627
90.1,1626
90.1,1627
90.1,1626
90.1,1627
90.2,1626
90.2,1627
90.2,1626
90.2,1627
90.2,1626
90.2,1626
90.2,1625
90.2,1624
90.3,1624
90.3,1623
90.3,1624
90.3,1625
90.3,1626
90.3,1626
90.3,1626
90.3,1627
90.3,1627
90.3,1626
90.4,1626
90.4,1626
90.4,1626
90.4,1626
90.4,1627
90.4,1627
90.4,1626
90.4,1625
90.4,1626
90.4,1626
90.4,1627
90.4,1626
90.4,1626
90.4,1625
90.4,1624
90.4,1625
90.4,1624
90.5,1623
90.5,1624
90.5,1625
90.5,1624
90.5,1625
90.5,1624
90.5,1625
90.5,1626
90.5,1627
90.5,1627
90.5,1627
90.5,1627
90.6,1627
90.6,1626
90.6,1625
90.6,1625
90.6,1625
90.6,1625
90.6,1626
90.6,1626
90.6,1626
90.6,1626
90.6,1627
90.6,1626
90.7,1626
90.7,1625
90.7,1626
90.7,1626
90.7,1625
90.7,1625
90.7,1624
90.7,1624
90.7,1624
90.7,1624
90.7,1624
90.7,1624
90.7,1623
90.8,1622
90.8,1623
90.8,1623
90.8,1622
90.8,1623
90.8,1623
90.8,1622
90.8,1621
90.8,1622
90.8,1621
90.8,1620
90.8,1619
90.8,1618
90.8,1617
90.8,1618
90.9,1619
90.9,1620
90.9,1621
90.9,1622
90.9,1621
90.9,1622
90.9,1621
90.9,1621
90.9,1621
90.9,1620
90.9,1619
90.9,1618
90.9,1618
91.0,1617
91.0,1616
91.0,1615
91.0,1614
91.0,1613
91.0,1612
91.0,1612
91.0,1613
91.0,1614
91.0,1614
91.1,1614
91.1,1615
91.1,1616
91.1,1617
91.1,1617
91.1,1617
91.1,1616
91.1,1616
91.1,1617
91.1,1616
91.1,1615
91.1,1615
91.2,1615
91.2,1616
91.2,1617
91.2,1616
91.2,1616
91.2,1615
91.2,1614
91.2,1613
91.2,1614
91.2,1615
91.2,1614
91.3,1613
91.3,1612
91.3,1613
91.3,1613
91.3,1614
91.3,1614
91.3,1614
91.3,1615
91.3,1615
91.4,1615
91.4,1615
91.4,1615
91.4,1615
91.4,1615
91.4,1616
91.5,1617
91.5,1616
91.5,1615
91.5,1615
91.5,1615
91.5,1616
91.5,1616
91.5,1617
91.5,1617
91.5,1617
91.5,1618
91.5,1617
91.5,1618
91.6,1617
91.6,1616
91.6,1615
91.6,1616
91.6,1616
91.6,1615
91.6,1615
91.6,1616
91.6,1617
91.6,1617
91.6,1618
91.6,1617
91.6,1617
91.7,1616
91.7,1616
91.7,1616
91.7,1615
91.7,1615
91.7,1616
91.7,1617
91.7,1617
91.7,1617
91.7,1616
91.8,1615
91.8,1615
91.8,1616
91.8,1616
91.8,1615
91.8,1616
91.8,1615
91.9,1614
91.9,1613
91.9,1612
91.9,1612
91.9,1612
91.9,1611
91.9,1612
91.9,1611
91.9,1611
91.9,1611
91.9,1610
91.9,1611
92.0,1610
92.0,1610
92.0,1609
92.0,1609
92.0,1609
92.0,1609
92.0,1608
92.0,1609
92.0,1609
92.0,1610
92.0,1610
92.0,1609
92.0,1610
92.1,1609
92.1,1609
92.1,1608
92.1,1609
92.1,1609
92.1,1610
92.1,1610
92.1,1610
92.1,1610
92.1,1611
92.1,1611
92.1,1611
92.2,1611
92.2,1611
92.2,1611
92.2,1610
92.2,1611
92.2,1610
92.2,1610
92.2,1609
92.2,1609
92.2,1609
92.3,1610
92.3,1610
92.3,1611
92.3,1612
92.3,1612
92.3,1613
92.3,1614
92.3,1614
92.3,1614
92.3,1615
92.3,1616
92.3,1617
92.4,1617
92.4,1616
92.4,1617
92.4,1617
92.5,1616
92.5,1617
92.5,1618
92.5,1617
92.5,1617
92.5,1617
92.5,1617
92.5,1617
92.6,1617
92.6,1618
92.6,1617
92.6,1617
92.6,1618
92.6,1618
92.6,1617
92.6,1618
92.6,1619
92.6,1619
92.6,1618
92.6,1618
92.6,1618
92.7,1618
92.7,1617
92.7,1617
92.7,1618
92.7,1618
92.7,1617
92.7,1618
92.7,1619
92.7,1620
92.7,1621
92.7,1620
92.7,1620
92.8,1621
92.8,1621
92.8,1620
92.8,1621
92.8,1620
92.8,1620
92.8,1619
92.8,1618
92.8,1617
92.8,1617
92.8,1618
92.8,1618
92.8,1619
92.9,1619
92.9,1620
92.9,1619
92.9,1619
92.9,1619
92.9,1618
92.9,1619
92.9,1618
92.9,1617
92.9,1617
93.0,1618
93.0,1618
93.0,1618
93.0,1618
93.0,1618
93.0,1618
93.0,1617
93.1,1616
93.1,1617
93.1,1617
93.1,1616
93.1,1615
93.1,1615
93.1,1614
93.1,1613
93.1,1613
93.1,1613
93.1,1613
93.1,1613
93.1,1613
93.1,1613
93.1,1612
93.1,1613
93.1,1614
93.1,1614
93.1,1615
93.1,1616
93.2,1617
93.2,1616
93.2,1616
93.2,1615
93.2,1615
93.2,1615
93.2,1615
93.2,1616
93.2,1616
93.2,1616
93.2,1616
93.2,1615
93.2,1614
93.2,1615
93.3,1615
93.3,1614
93.3,1613
93.3,1614
93.3,1613
93.3,1613
93.3,1614
93.3,1613
93.3,1612
93.3,1611
93.3,1611
93.4,1612
93.4,1612
93.4,1613
93.4,1614
93.4,1613
93.4,1613
93.4,1613
93.4,1612
93.4,1611
93.4,1611
93.5,1612
93.5,1613
93.5,1613
93.5,1613
93.5,1613
93.5,1613
93.5,1613
93.5,1613
93.6,1613
93.6,1613
93.6,1614
93.6,1614
93.6,1615
93.6,1614
93.6,1614
93.7,1614
93.7,1615
93.7,1615
93.7,1616
93.7,1617
93.7,1618
93.7,1617
93.7,1616
93.7,1615
93.8,1614
93.8,1613
93.8,1613
93.8,1612
93.8,1611
93.8,1611
93.8,1611
93.8,1611
93.8,1612
93.8,1613
93.8,1614
93.8,1614
93.8,1613
93.8,1612
93.8,1611
93.8,1612
93.9,1612
93.9,1611
93.9,1611
93.9,1611
93.9,1612
93.9,1613
93.9,1613
93.9,1613
93.9,1614
94.0,1613
94.0,1613
94.0,1614
94.0,1615
94.0,1615
94.0,1615
94.0,1616
94.0,1616
94.0,1617
94.0,1616
94.0,1616
94.0,1615
94.0,1615
94.0,1615
94.1,1615
94.1,1614
94.1,1614
94.1,1613
94.1,1613
94.1,1613
94.1,1614
94.1,1614
94.1,1615
94.1,1614
94.1,1614
94.1,1615
94.1,1615
94.1,1615
94.2,1614
94.2,1614
94.2,1614
94.2,1613
94.2,1612
94.2,1613
94.2,1613
94.2,1612
94.2,1611
94.3,1612
94.3,1611
94.3,1612
94.3,1611
94.3,1610
94.3,1609
94.3,1610
94.3,1610
94.3,1609
94.3,1610
94.3,1610
94.3,1611
94.3,1611
94.3,1610
94.3,1609
94.3,1609
94.3,1609
94.4,1610
94.4,1609
94.4,1608
94.4,1608
94.4,1608
94.4,1607
94.4,1607
94.4,1608
94.4,1608
94.4,1608
94.4,1608
94.4,1608
94.4,1608
94.4,1607
94.4,1607
94.5,1607
94.5,1607
94.5,1608
94.5,1608
94.5,1607
94.5,1606
94.5,1606
94.5,1606
94.5,1605
94.5,1606
94.5,1605
94.6,1605
94.6,1605
94.6,1605
94.6,1606
94.6,1605
94.6,1604
94.6,1604
94.6,1603
94.6,1604
94.6,1604
94.6,1604
94.6,1605
94.6,1604
94.6,1604
94.6,1605
94.7,1605
94.7,1606
94.7,1606
94.7,1607
94.7,1608
94.7,1607
94.7,1608
94.7,1607
94.7,1606
94.7,1606
94.7,1607
94.7,1608
94.7,1607
94.8,1608
94.8,1608
94.8,1608
94.8,1608
94.8,1608
94.8,1608
94.8,1608
94.8,1609
94.8,1610
94.8,1610
94.9,1611
94.9,1611
94.9,1611
94.9,1610
94.9,1610
94.9,1610
94.9,1609
94.9,1609
95.0,1608
95.0,1608
95.0,1608
95.0,1608
95.0,1609
95.0,1608
95.0,1607
95.0,1607
95.0,1608
95.0,1608
95.0,1608
95.1,1609
95.1,1610
95.1,1609
95.1,1609
95.1,1608
95.1,1607
95.1,1606
95.1,1606
95.2,1607
95.2,1607
95.2,1606
95.2,1607
95.2,1606
95.2,1606
95.2,1605
95.2,1605
95.2,1604
95.3,1605
95.3,1604
95.3,1604
95.3,1603
95.3,1604
95.3,1603
95.3,1602
95.3,1602
95.3,1601
95.3,1601
95.3,1601
95.3,1601
95.3,1600
95.4,1599
95.4,1600
95.4,1601
95.4,1601
95.4,1600
95.4,1600
95.4,1601
95.4,1601
95.4,1602
95.4,1601
95.4,1602
95.4,1602
95.4,1602
95.4,1603
95.5,1604
95.5,1604
95.5,1604
95.5,1605
95.5,1605
95.5,1606
95.5,1606
95.5,1607
95.5,1606
95.5,1606
95.6,1605
95.6,1605
95.6,1605
95.6,1605
95.6,1605
95.6,1606
95.6,1605
95.6,1606
95.6,1605
95.6,1604
95.6,1605
95.7,1604
95.7,1603
95.7,1604
95.7,1604
95.7,1605
95.7,1605
95.7,1604
95.8,1604
95.8,1605
95.8,1605
95.8,1605
95.8,1604
95.8,1605
95.8,1605
95.8,1605
95.8,1604
95.8,1604
95.8,1604
95.8,1605
95.9,1605
95.9,1606
95.9,1605
95.9,1605
95.9,1606
95.9,1606
95.9,1606
95.9,1605
95.9,1604
96.0,1604
96.0,1603
96.0,1602
96.0,1601
96.0,1600
96.0,1599
96.0,1600
96.1,1601
96.1,1602
96.1,1603
96.1,1603
96.1,1604
96.1,1603
96.1,1602
96.1,1603
96.1,1603
96.1,1603
96.1,1603
96.1,1604
96.1,1604
96.1,1604
96.1,1603
96.1,1604
96.2,1603
96.2,1604
96.2,1603
96.2,1603
96.2,1603
96.2,1604
96.2,1603
96.2,1602
96.2,1601
96.2,1600
96.2,1600
96.2,1599
96.3,1600
96.3,1599
96.3,1599
96.3,1600
96.3,1599
96.3,1598
96.3,1597
96.3,1596
96.3,1595
96.4,1596
96.4,1595
96.4,1595
96.4,1596
96.4,1596
96.4,1596
96.4,1596
96.4,1597
96.4,1598
96.4,1598
96.5,1598
96.5,1599
96.5,1600
96.5,1600
96.5,1599
96.5,1598
96.5,1599
96.5,1599
96.5,1598
96.5,1598
96.5,1597
96.5,1597
96.5,1598
96.6,1597
96.6,1597
96.6,1596
96.6,1595
96.6,1595
96.6,1595
96.6,1595
96.6,1594
96.6,1593
96.6,1594
96.6,1594
96.6,1593
96.6,1592
96.6,1591
96.6,1592
96.6,1592
96.7,1591
96.7,1590
96.7,1590
96.7,1591
96.7,1590
96.7,1589
96.7,1590
96.7,1591
96.7,1590
96.7,1589
96.7,1588
96.7,1587
96.8,1586
96.8,1585
96.8,1584
96.8,1585
96.8,1585
96.8,1585
96.8,1584
96.8,1584
96.8,1585
96.8,1585
96.9,1585
96.9,1585
96.9,1584
96.9,1585
96.9,1585
96.9,1585
96.9,1585
96.9,1584
96.9,1583
96.9,1584
96.9,1584
96.9,1584
96.9,1585
96.9,1584
96.9,1583
96.9,1583
96.9,1583
96.9,1582
96.9,1581
96.9,1580
97.0,1579
97.0,1579
97.0,1578
97.0,1578
97.0,1579
97.0,1579
97.0,1579
97.0,1578
97.0,1579
97.0,1578
97.0,1578
97.0,1577
97.0,1577
97.0,1577
97.0,1577
97.0,1578
97.0,1577
97.1,1576
97.1,1575
97.1,1576
97.1,1576
97.1,1577
97.1,1577
97.1,1578
97.1,1578
97.1,1578
97.1,1579
97.1,1580
97.1,1580
97.1,1581
97.1,1582
97.2,1581
97.2,1581
97.2,1580
97.2,1580
97.2,1580
97.2,1581
97.2,1580
97.2,1579
97.2,1578
97.2,1578
97.2,1577
97.2,1577
97.2,1577
97.2,1577
97.2,1578
97.2,1577
97.2,1577
97.3,1578
97.3,1578
97.3,1578
97.3,1579
97.3,1580
97.3,1579
97.3,1580
97.3,1581
97.3,1581
97.3,1582
97.3,1581
97.3,1580
97.4,1579
97.4,1579
97.4,1578
97.4,1579
97.4,1579
97.4,1579
97.4,1579
97.5,1580
97.5,1579
97.5,1578
97.5,1577
97.5,1576
97.5,1577
97.5,1576
97.5,1577
97.5,1577
97.5,1577
97.5,1576
97.5,1577
97.5,1577
97.5,1577
97.5,1576
97.5,1575
97.5,1574
97.6,1573
97.6,1572
97.6,1572
97.6,1573
97.6,1573
97.6,1574
97.6,1573
97.6,1574
97.6,1574
97.6,1574
97.6,1573
97.6,1574
97.6,1573
97.6,1572
97.6,1573
97.6,1573
97.7,1574
97.7,1574
97.7,1573
97.7,1572
97.7,1571
97.7,1571
97.7,1571
97.7,1571
97.7,1570
97.7,1569
97.7,1568
97.7,1567
97.7,1567
97.7,1566
97.7,1565
97.8,1566
97.8,1566
97.8,1565
97.8,1566
97.8,1567
97.8,1566
97.9,1565
97.9,1566
97.9,1567
97.9,1567
97.9,1567
97.9,1566
97.9,1565
97.9,1565
97.9,1564
97.9,1565
97.9,1565
98.0,1566
98.0,1567
98.0,1567
98.0,1567
98.0,1568
98.0,1569
98.0,1569
98.0,1570
98.0,1570
98.0,1570
98.1,1569
98.1,1568
98.1,1568
98.1,1568
98.1,1568
98.2,1568
98.2,1567
98.2,1568
98.2,1567
98.2,1568
98.2,1567
98.2,1567
98.2,1566
98.2,1566
98.2,1565
98.2,1566
98.2,1567
98.2,1566
98.2,1565
98.2,1566
98.3,1565
98.3,1564
98.3,1565
98.3,1565
98.3,1566
98.3,1565
98.3,1566
98.3,1565
98.3,1565
98.3,1566
98.3,1566
98.3,1567
98.3,1567
98.3,1568
98.3,1568
98.4,1568
98.4,1569
98.4,1568
98.4,1568
98.4,1569
98.4,1568
98.4,1569
98.4,1570
98.4,1570
98.4,1571
98.4,1571
98.4,1571
98.4,1572
98.4,1572
98.4,1572
98.4,1573
98.4,1573
98.4,1574
98.4,1574
98.4,1575
98.5,1575
98.5,1575
98.5,1574
98.5,1574
98.5,1573
98.5,1572
98.5,1571
98.5,1571
98.5,1572
98.5,1572
98.5,1572
98.5,1571
98.5,1571
98.5,1570
98.6,1569
98.6,1570
98.6,1569
98.6,1568
98.6,1567
98.6,1566
98.6,1566
98.7,1566
98.7,1565
98.7,1564
98.7,1565
98.7,1566
98.7,1566
98.7,1566
98.7,1567
98.7,1566
98.7,1566
98.7,1565
98.7,1564
98.7,1565
98.7,1565
98.7,1565
98.8,1566
98.8,1565
98.8,1564
98.8,1564
98.8,1565
98.8,1564
98.8,1565
98.8,1565
98.8,1565
98.8,1565
98.8,1564
98.8,1565
98.9,1564
98.9,1564
98.9,1564
98.9,1563
98.9,1563
98.9,1562
98.9,1562
98.9,1562
98.9,1561
99.0,1562
99.0,1562
99.0,1562
99.0,1562
99.0,1562
99.0,1563
99.0,1564
99.0,1564
99.0,1563
99.0,1562
99.0,1562
99.0,1562
99.0,1563
99.0,1562
99.0,1563
99.0,1564
99.0,1565
99.1,1564
99.1,1564
99.1,1563
99.1,1563
99.1,1563
99.1,1564
99.1,1565
99.1,1565
99.1,1566
99.1,1567
99.1,1567
99.2,1567
99.2,1568
99.2,1567
99.2,1567
99.2,1566
99.2,1565
99.2,1565
99.2,1564
99.2,1564
99.2,1563
99.2,1563
99.3,1562
99.3,1561
99.3,1561
99.3,1561
99.3,1561
99.3,1560
99.3,1561
99.3,1560
99.3,1559
99.3,1559
99.3,1558
99.3,1558
99.4,1559
99.4,1558
99.4,1558
99.4,1559
99.4,1559
99.4,1559
99.5,1559
99.5,1558
99.5,1558
99.5,1557
99.5,1558
99.5,1559
99.5,1558
99.5,1557
99.5,1558
99.5,1558
99.5,1557
99.5,1557
99.5,1558
99.5,1559
99.5,1560
99.6,1560
99.6,1559
99.6,1558
99.6,1558
99.6,1559
99.6,1558
99.6,1558
99.6,1559
99.6,1558
99.6,1559
99.6,1559
99.6,1560
99.7,1559
99.7,1560
99.7,1561
99.7,1561
99.7,1561
99.7,1560
99.7,1560
99.7,1561
99.7,1561
99.7,1560
99.7,1560
99.7,1559
99.7,1559
99.7,1559
99.7,1560
99.8,1560
99.8,1561
99.8,1560
99.8,1561
99.8,1562
99.8,1563
99.8,1564
99.9,1564
99.9,1563
99.9,1564
99.9,1565
99.9,1566
99.9,1566
99.9,1566
99.9,1565
99.9,1566
99.9,1567
99.9,1566
99.9,1566
100.0,1566
100.0,1567
100.0,1568
100.0,1569
100.0,1569
100.0,1569
100.0,1570
100.0,1571
100.0,1571
100.0,1571
100.0,1571
100.0,1572
100.0,1573
100.0,1574
100.0,1574
100.1,1575
100.1,1574
100.1,1575
100.1,1575
100.2,1574
100.2,1574
100.2,1574
100.2,1574
100.2,1573
100.2,1573
100.2,1573
100.2,1572
100.2,1572
100.2,1573
100.2,1573
100.3,1573
100.3,1573
100.3,1573
100.3,1572
100.3,1571
100.3,1570
100.3,1571
100.3,1571
100.3,1572
100.3,1573
100.3,1573
100.4,1573
100.4,1574
100.4,1573
100.4,1572
100.4,1572
100.4,1571
100.4,1572
100.4,1571
100.4,1570
100.4,1570
100.5,1569
100.5,1568
100.5,1567
100.5,1567
100.5,1568
100.5,1568
100.5,1569
100.5,1570
100.5,1571
100.5,1571
100.6,1571
100.6,1570
100.6,1569
100.6,1568
100.6,1568
100.6,1569
100.6,1569
100.6,1570
100.6,1569
100.6,1568
100.6,1567
100.7,1566
100.7,1567
100.7,1566
100.7,1567
100.7,1566
100.7,1566
100.7,1566
100.7,1566
100.7,1567
100.7,1568
100.7,1567
100.7,1566
100.7,1565
100.7,1565
100.8,1564
100.8,1563
100.8,1562
100.8,1562
100.8,1562
100.8,1562
100.8,1561
100.8,1561
100.8,1561
100.8,1562
100.8,1561
100.8,1562
100.8,1561
100.9,1562
100.9,1561
100.9,1561
100.9,1561
100.9,1560
100.9,1560
100.9,1559
100.9,1559
100.9,1560
100.9,1559
100.9,1558
100.9,1557
101.0,1557
101.0,1558
101.0,1558
101.0,1558
101.0,1558
101.0,1557
101.0,1558
101.0,1557
101.0,1556
101.0,1556
101.0,1555
101.0,1554
101.0,1554
101.1,1554
101.1,1553
101.1,1552
101.1,1552
101.1,1552
101.1,1553
101.1,1554
101.1,1555
101.1,1556
101.1,1555
101.1,1556
101.1,1557
101.1,1556
101.1,1556
101.1,1556
101.1,1556
101.2,1557
101.2,1556
101.2,1555
101.2,1554
101.2,1553
101.2,1552
101.2,1553
101.2,1552
101.2,1551
101.3,1551
101.3,1552
101.3,1551
101.3,1551
101.3,1551
101.3,1552
101.3,1553
101.3,1553
101.3,1553
101.3,1553
101.3,1553
101.3,1552
101.3,1553
101.4,1553
101.4,1554
101.4,1555
101.4,1555
101.4,1555
101.4,1554
101.4,1554
101.4,1555
101.4,1554
101.5,1554
101.5,1554
101.5,1555
101.5,1555
101.5,1556
101.5,1556
101.5,1555
101.5,1556
101.5,1557
101.5,1558
101.5,1558
101.5,1557
101.5,1558
101.5,1559
101.6,1559
101.6,1560
101.6,1561
101.6,1562
101.6,1562
101.6,1562
101.6,1562
101.6,1563
101.6,1563
101.7,1562
101.7,1563
101.7,1562
101.7,1563
101.7,1564
101.7,1565
101.7,1565
101.8,1564
101.8,1565
101.8,1564
101.8,1565
101.8,1565
101.8,1565
101.8,1566
101.8,1567
101.8,1567
101.8,1567
101.8,1568
101.8,1567
101.8,1568
101.9,1567
101.9,1566
101.9,1565
101.9,1565
101.9,1564
101.9,1563
101.9,1564
101.9,1564
101.9,1564
102.0,1563
102.0,1563
102.0,1563
102.0,1563
102.0,1563
102.0,1562
102.0,1562
102.0,1562
102.0,1562
102.1,1562
102.1,1563
102.1,1563
102.1,1564
102.1,1564
102.1,1564
102.1,1565
102.1,1564
102.1,1565
102.1,1565
102.1,1564
102.1,1565
102.1,1565
102.1,1565
102.1,1564
102.1,1563
102.2,1562
102.2,1561
102.2,1562
102.2,1562
102.2,1561
102.2,1560
102.2,1559
102.2,1560
102.2,1559
102.2,1560
102.3,1559
102.3,1559
102.3,1559
102.3,1558
102.3,1559
102.3,1559
102.3,1559
102.3,1559
102.4,1559
102.4,1558
102.4,1559
102.4,1558
102.5,1558
102.5,1557
102.5,1558
102.5,1558
102.5,1558
102.5,1558
102.5,1558
102.5,1559
102.5,1559
102.5,1558
102.5,1558
102.5,1559
102.5,1558
102.5,1557
102.5,1558
102.5,1558
102.5,1557
102.5,1556
102.5,1557
102.6,1556
102.6,1557
102.6,1557
102.6,1556
102.6,1556
102.6,1555
102.6,1555
102.6,1554
102.6,1553
102.7,1552
102.7,1553
102.7,1553
102.7,1553
102.7,1553
102.7,1552
102.7,1552
102.7,1552
102.7,1553
102.7,1553
102.7,1553
102.7,1554
102.7,1554
102.7,1553
102.8,1553
102.8,1554
102.8,1555
102.8,1556
102.8,1557
102.8,1557
102.8,1558
102.8,1558
102.8,1559
102.8,1560
102.8,1561
102.9,1560
102.9,1560
102.9,1559
102.9,1558
102.9,1558
102.9,1558
102.9,1558
102.9,1557
102.9,1558
102.9,1558
102.9,1558
102.9,1558
102.9,1557
102.9,1556
103.0,1555
103.0,1554
103.0,1554
103.0,1555
103.0,1555
103.0,1556
103.0,1555
103.0,1556
103.0,1557
103.0,1557
103.1,1556
103.1,1555
103.1,1554
103.1,1554
103.1,1554
103.1,1555
103.1,1555
103.1,1554
103.1,1555
103.1,1556
103.1,1557
103.1,1557
103.1,1557
103.1,1557
103.2,1558
103.2,1557
103.2,1556
103.2,1556
103.2,1555
103.2,1555
103.2,1554
103.2,1553
103.2,1552
103.3,1552
103.3,1553
103.3,1554
103.3,1555
103.3,1555
103.3,1556
103.3,1555
103.3,1554
103.3,1553
103.3,1553
103.3,1552
103.3,1552
103.3,1552
103.3,1551
103.4,1551
103.4,1551
103.4,1550
103.4,1551
103.4,1551
103.4,1550
103.4,1550
103.4,1551
103.4,1551
103.4,1551
103.4,1551
103.4,1550
103.4,1550
103.5,1549
103.5,1549
103.5,1548
103.5,1548
103.5,1549
103.5,1550
103.5,1549
103.5,1550
103.5,1550
103.5,1549
103.5,1548
103.5,1549
103.5,1549
103.5,1549
103.6,1549
103.6,1548
103.6,1547
103.6,1546
103.6,1545
103.6,1545
103.6,1545
103.6,1546
103.6,1547
103.6,1547
103.6,1547
103.6,1546
103.6,1545
103.7,1545
103.7,1545
103.7,1545
103.7,1544
103.7,1544
103.7,1545
103.7,1544
103.7,1543
103.7,1543
103.7,1544
103.7,1545
103.7,1545
103.8,1544
103.8,1545
103.8,1545
103.8,1545
103.8,1544
103.8,1543
103.8,1543
103.8,1542
103.8,1543
103.8,1544
103.8,1544
103.9,1543
103.9,1544
103.9,1544
103.9,1545
103.9,1544
103.9,1545
103.9,1546
103.9,1547
103.9,1547
103.9,1546
103.9,1546
104.0,1546
104.0,1546
104.0,1545
104.0,1544
104.0,1543
104.0,1542
104.0,1543
104.0,1544
104.0,1544
104.0,1543
104.0,1543
104.0,1542
104.0,1542
104.1,1541
104.1,1540
104.1,1540
104.1,1541
104.1,1542
104.1,1542
104.1,1543
104.1,1542
104.1,1542
104.1,1543
104.1,1543
104.1,1543
104.1,1544
104.1,1544
104.1,1544
104.2,1543
104.2,1543
104.2,1544
104.2,1543
104.2,1544
104.2,1544
104.2,1545
104.2,1544
104.3,1545
104.3,1545
104.3,1546
104.3,1545
104.3,1545
104.3,1546
104.3,1546
104.3,1546
104.3,1545
104.3,1544
104.4,1543
104.4,1543
104.4,1543
104.4,1542
104.4,1541
104.4,1541
104.4,1540
104.4,1539
104.5,1539
104.5,1539
104.5,1540
104.5,1540
104.5,1540
104.5,1540
104.5,1541
104.5,1541
104.5,1542
104.5,1542
104.5,1542
104.5,1542
104.5,1542
104.5,1542
104.5,1543
104.5,1544
104.5,1544
104.6,1545
104.6,1546
104.6,1547
104.6,1548
104.6,1548
104.6,1548
104.6,1547
104.6,1548
104.6,1548
104.6,1547
104.6,1546
104.6,1545
104.6,1544
104.6,1544
104.6,1544
104.7,1543
104.7,1543
104.7,1542
104.7,1542
104.7,1542
104.7,1542
104.7,1542
104.7,1541
104.7,1542
104.7,1541
104.7,1542
104.8,1543
104.8,1544
104.8,1544
104.8,1543
104.8,1543
104.8,1542
104.8,1543
104.8,1542
104.8,1541
104.8,1542
104.8,1541
104.8,1541
104.8,1542
104.8,1543
104.9,1542
104.9,1543
104.9,1544
104.9,1543
104.9,1542
104.9,1542
104.9,1542
104.9,1542
104.9,1541
104.9,1540
104.9,1540
104.9,1540
105.0,1540
105.0,1540
105.0,1539
105.0,1539
105.0,1539
105.0,1540
105.0,1539
105.1,1539
105.1,1538
105.1,1538
105.1,1538
105.1,1538
105.2,1537
105.2,1538
105.2,1537
105.2,1538
105.2,1539
105.2,1538
105.2,1539
105.2,1538
105.3,1537
105.3,1538
105.3,1537
105.3,1537
105.3,1536
105.3,1535
105.3,1535
105.3,1535
105.3,1536
105.3,1536
105.3,1535
105.3,1534
105.4,1534
105.4,1535
105.4,1534
105.4,1535
105.4,1534
105.4,1535
105.4,1534
105.4,1533
105.4,1533
105.4,1533
105.4,1532
105.4,1533
105.5,1532
105.5,1532
105.5,1533
105.5,1533
105.5,1532
105.5,1533
105.5,1533
105.5,1532
105.5,1532
105.5,1532
105.6,1532
105.6,1531
105.6,1532
105.6,1531
105.6,1530
105.6,1529
105.6,1528
105.6,1529
105.6,1528
105.6,1527
105.6,1527
105.6,1527
105.7,1527
105.7,1526
105.7,1525
105.7,1526
105.7,1526
105.7,1525
105.7,1526
105.7,1526
105.7,1526
105.7,1527
105.7,1528
105.7,1529
105.7,1528
105.7,1528
105.7,1529
105.7,1530
105.7,1531
105.8,1532
105.8,1531
105.8,1532
105.8,1532
105.8,1531
105.8,1530
105.8,1529
105.8,1529
105.8,1529
105.8,1528
105.8,1529
105.8,1528
105.8,1528
105.9,1528
105.9,1529
105.9,1530
105.9,1531
105.9,1530
105.9,1531
105.9,1532
105.9,1533
105.9,1534
105.9,1533
105.9,1532
105.9,1531
105.9,1531
105.9,1530
106.0,1531
106.0,1531
106.0,1530
106.0,1531
106.0,1531
106.0,1532
106.0,1531
106.0,1531
106.0,1531
106.0,1531
106.0,1531
106.0,1530
106.1,1531
106.1,1531
106.1,1532
106.1,1532
106.1,1532
106.1,1531
106.1,1531
106.1,1530
106.1,1529
106.1,1529
106.1,1530
106.1,1531
106.1,1531
106.2,1532
106.2,1531
106.2,1531
106.2,1531
106.2,1532
106.2,1533
106.2,1533
106.2,1532
106.2,1533
106.2,1532
106.2,1532
106.3,1532
106.3,1533
106.3,1533
106.3,1533
106.3,1532
106.3,1531
106.3,1530
106.3,1531
106.3,1531
106.3,1531
106.3,1531
106.3,1530
106.3,1531
106.3,1530
106.4,1531
106.4,1530
106.4,1531
106.4,1530
106.4,1530
106.4,1530
106.4,1529
106.4,1528
106.4,1529
106.4,1530
106.5,1529
106.5,1530
106.5,1531
106.5,1531
106.5,1531
106.5,1532
106.5,1531
106.5,1532
106.5,1532
106.5,1533
106.5,1533
106.5,1533
106.5,1532
106.6,1531
106.6,1530
106.6,1531
106.6,1532
106.6,1533
106.6,1534
106.6,1533
106.6,1532
106.6,1532
106.7,1531
106.7,1532
106.7,1531
106.7,1532
106.7,1533
106.7,1534
106.7,1533
106.7,1534
106.7,1535
106.7,1536
106.7,1536
106.7,1536
106.8,1535
106.8,1534
106.8,1535
106.8,1536
106.8,1536
106.8,1537
106.8,1538
106.8,1539
106.8,1540
106.8,1540
106.8,1541
106.8,1541
106.8,1542
106.8,1543
106.8,1542
106.9,1542
106.9,1542
106.9,1543
106.9,1542
106.9,1542
106.9,1543
106.9,1542
106.9,1542
106.9,1543
106.9,1544
106.9,1543
107.0,1544
107.0,1545
107.0,1546
107.0,1547
107.0,1547
107.0,1548
107.0,1549
107.1,1548
107.1,1547
107.1,1547
107.1,1547
107.1,1548
107.1,1548
107.1,1549
107.1,1549
107.1,1549
107.1,1549
107.1,1548
107.2,1548
107.2,1549
107.2,1549
107.2,1548
107.2,1549
107.2,1549
107.2,1549
107.2,1550
107.2,1551
107.3,1551
107.3,1552
107.3,1552
107.3,1552
107.3,1552
107.3,1553
107.3,1552
107.3,1553
107.3,1553
107.4,1554
107.4,1555
107.4,1554
107.4,1553
107.4,1553
107.4,1552
107.4,1553
107.4,1552
107.4,1553
107.4,1553
107.4,1552
107.4,1551
107.5,1552
107.5,1553
107.5,1553
107.5,1553
107.5,1552
107.5,1552
107.5,1551
107.5,1551
107.5,1552
107.5,1551
107.5,1552
107.6,1551
107.6,1550
107.6,1551
107.6,1550
107.6,1550
107.6,1551
107.6,1550
107.6,1550
107.6,1549
107.6,1548
107.6,1547
107.7,1548
107.7,1548
107.7,1547
107.7,1548
107.7,1547
107.7,1547
107.7,1546
107.7,1546
107.7,1546
107.7,1545
107.7,1546
107.7,1545
107.8,1545
107.8,1546
107.8,1545
107.8,1546
107.8,1547
107.8,1547
107.8,1546
107.8,1547
107.8,1547
107.8,1547
107.8,1546
107.8,1545
107.8,1546
107.8,1546
107.8,1545
107.9,1545
107.9,1544
107.9,1543
107.9,1544
108.0,1544
108.0,1545
108.0,1546
108.0,1545
108.0,1544
108.0,1545
108.0,1546
108.0,1545
108.0,1545
108.0,1546
108.0,1546
108.0,1546
108.0,1546
108.0,1546
108.1,1547
108.1,1547
108.1,1548
108.1,1547
108.1,1548
108.1,1547
108.1,1548
108.1,1548
108.2,1547
108.2,1546
108.2,1547
108.2,1548
108.2,1548
108.2,1547
108.2,1548
108.3,1548
108.3,1547
108.3,1548
108.3,1548
108.3,1548
108.3,1548
108.3,1547
108.3,1548
108.3,1548
108.3,1549
108.3,1550
108.3,1550
108.4,1549
108.4,1550
108.4,1550
108.4,1551
108.4,1552
108.4,1553
108.4,1554
108.4,1554
108.4,1555
108.5,1555
108.5,1554
108.5,1553
108.5,1552
108.5,1553
108.5,1552
108.5,1553
108.6,1552
108.6,1553
108.6,1554
108.6,1553
108.6,1552
108.6,1553
108.6,1553
108.6,1552
108.6,1551
108.6,1551
108.6,1550
108.6,1549
108.7,1548
108.7,1547
108.7,1548
108.7,1548
108.7,1548
108.7,1548
108.7,1547
108.7,1547
108.7,1546
108.7,1545
108.8,1545
108.8,1544
108.8,1543
108.8,1543
108.8,1543
108.8,1544
108.8,1544
108.8,1544
108.8,1544
108.8,1544
108.9,1544
108.9,1545
108.9,1546
108.9,1545
108.9,1544
108.9,1544
108.9,1543
108.9,1544
108.9,1545
108.9,1544
109.0,1543
109.0,1543
109.0,1543
109.0,1544
109.0,1543
109.0,1542
109.0,1541
109.0,1542
109.1,1542
109.1,1542
109.1,1542
109.1,1543
109.1,1542
109.1,1541
109.1,1540
109.1,1540
109.1,1540
109.1,1540
109.1,1539
109.1,1539
109.1,1538
109.1,1538
109.2,1538
109.2,1537
109.2,1536
109.2,1537
109.2,1537
109.2,1537
109.2,1537
109.2,1538
109.2,1538
109.2,1537
109.3,1538
109.3,1539
109.3,1540
109.3,1540
109.3,1540
109.3,1540
109.3,1540
109.4,1540
109.4,1539
109.4,1538
109.4,1537
109.4,1536
109.4,1536
109.4,1536
109.4,1536
109.4,1535
109.5,1536
109.5,1537
109.5,1536
109.5,1536
109.5,1536
109.5,1537
109.5,1536
109.5,1537
109.5,1538
109.5,1537
109.5,1538
109.6,1539
109.6,1540
109.6,1541
109.6,1541
109.6,1542
109.6,1543
109.6,1543
109.6,1542
109.6,1542
109.6,1541
109.6,1542
109.6,1542
109.6,1543
109.6,1544
109.6,1543
109.6,1542
109.6,1543
109.6,1543
109.7,1542
109.7,1543
109.7,1544
109.7,1544
109.7,1544
109.7,1543
109.7,1544
109.7,1543
109.8,1542
109.8,1541
109.8,1541
109.8,1541
109.8,1541
109.8,1540
109.9,1541
109.9,1542
109.9,1541
109.9,1542
109.9,1541
109.9,1540
109.9,1540
109.9,1539
109.9,1540
109.9,1541
110.0,1541
110.0,1541
110.0,1541
110.0,1541
110.0,1541
110.0,1542
110.0,1543
110.1,1542
110.1,1543
110.1,1543
110.1,1542
110.1,1541
110.1,1542
110.1,1543
110.2,1544
110.2,1543
110.2,1542
110.2,1541
110.2,1540
110.2,1539
110.2,1540
110.2,1540
110.2,1541
110.2,1540
110.2,1539
110.2,1538
110.2,1539
110.3,1540
110.3,1541
110.3,1540
110.3,1539
110.3,1539
110.3,1539
110.3,1539
110.3,1540
110.3,1540
110.3,1539
110.3,1539
110.3,1539
110.3,1538
110.4,1537
110.4,1538
110.4,1537
110.4,1537
110.4,1536
110.4,1535
110.4,1535
110.4,1534
110.4,1533
110.4,1532
110.4,1531
110.4,1530
110.4,1530
110.4,1530
110.5,1529
110.5,1528
110.5,1528
110.5,1527
110.5,1528
110.5,1527
110.5,1528
110.5,1527
110.5,1526
110.6,1525
110.6,1526
110.6,1527
110.6,1526
110.6,1526
110.6,1527
110.6,1526
110.6,1526
110.6,1526
110.7,1527
110.7,1527
110.7,1527
110.7,1527
110.7,1528
110.7,1528
110.7,1528
110.7,1527
110.7,1528
110.7,1528
110.7,1529
110.7,1530
110.8,1529
110.8,1530
110.8,1529
110.8,1530
110.8,1529
110.9,1530
110.9,1531
110.9,1531
110.9,1530
110.9,1531
110.9,1530
110.9,1531
111.0,1532
111.0,1531
111.0,1531
111.0,1532
111.0,1533
111.0,1534
111.0,1535
111.0,1534
111.0,1533
111.0,1533
111.0,1532
111.0,1533
111.1,1533
111.1,1533
111.1,1533
111.1,1532
111.1,1533
111.1,1532
111.1,1532
111.1,1531
111.1,1531
111.1,1530
111.2,1530
111.2,1530
111.2,1529
111.2,1529
111.2,1528
111.2,1529
111.2,1528
111.2,1528
111.2,1527
111.3,1526
111.3,1526
111.3,1525
111.3,1526
111.3,1525
111.3,1526
111.3,1527
111.3,1527
111.3,1527
111.3,1528
111.4,1528
111.4,1527
111.4,1528
111.4,1529
111.4,1529
111.4,1529
111.4,1529
111.4,1529
111.4,1530
111.4,1529
111.5,1529
111.5,1529
111.5,1529
111.5,1528
111.5,1528
111.5,1529
111.5,1529
111.5,1530
111.5,1529
111.5,1530
111.5,1531
111.6,1532
111.6,1533
111.6,1532
111.6,1531
111.6,1532
111.6,1532
111.6,1532
111.6,1532
111.7,1531
111.7,1531
111.7,1531
111.7,1532
111.7,1533
111.7,1532
111.7,1533
111.7,1532
111.7,1533
111.7,1532
111.7,1531
111.7,1530
111.7,1529
111.7,1528
111.8,1528
111.8,1527
111.8,1526
111.8,1527
111.8,1526
111.8,1527
111.8,1526
111.8,1525
111.8,1524
111.8,1524
111.9,1525
111.9,1525
111.9,1524
111.9,1523
111.9,1523
111.9,1523
111.9,1522
111.9,1521
111.9,1521
111.9,1520
111.9,1521
111.9,1522
111.9,1521
112.0,1521
112.0,1520
112.0,1520
112.0,1521
112.0,1522
112.0,1523
112.0,1522
112.0,1523
112.0,1524
112.0,1524
112.0,1524
112.1,1523
112.1,1524
112.1,1523
112.1,1523
112.1,1523
112.1,1524
112.1,1523
112.1,1524
112.1,1524
112.1,1524
112.1,1524
112.2,1525
112.2,1526
112.2,1525
112.2,1526
112.2,1526
112.2,1526
112.2,1527
112.2,1528
112.2,1529
112.2,1528
112.2,1529
112.2,1530
112.2,1529
112.2,1529
112.2,1528
112.2,1528
112.3,1528
112.3,1528
112.3,1528
112.3,1528
112.3,1527
112.3,1526
112.3,1525
112.3,1526
112.4,1527
112.4,1527
112.4,1526
112.4,1525
112.4,1524
112.4,1525
112.4,1526
112.4,1526
112.4,1527
112.5,1527
112.5,1528
112.5,1528
112.5,1529
112.5,1530
112.5,1530
112.5,1529
112.5,1529
112.6,1529
112.6,1530
112.6,1529
112.6,1530
112.6,1529
112.6,1528
112.6,1529
112.6,1528
112.6,1527
112.6,1526
112.6,1527
112.6,1526
112.6,1525
112.6,1526
112.7,1526
112.7,1527
112.7,1527
112.7,1528
112.7,1528
112.7,1527
112.7,1527
112.7,1527
112.7,1527
112.7,1527
112.7,1526
112.8,1527
112.8,1526
112.8,1526
112.8,1525
112.8,1526
112.8,1526
112.8,1525
112.8,1526
112.8,1525
112.8,1525
112.9,1526
112.9,1526
112.9,1526
112.9,1527
112.9,1526
112.9,1525
112.9,1526
113.0,1527
113.0,1527
113.0,1527
113.1,1528
113.1,1527
113.1,1526
113.1,1526
113.1,1526
113.1,1525
113.1,1526
113.1,1525
113.1,1525
113.2,1524
113.2,1524
113.2,1523
113.2,1523
113.2,1523
113.2,1524
113.2,1523
113.2,1524
113.2,1523
113.2,1522
113.2,1523
113.2,1524
113.3,1525
113.3,1526
113.3,1526
113.3,1525
113.3,1525
113.3,1525
113.3,1524
113.3,1524
113.3,1524
113.3,1524
113.3,1524
113.3,1523
113.3,1524
113.3,1523
113.3,1523
113.4,1522
113.4,1521
113.4,1522
113.4,1521
113.4,1522
113.4,1521
113.4,1520
113.4,1519
113.4,1519
113.4,1518
113.4,1519
113.5,1519
113.5,1519
113.5,1518
113.5,1518
113.5,1518
113.5,1519
113.5,1518
113.5,1519
113.5,1519
113.5,1519
113.5,1520
113.5,1521
113.6,1520
113.6,1521
113.6,1520
113.6,1520
113.6,1521
113.6,1521
113.6,1521
113.6,1521
113.6,1520
113.6,1520
113.6,1520
113.6,1521
113.6,1521
113.6,1521
113.6,1522
113.7,1523
113.7,1523
113.7,1524
113.7,1523
113.7,1522
113.7,1521
113.7,1521
113.7,1520
113.7,1519
113.7,1519
113.7,1519
113.8,1520
113.8,1520
113.8,1520
113.8,1519
113.8,1518
113.8,1517
113.8,1516
113.9,1516
113.9,1515
113.9,1515
113.9,1515
113.9,1514
113.9,1515
114.0,1514
114.0,1514
114.0,1514
114.0,1514
114.0,1515
114.0,1515
114.0,1516
114.0,1516
114.0,1517
114.0,1518
114.0,1519
114.1,1518
114.1,1519
114.1,1520
114.1,1521
114.1,1522
114.1,1522
114.1,1521
114.1,1522
114.1,1521
114.1,1522
114.1,1521
114.2,1520
114.2,1519
114.2,1520
114.2,1521
114.2,1520
114.2,1520
114.2,1520
114.2,1520
114.2,1519
114.2,1520
114.3,1519
114.3,1518
114.3,1518
114.3,1518
114.3,1518
114.3,1519
114.3,1519
114.3,1518
114.3,1519
114.3,1519
114.3,1519
114.3,1519
114.3,1519
114.3,1520
114.3,1519
114.3,1520
114.3,1520
114.3,1520
114.4,1519
114.4,1519
114.4,1520
114.4,1521
114.4,1522
114.4,1522
114.4,1522
114.4,1522
114.4,1521
114.4,1521
114.4,1522
114.4,1522
114.4,1521
114.4,1521
114.4,1520
114.4,1521
114.4,1521
114.4,1521
114.4,1521
114.4,1521
114.5,1522
114.5,1521
114.5,1522
114.5,1523
114.5,1524
114.5,1523
114.5,1522
114.5,1521
114.6,1521
114.6,1520
114.6,1519
114.6,1520
114.6,1519
114.6,1518
114.6,1518
114.6,1518
114.6,1519
114.6,1520
114.6,1520
114.7,1520
114.7,1519
114.7,1519
114.7,1520
114.7,1519
114.7,1520
114.7,1520
114.7,1520
114.7,1521
114.8,1521
114.8,1521
114.8,1521
114.8,1521
114.8,1520
114.8,1519
114.8,1518
114.8,1519
114.8,1520
114.8,1519
114.8,1520
114.8,1519
114.8,1520
114.8,1519
114.8,1519
114.8,1520
114.9,1521
114.9,1521
114.9,1520
114.9,1521
114.9,1520
114.9,1519
114.9,1518
114.9,1517
114.9,1518
114.9,1517
114.9,1518
115.0,1518
115.0,1518
115.0,1519
115.0,1518
115.0,1518
115.0,1518
115.0,1518
115.0,1518
115.0,1519
115.0,1518
115.0,1517
115.0,1516
115.1,1517
115.1,1517
115.1,1517
115.1,1517
115.1,1516
115.1,1516
115.1,1517
115.1,1516
115.1,1517
115.2,1516
115.2,1515
115.2,1516
115.2,1515
115.2,1514
115.2,1515
115.2,1514
115.2,1514
115.3,1513
115.3,1513
115.3,1512
115.3,1512
115.3,1512
115.3,1511
115.3,1510
115.3,1509
115.3,1509
115.3,1510
115.4,1509
115.4,1508
115.4,1507
115.4,1506
115.5,1505
115.5,1505
115.5,1505
115.5,1506
115.5,1506
115.5,1505
115.5,1505
115.5,1504
115.5,1505
115.6,1506
115.6,1505
115.6,1505
115.6,1504
115.6,1505
115.6,1505
115.6,1506
115.6,1505
115.7,1505
115.7,1506
115.7,1506
115.7,1505
115.7,1504
115.7,1505
115.7,1506
115.7,1507
115.7,1507
115.7,1507
115.7,1507
115.8,1508
115.8,1508
115.8,1507
115.8,1506
115.8,1506
115.8,1505
115.8,1506
115.8,1507
115.8,1508
115.8,1508
115.8,1507
115.8,1507
115.8,1507
115.8,1508
115.8,1508
115.8,1507
115.9,1506
115.9,1507
115.9,1507
115.9,1507
115.9,1506
115.9,1507
115.9,1506
115.9,1507
115.9,1507
115.9,1508
115.9,1507
116.0,1508
116.0,1509
116.0,1509
116.0,1509
116.0,1508
116.0,1508
116.0,1507
116.0,1507
116.0,1507
116.0,1506
116.0,1506
116.0,1506
116.0,1506
116.0,1507
116.0,1508
116.0,1509
116.0,1509
116.1,1509
116.1,1510
116.1,1510
116.1,1511
116.1,1510
116.1,1511
116.1,1511
116.2,1512
116.2,1513
116.2,1514
116.2,1515
116.2,1514
116.2,1513
116.2,1512
116.2,1513
116.2,1513
116.2,1514
116.2,1514
116.2,1514
116.3,1515
116.3,1516
116.3,1515
116.3,1515
116.3,1516
116.3,1515
116.3,1515
116.3,1516
116.3,1516
116.3,1517
116.3,1516
116.4,1516
116.4,1517
116.4,1518
116.4,1518
116.4,1517
116.4,1516
116.4,1517
116.5,1518
116.5,1518
116.5,1519
116.5,1518
116.5,1518
116.5,1517
116.5,1518
116.5,1518
116.5,1518
116.5,1517
116.5,1518
116.5,1519
116.5,1519
116.5,1518
116.5,1518
116.6,1518
116.6,1517
116.6,1516
116.6,1517
116.6,1516
116.6,1516
116.6,1517
116.6,1516
116.6,1515
116.6,1515
116.6,1514
116.7,1515
116.7,1515
116.7,1514
116.7,1515
116.7,1514
116.7,1513
116.7,1513
116.7,1513
116.7,1514
116.8,1515
116.8,1515
116.8,1514
116.8,1513
116.8,1514
116.8,1513
116.8,1513
116.8,1514
116.8,1514
116.8,1514
116.8,1513
116.8,1514
116.9,1514
116.9,1515
116.9,1514
116.9,1515
117.0,1515
117.0,1514
117.0,1515
117.0,1515
117.0,1515
117.0,1515
117.0,1515
117.0,1514
117.0,1515
117.0,1514
117.0,1514
117.0,1515
117.0,1514
117.0,1515
117.1,1516
117.1,1517
117.1,1518
117.1,1519
117.1,1519
117.1,1519
117.1,1519
117.1,1519
117.1,1519
117.1,1519
117.2,1520
117.2,1521
117.2,1522
117.2,1522
117.2,1521
117.2,1522
117.2,1523
117.3,1523
117.3,1522
117.3,1522
117.3,1523
117.3,1522
117.3,1522
117.3,1523
117.3,1523
117.3,1523
117.3,1522
117.3,1523
117.3,1522
117.3,1523
117.3,1522
117.3,1522
117.3,1521
117.3,1521
117.3,1521
117.3,1520
117.4,1519
117.4,1519
117.4,1520
117.4,1521
117.4,1521
117.4,1522
117.4,1523
117.4,1524
117.5,1523
117.5,1524
117.5,1524
117.5,1525
117.5,1526
117.5,1527
117.5,1527
117.5,1527
117.5,1528
117.5,1528
117.5,1528
117.5,1528
117.6,1528
117.6,1528
117.6,1527
117.6,1526
117.6,1525
117.6,1525
117.6,1526
117.6,1525
117.6,1525
117.6,1526
117.6,1525
117.7,1525
117.7,1525
117.7,1524
117.7,1524
117.7,1524
117.7,1524
117.7,1523
117.7,1524
117.7,1524
117.7,1523
117.7,1523
117.7,1524
117.7,1524
117.8,1524
117.8,1523
117.8,1523
117.8,1522
117.8,1523
117.8,1523
117.8,1524
117.8,1524
117.8,1524
117.9,1523
117.9,1522
117.9,1523
117.9,1522
118.0,1522
118.0,1521
118.0,1522
118.0,1521
118.0,1522
118.0,1523
118.0,1523
118.0,1523
118.0,1522
118.0,1521
118.0,1521
118.0,1521
118.0,1520
118.0,1520
118.0,1520
118.0,1519
118.1,1519
118.1,1518
118.1,1518
118.1,1517
118.1,1516
118.1,1515
118.1,1516
118.1,1515
118.1,1515
118.1,1515
118.2,1516
118.2,1515
118.2,1516
118.2,1516
118.2,1515
118.2,1515
118.2,1515
118.2,1515
118.2,1516
118.2,1516
118.3,1517
118.3,1516
118.3,1517
118.3,1517
118.3,1516
118.3,1515
118.3,1515
118.3,1515
118.3,1516
118.3,1515
118.3,1514
118.3,1513
118.4,1514
118.4,1514
118.4,1515
118.4,1515
118.4,1516
118.4,1517
118.4,1518
118.4,1519
118.4,1520
118.5,1520
118.5,1521
118.5,1521
118.5,1522
118.5,1522
118.5,1523
118.5,1524
118.5,1524
118.5,1524
118.5,1525
118.5,1526
118.5,1525
118.5,1525
118.5,1525
118.5,1525
118.5,1526
118.6,1525
118.6,1524
118.6,1523
118.6,1524
118.7,1525
118.7,1525
118.7,1525
118.7,1526
118.7,1526
118.7,1525
118.7,1525
118.7,1524
118.7,1524
118.7,1524
118.7,1525
118.8,1526
118.8,1525
118.8,1524
118.8,1524
118.8,1524
118.8,1525
118.8,1525
118.8,1526
118.8,1525
118.8,1525
118.8,1525
118.8,1525
118.8,1524
118.8,1525
118.8,1526
118.8,1526
118.8,1526
118.9,1526
118.9,1525
118.9,1525
118.9,1525
118.9,1525
118.9,1524
118.9,1523
118.9,1524
118.9,1525
118.9,1524
118.9,1524
118.9,1523
118.9,1522
118.9,1523
118.9,1523
118.9,1524
119.0,1525
119.0,1525
119.0,1525
119.0,1526
119.0,1526
119.0,1527
119.0,1527
119.0,1527
119.0,1527
119.0,1526
119.0,1526
119.1,1527
119.1,1526
119.1,1525
119.1,1524
119.1,1523
119.1,1524
119.1,1524
119.1,1524
119.1,1523
119.1,1522
119.1,1522
119.2,1522
119.2,1523
119.2,1523
119.2,1523
119.2,1522
119.2,1521
119.2,1522
119.2,1523
119.2,1522
119.2,1521
119.3,1521
119.3,1521
119.3,1521
119.3,1522
119.3,1522
119.3,1523
119.3,1524
119.3,1524
119.3,1525
119.4,1526
119.4,1525
119.4,1525
119.4,1525
119.4,1525
119.4,1524
119.4,1525
119.4,1526
119.4,1527
119.4,1528
119.4,1529
119.4,1530
119.4,1530
119.4,1530
119.5,1530
119.5,1530
119.5,1529
119.5,1529
119.5,1529
119.5,1528
119.5,1528
119.5,1529
119.5,1528
119.6,1527
119.6,1526
119.6,1526
119.6,1526
119.6,1525
119.6,1524
119.7,1525
119.7,1524
119.7,1523
119.7,1524
119.7,1524
119.7,1525
119.7,1525
119.7,1526
119.7,1526
119.7,1527
119.8,1527
119.8,1528
119.8,1527
119.8,1527
119.8,1528
119.8,1527
119.8,1527
119.8,1528
119.8,1527
119.8,1528
119.8,1528
119.8,1528
119.9,1527
119.9,1528
119.9,1529
119.9,1529
119.9,1530
119.9,1529
119.9,1529
119.9,1529
120.0,1530
120.0,1529
120.0,1529
120.0,1529
120.0,1530
120.0,1529
120.0,1530
120.0,1531
120.0,1531
120.0,1532
120.0,1533
120.1,1533
120.1,1533
120.1,1534
120.1,1533
120.1,1533
120.1,1533
120.1,1533
120.1,1534
120.1,1534
120.1,1533
120.2,1534
120.2,1533
120.2,1533
120.2,1533
120.2,1533
120.2,1532
120.2,1532
120.3,1532
120.3,1532
120.3,1531
120.3,1531
120.3,1531
120.3,1532
120.3,1532
120.3,1531
120.3,1532
120.3,1531
120.3,1531
120.3,1532
120.3,1532
120.3,1532
120.3,1532
120.4,1533
120.4,1532
120.4,1533
120.4,1532
120.4,1532
120.4,1533
120.4,1532
120.4,1531
120.4,1531
120.4,1530
120.4,1529
120.5,1530
120.5,1530
120.5,1530
120.5,1531
120.5,1531
120.6,1531
120.6,1530
120.6,1530
120.6,1531
120.6,1531
120.6,1530
120.6,1529
120.6,1529
120.6,1528
120.6,1527
120.6,1528
120.6,1527
120.6,1528
120.7,1528
120.7,1529
120.7,1530
120.7,1529
120.7,1530
120.7,1530
120.7,1531
120.7,1531
120.7,1532
120.8,1532
120.8,1533
120.8,1532
120.8,1531
120.8,1531
120.8,1530
120.8,1529
120.8,1530
120.8,1530
120.8,1529
120.9,1529
120.9,1529
120.9,1529
120.9,1528
120.9,1527
120.9,1526
121.0,1526
121.0,1526
121.0,1525
121.0,1525
121.0,1526
121.0,1527
121.1,1527
121.1,1527
121.2,1528
121.2,1527
121.2,1526
121.2,1527
121.2,1527
121.2,1526
121.2,1525
121.2,1525
121.2,1524
121.2,1525
121.2,1525
121.2,1526
121.2,1525
121.2,1524
121.2,1525
121.2,1524
121.2,1525
121.3,1526
121.3,1525
121.3,1524
121.3,1523
121.3,1523
121.3,1523
121.3,1522
121.3,1523
121.3,1523
121.3,1522
121.3,1521
121.3,1521
121.3,1522
121.3,1522
121.4,1521
121.4,1522
121.4,1522
121.4,1523
121.4,1523
121.4,1522
121.4,1521
121.4,1522
121.4,1523
121.4,1523
121.5,1523
121.5,1524
121.5,1524
121.5,1523
121.5,1522
121.5,1523
121.5,1522
121.5,1521
121.5,1521
121.5,1520
121.5,1520
121.5,1519
121.6,1519
121.6,1520
121.6,1520
121.6,1521
121.7,1522
121.7,1521
121.7,1522
121.7,1521
121.7,1521
121.7,1520
121.7,1520
121.7,1521
121.7,1522
121.7,1522
121.7,1523
121.7,1523
121.7,1522
121.7,1522
121.7,1521
121.8,1522
121.8,1523
121.8,1524
121.8,1523
121.8,1523
121.9,1522
121.9,1521
121.9,1521
121.9,1522
121.9,1522
121.9,1522
121.9,1521
121.9,1521
121.9,1521
121.9,1522
121.9,1522
121.9,1523
122.0,1522
122.0,1521
122.0,1520
122.0,1521
122.0,1522
122.0,1523
122.0,1523
122.0,1523
122.0,1522
122.0,1522
122.1,1521
122.1,1521
122.1,1520
122.1,1520
122.1,1520
122.1,1520
122.1,1521
122.1,1521
122.2,1521
122.2,1521
122.2,1522
122.2,1521
122.2,1521
122.2,1520
122.2,1520
122.2,1520
122.2,1521
122.2,1521
122.2,1521
122.2,1521
122.2,1522
122.3,1523
122.3,1523
122.3,1522
122.3,1521
122.3,1520
122.3,1521
122.3,1520
122.3,1519
122.3,1518
122.3,1518
122.3,1517
122.4,1516
122.4,1516
122.4,1515
122.4,1516
122.4,1515
122.4,1515
122.4,1515
122.4,1516
122.4,1515
122.4,1514
122.4,1514
122.5,1513
122.5,1514
122.5,1514
122.5,1515
122.5,1516
122.5,1516
122.5,1516
122.5,1516
122.5,1517
122.5,1516
122.5,1516
122.5,1515
122.5,1514
122.5,1514
122.6,1514
122.6,1514
122.6,1513
122.6,1514
122.6,1514
122.6,1514
122.6,1514
122.6,1514
122.6,1515
122.6,1514
122.6,1513
122.6,1514
122.6,1514
122.7,1514
122.7,1514
122.7,1514
122.7,1514
122.7,1514
122.8,1515
122.8,1515
122.8,1515
122.8,1514
122.8,1514
122.8,1515
122.8,1515
122.8,1516
122.8,1515
122.8,1514
122.8,1513
122.8,1514
122.9,1515
122.9,1515
122.9,1514
122.9,1514
122.9,1513
122.9,1513
122.9,1513
122.9,1512
122.9,1511
122.9,1511
123.0,1511
123.0,1512
123.0,1513
123.0,1512
123.0,1513
123.0,1514
123.0,1514
123.0,1515
123.1,1516
123.1,1517
123.1,1517
123.1,1518
123.1,1518
123.1,1519
123.1,1518
123.1,1518
123.1,1518
123.1,1519
123.1,1519
123.2,1519
123.2,1518
123.2,1519
123.2,1519
123.2,1518
123.2,1519
123.2,1519
123.2,1518
123.2,1518
123.2,1518
123.2,1518
123.3,1519
123.3,1520
123.3,1520
123.3,1519
123.3,1518
123.3,1518
123.3,1517
123.3,1516
123.3,1516
123.4,1516
123.4,1517
123.4,1516
123.4,1517
123.4,1516
123.4,1515
123.5,1514
123.5,1514
123.5,1514
123.5,1513
123.5,1514
123.5,1515
123.5,1515
123.5,1515
123.5,1515
123.5,1514
123.6,1515
123.6,1515
123.6,1516
123.6,1516
123.6,1517
123.6,1516
123.6,1516
123.6,1517
123.6,1516
123.6,1517
123.7,1517
123.7,1518
123.7,1517
123.7,1518
123.7,1518
123.7,1519
123.7,1518
123.7,1517
123.7,1518
123.7,1518
123.8,1519
123.8,1519
123.8,1518
123.8,1518
123.8,1518
123.8,1519
123.8,1518
123.8,1518
123.8,1519
123.8,1518
123.8,1518
123.8,1517
123.8,1516
123.9,1516
123.9,1517
123.9,1518
123.9,1517
123.9,1516
123.9,1517
123.9,1518
123.9,1519
123.9,1519
123.9,1518
123.9,1519
123.9,1519
123.9,1518
123.9,1519
123.9,1520
123.9,1520
123.9,1519
123.9,1519
123.9,1520
123.9,1520
124.0,1520
124.0,1519
124.0,1518
124.0,1517
124.0,1517
124.0,1517
124.1,1517
124.1,1518
124.1,1518
124.1,1517
124.1,1518
124.1,1518
124.1,1519
124.1,1519
124.2,1518
124.2,1518
124.2,1518
124.2,1518
124.2,1519
124.2,1520
124.2,1519
124.2,1520
124.2,1519
124.2,1518
124.2,1519
124.2,1519
124.2,1518
124.2,1517
124.2,1516
124.2,1515
124.2,1515
124.3,1514
124.3,1515
124.3,1514
124.3,1515
124.3,1515
124.3,1516
124.3,1515
124.3,1514
124.3,1514
124.4,1513
124.4,1512
124.4,1512
124.4,1512
124.4,1512
124.4,1511
124.4,1512
124.4,1512
124.4,1512
124.4,1513
124.5,1512
124.5,1513
124.5,1512
124.5,1513
124.5,1512
124.5,1512
124.5,1512
124.5,1512
124.5,1512
124.5,1511
124.5,1510
124.5,1509
124.6,1509
124.6,1510
124.6,1511
124.6,1510
124.6,1511
124.6,1510
124.6,1509
124.6,1510
124.6,1511
124.6,1511
124.6,1511
124.6,1511
124.6,1510
124.7,1511
124.7,1510
124.7,1509
124.7,1509
124.7,1510
124.7,1511
124.7,1511
124.7,1511
124.7,1512
124.8,1513
124.8,1513
124.8,1514
124.8,1513
124.8,1514
124.8,1515
124.8,1516
124.8,1515
124.8,1516
124.9,1516
124.9,1516
124.9,1515
124.9,1514
124.9,1513
124.9,1513
124.9,1514
124.9,1514
124.9,1515
124.9,1516
124.9,1516
124.9,1517
124.9,1516
125.0,1516
125.0,1516
125.0,1517
125.0,1518
125.0,1517
125.0,1517
125.0,1518
125.0,1519
125.0,1518
125.0,1518
125.0,1517
125.0,1517
125.0,1516
125.1,1517
125.1,1516
125.1,1516
125.1,1517
125.1,1518
125.1,1519
125.1,1519
125.1,1520
125.1,1519
125.1,1519
125.1,1518
125.2,1517
125.2,1518
125.2,1519
125.2,1518
125.2,1518
125.2,1518
125.2,1518
125.2,1519
125.2,1518
125.2,1517
125.2,1518
125.3,1518
125.3,1518
125.3,1519
125.3,1519
125.3,1520
125.3,1520
125.3,1520
125.3,1521
125.3,1522
125.3,1523
125.3,1522
125.3,1521
125.3,1522
125.3,1521
125.3,1521
125.4,1522
125.4,1522
125.4,1521
125.4,1522
125.4,1521
125.4,1520
125.4,1521
125.4,1522
125.4,1523
125.5,1524
125.5,1525
125.5,1524
125.5,1524
125.5,1524
125.5,1525
125.5,1525
125.5,1526
125.5,1527
125.5,1528
125.5,1529
125.5,1530
125.6,1529
125.6,1529
125.6,1530
125.6,1530
125.6,1529
125.6,1528
125.6,1528
125.6,1529
125.6,1528
125.7,1527
125.7,1526
125.7,1527
125.7,1528
125.7,1528
125.7,1528
125.7,1527
125.7,1528
125.7,1527
125.7,1527
125.7,1527
125.7,1526
125.7,1525
125.8,1524
125.8,1523
125.8,1522
125.8,1523
125.8,1522
125.8,1521
125.8,1522
125.8,1523
125.8,1524
125.8,1524
125.8,1525
125.8,1524
125.8,1524
125.9,1523
125.9,1522
125.9,1522
125.9,1521
125.9,1520
125.9,1519
125.9,1519
125.9,1520
125.9,1519
125.9,1519
125.9,1519
125.9,1519
125.9,1518
125.9,1518
125.9,1518
125.9,1519
125.9,1519
125.9,1518
126.0,1518
126.0,1517
126.0,1516
126.0,1517
126.0,1518
126.0,1517
126.0,1517
126.0,1516
126.0,1515
126.0,1515
126.1,1516
126.1,1517
126.1,1518
126.1,1519
126.1,1518
126.1,1519
126.1,1519
126.1,1520
126.1,1520
126.1,1521
126.1,1521
126.1,1520
126.1,1521
126.1,1520
126.2,1519
126.2,1519
126.2,1518
126.2,1519
126.2,1518
126.2,1519
126.2,1518
126.2,1518
126.2,1517
126.2,1517
126.2,1516
126.2,1517
126.2,1518
126.2,1517
126.2,1518
126.2,1518
126.3,1518
126.3,1519
126.3,1520
126.3,1520
126.3,1520
126.3,1519
126.3,1519
126.3,1518
126.3,1517
126.3,1517
126.3,1517
126.3,1516
126.4,1515
126.4,1515
126.4,1516
126.4,1517
126.4,1516
126.4,1517
126.4,1516
126.4,1517
126.4,1518
126.4,1519
126.4,1518
126.5,1519
126.5,1518
126.5,1519
126.5,1518
126.5,1518
126.5,1518
126.5,1518
126.5,1519
126.5,1520
126.5,1519
126.6,1520
126.6,1519
126.6,1519
126.6,1518
126.6,1519
126.6,1518
126.6,1517
126.6,1517
126.6,1517
126.6,1516
126.6,1517
126.6,1516
126.6,1517
126.6,1517
126.7,1518
126.7,1519
126.7,1519
126.7,1520
126.7,1519
126.7,1520
126.7,1520
126.7,1519
126.7,1518
126.7,1518
126.7,1519
126.8,1519
126.8,1520
126.8,1521
126.8,1520
126.8,1520
126.8,1521
126.8,1521
126.8,1521
126.8,1521
126.8,1520
126.8,1521
126.8,1522
126.8,1522
126.9,1521
126.9,1521
126.9,1522
126.9,1521
126.9,1521
126.9,1521
126.9,1522
126.9,1521
126.9,1521
126.9,1522
126.9,1522
126.9,1522
127.0,1521
127.0,1521
127.0,1521
127.0,1520
127.0,1521
127.0,1521
127.0,1522
127.0,1521
127.0,1520
127.0,1521
127.0,1521
127.1,1522
127.1,1521
127.1,1522
127.1,1523
127.1,1523
127.1,1523
127.2,1524
127.2,1525
127.2,1526
127.2,1525
127.2,1524
127.2,1525
127.2,1524
127.2,1523
127.2,1522
127.2,1521
127.2,1522
127.2,1521
127.3,1521
127.3,1521
127.3,1521
127.3,1521
127.3,1520
127.3,1520
127.3,1519
127.3,1518
127.3,1518
127.3,1517
127.4,1516
127.4,1517
127.4,1518
127.4,1518
127.4,1517
127.4,1517
127.4,1518
127.4,1518
127.4,1519
127.4,1520
127.4,1519
127.4,1519
127.4,1520
127.5,1521
127.5,1521
127.5,1521
127.5,1520
127.5,1520
127.5,1520
127.5,1520
127.6,1520
127.6,1519
127.6,1518
127.6,1518
127.6,1517
127.6,1516
127.6,1515
127.6,1514
127.6,1515
127.6,1514
127.7,1514
127.7,1513
127.7,1512
127.7,1511
127.7,1511
127.7,1510
127.8,1509
127.8,1508
127.8,1507
127.8,1506
127.8,1506
127.8,1506
127.8,1507
127.8,1508
127.8,1508
127.8,1508
127.9,1507
127.9,1506
127.9,1507
127.9,1508
127.9,1507
127.9,1507
127.9,1508
127.9,1509
127.9,1508
128.0,1508
128.0,1507
128.0,1506
128.0,1505
128.0,1505
128.0,1505
128.0,1506
128.0,1506
128.0,1506
128.1,1506
128.1,1507
128.1,1508
128.1,1509
128.1,1510
128.1,1510
128.1,1511
128.1,1510
128.2,1510
128.2,1510
128.2,1510
128.2,1509
128.2,1510
128.2,1511
128.2,1511
128.2,1511
128.2,1510
128.2,1510
128.2,1510
128.2,1509
128.2,1508
128.2,1508
128.2,1508
128.2,1507
128.3,1508
128.3,1509
128.3,1509
128.3,1508
128.3,1508
128.3,1509
128.3,1509
128.4,1510
128.4,1509
128.4,1510
128.4,1509
128.4,1508
128.4,1508
128.4,1507
128.4,1506
128.4,1507
128.4,1506
128.4,1505
128.4,1504
128.5,1503
128.5,1503
128.5,1504
128.5,1505
128.5,1505
128.5,1504
128.5,1503
128.5,1502
128.5,1503
128.6,1503
128.6,1502
128.6,1503
128.6,1503
128.7,1503
128.7,1502
128.7,1502
128.7,1502
128.7,1501
128.7,1500
128.7,1500
128.7,1500
128.7,1501
128.8,1502
128.8,1501
128.8,1502
128.8,1502
128.8,1503
128.8,1504
128.9,1503
128.9,1504
128.9,1505
128.9,1506
128.9,1506
128.9,1506
129.0,1505
129.0,1505
129.0,1504
129.0,1504
129.0,1504
129.0,1505
129.0,1506
129.1,1506
129.1,1507
129.1,1506
129.1,1506
129.1,1507
129.1,1508
129.1,1507
129.1,1508
129.1,1509
129.1,1509
129.2,1510
129.2,1511
129.2,1510
129.2,1510
129.2,1511
129.2,1511
129.2,1512
129.2,1511
129.2,1510
129.2,1511
129.2,1510
129.2,1510
129.2,1509
129.2,1509
129.3,1509
129.3,1510
129.3,1509
129.3,1508
129.3,1509
129.3,1510
129.3,1510
129.3,1509
129.3,1509
129.3,1510
129.4,1509
129.4,1509
129.4,1508
129.4,1509
129.4,1510
129.4,1510
129.4,1510
129.4,1510
129.4,1511
129.5,1512
129.5,1511
129.5,1512
129.5,1513
129.5,1514
129.5,1514
129.5,1514
129.5,1514
129.5,1513
129.6,1513
129.6,1514
129.6,1514
129.6,1515
129.6,1516
129.6,1516
129.6,1516
129.6,1517
129.7,1518
129.7,1518
129.7,1518
129.7,1519
129.7,1519
129.7,1519
129.8,1519
129.8,1518
129.8,1517
129.8,1518
129.8,1519
129.9,1518
129.9,1518
129.9,1518
129.9,1519
129.9,1520
129.9,1521
129.9,1522
129.9,1523
129.9,1522
129.9,1521
129.9,1521
129.9,1520
129.9,1521
129.9,1521
129.9,1520
129.9,1520
130.0,1521
130.0,1520
130.0,1520
130.0,1519
130.1,1519
130.1,1519
130.1,1520
130.1,1521
130.1,1520
130.1,1521
130.1,1520
130.1,1519
130.1,1518
130.1,1519
130.1,1520
130.1,1521
130.1,1522
130.2,1521
130.2,1521
130.2,1521
130.2,1521
130.2,1520
130.2,1520
130.2,1520
130.2,1520
130.2,1521
130.2,1520
130.2,1520
130.3,1521
130.3,1520
130.3,1521
130.3,1521
130.3,1520
130.3,1520
130.3,1521
130.3,1521
130.4,1520
130.4,1520
130.4,1521
130.4,1520
130.4,1519
130.4,1520
130.4,1520
130.4,1519
130.4,1519
130.5,1520
130.5,1520
130.5,1520
130.5,1520
130.5,1520
130.5,1520
130.5,1521
130.5,1521
130.5,1522
130.5,1523
130.5,1524
130.6,1525
130.6,1525
130.6,1526
130.6,1527
130.6,1527
130.6,1526
130.6,1525
130.6,1525
130.6,1525
130.6,1525
130.6,1524
130.7,1525
130.7,1525
130.7,1524
130.7,1523
130.7,1523
130.7,1524
130.7,1525
130.7,1524
130.7,1523
130.7,1523
130.7,1523
130.8,1522
130.8,1522
130.8,1523
130.8,1524
130.8,1524
130.8,1523
130.8,1524
130.8,1525
130.8,1525
130.8,1525
130.8,1525
130.8,1526
130.9,1526
130.9,1525
130.9,1526
130.9,1525
130.9,1524
130.9,1523
130.9,1524
130.9,1524
130.9,1525
130.9,1524
130.9,1524
130.9,1525
131.0,1526
131.0,1525
131.0,1526
131.0,1526
131.0,1527
131.0,1527
131.0,1526
131.0,1526
131.0,1526
131.0,1525
131.1,1525
131.1,1525
131.1,1524
131.1,1523
131.1,1524
131.1,1524
131.1,1525
131.1,1526
131.1,1525
131.1,1525
131.1,1525
131.1,1526
131.1,1527
131.2,1526
131.2,1525
131.2,1524
131.2,1523
131.2,1522
131.3,1523
131.3,1523
131.3,1524
131.3,1523
131.3,1523
131.3,1522
131.3,1523
131.3,1522
131.3,1523
131.3,1522
131.3,1523
131.3,1522
131.3,1522
131.3,1521
131.3,1521
131.3,1520
131.3,1521
131.4,1521
131.4,1521
131.4,1521
131.4,1521
131.4,1522
131.4,1523
131.5,1523
131.5,1524
131.5,1523
131.5,1522
131.5,1523
131.5,1524
131.5,1524
131.5,1525
131.5,1524
131.5,1524
131.6,1523
131.6,1522
131.6,1522
131.6,1521
131.6,1520
131.6,1519
131.6,1520
131.6,1521
131.6,1521
131.6,1522
131.6,1523
131.6,1523
131.6,1524
131.7,1523
131.7,1524
131.7,1524
131.7,1525
131.7,1525
131.7,1526
131.7,1526
131.7,1527
131.7,1528
131.7,1529
131.7,1528
131.8,1529
131.8,1528
131.8,1527
131.8,1527
131.8,1526
131.8,1525
131.8,1526
131.8,1527
131.8,1528
131.8,1527
131.8,1526
131.8,1526
131.8,1526
131.8,1526
131.9,1525
131.9,1524
131.9,1525
131.9,1525
131.9,1526
131.9,1525
131.9,1524
131.9,1523
131.9,1523
132.0,1523
132.0,1523
132.0,1524
132.0,1523
132.0,1522
132.0,1523
132.0,1522
132.0,1522
132.0,1523
132.0,1523
132.0,1524
132.0,1524
132.0,1523
132.1,1523
132.1,1523
132.1,1522
132.1,1521
132.1,1521
132.1,1520
132.1,1521
132.2,1522
132.2,1522
132.2,1523
132.2,1523
132.2,1523
132.2,1524
132.2,1524
132.2,1524
132.3,1523
132.3,1523
132.3,1523
132.3,1522
132.3,1522
132.3,1522
132.3,1521
132.3,1521
132.3,1522
132.4,1521
132.4,1522
132.4,1523
132.4,1522
132.4,1522
132.4,1523
132.4,1522
132.4,1523
132.4,1523
132.4,1522
132.5,1521
132.5,1520
132.5,1519
132.5,1519
132.5,1518
132.5,1518
132.5,1519
132.5,1520
132.6,1520
132.6,1520
132.6,1521
132.6,1522
132.6,1522
132.6,1522
132.6,1522
132.6,1522
132.6,1523
132.6,1522
132.6,1522
132.7,1521
132.7,1522
132.7,1521
132.7,1522
132.7,1522
132.7,1523
132.7,1522
132.7,1522
132.7,1521
132.8,1522
132.8,1523
132.8,1523
132.8,1522
132.8,1521
132.8,1521
132.8,1520
132.8,1519
132.8,1520
132.8,1521
132.8,1522
132.8,1523
132.8,1524
132.8,1524
132.8,1523
132.8,1524
132.8,1523
132.9,1524
132.9,1523
132.9,1523
132.9,1523
132.9,1522
132.9,1521
132.9,1520
132.9,1521
132.9,1520
132.9,1520
132.9,1519
132.9,1520
132.9,1519
133.0,1518
133.0,1519
133.0,1519
133.0,1519
133.0,1519
133.1,1520
133.1,1519
133.1,1518
133.1,1518
133.1,1518
133.1,1518
133.1,1519
133.1,1520
133.1,1521
133.1,1520
133.1,1519
133.1,1520
133.2,1521
133.2,1522
133.2,1522
133.2,1522
133.2,1521
133.2,1520
133.2,1520
133.2,1520
133.2,1520
133.2,1521
133.2,1521
133.3,1521
133.3,1521
133.3,1521
133.3,1520
133.3,1519
133.3,1519
133.3,1519
133.3,1520
133.4,1521
133.4,1521
133.4,1522
133.4,1522
133.4,1521
133.4,1522
133.4,1521
133.4,1522
133.4,1522
133.4,1522
133.4,1522
133.4,1522
133.5,1523
133.5,1523
133.5,1524
133.5,1523
133.5,1522
133.5,1522
133.5,1521
133.5,1521
133.5,1521
133.5,1520
133.5,1519
133.5,1518
133.5,1519
133.6,1520
133.6,1521
133.6,1522
133.6,1523
133.6,1523
133.6,1523
133.6,1523
133.6,1524
133.6,1523
133.7,1524
133.7,1523
133.7,1524
133.7,1524
133.7,1525
133.7,1525
133.7,1526
133.7,1526
133.7,1526
133.7,1525
133.8,1526
133.8,1526
133.8,1526
133.8,1527
133.8,1528
133.8,1529
133.9,1530
133.9,1530
133.9,1530
133.9,1529
133.9,1528
133.9,1527
133.9,1528
133.9,1527
133.9,1527
133.9,1526
134.0,1526
134.0,1525
134.0,1525
134.0,1525
134.0,1526
134.0,1527
134.0,1526
134.0,1526
134.0,1526
134.0,1527
134.0,1527
134.0,1527
134.0,1527
134.1,1528
134.1,1528
134.1,1529
134.1,1528
134.1,1528
134.1,1527
134.1,1528
134.1,1528
134.1,1527
134.2,1527
134.2,1527
134.2,1526
134.2,1526
134.2,1525
134.2,1525
134.2,1526
134.2,1525
134.2,1526
134.2,1527
134.2,1527
134.3,1526
134.3,1526
134.3,1526
134.3,1525
134.3,1526
134.3,1526
134.3,1526
134.3,1526
134.3,1526
134.3,1527
134.4,1528
134.4,1528
134.4,1528
134.4,1528
134.4,1529
134.4,1528
134.4,1528
134.4,1528
134.4,1528
134.4,1528
134.4,1527
134.5,1527
134.5,1527
134.5,1527
134.5,1527
134.5,1527
134.5,1526
134.5,1527
134.5,1527
134.5,1526
134.5,1526
134.6,1525
134.6,1525
134.6,1524
134.6,1523
134.6,1523
134.6,1522
134.6,1523
134.6,1523
134.6,1522
134.6,1523
134.6,1522
134.6,1522
134.7,1521
134.7,1522
134.7,1521
134.7,1521
134.7,1522
134.7,1522
134.7,1523
134.7,1524
134.8,1524
134.8,1524
134.8,1525
134.8,1524
134.8,1523
134.8,1523
134.8,1523
134.8,1523
134.8,1522
134.8,1522
134.8,1523
134.9,1522
134.9,1521
134.9,1520
134.9,1520
134.9,1520
134.9,1519
134.9,1519
134.9,1520
134.9,1520
134.9,1519
134.9,1518
134.9,1518
134.9,1518
135.0,1518
135.0,1518
135.0,1519
135.0,1520
135.0,1521
135.0,1522
135.0,1523
135.0,1523
135.0,1524
135.0,1525
135.1,1524
135.1,1525
135.1,1524
135.1,1523
135.1,1522
135.1,1523
135.1,1523
135.1,1522
135.2,1522
135.2,1522
135.2,1522
135.2,1523
135.2,1523
135.2,1524
135.2,1525
135.2,1526
135.2,1526
135.2,1527
135.2,1526
135.3,1527
135.3,1527
135.3,1526
135.3,1526
135.3,1527
135.3,1527
135.3,1528
135.3,1527
135.3,1528
135.3,1527
135.4,1526
135.4,1527
135.4,1528
135.4,1529
135.4,1529
135.4,1530
135.4,1530
135.4,1530
135.4,1530
135.4,1530
135.4,1529
135.4,1529
135.4,1528
135.4,1527
135.5,1526
135.5,1527
135.5,1528
135.5,1528
135.5,1529
135.5,1529
135.5,1528
135.5,1527
135.5,1527
135.5,1528
135.5,1527
135.6,1527
135.6,1528
135.6,1527
135.6,1526
135.6,1527
135.6,1528
135.6,1529
135.6,1529
135.6,1529
135.6,1529
135.6,1528
135.6,1527
135.6,1528
135.6,1528
135.6,1529
135.7,1529
135.7,1528
135.7,1529
135.7,1529
135.7,1529
135.7,1529
135.7,1530
135.7,1530
135.7,1529
135.7,1529
135.7,1529
135.8,1530
135.8,1531
135.8,1530
135.8,1530
135.8,1530
135.8,1530
135.9,1530
135.9,1529
135.9,1530
135.9,1529
135.9,1529
135.9,1530
135.9,1529
135.9,1529
136.0,1530
136.0,1531
136.0,1532
136.0,1532
136.0,1532
136.0,1531
136.0,1531
136.0,1532
136.0,1532
136.0,1531
136.1,1530
136.1,1531
136.1,1530
136.1,1530
136.1,1530
136.1,1531
136.1,1532
136.1,1533
136.1,1532
136.1,1532
136.1,1533
136.1,1533
136.1,1534
136.1,1534
136.1,1533
136.1,1532
136.2,1531
136.2,1531
136.2,1532
136.3,1532
136.3,1531
136.3,1532
136.3,1532
136.3,1533
136.3,1533
136.3,1532
136.3,1532
136.4,1531
136.4,1530
136.4,1530
136.4,1529
136.4,1528
136.4,1527
136.4,1528
136.4,1528
136.4,1529
136.4,1528
136.4,1528
136.5,1527
136.5,1526
136.5,1526
136.5,1527
136.5,1526
136.5,1527
136.5,1527
136.5,1526
136.5,1527
136.5,1527
136.5,1527
136.5,1526
136.5,1525
136.6,1524
136.6,1525
136.6,1525
136.6,1524
136.6,1525
136.6,1525
136.6,1525
136.6,1526
136.7,1527
136.7,1527
136.7,1526
136.7,1526
136.7,1527
136.7,1527
136.7,1526
136.7,1527
136.7,1526
136.7,1526
136.7,1525
136.8,1525
136.8,1525
136.8,1526
136.8,1526
136.8,1527
136.8,1528
136.8,1529
136.8,1530
136.8,1530
136.9,1529
136.9,1528
136.9,1529
136.9,1529
136.9,1528
136.9,1527
136.9,1526
136.9,1525
136.9,1524
136.9,1524
137.0,1525
137.0,1525
137.0,1526
137.0,1525
137.0,1526
137.0,1526
137.0,1525
137.1,1525
137.1,1524
137.1,1523
137.1,1524
137.1,1524
137.1,1524
137.2,1524
137.2,1524
137.2,1523
137.2,1523
137.2,1523
137.2,1523
137.2,1524
137.2,1523
137.2,1524
137.2,1524
137.2,1524
137.2,1524
137.2,1524
137.2,1524
137.2,1525
137.2,1526
137.3,1526
137.3,1525
137.3,1525
137.3,1524
137.3,1523
137.3,1523
137.3,1522
137.4,1522
137.4,1523
137.4,1523
137.4,1523
137.4,1524
137.4,1523
137.4,1522
137.4,1521
137.4,1520
137.4,1519
137.4,1519
137.4,1519
137.4,1518
137.4,1519
137.4,1519
137.4,1520
137.4,1519
137.4,1518
137.5,1518
137.5,1517
137.5,1516
137.5,1517
137.5,1516
137.5,1517
137.5,1516
137.5,1516
137.5,1517
137.5,1516
137.5,1515
137.6,1516
137.6,1516
137.6,1516
137.6,1517
137.6,1516
137.6,1517
137.6,1516
137.6,1516
137.6,1516
137.6,1515
137.6,1515
137.7,1515
137.7,1516
137.7,1517
137.7,1517
137.7,1516
137.7,1517
137.7,1517
137.7,1516
137.7,1516
137.7,1515
137.8,1516
137.8,1517
137.8,1516
137.8,1517
137.8,1517
137.8,1518
137.8,1518
137.8,1519
137.9,1519
137.9,1518
137.9,1519
137.9,1520
137.9,1519
137.9,1520
137.9,1519
137.9,1518
137.9,1518
138.0,1519
138.0,1520
138.0,1519
138.0,1520
138.0,1520
138.0,1520
138.0,1521
138.0,1521
138.0,1520
138.0,1520
138.0,1520
138.0,1520
138.0,1521
138.0,1520
138.0,1519
138.0,1520
138.1,1519
138.1,1520
138.1,1521
138.1,1521
138.1,1520
138.1,1519
138.1,1520
138.1,1521
138.1,1522
138.1,1522
138.1,1523
138.1,1524
138.1,1523
138.1,1522
138.1,1521
138.1,1520
138.2,1521
138.2,1522
138.2,1522
138.2,1522
138.2,1522
138.2,1521
138.2,1522
138.2,1522
138.2,1522
138.2,1522
138.2,1523
138.2,1522
138.2,1521
138.2,1520
138.3,1519
138.3,1518
138.3,1518
138.3,1519
138.4,1518
138.4,1519
138.4,1519
138.4,1520
138.4,1520
138.4,1519
138.4,1518
138.4,1517
138.5,1516
138.5,1517
138.5,1518
138.5,1517
138.5,1518
138.5,1517
138.5,1517
138.5,1518
138.5,1518
138.5,1517
138.5,1517
138.5,1518
138.6,1517
138.6,1518
138.6,1517
138.6,1517
138.6,1517
138.6,1517
138.6,1518
138.6,1518
138.7,1518
138.7,1519
138.7,1520
138.7,1521
138.8,1521
138.8,1521
138.8,1520
138.8,1520
138.8,1519
138.8,1519
138.8,1520
138.8,1519
138.8,1520
138.8,1519
138.8,1520
138.8,1520
138.8,1519
138.8,1518
138.9,1518
138.9,1519
138.9,1520
138.9,1519
138.9,1520
138.9,1519
138.9,1519
138.9,1518
138.9,1517
139.0,1517
139.0,1518
139.0,1519
139.0,1520
139.0,1520
139.0,1519
139.0,1519
139.1,1519
139.1,1518
139.1,1517
139.1,1517
139.1,1517
139.1,1516
139.1,1516
139.1,1517
139.1,1517
139.1,1518
139.1,1519
139.1,1519
139.1,1520
139.1,1521
139.2,1522
139.2,1523
139.2,1523
139.2,1524
139.2,1525
139.2,1524
139.2,1524
139.2,1523
139.2,1522
139.2,1523
139.3,1523
139.3,1523
139.3,1523
139.3,1523
139.3,1523
139.3,1522
139.3,1521
139.3,1520
139.3,1521
139.3,1520
139.3,1519
139.3,1518
139.4,1518
139.4,1517
139.4,1518
139.4,1518
139.4,1518
139.4,1519
139.4,1519
139.4,1519
139.4,1520
139.4,1520
139.4,1521
139.4,1521
139.4,1520
139.5,1520
139.5,1519
139.5,1520
139.5,1521
139.5,1520
139.5,1521
139.5,1522
139.5,1522
139.6,1522
139.6,1522
139.6,1523
139.6,1523
139.6,1522
139.6,1523
139.6,1523
139.6,1523
139.6,1524
139.6,1525
139.6,1524
139.6,1524
139.6,1523
139.6,1522
139.6,1522
139.6,1523
139.6,1522
139.7,1521
139.7,1520
139.7,1521
139.7,1520
139.7,1520
139.7,1520
139.7,1519
139.7,1519
139.7,1518
139.7,1519
139.7,1518
139.7,1518
139.7,1518
139.7,1518
139.7,1517
139.7,1518
139.8,1519
139.8,1520
139.8,1520
139.8,1519
139.8,1520
139.8,1521
139.8,1521
139.8,1522
139.8,1521
139.8,1520
139.9,1521
139.9,1521
139.9,1522
139.9,1523
139.9,1523
139.9,1522
139.9,1523
139.9,1522
139.9,1522
139.9,1522
139.9,1521
139.9,1521
139.9,1521
139.9,1520
139.9,1519
139.9,1519
139.9,1519
140.0,1520
140.0,1521
140.0,1522
140.0,1523
140.0,1522
140.0,1522
140.1,1523
140.1,1524
140.1,1524
140.1,1525
140.1,1524
140.1,1524
140.1,1524
140.1,1525
140.1,1526
140.1,1526
140.1,1525
140.1,1526
140.1,1526
140.1,1525
140.1,1526
140.2,1526
140.2,1526
140.2,1526
140.2,1525
140.2,1526
140.3,1525
140.3,1525
140.3,1524
140.3,1523
140.3,1524
140.3,1525
140.3,1525
140.3,1525
140.3,1524
140.3,1523
140.3,1524
140.3,1524
140.4,1525
140.4,1525
140.4,1524
140.4,1523
140.4,1524
140.4,1523
140.4,1524
140.4,1525
140.4,1526
140.4,1526
140.4,1527
140.4,1527
140.4,1526
140.4,1526
140.4,1525
140.4,1525
140.5,1526
140.5,1527
140.5,1527
140.5,1526
140.5,1526
140.5,1525
140.5,1524
140.5,1525
140.5,1524
140.6,1525
140.6,1524
140.6,1523
140.6,1522
140.6,1523
140.6,1522
140.6,1521
140.6,1521
140.6,1522
140.6,1521
140.6,1522
140.6,1522
140.6,1521
140.6,1522
140.6,1523
140.7,1523
140.7,1522
140.7,1521
140.7,1522
140.7,1523
140.7,1523
140.7,1523
140.7,1522
140.7,1523
140.7,1522
140.7,1522
140.8,1522
140.8,1523
140.8,1524
140.8,1525
140.8,1525
140.8,1526
140.8,1527
140.9,1528
140.9,1527
140.9,1527
140.9,1526
140.9,1525
140.9,1524
140.9,1525
140.9,1526
140.9,1527
140.9,1527
140.9,1527
140.9,1528
140.9,1529
140.9,1530
140.9,1531
140.9,1531
141.0,1532
141.0,1533
141.0,1534
141.0,1535
141.0,1535
141.0,1535
141.0,1535
141.0,1534
141.0,1533
141.1,1533
141.1,1532
141.1,1533
141.1,1533
141.1,1534
141.1,1533
141.1,1532
141.1,1531
141.1,1531
141.1,1532
141.1,1531
141.2,1531
141.2,1531
141.2,1531
141.2,1530
141.2,1531
141.2,1531
141.2,1531
141.2,1531
141.2,1530
141.2,1531
141.2,1532
141.2,1532
141.2,1531
141.2,1530
141.2,1530
141.2,1530
141.2,1530
141.3,1529
141.3,1530
141.3,1530
141.3,1530
141.3,1530
141.3,1531
141.3,1532
141.3,1531
141.3,1532
141.3,1532
141.3,1532
141.3,1532
141.3,1531
141.3,1531
141.3,1532
141.4,1532
141.4,1532
141.4,1531
141.4,1531
141.4,1532
141.4,1532
141.4,1533
141.4,1534
141.4,1533
141.4,1533
141.4,1534
141.4,1533
141.4,1534
141.4,1533
141.5,1532
141.5,1532
141.5,1533
141.5,1534
141.5,1534
141.5,1533
141.5,1534
141.5,1533
141.5,1533
141.5,1533
141.5,1532
141.5,1533
141.5,1533
141.5,1532
141.5,1532
141.5,1532
141.6,1531
141.6,1531
141.6,1530
141.6,1530
141.6,1529
141.6,1530
141.6,1531
141.6,1530
141.6,1531
141.7,1531
141.7,1530
141.7,1530
141.7,1531
141.7,1531
141.7,1530
141.7,1531
141.8,1531
141.8,1531
141.8,1531
141.8,1530
141.8,1529
141.8,1529
141.8,1530
141.8,1530
141.8,1530
141.8,1531
141.9,1530
141.9,1529
141.9,1529
141.9,1528
141.9,1527
141.9,1528
141.9,1527
141.9,1526
141.9,1525
141.9,1524
142.0,1523
142.0,1523
142.0,1523
142.0,1522
142.0,1521
142.0,1521
142.1,1521
142.1,1520
142.1,1520
142.1,1520
142.1,1520
142.1,1519
142.1,1519
142.1,1520
142.1,1520
142.1,1519
142.1,1520
142.1,1521
142.2,1520
142.2,1521
142.2,1521
142.2,1521
142.2,1521
142.2,1521
142.2,1522
142.2,1521
142.2,1521
142.2,1520
142.2,1520
142.2,1521
142.2,1520
142.2,1521
142.2,1520
142.3,1520
142.3,1520
142.3,1519
142.3,1519
142.3,1520
142.3,1521
142.3,1520
142.3,1519
142.3,1520
142.4,1521
142.4,1521
142.4,1520
142.4,1520
142.4,1521
142.4,1521
142.4,1522
142.4,1521
142.4,1521
142.5,1521
142.5,1522
142.5,1522
142.5,1522
142.5,1521
142.5,1520
142.5,1521
142.5,1520
142.5,1520
142.5,1520
142.5,1520
142.6,1521
142.6,1520
142.6,1520
142.6,1521
142.6,1520
142.6,1519
142.6,1518
142.6,1517
142.6,1517
142.6,1518
142.6,1517
142.6,1517
142.6,1518
142.6,1518
142.6,1519
142.6,1519
142.7,1518
142.7,1518
142.7,1518
142.7,1518
142.7,1519
142.7,1518
142.7,1517
142.7,1518
142.8,1518
142.8,1517
142.8,1516
142.8,1515
142.8,1515
142.8,1514
142.8,1514
142.8,1514
142.8,1514
142.8,1514
142.8,1514
142.9,1513
142.9,1513
142.9,1514
142.9,1514
142.9,1515
142.9,1516
142.9,1517
143.0,1517
143.0,1516
143.0,1517
143.0,1516
143.0,1515
143.0,1515
143.0,1514
143.0,1514
143.0,1513
143.0,1514
143.0,1514
143.0,1513
143.0,1512
143.1,1512
143.1,1513
143.1,1513
143.1,1513
143.1,1513
143.1,1512
143.1,1512
143.1,1513
143.1,1512
143.1,1511
143.1,1511
143.1,1511
143.2,1512
143.2,1512
143.2,1511
143.2,1512
143.2,1512
143.2,1511
143.2,1511
143.2,1511
143.2,1510
143.2,1509
143.2,1508
143.2,1509
143.2,1509
143.2,1510
143.2,1510
143.2,1511
143.3,1510
143.3,1509
143.3,1509
143.3,1509
143.3,1510
143.3,1511
143.3,1512
143.3,1511
143.3,1511
143.4,1512
143.4,1512
143.4,1513
143.4,1514
143.4,1514
143.4,1515
143.4,1515
143.4,1515
143.4,1515
143.4,1514
143.4,1514
143.4,1514
143.4,1513
143.5,1513
143.5,1514
143.5,1514
143.5,1514
143.5,1513
143.5,1512
143.5,1511
143.5,1512
143.5,1513
143.6,1512
143.6,1513
143.6,1513
143.6,1512
143.6,1511
143.6,1511
143.6,1511
143.6,1511
143.6,1511
143.6,1511
143.6,1511
143.7,1512
143.7,1513
143.7,1512
143.7,1512
143.7,1511
143.7,1511
143.7,1510
143.7,1511
143.7,1512
143.7,1513
143.7,1512
143.7,1513
143.7,1512
143.7,1511
143.8,1512
143.8,1512
143.8,1512
143.8,1513
143.8,1513
143.9,1513
143.9,1513
143.9,1512
143.9,1511
143.9,1511
143.9,1510
143.9,1510
144.0,1509
144.0,1508
144.0,1508
144.0,1508
144.0,1508
144.0,1508
144.0,1507
144.0,1507
144.0,1507
144.1,1506
144.1,1506
144.1,1507
144.1,1507
144.1,1507
144.1,1506
144.1,1505
144.1,1504
144.1,1505
144.1,1504
144.1,1505
144.1,1506
144.1,1505
144.1,1504
144.2,1503
144.2,1503
144.2,1503
144.2,1504
144.2,1505
144.2,1504
144.2,1505
144.3,1506
144.3,1506
144.3,1506
144.3,1506
144.3,1507
144.3,1507
144.3,1507
144.3,1506
144.3,1505
144.4,1505
144.4,1505
144.4,1505
144.4,1506
144.4,1507
144.4,1508
144.4,1509
144.4,1509
144.4,1509
144.5,1510
144.5,1510
144.5,1509
144.5,1508
144.5,1508
144.5,1507
144.5,1506
144.5,1506
144.6,1507
144.6,1508
144.6,1508
144.6,1509
144.6,1509
144.6,1508
144.6,1509
144.6,1508
144.6,1507
144.6,1508
144.7,1509
144.7,1509
144.7,1508
144.7,1509
144.7,1510
144.7,1511
144.7,1511
144.8,1511
144.8,1510
144.8,1509
144.8,1509
144.8,1509
144.8,1508
144.8,1509
144.8,1508
144.8,1509
144.8,1510
144.8,1511
144.9,1510
144.9,1509
144.9,1509
144.9,1508
144.9,1507
144.9,1506
144.9,1505
144.9,1505
144.9,1504
144.9,1504
144.9,1504
144.9,1503
144.9,1502
144.9,1502
145.0,1502
145.0,1501
145.0,1502
145.0,1501
145.0,1500
145.0,1500
145.1,1501
145.1,1502
145.1,1503
145.1,1504
145.1,1504
145.1,1505
145.1,1504
145.1,1504
145.1,1503
145.1,1504
145.1,1504
145.1,1504
145.1,1504
145.1,1504
145.1,1505
145.1,1504
145.2,1505
145.2,1505
145.2,1506
145.2,1506
145.2,1506
145.2,1505
145.2,1506
145.2,1506
145.2,1507
145.2,1506
145.2,1505
145.3,1505
145.3,1504
145.3,1505
145.3,1505
145.3,1506
145.3,1506
145.3,1506
145.3,1507
145.3,1508
145.4,1509
145.4,1509
145.4,1509
145.4,1509
145.4,1510
145.4,1511
145.4,1510
145.5,1510
145.5,1510
145.5,1511
145.5,1511
145.5,1512
145.5,1512
145.5,1511
145.5,1512
145.5,1513
145.5,1513
145.5,1512
145.5,1513
145.5,1512
145.5,1513
145.5,1512
145.5,1512
145.6,1511
145.6,1512
145.6,1512
145.6,1513
145.6,1513
145.6,1512
145.6,1513
145.6,1513
145.6,1513
145.6,1514
145.6,1513
145.6,1514
145.6,1513
145.6,1513
145.6,1514
145.7,1514
145.7,1513
145.7,1512
145.7,1512
145.7,1512
145.7,1511
145.7,1510
145.7,1509
145.7,1510
145.7,1511
145.8,1512
145.8,1513
145.8,1514
145.8,1513
145.8,1513
145.8,1513
145.8,1513
145.9,1514
145.9,1513
145.9,1512
145.9,1512
145.9,1511
145.9,1511
145.9,1511
145.9,1511
145.9,1512
145.9,1511
146.0,1512
146.0,1512
146.0,1512
146.0,1512
146.0,1513
146.0,1512
146.0,1511
146.0,1511
146.1,1510
146.1,1510
146.1,1510
146.1,1510
146.1,1510
146.1,1509
146.1,1509
146.1,1510
146.1,1509
146.1,1509
146.1,1508
146.1,1509
146.1,1509
146.2,1508
146.2,1508
146.2,1509
146.2,1509
146.2,1510
146.2,1510
146.2,1511
146.2,1510
146.2,1510
146.2,1510
146.2,1509
146.2,1508
146.2,1509
146.3,1509
146.3,1510
146.3,1510
146.3,1511
146.3,1510
146.3,1511
146.3,1510
146.3,1509
146.3,1509
146.3,1510
146.3,1509
146.3,1510
146.3,1511
146.3,1511
146.3,1512
146.4,1513
146.4,1514
146.4,1514
146.4,1514
146.4,1515
146.4,1514
146.4,1515
146.4,1515
146.4,1516
146.5,1517
146.5,1517
146.5,1518
146.5,1517
146.5,1516
146.5,1517
146.5,1516
146.5,1516
146.5,1517
146.5,1517
146.5,1518
146.5,1518
146.5,1519
146.6,1519
146.6,1520
146.6,1521
146.6,1521
146.6,1522
146.6,1523
146.6,1522
146.6,1521
146.6,1520
146.6,1521
146.6,1522
146.6,1522
146.7,1522
146.7,1521
146.7,1521
146.7,1521
146.7,1521
146.7,1521
146.7,1522
146.7,1521
146.8,1520
146.8,1521
146.8,1522
146.8,1521
146.8,1521
146.8,1520
146.8,1520
146.8,1520
146.8,1520
146.8,1520
146.8,1519
146.8,1518
146.9,1519
146.9,1518
146.9,1517
146.9,1517
146.9,1516
146.9,1515
146.9,1514
146.9,1514
146.9,1515
146.9,1514
146.9,1514
146.9,1514
147.0,1514
147.0,1514
147.0,1515
147.0,1516
147.0,1515
147.0,1514
147.0,1515
147.0,1514
147.1,1515
147.1,1514
147.1,1514
147.1,1514
147.1,1513
147.1,1513
147.1,1512
147.1,1513
147.1,1512
147.1,1512
147.2,1512
147.2,1513
147.2,1512
147.2,1513
147.2,1513
147.2,1514
147.3,1515
147.3,1516
147.3,1517
147.3,1517
147.3,1516
147.3,1517
147.3,1517
147.3,1518
147.3,1519
147.3,1520
147.3,1519
147.3,1518
147.3,1518
147.3,1518
147.4,1519
147.4,1519
147.4,1519
147.4,1518
147.4,1517
147.4,1517
147.4,1518
147.4,1518
147.5,1517
147.5,1517
147.5,1516
147.5,1515
147.5,1515
147.5,1515
147.5,1516
147.5,1517
147.5,1517
147.5,1516
147.5,1516
147.6,1517
147.6,1516
147.6,1517
147.6,1518
147.6,1519
147.6,1518
147.6,1519
147.7,1520
147.7,1520
147.7,1521
147.7,1522
147.7,1522
147.7,1522
147.7,1521
147.7,1522
147.7,1523
147.7,1523
147.7,1523
147.7,1523
147.7,1524
147.7,1524
147.8,1525
147.8,1526
147.8,1525
147.8,1524
147.8,1524
147.8,1524
147.8,1523
147.8,1524
147.8,1524
147.8,1525
147.8,1524
147.8,1524
147.8,1523
147.8,1523
147.8,1522
147.9,1523
147.9,1522
147.9,1522
147.9,1521
147.9,1520
147.9,1521
147.9,1522
147.9,1521
147.9,1521
148.0,1521
148.0,1521
148.0,1520
148.0,1520
148.0,1521
148.0,1521
148.0,1520
148.0,1519
148.0,1518
148.0,1518
148.0,1518
148.0,1517
148.1,1516
148.1,1515
148.1,1516
148.1,1517
148.1,1516
148.1,1516
148.1,1516
148.1,1517
148.1,1518
148.1,1518
148.1,1519
148.1,1520
148.1,1519
148.1,1519
148.2,1518
148.2,1518
148.2,1518
148.2,1517
148.2,1516
148.2,1516
148.2,1515
148.2,1515
148.2,1514
148.2,1514
148.2,1513
148.2,1512
148.2,1512
148.3,1511
148.3,1511
148.3,1510
148.3,1510
148.3,1511
148.3,1511
148.3,1510
148.3,1509
148.3,1510
148.3,1511
148.3,1510
148.3,1510
148.3,1510
148.4,1511
148.4,1511
148.4,1511
148.4,1511
148.4,1512
148.5,1511
148.5,1511
148.5,1510
148.5,1511
148.5,1510
148.5,1511
148.5,1510
148.5,1509
148.5,1510
148.5,1511
148.5,1511
148.5,1511
148.5,1510
148.5,1511
148.5,1511
148.6,1511
148.6,1510
148.6,1510
148.6,1509
148.6,1510
148.6,1510
148.6,1510
148.7,1511
148.7,1510
148.7,1510
148.7,1509
148.7,1508
148.7,1508
148.7,1508
148.7,1508
148.7,1507
148.7,1507
148.7,1507
148.8,1507
148.8,1508
148.8,1507
148.8,1506
148.8,1507
148.8,1507
148.8,1508
148.8,1508
148.8,1507
148.8,1506
148.8,1505
148.8,1505
148.9,1506
148.9,1505
148.9,1506
148.9,1507
148.9,1508
148.9,1507
148.9,1506
149.0,1506
149.0,1505
149.0,1504
149.0,1503
149.0,1503
149.0,1503
149.0,1504
149.0,1504
149.0,1505
149.0,1505
149.0,1505
149.0,1505
149.0,1504
149.0,1503
149.1,1503
149.1,1503
149.1,1502
149.1,1502
149.1,1501
149.1,1501
149.1,1500
149.2,1500
149.2,1499
149.2,1499
149.2,1499
149.2,1500
149.2,1499
149.2,1499
149.2,1498
149.2,1497
149.2,1497
149.3,1498
149.3,1497
149.3,1497
149.3,1496
149.3,1496
149.3,1497
149.3,1498
149.3,1499
149.3,1499
149.3,1500
149.3,1500
149.3,1501
149.4,1501
149.4,1500
149.4,1499
149.4,1498
149.4,1499
149.4,1500
149.4,1501
149.4,1500
149.4,1501
149.5,1501
149.5,1500
149.5,1500
149.5,1500
149.5,1501
149.5,1501
149.5,1502
149.5,1503
149.5,1504
149.5,1505
149.5,1504
149.5,1504
149.6,1505
149.6,1505
149.6,1506
149.6,1507
149.6,1507
149.6,1507
149.6,1506
149.6,1506
149.6,1507
149.7,1508
149.7,1508
149.7,1508
149.7,1507
149.7,1506
149.7,1506
149.7,1505
149.7,1506
149.8,1507
149.8,1507
149.8,1506
149.8,1507
149.8,1506
149.8,1506
149.8,1506
149.8,1506
149.8,1506
149.8,1505
149.8,1504
149.8,1503
149.9,1502
149.9,1502
149.9,1501
149.9,1501
149.9,1502
149.9,1502
149.9,1503
149.9,1504
149.9,1503
149.9,1502
150.0,1503
150.0,1503
150.0,1503
150.0,1503
150.0,1503
150.0,1503
150.0,1503
150.1,1503
150.1,1504
150.1,1505
150.1,1506
150.1,1507
150.1,1507
150.1,1507
150.1,1506
150.1,1506
150.2,1507
150.2,1506
150.2,1507
150.2,1506
150.2,1505
150.2,1506
150.2,1507
150.2,1508
150.2,1507
150.2,1507
150.2,1506
150.3,1507
150.3,1506
150.3,1506
150.3,1507
150.3,1507
150.3,1508
150.3,1509
150.3,1509
150.3,1508
150.3,1509
150.3,1508
150.3,1508
150.3,1508
150.3,1507
150.4,1506
150.4,1505
150.4,1505
150.4,1504
150.4,1504
150.4,1505
150.4,1506
150.4,1505
150.5,1506
150.5,1506
150.5,1505
150.5,1505
150.5,1506
150.5,1505
150.5,1505
150.5,1506
150.5,1506
150.5,1507
150.5,1508
150.6,1509
150.6,1510
150.6,1511
150.6,1510
150.6,1510
150.6,1510
150.6,1511
150.6,1512
150.6,1513
150.6,1513
150.6,1513
150.6,1513
150.7,1512
150.7,1513
150.7,1512
150.7,1512
150.7,1512
150.7,1512
150.7,1513
150.7,1514
150.7,1514
150.8,1515
150.8,1514
150.8,1513
150.8,1512
150.8,1513
150.8,1513
150.8,1513
150.8,1513
150.8,1514
150.9,1515
150.9,1516
150.9,1515
150.9,1515
150.9,1516
150.9,1515
150.9,1514
150.9,1515
150.9,1514
150.9,1513
150.9,1514
151.0,1513
151.0,1514
151.0,1515
151.0,1515
151.0,1514
151.0,1514
151.0,1515
151.0,1515
151.0,1514
151.0,1513
151.0,1512
151.0,1513
151.0,1513
151.1,1513
151.1,1514
151.1,1513
151.1,1512
151.1,1512
151.1,1513
151.1,1512
151.1,1511
151.1,1510
151.1,1509
151.1,1508
151.1,1509
151.1,1508
151.1,1509
151.2,1509
151.2,1509
151.2,1509
151.2,1508
151.2,1508
151.2,1507
151.2,1507
151.2,1506
151.2,1506
151.3,1505
151.3,1506
151.3,1506
151.3,1506
151.4,1505
151.4,1505
151.4,1506
151.4,1506
151.4,1507
151.4,1507
151.4,1508
151.4,1509
151.4,1508
151.5,1508
151.5,1508
151.5,1508
151.5,1507
151.5,1508
151.5,1508
151.5,1508
151.5,1507
151.5,1508
151.5,1509
151.5,1509
151.5,1508
151.5,1507
151.5,1508
151.5,1509
151.6,1509
151.6,1509
151.6,1509
151.6,1509
151.6,1509
151.6,1509
151.6,1510
151.6,1509
151.6,1510
151.7,1510
151.7,1510
151.7,1510
151.7,1509
151.7,1508
151.7,1507
151.7,1508
151.7,1508
151.7,1508
151.7,1507
151.7,1506
151.7,1505
151.7,1505
151.7,1505
151.8,1506
151.8,1506
151.8,1507
151.8,1508
151.8,1509
151.8,1508
151.8,1508
151.8,1508
151.9,1507
151.9,1506
151.9,1505
151.9,1506
151.9,1505
151.9,1505
151.9,1504
151.9,1503
151.9,1503
151.9,1503
151.9,1503
151.9,1503
151.9,1503
151.9,1504
151.9,1503
152.0,1503
152.0,1503
152.0,1504
152.0,1505
152.0,1505
152.0,1505
152.0,1504
152.0,1503
152.0,1504
152.0,1503
152.0,1502
152.0,1503
152.0,1503
152.1,1502
152.1,1501
152.1,1500
152.1,1499
152.1,1499
152.1,1499
152.1,1499
152.1,1500
152.1,1500
152.1,1500
152.1,1501
152.1,1500
152.1,1500
152.2,1501
152.2,1502
152.2,1502
152.3,1503
152.3,1504
152.3,1504
152.3,1505
152.3,1505
152.4,1505
152.4,1504
152.4,1504
152.4,1504
152.4,1505
152.4,1505
152.4,1506
152.4,1506
152.4,1506
152.4,1505
152.4,1504
152.4,1504
152.5,1505
152.5,1505
152.5,1504
152.5,1504
152.5,1503
152.5,1503
152.5,1502
152.5,1502
152.5,1503
152.5,1503
152.5,1504
152.6,1504
152.6,1504
152.6,1505
152.6,1504
152.6,1504
152.7,1505
152.7,1505
152.7,1505
152.7,1504
152.7,1504
152.7,1505
152.7,1504
152.7,1503
152.7,1503
152.7,1503
152.7,1502
152.8,1502
152.8,1502
152.8,1501
152.8,1501
152.8,1502
152.8,1502
152.8,1502
152.9,1502
152.9,1503
152.9,1503
152.9,1502
152.9,1503
152.9,1502
152.9,1501
152.9,1502
152.9,1503
153.0,1503
153.0,1503
153.0,1503
153.0,1504
153.0,1505
153.0,1505
153.0,1506
153.0,1506
153.0,1505
153.1,1504
153.1,1504
153.1,1503
153.1,1504
153.1,1503
153.1,1503
153.1,1502
153.1,1501
153.2,1500
153.2,1499
153.2,1498
153.2,1498
153.2,1497
153.2,1496
153.2,1497
153.3,1498
153.3,1498
153.3,1498
153.3,1499
153.3,1498
153.3,1497
153.3,1497
153.4,1498
153.4,1497
153.4,1498
153.4,1497
153.4,1497
153.4,1496
153.4,1495
153.4,1494
153.4,1494
153.4,1495
153.4,1495
153.4,1494
153.4,1495
153.4,1495
153.4,1494
153.5,1493
153.5,1492
153.5,1491
153.5,1492
153.5,1493
153.5,1493
153.5,1492
153.5,1492
153.5,1493
153.5,1493
153.6,1492
153.6,1493
153.6,1492
153.6,1493
153.6,1492
153.6,1492
153.6,1491
153.6,1491
153.6,1490
153.6,1490
153.6,1491
153.7,1490
153.7,1490
153.7,1490
153.7,1489
153.7,1490
153.7,1490
153.7,1490
153.8,1490
153.8,1489
153.8,1488
153.8,1487
153.8,1487
153.8,1487
153.8,1488
153.8,1487
153.8,1487
153.8,1487
153.8,1486
153.9,1487
153.9,1487
153.9,1487
153.9,1487
153.9,1487
153.9,1488
154.0,1488
154.0,1489
154.0,1489
154.0,1488
154.0,1487
154.0,1487
154.0,1487
154.0,1486
154.0,1487
154.0,1487
154.0,1488
154.0,1489
154.0,1489
154.0,1490
154.0,1490
154.1,1490
154.1,1491
154.1,1490
154.1,1490
154.1,1490
154.1,1489
154.1,1489
154.1,1490
154.1,1490
154.1,1490
154.1,1489
154.1,1488
154.1,1489
154.2,1488
154.2,1488
154.2,1487
154.2,1487
154.2,1488
154.2,1487
154.2,1486
154.2,1485
154.3,1485
154.3,1485
154.3,1486
154.3,1487
154.3,1487
154.4,1488
154.4,1488
154.4,1489
154.4,1490
154.4,1489
154.4,1488
154.4,1487
154.4,1487
154.4,1487
154.4,1488
154.4,1488
154.5,1488
154.5,1488
154.5,1488
154.5,1488
154.5,1489
154.5,1490
154.5,1490
154.5,1489
154.5,1488
154.5,1487
154.5,1486
154.6,1487
154.6,1487
154.6,1488
154.6,1487
154.6,1488
154.6,1489
154.6,1490
154.6,1490
154.6,1490
154.6,1489
154.6,1489
154.7,1488
154.7,1488
154.7,1487
154.7,1486
154.7,1486
154.7,1485
154.7,1485
154.7,1486
154.7,1486
154.7,1485
154.7,1486
154.7,1485
154.8,1484
154.8,1485
154.8,1486
154.8,1485
154.8,1485
154.8,1485
154.8,1485
154.8,1486
154.9,1485
154.9,1485
154.9,1484
154.9,1484
154.9,1483
154.9,1483
154.9,1484
154.9,1485
154.9,1486
154.9,1487
155.0,1487
155.0,1488
155.0,1489
155.0,1489
155.0,1488
155.0,1489
155.0,1488
155.1,1488
155.1,1489
155.1,1488
155.1,1488
155.1,1487
155.1,1487
155.1,1486
155.1,1487
155.1,1487
155.1,1487
155.2,1488
155.2,1489
155.2,1489
155.2,1489
155.2,1490
155.2,1490
155.2,1491
155.2,1492
155.2,1492
155.3,1491
155.3,1492
155.3,1491
155.3,1492
155.3,1491
155.3,1490
155.3,1490
155.3,1490
155.3,1489
155.3,1488
155.3,1489
155.3,1490
155.4,1490
155.4,1490
155.4,1489
155.4,1489
155.4,1488
155.4,1489
155.5,1490
155.5,1490
155.5,1489
155.5,1489
155.5,1490
155.5,1489
155.5,1490
155.5,1490
155.5,1491
155.5,1492
155.6,1492
155.6,1493
155.6,1493
155.6,1493
155.6,1493
155.6,1494
155.6,1495
155.6,1496
155.6,1495
155.6,1495
155.6,1495
155.7,1496
155.7,1496
155.7,1497
155.7,1498
155.7,1498
155.7,1499
155.7,1498
155.7,1498
155.8,1498
155.8,1498
155.8,1499
155.8,1500
155.8,1500
155.8,1501
155.8,1502
155.8,1502
155.8,1502
155.8,1501
155.8,1500
155.9,1500
155.9,1500
155.9,1500
155.9,1500
155.9,1500
155.9,1499
155.9,1498
155.9,1499
155.9,1498
155.9,1499
156.0,1498
156.0,1498
156.0,1499
156.0,1499
156.0,1498
156.0,1497
156.0,1497
156.0,1496
156.1,1495
156.1,1495
156.1,1495
156.1,1496
156.1,1496
156.1,1496
156.1,1495
156.1,1495
156.1,1494
156.1,1493
156.1,1492
156.1,1491
156.1,1491
156.2,1490
156.2,1489
156.2,1489
156.2,1489
156.2,1488
156.2,1489
156.2,1489
156.2,1489
156.2,1488
156.2,1489
156.2,1488
156.3,1488
156.3,1489
156.3,1490
156.3,1490
156.3,1489
156.3,1490
156.3,1490
156.3,1491
156.3,1492
156.3,1492
156.4,1493
156.4,1493
156.4,1494
156.4,1494
156.4,1493
156.4,1493
156.4,1494
156.4,1495
156.4,1495
156.4,1494
156.4,1495
156.5,1495
156.5,1494
156.5,1494
156.5,1493
156.5,1492
156.5,1492
156.5,1493
156.5,1494
156.5,1495
156.5,1494
156.5,1494
156.5,1493
156.5,1493
156.5,1494
156.5,1493
156.5,1494
156.5,1495
156.5,1496
156.5,1497
156.5,1496
156.6,1496
156.6,1495
156.6,1494
156.6,1494
156.6,1493
156.6,1492
156.6,1493
156.6,1494
156.6,1495
156.6,1495
156.7,1494
156.7,1493
156.7,1494
156.7,1493
156.7,1494
156.7,1494
156.7,1494
156.7,1493
156.7,1493
156.7,1494
156.7,1493
156.8,1494
156.8,1494
156.8,1494
156.8,1495
156.8,1496
156.8,1496
156.8,1497
156.8,1498
156.8,1498
156.8,1498
156.8,1499
156.9,1498
156.9,1498
156.9,1497
156.9,1498
156.9,1497
156.9,1497
156.9,1498
156.9,1499
156.9,1498
156.9,1498
156.9,1498
156.9,1498
156.9,1497
156.9,1496
156.9,1495
157.0,1496
157.0,1496
157.0,1496
157.0,1496
157.0,1497
157.0,1497
157.0,1498
157.0,1497
157.0,1498
157.0,1497
157.0,1496
157.0,1497
157.0,1496
157.0,1495
157.0,1495
157.1,1494
157.1,1493
157.1,1494
157.1,1493
157.1,1493
157.1,1493
157.1,1492
157.1,1493
157.1,1493
157.1,1494
157.1,1493
157.2,1494
157.2,1495
157.2,1495
157.2,1494
157.2,1495
157.2,1494
157.2,1495
157.2,1495
157.2,1494
157.3,1493
157.3,1494
157.3,1494
157.3,1495
157.3,1496
157.3,1496
157.3,1495
157.3,1494
157.3,1495
157.3,1495
157.3,1495
157.3,1494
157.4,1495
157.4,1495
157.4,1496
157.4,1495
157.4,1494
157.4,1495
157.4,1495
157.4,1494
157.4,1494
157.4,1495
157.4,1494
157.4,1494
157.4,1493
157.5,1492
157.5,1492
157.5,1493
157.5,1493
157.5,1493
157.5,1494
157.5,1495
157.5,1494
157.5,1494
157.5,1495
157.5,1495
157.6,1494
157.6,1495
157.6,1496
157.6,1495
157.6,1495
157.6,1495
157.6,1494
157.6,1493
157.6,1494
157.7,1495
157.7,1496
157.7,1495
157.7,1496
157.7,1495
157.7,1496
157.7,1496
157.7,1496
157.7,1496
157.7,1497
157.7,1498
157.7,1497
157.7,1498
157.8,1497
157.8,1497
157.8,1496
157.8,1495
157.8,1496
157.8,1497
157.8,1498
157.8,1498
157.8,1497
157.8,1496
157.8,1496
157.8,1496
157.8,1496
157.9,1496
157.9,1497
157.9,1498
157.9,1497
157.9,1496
157.9,1497
157.9,1496
157.9,1497
158.0,1498
158.0,1498
158.0,1497
158.0,1498
158.0,1497
158.0,1496
158.0,1495
158.0,1496
158.1,1496
158.1,1497
158.1,1498
158.1,1499
158.1,1499
158.1,1498
158.1,1498
158.1,1498
158.1,1498
158.2,1497
158.2,1497
158.2,1498
158.2,1497
158.2,1496
158.2,1496
158.2,1495
158.3,1494
158.3,1493
158.3,1492
158.3,1491
158.3,1491
158.3,1490
158.3,1491
158.3,1490
158.3,1491
158.3,1490
158.3,1489
158.3,1488
158.3,1487
158.3,1488
158.3,1487
158.3,1487
158.4,1487
158.4,1486
158.4,1487
158.4,1487
158.4,1487
158.4,1486
158.4,1485
158.4,1484
158.4,1483
158.4,1482
158.5,1481
158.5,1482
158.5,1481
158.5,1480
158.5,1479
158.6,1479
158.6,1478
158.6,1478
158.6,1478
158.6,1477
158.6,1476
158.6,1477
158.6,1477
158.6,1478
158.6,1478
158.6,1479
158.6,1480
158.6,1480
158.6,1480
158.6,1480
158.6,1481
158.6,1482
158.7,1483
158.7,1484
158.7,1484
158.7,1485
158.7,1485
158.7,1484
158.7,1483
158.8,1484
158.8,1484
158.8,1484
158.8,1484
158.8,1484
158.8,1485
158.9,1484
158.9,1485
158.9,1485
158.9,1486
158.9,1487
158.9,1488
158.9,1488
158.9,1487
158.9,1487
158.9,1486
158.9,1486
158.9,1486
158.9,1487
159.0,1488
159.0,1488
159.0,1488
159.0,1488
159.0,1489
159.0,1490
159.0,1489
159.0,1490
159.0,1491
159.1,1492
159.1,1491
159.1,1492
159.1,1493
159.1,1492
159.2,1491
159.2,1490
159.2,1489
159.2,1488
159.2,1489
159.2,1490
159.2,1491
159.2,1490
159.2,1490
159.2,1490
159.3,1490
159.3,1491
159.3,1491
159.3,1491
159.3,1490
159.3,1490
159.3,1489
159.3,1489
159.3,1488
159.3,1488
159.3,1488
159.3,1487
159.4,1488
159.4,1488
159.4,1487
159.4,1488
159.4,1488
159.4,1489
159.5,1489
159.5,1488
159.5,1487
159.5,1488
159.5,1487
159.5,1488
159.5,1488
159.5,1489
159.5,1489
159.5,1490
159.6,1491
159.6,1490
159.6,1490
159.6,1490
159.6,1491
159.7,1490
159.7,1489
159.7,1489
159.7,1489
159.7,1488
159.7,1487
159.7,1486
159.7,1486
159.7,1485
159.7,1485
159.7,1486
159.7,1486
159.7,1487
159.7,1488
159.7,1488
159.7,1489
159.7,1489
159.7,1490
159.8,1489
159.8,1488
159.8,1488
159.8,1487
159.8,1487
159.8,1488
159.8,1489
159.8,1490
159.8,1490
159.8,1489
159.8,1489
159.9,1488
159.9,1489
159.9,1489
159.9,1490
159.9,1489
159.9,1488
159.9,1489
160.0,1490
160.0,1490
160.0,1491
160.0,1490
160.0,1489
160.0,1490
160.0,1491
160.0,1490
160.0,1490
160.0,1491
160.1,1490
160.1,1490
160.1,1491
160.1,1491
160.1,1492
160.1,1491
160.1,1490
160.1,1489
160.1,1490
160.1,1489
160.1,1489
160.1,1489
160.1,1490
160.2,1490
160.2,1491
160.2,1490
160.2,1489
160.2,1490
160.2,1489
160.2,1489
160.2,1490
160.2,1491
160.2,1491
160.2,1492
160.2,1491
160.2,1491
160.3,1490
160.3,1490
160.3,1490
160.3,1489
160.3,1490
160.4,1490
160.4,1490
160.4,1490
160.4,1491
160.4,1491
160.4,1491
160.4,1490
160.4,1490
160.4,1490
160.4,1489
160.4,1490
160.4,1491
160.4,1490
160.5,1489
160.5,1489
160.5,1490
160.5,1490
160.5,1491
160.5,1490
160.5,1491
160.5,1491
160.5,1490
160.5,1491
160.5,1490
160.5,1489
160.6,1489
160.6,1490
160.6,1491
160.6,1492
160.6,1491
160.6,1490
160.6,1490
160.6,1489
160.6,1490
160.6,1491
160.6,1491
160.6,1490
160.6,1491
160.7,1491
160.7,1490
160.7,1490
160.7,1490
160.7,1490
160.7,1490
160.7,1489
160.7,1488
160.7,1489
160.8,1490
160.8,1491
160.8,1492
160.8,1493
160.8,1494
160.8,1495
160.8,1496
160.8,1495
160.8,1495
160.9,1496
160.9,1496
160.9,1495
160.9,1494
160.9,1493
160.9,1493
161.0,1494
161.0,1495
161.0,1495
161.0,1494
161.0,1495
161.0,1494
161.0,1495
161.0,1495
161.1,1495
161.1,1495
161.1,1495
161.1,1494
161.1,1494
161.1,1493
161.1,1493
161.1,1492
161.1,1492
161.1,1492
161.2,1491
161.2,1492
161.2,1491
161.2,1491
161.2,1490
161.2,1490
161.2,1491
161.2,1490
161.2,1491
161.2,1491
161.2,1490
161.2,1489
161.2,1490
161.3,1490
161.3,1490
161.3,1490
161.3,1489
161.3,1490
161.3,1489
161.3,1489
161.3,1489
161.3,1490
161.3,1490
161.3,1490
161.4,1489
161.4,1489
161.4,1488
161.4,1488
161.4,1489
161.4,1489
161.4,1488
161.4,1488
161.4,1487
161.4,1486
161.5,1486
161.5,1486
161.5,1486
161.5,1486
161.5,1487
161.5,1488
161.5,1487
161.5,1487
161.5,1487
161.6,1487
161.6,1487
161.6,1486
161.6,1485
161.6,1486
161.6,1487
161.6,1487
161.6,1487
161.6,1488
161.6,1487
161.7,1488
161.7,1489
161.7,1490
161.7,1489
161.7,1488
161.7,1487
161.7,1487
161.7,1488
161.7,1488
161.7,1488
161.7,1489
161.7,1488
161.7,1489
161.8,1489
161.8,1489
161.8,1488
161.8,1489
161.8,1490
161.8,1491
161.8,1491
161.9,1491
161.9,1492
161.9,1491
161.9,1490
161.9,1490
161.9,1491
161.9,1490
161.9,1491
161.9,1490
161.9,1491
161.9,1491
161.9,1490
162.0,1490
162.0,1489
162.0,1490
162.0,1489
162.0,1490
162.0,1491
162.1,1492
162.1,1493
162.1,1493
162.1,1493
162.1,1492
162.1,1492
162.1,1491
162.2,1492
162.2,1493
162.2,1494
162.2,1493
162.2,1493
162.2,1492
162.2,1491
162.2,1490
162.2,1490
162.2,1489
162.3,1489
162.3,1489
162.3,1488
162.3,1488
162.3,1488
162.3,1488
162.3,1487
162.3,1487
162.3,1487
162.3,1488
162.3,1488
162.3,1487
162.3,1487
162.3,1487
162.4,1486
162.4,1486
162.4,1486
162.4,1487
162.4,1486
162.4,1486
162.4,1486
162.4,1486
162.4,1485
162.4,1486
162.4,1485
162.4,1486
162.4,1486
162.5,1486
162.5,1485
162.5,1486
162.5,1485
162.5,1486
162.5,1486
162.5,1486
162.5,1486
162.5,1486
162.5,1486
162.5,1486
162.5,1486
162.5,1486
162.6,1485
162.6,1485
162.6,1484
162.6,1484
162.6,1483
162.6,1483
162.6,1484
162.6,1483
162.6,1483
162.6,1483
162.6,1482
162.6,1483
162.6,1483
162.6,1484
162.6,1484
162.6,1484
162.6,1483
162.7,1482
162.7,1483
162.7,1482
162.7,1483
162.7,1482
162.7,1481
162.7,1481
162.8,1482
162.8,1481
162.8,1480
162.8,1480
162.8,1480
162.8,1479
162.8,1480
162.8,1481
162.9,1481
162.9,1481
162.9,1480
162.9,1479
162.9,1478
163.0,1478
163.0,1479
163.0,1478
163.0,1478
163.0,1478
163.0,1479
163.0,1480
163.0,1481
163.1,1480
163.1,1479
163.1,1480
163.1,1481
163.1,1482
163.2,1482
163.2,1483
163.2,1483
163.2,1482
163.2,1483
163.2,1483
163.2,1483
163.2,1484
163.2,1483
163.3,1482
163.3,1482
163.3,1482
163.3,1482
163.3,1481
163.3,1481
163.3,1480
163.3,1479
163.3,1479
163.3,1479
163.3,1480
163.3,1481
163.3,1481
163.3,1481
163.3,1482
163.3,1482
163.4,1481
163.4,1481
163.4,1481
163.4,1481
163.4,1480
163.4,1480
163.4,1480
163.4,1481
163.4,1482
163.4,1483
163.4,1484
163.4,1485
163.4,1485
163.4,1485
163.4,1486
163.4,1486
163.4,1487
163.4,1487
163.5,1487
163.5,1487
163.5,1488
163.5,1487
163.5,1488
163.6,1489
163.6,1490
163.6,1490
163.6,1490
163.6,1489
163.6,1488
163.6,1489
163.7,1489
163.7,1489
163.7,1489
163.7,1488
163.7,1487
163.7,1487
163.7,1487
163.7,1487
163.7,1487
163.7,1487
163.7,1488
163.8,1488
163.8,1488
163.8,1488
163.8,1489
163.8,1488
163.8,1489
163.8,1489
163.8,1490
163.8,1489
163.8,1488
163.9,1489
163.9,1489
163.9,1490
163.9,1491
164.0,1490
164.0,1491
164.0,1491
164.0,1491
164.0,1492
164.0,1493
164.0,1492
164.0,1492
164.0,1491
164.0,1492
164.1,1491
164.1,1490
164.1,1489
164.1,1488
164.1,1487
164.1,1487
164.1,1487
164.1,1487
164.1,1487
164.1,1486
164.1,1485
164.1,1484
164.1,1485
164.2,1486
164.2,1486
164.2,1485
164.2,1486
164.2,1487
164.2,1488
164.2,1489
164.2,1489
164.2,1490
164.3,1491
164.3,1492
164.3,1493
164.3,1494
164.4,1495
164.4,1495
164.4,1496
164.4,1495
164.4,1494
164.4,1495
164.4,1495
164.5,1495
164.5,1494
164.5,1494
164.5,1494
164.5,1494
164.5,1495
164.5,1495
164.5,1495
164.6,1495
164.6,1494
164.6,1493
164.6,1492
164.6,1492
164.6,1493
164.6,1492
164.6,1493
164.6,1492
164.6,1492
164.6,1491
164.7,1492
164.7,1491
164.7,1492
164.7,1492
164.7,1491
164.7,1492
164.7,1493
164.7,1492
164.7,1492
164.7,1493
164.7,1493
164.8,1493
164.8,1494
164.8,1495
164.8,1495
164.8,1494
164.8,1495
164.8,1495
164.8,1495
164.8,1496
164.8,1495
164.8,1495
164.8,1495
164.8,1494
164.8,1494
164.9,1493
164.9,1493
164.9,1492
164.9,1492
164.9,1492
164.9,1491
164.9,1491
165.0,1491
165.0,1492
165.0,1491
165.0,1490
165.0,1490
165.0,1489
165.0,1488
165.0,1488
165.0,1488
165.0,1489
165.0,1488
165.0,1489
165.0,1489
165.0,1489
165.1,1490
165.1,1490
165.1,1491
165.1,1490
165.1,1491
165.1,1492
165.1,1493
165.1,1493
165.1,1494
165.1,1495
165.2,1496
165.2,1495
165.2,1495
165.3,1494
165.3,1493
165.3,1494
165.3,1493
165.3,1492
165.3,1491
165.3,1490
165.3,1490
165.3,1490
165.3,1491
165.3,1490
165.3,1490
165.4,1489
165.4,1490
165.4,1491
165.4,1492
165.4,1492
165.4,1491
165.4,1492
165.4,1492
165.4,1493
165.4,1493
165.4,1492
165.4,1493
165.4,1494
165.5,1495
165.5,1495
165.5,1496
165.5,1496
165.5,1496
165.5,1497
165.5,1497
165.5,1497
165.5,1498
165.5,1499
165.5,1498
165.5,1498
165.5,1499
165.5,1499
165.5,1499
165.5,1499
165.5,1500
165.5,1501
165.6,1501
165.6,1501
165.6,1501
165.6,1502
165.6,1503
165.6,1502
165.6,1502
165.6,1503
165.6,1502
165.6,1502
165.6,1503
165.6,1502
165.6,1503
165.7,1504
165.7,1504
165.7,1505
165.7,1505
165.7,1505
165.7,1506
165.7,1506
165.7,1505
165.7,1506
165.8,1507
165.8,1507
165.8,1506
165.8,1506
165.8,1506
165.9,1506
165.9,1505
165.9,1504
165.9,1503
165.9,1503
165.9,1502
165.9,1502
166.0,1502
166.0,1502
166.0,1501
166.0,1500
166.0,1501
166.0,1502
166.0,1502
166.0,1503
166.0,1502
166.0,1501
166.1,1500
166.1,1500
166.1,1500
166.1,1501
166.1,1501
166.1,1501
166.1,1501
166.1,1501
166.1,1501
166.1,1502
166.1,1503
166.2,1503
166.2,1502
166.2,1503
166.2,1503
166.2,1503
166.2,1503
166.3,1503
166.3,1504
166.3,1503
166.3,1504
166.3,1503
166.3,1503
166.3,1503
166.3,1503
166.3,1502
166.3,1501
166.3,1501
166.3,1501
166.3,1502
166.3,1502
166.3,1501
166.3,1501
166.4,1502
166.4,1503
166.4,1502
166.4,1503
166.4,1503
166.4,1504
166.4,1505
166.4,1506
166.4,1507
166.4,1508
166.4,1509
166.4,1509
166.4,1509
166.5,1509
166.5,1509
166.5,1510
166.5,1509
166.5,1510
166.5,1511
166.5,1511
166.5,1511
166.5,1511
166.5,1511
166.5,1511
166.5,1512
166.5,1512
166.6,1511
166.6,1511
166.6,1511
166.6,1511
166.6,1510
166.6,1510
166.6,1510
166.6,1511
166.6,1510
166.6,1509
166.6,1510
166.6,1509
166.6,1509
166.6,1510
166.7,1511
166.7,1511
166.7,1512
166.7,1513
166.7,1513
166.7,1514
166.7,1513
166.7,1512
166.7,1512
166.7,1511
166.7,1511
166.7,1511
166.7,1510
166.7,1510
166.7,1510
166.8,1509
166.8,1509
166.8,1508
166.8,1507
166.8,1507
166.8,1506
166.8,1505
166.8,1506
166.8,1506
166.8,1507
166.8,1507
166.8,1506
166.8,1506
166.9,1506
166.9,1507
166.9,1506
166.9,1505
166.9,1504
166.9,1504
166.9,1504
166.9,1505
166.9,1505
166.9,1506
167.0,1506
167.0,1506
167.0,1505
167.0,1504
167.0,1505
167.0,1505
167.0,1504
167.0,1504
167.0,1503
167.0,1504
167.0,1504
167.0,1503
167.1,1503
167.1,1503
167.1,1502
167.1,1502
167.1,1501
167.1,1502
167.1,1502
167.1,1503
167.1,1503
167.1,1504
167.2,1503
167.2,1504
167.2,1503
167.2,1502
167.2,1503
167.2,1502
167.2,1502
167.2,1501
167.2,1502
167.2,1501
167.3,1502
167.3,1503
167.3,1502
167.3,1503
167.3,1504
167.3,1505
167.3,1504
167.3,1503
167.3,1503
167.3,1504
167.4,1503
167.4,1504
167.4,1504
167.4,1503
167.4,1503
167.4,1502
167.4,1503
167.4,1502
167.4,1501
167.4,1501
167.4,1500
167.4,1501
167.5,1500
167.5,1500
167.5,1499
167.5,1498
167.5,1498
167.5,1498
167.5,1497
167.5,1497
167.5,1498
167.5,1498
167.5,1499
167.6,1500
167.6,1501
167.7,1501
167.7,1500
167.7,1501
167.7,1502
167.7,1501
167.7,1501
167.7,1500
167.7,1501
167.7,1501
167.7,1500
167.7,1500
167.7,1501
167.8,1501
167.8,1501
167.8,1501
167.8,1501
167.8,1501
167.8,1501
167.8,1501
167.8,1500
167.8,1500
167.8,1500
167.9,1501
167.9,1502
167.9,1501
167.9,1502
167.9,1503
167.9,1504
167.9,1505
167.9,1504
167.9,1503
167.9,1504
167.9,1503
167.9,1504
167.9,1505
168.0,1504
168.0,1505
168.0,1505
168.0,1504
168.0,1504
168.0,1503
168.0,1502
168.0,1502
168.1,1503
168.1,1502
168.1,1501
168.1,1500
168.1,1499
168.1,1499
168.1,1500
168.1,1500
168.1,1499
168.1,1499
168.1,1500
168.1,1499
168.1,1498
168.1,1498
168.1,1497
168.1,1498
168.2,1498
168.2,1498
168.2,1498
168.2,1499
168.2,1498
168.2,1499
168.2,1499
168.2,1498
168.2,1497
168.2,1498
168.2,1497
168.3,1498
168.3,1498
168.3,1497
168.3,1497
168.3,1496
168.3,1497
168.3,1496
168.4,1496
168.4,1496
168.4,1497
168.4,1497
168.4,1496
168.4,1497
168.4,1498
168.5,1498
168.5,1497
168.5,1497
168.5,1496
168.5,1497
168.5,1497
168.5,1497
168.5,1496
168.5,1496
168.6,1497
168.6,1496
168.6,1495
168.6,1494
168.6,1493
168.6,1494
168.6,1494
168.6,1494
168.6,1493
168.7,1493
168.7,1492
168.7,1493
168.7,1493
168.7,1492
168.7,1491
168.8,1490
168.8,1489
168.8,1488
168.8,1489
168.8,1488
168.8,1487
168.8,1486
168.8,1487
168.8,1486
168.8,1485
168.8,1484
168.8,1485
168.9,1485
168.9,1485
168.9,1485
168.9,1484
168.9,1483
168.9,1483
168.9,1484
168.9,1484
169.0,1483
169.0,1482
169.0,1481
169.0,1480
169.0,1479
169.0,1479
169.0,1478
169.0,1479
169.0,1478
169.0,1478
169.0,1478
169.0,1478
169.0,1477
169.0,1477
169.0,1478
169.1,1477
169.1,1477
169.1,1477
169.1,1477
169.1,1478
169.1,1477
169.2,1478
169.2,1478
169.2,1477
169.2,1477
169.2,1476
169.2,1477
169.2,1478
169.2,1479
169.2,1479
169.2,1480
169.2,1479
169.2,1479
169.3,1479
169.3,1479
169.3,1479
169.3,1480
169.3,1481
169.3,1480
169.3,1481
169.3,1481
169.3,1481
169.3,1482
169.4,1481
169.4,1481
169.4,1480
169.4,1480
169.4,1480
169.4,1479
169.4,1478
169.4,1479
169.5,1478
169.5,1477
169.5,1477
169.5,1478
169.5,1478
169.5,1478
169.5,1477
169.5,1476
169.5,1476
169.6,1476
169.6,1476
169.6,1477
169.6,1477
169.6,1478
169.6,1478
169.6,1478
169.6,1478
169.6,1479
169.7,1478
169.7,1477
169.7,1476
169.7,1475
169.7,1475
169.7,1475
169.7,1475
169.7,1474
169.8,1474
169.8,1473
169.8,1473
169.8,1473
169.8,1473
169.8,1473
169.9,1472
169.9,1472
169.9,1472
169.9,1472
169.9,1472
169.9,1473
169.9,1472
169.9,1471
169.9,1472
169.9,1471
169.9,1472
169.9,1472
169.9,1471
169.9,1470
169.9,1470
170.0,1469
170.0,1468
170.0,1467
170.0,1466
170.0,1466
170.0,1467
170.0,1467
170.0,1467
170.0,1468
170.0,1468
170.0,1469
170.0,1470
170.1,1471
170.1,1472
170.1,1472
170.2,1471
170.2,1470
170.2,1471
170.2,1472
170.2,1473
170.2,1472
170.2,1471
170.2,1470
170.2,1470
170.2,1469
170.2,1469
170.2,1470
170.2,1469
170.2,1468
170.3,1469
170.3,1470
170.3,1470
170.3,1470
170.3,1469
170.3,1469
170.3,1470
170.3,1470
170.3,1469
170.3,1468
170.4,1468
170.4,1469
170.4,1468
170.4,1469
170.4,1469
170.4,1469
170.4,1470
170.4,1469
170.4,1468
170.4,1468
170.4,1468
170.4,1468
170.4,1467
170.4,1467
170.4,1466
170.5,1466
170.5,1467
170.5,1466
170.5,1466
170.5,1466
170.5,1467
170.5,1467
170.5,1467
170.5,1468
170.5,1467
170.5,1468
170.5,1467
170.5,1468
170.5,1469
170.5,1470
170.6,1471
170.6,1471
170.6,1470
170.6,1470
170.6,1469
170.6,1468
170.6,1469
170.6,1470
170.6,1469
170.6,1469
170.6,1470
170.6,1469
170.6,1468
170.6,1467
170.7,1468
170.7,1469
170.7,1469
170.7,1469
170.7,1468
170.7,1468
170.7,1468
170.7,1468
170.7,1469
170.7,1469
170.7,1470
170.7,1471
170.7,1471
170.8,1470
170.8,1471
170.8,1472
170.8,1473
170.8,1473
170.8,1472
170.8,1472
170.8,1471
170.8,1472
170.8,1473
170.8,1472
170.8,1471
170.8,1471
170.9,1470
170.9,1470
170.9,1470
170.9,1469
170.9,1468
170.9,1469
170.9,1470
170.9,1470
170.9,1470
170.9,1470
171.0,1470
171.0,1471
171.0,1471
171.0,1472
171.0,1473
171.0,1472
171.0,1472
171.1,1472
171.1,1473
171.1,1474
171.1,1475
171.1,1475
171.1,1476
171.1,1475
171.1,1475
171.1,1474
171.1,1475
171.2,1476
171.2,1477
171.2,1478
171.2,1478
171.2,1478
171.2,1478
171.2,1479
171.3,1478
171.3,1478
171.3,1479
171.3,1480
171.3,1479
171.3,1480
171.3,1480
171.4,1479
171.4,1479
171.4,1480
171.4,1479
171.4,1479
171.4,1479
171.4,1479
171.4,1479
171.5,1479
171.5,1479
171.5,1480
171.5,1480
171.5,1481
171.5,1481
171.5,1482
171.5,1483
171.5,1483
171.5,1483
171.5,1483
171.5,1482
171.5,1481
171.5,1482
171.6,1481
171.6,1480
171.6,1479
171.6,1479
171.6,1479
171.6,1479
171.6,1479
171.6,1479
171.6,1479
171.6,1480
171.6,1479
171.7,1479
171.7,1480
171.7,1479
171.7,1479
171.7,1479
171.7,1479
171.7,1479
171.7,1478
171.7,1477
171.8,1478
171.8,1478
171.8,1478
171.8,1478
171.8,1477
171.8,1477
171.8,1476
171.8,1477
171.8,1476
171.8,1475
171.8,1474
171.8,1475
171.9,1474
171.9,1473
171.9,1473
171.9,1474
171.9,1473
171.9,1474
171.9,1473
171.9,1473
171.9,1473
171.9,1474
172.0,1473
172.0,1472
172.0,1471
172.0,1470
172.0,1470
172.0,1471
172.0,1472
172.0,1471
172.0,1472
172.0,1472
172.0,1471
172.0,1471
172.0,1470
172.1,1470
172.1,1471
172.1,1472
172.1,1472
172.1,1473
172.1,1474
172.1,1474
172.1,1473
172.1,1473
172.1,1474
172.2,1475
172.2,1474
172.2,1474
172.2,1475
172.2,1474
172.2,1473
172.2,1473
172.2,1472
172.2,1471
172.2,1470
172.2,1471
172.2,1472
172.2,1471
172.2,1470
172.2,1470
172.2,1470
172.2,1469
172.3,1470
172.3,1470
172.3,1469
172.3,1469
172.3,1469
172.3,1469
172.3,1470
172.3,1470
172.4,1470
172.4,1471
172.4,1470
172.4,1470
172.4,1469
172.4,1468
172.4,1467
172.4,1468
172.4,1469
172.4,1469
172.4,1469
172.4,1470
172.4,1471
172.4,1471
172.5,1470
172.5,1470
172.5,1470
172.5,1469
172.5,1469
172.5,1468
172.5,1467
172.5,1467
172.5,1467
172.5,1467
172.5,1467
172.6,1468
172.6,1469
172.6,1470
172.6,1471
172.6,1471
172.6,1471
172.6,1470
172.6,1471
172.6,1471
172.6,1472
172.7,1472
172.7,1473
172.7,1474
172.7,1474
172.7,1473
172.7,1474
172.7,1474
172.7,1473
172.7,1474
172.7,1473
172.7,1472
172.8,1472
172.8,1472
172.8,1473
172.8,1472
172.8,1472
172.8,1472
172.8,1473
172.8,1474
172.8,1474
172.8,1474
172.9,1473
172.9,1472
172.9,1473
172.9,1472
172.9,1471
172.9,1471
172.9,1471
172.9,1471
172.9,1470
172.9,1471
172.9,1471
173.0,1472
173.0,1472
173.0,1473
173.0,1474
173.0,1474
173.0,1475
173.0,1475
173.0,1474
173.0,1473
173.0,1473
173.0,1474
173.0,1473
173.0,1474
173.0,1473
173.1,1473
173.1,1474
173.1,1475
173.1,1474
173.1,1474
173.1,1475
173.1,1474
173.1,1473
173.1,1472
173.1,1472
173.1,1472
173.1,1471
173.2,1471
173.2,1471
173.2,1470
173.2,1470
173.2,1471
173.2,1472
173.2,1473
173.2,1472
173.2,1473
173.2,1473
173.3,1473
173.3,1474
173.3,1474
173.3,1473
173.3,1474
173.3,1475
173.3,1474
173.3,1475
173.3,1474
173.3,1474
173.3,1475
173.4,1474
173.4,1475
173.4,1476
173.4,1476
173.4,1477
173.4,1477
173.4,1478
173.4,1477
173.4,1478
173.4,1478
173.4,1479
173.4,1478
173.4,1478
173.4,1479
173.4,1478
173.4,1479
173.5,1480
173.5,1479
173.5,1478
173.5,1478
173.5,1479
173.5,1480
173.5,1479
173.5,1479
173.5,1479
173.5,1480
173.5,1481
173.5,1481
173.5,1480
173.5,1481
173.5,1482
173.5,1482
173.6,1482
173.6,1483
173.6,1483
173.6,1484
173.6,1483
173.6,1484
173.6,1483
173.6,1484
173.7,1484
173.7,1485
173.7,1486
173.7,1487
173.7,1486
173.7,1486
173.7,1487
173.7,1486
173.7,1487
173.7,1487
173.7,1488
173.7,1488
173.7,1489
173.7,1490
173.7,1491
173.7,1490
173.7,1490
173.8,1489
173.8,1488
173.8,1487
173.8,1488
173.8,1487
173.8,1486
173.8,1486
173.8,1487
173.9,1487
173.9,1488
173.9,1487
173.9,1488
173.9,1488
173.9,1488
173.9,1488
173.9,1488
174.0,1487
174.0,1486
174.0,1485
174.0,1485
174.0,1486
174.0,1487
174.0,1487
174.1,1488
174.1,1489
174.1,1489
174.1,1488
174.1,1488
174.1,1487
174.1,1487
174.1,1486
174.1,1487
174.1,1486
174.1,1487
174.2,1488
174.2,1489
174.2,1490
174.2,1489
174.2,1488
174.3,1488
174.3,1488
174.3,1489
174.3,1488
174.3,1487
174.3,1487
174.4,1486
174.4,1487
174.4,1486
174.4,1485
174.4,1486
174.4,1487
174.4,1486
174.5,1485
174.5,1484
174.5,1483
174.5,1483
174.5,1483
174.5,1484
174.5,1483
174.5,1483
174.5,1484
174.5,1485
174.6,1484
174.6,1484
174.6,1483
174.6,1483
174.6,1483
174.6,1483
174.6,1482
174.6,1482
174.6,1482
174.6,1482
174.7,1481
174.7,1481
174.7,1481
174.7,1481
174.7,1480
174.7,1481
174.7,1482
174.7,1482
174.7,1483
174.7,1483
174.7,1482
174.7,1481
174.7,1480
174.8,1481
174.8,1482
174.8,1483
174.8,1482
174.8,1481
174.8,1482
174.8,1482
174.8,1483
174.8,1484
174.8,1485
174.8,1486
174.8,1485
174.8,1484
174.8,1484
174.8,1483
174.9,1484
174.9,1484
174.9,1484
174.9,1484
174.9,1483
174.9,1483
174.9,1483
174.9,1482
174.9,1481
174.9,1482
174.9,1483
174.9,1483
174.9,1483
174.9,1482
175.0,1482
175.0,1483
175.0,1484
175.0,1485
175.0,1484
175.0,1484
175.1,1485
175.1,1484
175.1,1485
175.1,1484
175.1,1483
175.1,1483
175.1,1482
175.1,1483
175.1,1482
175.2,1482
175.2,1482
175.2,1482
175.2,1483
175.2,1484
175.2,1484
175.2,1483
175.2,1483
175.2,1484
175.2,1483
175.2,1482
175.2,1481
175.2,1480
175.2,1480
175.3,1480
175.3,1481
175.3,1482
175.3,1482
175.3,1483
175.3,1484
175.3,1483
175.3,1483
175.3,1482
175.3,1483
175.3,1484
175.3,1483
175.4,1482
175.4,1482
175.4,1481
175.4,1481
175.4,1480
175.4,1481
175.4,1481
175.4,1482
175.4,1481
175.4,1480
175.5,1480
175.5,1479
175.5,1479
175.5,1479
175.5,1479
175.5,1480
175.5,1479
175.5,1479
175.6,1480
175.6,1481
175.6,1482
175.6,1483
175.6,1482
175.6,1482
175.7,1483
175.7,1484
175.7,1484
175.7,1483
175.7,1483
175.7,1484
175.8,1484
175.8,1484
175.8,1484
175.8,1484
175.8,1484
175.8,1484
175.8,1485
175.9,1485
175.9,1485
175.9,1486
175.9,1487
175.9,1487
175.9,1488
175.9,1488
175.9,1489
175.9,1490
175.9,1489
175.9,1490
175.9,1489
176.0,1489
176.0,1490
176.0,1490
176.0,1490
176.0,1490
176.0,1490
176.0,1491
176.0,1490
176.0,1489
176.0,1490
176.0,1491
176.0,1490
176.0,1489
176.1,1489
176.1,1488
176.1,1489
176.1,1489
176.1,1490
176.1,1491
176.1,1492
176.1,1492
176.2,1491
176.2,1491
176.2,1492
176.2,1493
176.2,1494
176.2,1494
176.2,1494
176.3,1494
176.3,1493
176.3,1492
176.3,1492
176.3,1491
176.3,1492
176.3,1492
176.3,1493
176.3,1492
176.3,1491
176.3,1491
176.4,1492
176.4,1491
176.4,1492
176.4,1491
176.4,1492
176.4,1492
176.4,1492
176.4,1492
176.4,1493
176.5,1494
176.5,1493
176.5,1492
176.5,1491
176.5,1492
176.5,1493
176.5,1493
176.5,1493
176.6,1493
176.6,1493
176.6,1492
176.6,1493
176.6,1492
176.6,1492
176.6,1492
176.7,1492
176.7,1492
176.7,1493
176.7,1493
176.7,1494
176.7,1495
176.7,1496
176.7,1496
176.7,1495
176.7,1494
176.7,1494
176.8,1493
176.8,1492
176.8,1492
176.8,1492
176.8,1492
176.8,1491
176.8,1491
176.9,1492
176.9,1493
177.0,1493
177.0,1493
177.0,1493
177.0,1493
177.0,1494
177.0,1494
177.0,1495
177.0,1495
177.0,1494
177.0,1494
177.0,1493
177.0,1492
177.0,1493
177.1,1494
177.1,1494
177.1,1495
177.1,1494
177.1,1493
177.1,1494
177.1,1494
177.1,1493
177.1,1493
177.1,1492
177.2,1492
177.2,1491
177.2,1491
177.2,1490
177.2,1491
177.2,1491
177.2,1492
177.2,1492
177.2,1492
177.2,1493
177.2,1492
177.2,1492
177.3,1491
177.3,1491
177.3,1492
177.3,1493
177.3,1492
177.3,1493
177.4,1492
177.4,1492
177.4,1491
177.4,1490
177.4,1489
177.4,1490
177.4,1491
177.4,1492
177.4,1493
177.4,1494
177.4,1495
177.4,1496
177.4,1495
177.5,1494
177.5,1494
177.5,1495
177.5,1494
177.5,1494
177.5,1494
177.5,1495
177.5,1496
177.5,1495
177.5,1494
177.5,1495
177.5,1496
177.5,1495
177.5,1494
177.5,1493
177.5,1494
177.5,1495
177.6,1495
177.6,1496
177.6,1497
177.6,1497
177.6,1498
177.6,1498
177.7,1497
177.7,1497
177.7,1497
177.7,1498
177.7,1498
177.7,1498
177.7,1498
177.7,1498
177.7,1499
177.7,1499
177.7,1499
177.7,1500
177.7,1499
177.8,1500
177.8,1501
177.8,1500
177.8,1499
177.8,1500
177.8,1499
177.8,1500
177.8,1499
177.8,1499
177.8,1499
177.8,1500
177.8,1499
177.8,1499
177.8,1500
177.9,1499
177.9,1499
177.9,1498
177.9,1498
177.9,1499
177.9,1500
177.9,1501
177.9,1501
177.9,1501
177.9,1500
178.0,1499
178.0,1500
178.0,1499
178.0,1500
178.0,1499
178.0,1498
178.0,1498
178.0,1497
178.0,1497
178.1,1496
178.1,1496
178.1,1495
178.1,1495
178.1,1494
178.1,1495
178.1,1494
178.1,1495
178.1,1494
178.1,1493
178.1,1494
178.1,1495
178.1,1495
178.1,1496
178.1,1495
178.1,1494
178.2,1494
178.2,1495
178.2,1495
178.2,1495
178.2,1496
178.2,1495
178.2,1494
178.2,1494
178.3,1494
178.3,1493
178.3,1493
178.3,1494
178.3,1493
178.3,1494
178.3,1494
178.3,1493
178.3,1492
178.3,1492
178.3,1493
178.4,1493
178.4,1493
178.4,1494
178.4,1493
178.4,1494
178.4,1493
178.4,1493
178.4,1493
178.4,1492
178.5,1492
178.5,1492
178.5,1491
178.5,1491
178.5,1492
178.5,1492
178.5,1492
178.5,1492
178.5,1491
178.5,1490
178.6,1491
178.6,1491
178.6,1492
178.6,1491
178.6,1492
178.6,1492
178.6,1492
178.6,1491
178.6,1490
178.6,1490
178.6,1490
178.6,1491
178.6,1490
178.7,1490
178.7,1489
178.7,1488
178.7,1488
178.7,1487
178.7,1486
178.7,1485
178.8,1486
178.8,1487
178.8,1488
178.8,1487
178.8,1488
178.8,1489
178.8,1490
178.8,1490
178.8,1490
178.8,1489
178.8,1490
178.9,1490
178.9,1490
178.9,1491
178.9,1491
179.0,1490
179.0,1491
179.0,1491
179.0,1490
179.0,1489
179.0,1490
179.0,1490
179.0,1489
179.1,1488
179.1,1488
179.1,1488
179.1,1487
179.1,1486
179.1,1485
179.1,1486
179.1,1486
179.1,1487
179.1,1488
179.1,1487
179.1,1486
179.1,1485
179.2,1485
179.2,1486
179.2,1486
179.2,1485
179.2,1484
179.2,1483
179.2,1483
179.2,1483
179.2,1483
179.3,1482
179.3,1482
179.3,1482
179.3,1482
179.4,1483
179.4,1483
179.4,1483
179.4,1483
179.4,1483
179.4,1484
179.4,1484
179.4,1484
179.4,1484
179.4,1484
179.4,1483
179.5,1483
179.5,1482
179.5,1482
179.5,1483
179.5,1483
179.5,1483
179.5,1482
179.5,1483
179.5,1482
179.5,1481
179.5,1481
179.5,1482
179.5,1482
179.5,1481
179.6,1482
179.6,1482
179.6,1482
179.6,1482
179.6,1481
179.6,1481
179.6,1481
179.6,1482
179.6,1481
179.6,1480
179.6,1480
179.6,1480
179.6,1481
179.6,1480
179.6,1479
179.6,1480
179.7,1479
179.7,1478
179.7,1478
179.7,1477
179.7,1477
179.7,1478
179.7,1477
179.7,1477
179.8,1478
179.8,1479
179.8,1480
179.8,1479
179.8,1479
179.8,1479
179.8,1479
179.8,1479
179.9,1479
179.9,1479
179.9,1479
179.9,1478
179.9,1478
179.9,1477
179.9,1477
180.0,1476
180.0,1476
180.0,1475
180.0,1476
180.0,1476
180.1,1476
180.1,1477
180.1,1476
180.1,1477
180.1,1478
180.1,1477
180.1,1476
180.1,1476
180.1,1476
180.2,1477
180.2,1477
180.2,1477
180.2,1477
180.2,1476
180.2,1475
180.3,1476
180.3,1477
180.3,1478
180.3,1479
180.3,1478
180.3,1479
180.3,1478
180.3,1478
180.3,1477
180.4,1477
180.4,1478
180.4,1479
180.4,1478
180.4,1479
180.5,1480
180.5,1481
180.5,1480
180.5,1479
180.5,1479
180.5,1479
180.5,1479
180.5,1478
180.5,1478
180.6,1479
180.6,1478
180.6,1479
180.6,1478
180.6,1478
180.6,1478
180.6,1478
180.6,1479
180.7,1478
180.7,1478
180.7,1477
180.7,1476
180.7,1477
180.7,1477
180.7,1478
180.7,1478
180.7,1478
180.7,1477
180.7,1476
180.7,1475
180.7,1474
180.8,1475
180.8,1474
180.8,1473
180.8,1472
180.8,1472
180.8,1472
180.8,1471
180.8,1471
180.9,1470
180.9,1471
180.9,1472
180.9,1472
180.9,1473
180.9,1474
180.9,1475
180.9,1476
180.9,1477
180.9,1476
180.9,1476
181.0,1477
181.0,1477
181.0,1478
181.0,1477
181.0,1476
181.0,1476
181.0,1475
181.0,1476
181.0,1476
181.0,1477
181.1,1476
181.1,1477
181.1,1477
181.1,1477
181.1,1477
181.1,1477
181.1,1477
181.1,1477
181.1,1476
181.1,1477
181.1,1478
181.2,1477
181.2,1477
181.2,1477
181.2,1476
181.2,1475
181.2,1476
181.2,1477
181.2,1476
181.2,1476
181.2,1477
181.2,1477
181.2,1477
181.3,1476
181.3,1475
181.3,1474
181.3,1474
181.3,1475
181.3,1474
181.3,1473
181.3,1473
181.3,1472
181.3,1471
181.3,1472
181.4,1471
181.4,1471
181.4,1471
181.4,1472
181.4,1471
181.4,1472
181.4,1472
181.4,1471
181.4,1470
181.5,1469
181.5,1469
181.5,1468
181.5,1467
181.5,1466
181.5,1467
181.5,1468
181.5,1468
181.5,1468
181.5,1468
181.5,1468
181.5,1468
181.6,1469
181.6,1470
181.6,1470
181.6,1470
181.6,1470
181.6,1469
181.6,1469
181.6,1469
181.7,1469
181.7,1470
181.7,1470
181.7,1469
181.7,1469
181.8,1469
181.8,1468
181.8,1469
181.8,1470
181.8,1471
181.8,1472
181.8,1473
181.8,1472
181.8,1471
181.8,1472
181.8,1472
181.8,1473
181.8,1472
181.9,1471
181.9,1472
181.9,1472
181.9,1473
181.9,1474
182.0,1475
182.0,1474
182.0,1475
182.0,1476
182.0,1477
182.0,1477
182.0,1477
182.0,1478
182.0,1479
182.0,1480
182.0,1480
182.0,1479
182.0,1479
182.1,1479
182.1,1478
182.1,1478
182.1,1478
182.1,1478
182.1,1477
182.1,1478
182.1,1477
182.2,1477
182.2,1476
182.2,1476
182.2,1475
182.2,1475
182.2,1476
182.2,1475
182.2,1474
182.2,1474
182.3,1474
182.3,1474
182.3,1475
182.3,1475
182.3,1475
182.3,1476
182.3,1476
182.3,1477
182.3,1477
182.3,1478
182.4,1478
182.4,1479
182.4,1478
182.4,1477
182.4,1477
182.4,1477
182.4,1477
182.4,1476
182.4,1477
182.4,1476
182.4,1476
182.4,1475
182.4,1475
182.4,1475
182.4,1474
182.5,1474
182.5,1475
182.5,1475
182.5,1474
182.5,1474
182.5,1473
182.5,1473
182.5,1472
182.5,1473
182.5,1472
182.6,1472
182.6,1471
182.6,1470
182.6,1469
182.6,1469
182.6,1470
182.6,1471
182.6,1471
182.6,1470
182.7,1470
182.7,1471
182.7,1472
182.7,1471
182.7,1470
182.7,1469
182.7,1468
182.7,1467
182.7,1467
182.7,1468
182.7,1469
182.7,1470
182.7,1470
182.8,1469
182.8,1468
182.8,1469
182.8,1469
182.8,1468
182.8,1467
182.8,1468
182.8,1469
182.8,1468
182.8,1467
182.8,1467
182.9,1466
182.9,1465
182.9,1465
182.9,1464
182.9,1463
182.9,1463
183.0,1464
183.0,1463
183.0,1462
183.0,1462
183.0,1462
183.0,1463
183.0,1464
183.0,1464
183.0,1463
183.0,1464
183.1,1465
183.1,1465
183.1,1464
183.1,1463
183.1,1462
183.1,1463
183.1,1463
183.1,1462
183.1,1461
183.2,1461
183.2,1462
183.2,1462
183.2,1461
183.2,1460
183.2,1461
183.2,1460
183.2,1461
183.2,1460
183.2,1461
183.2,1461
183.2,1461
183.3,1462
183.3,1462
183.3,1462
183.3,1462
183.3,1462
183.3,1463
183.3,1462
183.3,1461
183.4,1460
183.4,1460
183.4,1460
183.4,1461
183.4,1460
183.4,1460
183.4,1460
183.4,1461
183.4,1461
183.4,1461
183.5,1462
183.5,1462
183.5,1462
183.5,1461
183.5,1460
183.5,1460
183.5,1461
183.5,1462
183.5,1463
183.5,1463
183.6,1464
183.6,1465
183.6,1466
183.6,1466
183.6,1465
183.6,1466
183.6,1466
183.6,1465
183.6,1466
183.6,1465
183.6,1466
183.6,1465
183.6,1465
183.6,1466
183.7,1465
183.7,1465
183.7,1465
183.7,1466
183.7,1465
183.7,1464
183.7,1464
183.7,1465
183.8,1465
183.8,1464
183.8,1463
183.8,1464
183.8,1465
183.8,1464
183.8,1463
183.8,1462
183.8,1461
183.8,1462
183.9,1462
183.9,1461
183.9,1461
183.9,1462
183.9,1463
183.9,1463
183.9,1463
183.9,1463
183.9,1464
183.9,1465
183.9,1464
183.9,1464
183.9,1463
183.9,1462
183.9,1463
183.9,1464
183.9,1465
183.9,1466
183.9,1466
184.0,1467
184.0,1468
184.0,1467
184.0,1468
184.0,1469
184.0,1468
184.0,1467
184.0,1468
184.0,1469
184.1,1469
184.1,1468
184.1,1469
184.2,1469
184.2,1468
184.2,1469
184.2,1470
184.2,1469
184.2,1470
184.2,1469
184.2,1470
184.2,1469
184.2,1469
184.2,1469
184.3,1468
184.3,1469
184.3,1468
184.3,1468
184.3,1469
184.3,1470
184.3,1470
184.3,1471
184.3,1472
184.3,1473
184.4,1472
184.4,1471
184.4,1472
184.4,1473
184.4,1472
184.4,1473
184.4,1474
184.4,1474
184.4,1474
184.4,1475
184.4,1476
184.4,1476
184.4,1476
184.4,1476
184.4,1477
184.4,1477
184.4,1478
184.4,1479
184.5,1478
184.5,1477
184.5,1476
184.5,1475
184.5,1474
184.5,1473
184.5,1472
184.5,1473
184.6,1472
184.6,1473
184.6,1472
184.6,1471
184.6,1472
184.6,1473
184.7,1473
184.7,1472
184.7,1471
184.7,1471
184.7,1471
184.7,1471
184.7,1471
184.7,1470
184.7,1470
184.7,1469
184.8,1468
184.8,1467
184.8,1468
184.8,1467
184.8,1466
184.8,1465
184.8,1466
184.8,1465
184.8,1465
184.9,1466
184.9,1467
184.9,1467
184.9,1468
184.9,1468
184.9,1468
184.9,1469
184.9,1468
185.0,1469
185.0,1470
185.0,1470
185.0,1470
185.0,1469
185.0,1470
185.0,1471
185.0,1471
185.0,1471
185.1,1472
185.1,1473
185.1,1474
185.1,1474
185.1,1473
185.1,1473
185.1,1474
185.1,1475
185.2,1474
185.2,1473
185.2,1474
185.2,1473
185.2,1472
185.2,1472
185.2,1472
185.2,1472
185.2,1473
185.3,1474
185.3,1474
185.3,1473
185.3,1473
185.3,1473
185.3,1472
185.3,1472
185.3,1471
185.3,1471
185.3,1472
185.3,1472
185.3,1471
185.3,1470
185.4,1470
185.4,1470
185.4,1471
185.4,1470
185.4,1469
185.4,1469
185.5,1470
185.5,1470
185.5,1469
185.5,1468
185.5,1469
185.5,1469
185.5,1468
185.5,1467
185.5,1467
185.5,1468
185.5,1467
185.5,1466
185.6,1465
185.6,1466
185.6,1467
185.6,1466
185.6,1467
185.6,1466
185.6,1465
185.6,1465
185.7,1465
185.7,1466
185.7,1465
185.7,1465
185.7,1464
185.7,1463
185.7,1463
185.7,1463
185.7,1464
185.8,1465
185.8,1466
185.8,1465
185.8,1464
185.8,1463
185.8,1463
185.8,1464
185.8,1463
185.8,1463
185.8,1463
185.8,1464
185.8,1463
185.8,1462
185.8,1463
185.9,1462
185.9,1461
185.9,1461
185.9,1462
185.9,1462
185.9,1461
185.9,1461
185.9,1460
185.9,1459
186.0,1460
186.0,1460
186.0,1460
186.0,1459
186.0,1459
186.1,1459
186.1,1460
186.1,1461
186.1,1460
186.1,1461
186.1,1462
186.1,1461
186.1,1462
186.1,1463
186.2,1462
186.2,1462
186.2,1461
186.2,1462
186.2,1462
186.2,1462
186.2,1462
186.3,1462
186.3,1461
186.3,1462
186.3,1462
186.3,1461
186.3,1462
186.3,1461
186.3,1462
186.3,1463
186.3,1464
186.3,1465
186.3,1465
186.3,1466
186.3,1465
186.3,1464
186.3,1464
186.3,1465
186.4,1465
186.4,1465
186.4,1466
186.4,1467
186.4,1467
186.4,1468
186.4,1469
186.4,1468
186.4,1469
186.4,1469
186.4,1468
186.5,1467
186.5,1467
186.5,1466
186.5,1466
186.5,1465
186.5,1464
186.5,1464
186.5,1465
186.5,1466
186.5,1465
186.5,1465
186.5,1464
186.5,1464
186.6,1465
186.6,1465
186.6,1465
186.6,1464
186.6,1463
186.6,1463
186.6,1464
186.6,1463
186.6,1463
186.6,1462
186.6,1462
186.7,1462
186.7,1462
186.7,1462
186.7,1461
186.7,1461
186.7,1460
186.7,1460
186.7,1460
186.7,1460
186.8,1459
186.8,1458
186.8,1457
186.8,1456
186.8,1457
186.8,1457
186.8,1457
186.8,1458
186.8,1459
186.8,1460
186.8,1460
186.8,1459
186.8,1460
186.9,1459
186.9,1459
186.9,1459
186.9,1460
186.9,1459
186.9,1460
186.9,1459
186.9,1459
187.0,1458
187.0,1458
187.0,1458
187.0,1459
187.0,1459
187.0,1460
187.0,1459
187.0,1459
187.0,1458
187.0,1459
187.0,1460
187.0,1460
187.0,1461
187.1,1461
187.1,1460
187.1,1461
187.1,1460
187.1,1460
187.1,1460
187.2,1461
187.2,1462
187.2,1463
187.2,1463
187.2,1462
187.2,1462
187.2,1462
187.2,1462
187.2,1461
187.2,1461
187.2,1460
187.2,1460
187.3,1461
187.3,1462
187.3,1463
187.3,1464
187.3,1464
187.3,1463
187.3,1463
187.3,1463
187.3,1463
187.3,1462
187.3,1461
187.4,1461
187.4,1460
187.4,1461
187.4,1460
187.4,1459
187.4,1458
187.4,1457
187.5,1456
187.5,1455
187.5,1455
187.5,1456
187.5,1456
187.5,1457
187.5,1456
187.5,1457
187.5,1457
187.5,1457
187.6,1456
187.6,1456
187.6,1456
187.6,1456
187.6,1455
187.6,1456
187.6,1456
187.6,1457
187.6,1458
187.6,1459
187.6,1458
187.7,1459
187.7,1459
187.7,1458
187.7,1457
187.7,1456
187.8,1456
187.8,1456
187.8,1455
187.8,1454
187.8,1455
187.8,1455
187.8,1454
187.8,1453
187.8,1453
187.8,1454
187.8,1455
187.9,1454
187.9,1453
187.9,1453
187.9,1454
187.9,1453
187.9,1452
187.9,1451
187.9,1451
187.9,1451
187.9,1452
187.9,1453
187.9,1453
187.9,1453
188.0,1452
188.0,1451
188.0,1452
188.0,1453
188.0,1452
188.0,1453
188.0,1452
188.0,1453
188.0,1453
188.0,1453
188.1,1453
188.1,1454
188.1,1454
188.1,1454
188.1,1455
188.1,1454
188.1,1455
188.1,1454
188.1,1454
188.1,1455
188.1,1454
188.1,1453
188.1,1453
188.1,1454
188.2,1454
188.2,1453
188.2,1454
188.2,1453
188.2,1453
188.2,1453
188.2,1452
188.2,1452
188.2,1452
188.3,1452
188.3,1452
188.3,1453
188.3,1454
188.3,1455
188.3,1454
188.3,1454
188.3,1455
188.4,1454
188.4,1453
188.4,1454
188.4,1453
188.4,1454
188.4,1455
188.4,1455
188.4,1456
188.4,1456
188.4,1456
188.4,1456
188.4,1456
188.5,1455
188.5,1454
188.5,1453
188.5,1454
188.5,1455
188.5,1456
188.5,1457
188.5,1458
188.5,1459
188.5,1458
188.6,1458
188.6,1459
188.6,1458
188.6,1458
188.6,1458
188.6,1458
188.6,1459
188.6,1459
188.6,1460
188.6,1460
188.7,1459
188.7,1459
188.7,1460
188.7,1461
188.7,1461
188.7,1461
188.7,1462
188.7,1463
188.7,1462
188.7,1463
188.7,1463
188.7,1462
188.8,1463
188.8,1463
188.8,1462
188.9,1461
188.9,1461
188.9,1460
188.9,1460
188.9,1460
188.9,1461
188.9,1462
188.9,1462
188.9,1462
188.9,1462
188.9,1462
189.0,1463
189.0,1463
189.0,1463
189.0,1462
189.0,1461
189.0,1462
189.0,1461
189.0,1461
189.0,1460
189.0,1461
189.0,1462
189.0,1461
189.1,1461
189.1,1462
189.1,1463
189.1,1462
189.1,1462
189.1,1462
189.2,1462
189.2,1462
189.2,1462
189.2,1462
189.2,1462
189.2,1463
189.2,1463
189.3,1463
189.3,1463
189.3,1462
189.3,1463
189.3,1463
189.3,1462
189.3,1461
189.3,1461
189.3,1462
189.4,1461
189.4,1460
189.4,1460
189.4,1461
189.4,1460
189.4,1459
189.4,1458
189.4,1458
189.4,1457
189.4,1456
189.4,1457
189.4,1456
189.4,1456
189.4,1456
189.4,1457
189.4,1457
189.4,1456
189.4,1456
189.4,1456
189.5,1457
189.5,1458
189.5,1458
189.5,1457
189.5,1457
189.5,1457
189.5,1457
189.5,1458
189.5,1458
189.5,1458
189.5,1457
189.6,1457
189.6,1456
189.6,1455
189.6,1454
189.6,1454
189.6,1453
189.6,1454
189.6,1454
189.6,1455
189.6,1456
189.7,1456
189.7,1456
189.7,1455
189.7,1454
189.7,1454
189.7,1454
189.7,1453
189.7,1454
189.7,1455
189.7,1455
189.7,1454
189.7,1454
189.8,1454
189.8,1454
189.8,1455
189.8,1455
189.8,1456
189.8,1457
189.8,1458
189.8,1458
189.8,1458
189.8,1457
189.8,1458
189.8,1459
189.8,1458
189.8,1457
189.8,1456
189.8,1455
189.9,1456
189.9,1455
189.9,1454
189.9,1454
189.9,1454
189.9,1453
190.0,1454
190.0,1455
190.0,1456
190.0,1456
190.0,1455
190.0,1455
190.0,1456
190.0,1457
190.0,1456
190.0,1455
190.0,1456
190.1,1456
190.1,1455
190.1,1456
190.1,1455
190.1,1456
190.1,1456
190.1,1456
190.1,1456
190.1,1455
190.1,1455
190.1,1456
190.2,1455
190.2,1455
190.2,1455
190.2,1455
190.2,1454
190.3,1453
190.3,1454
190.3,1454
190.3,1453
190.3,1454
190.3,1455
190.3,1454
190.3,1453
190.3,1453
190.3,1452
190.3,1452
190.3,1453
190.4,1453
190.4,1453
190.4,1453
190.4,1454
190.4,1455
190.4,1456
190.4,1457
190.4,1457
190.4,1457
190.4,1458
190.4,1459
190.5,1460
190.5,1459
190.5,1459
190.5,1458
190.5,1458
190.5,1458
190.5,1458
190.5,1458
190.5,1458
190.5,1458
190.6,1458
190.6,1457
190.6,1456
190.6,1456
190.6,1457
190.6,1456
190.6,1457
190.6,1456
190.7,1455
190.7,1456
190.7,1456
190.7,1457
190.7,1458
190.8,1458
190.8,1459
190.8,1459
190.8,1460
190.8,1460
190.8,1460
190.8,1459
190.8,1459
190.8,1458
190.9,1457
190.9,1458
190.9,1457
190.9,1456
190.9,1457
190.9,1456
190.9,1455
190.9,1456
190.9,1457
190.9,1456
190.9,1457
190.9,1458
190.9,1458
190.9,1457
190.9,1456
190.9,1455
190.9,1454
191.0,1455
191.0,1456
191.0,1455
191.0,1455
191.0,1456
191.0,1455
191.0,1454
191.0,1455
191.0,1456
191.0,1457
191.0,1457
191.0,1456
191.0,1457
191.0,1456
191.0,1457
191.0,1456
191.0,1457
191.1,1457
191.1,1457
191.1,1457
191.1,1456
191.1,1456
191.1,1456
191.1,1457
191.1,1457
191.1,1456
191.1,1455
191.2,1454
191.2,1454
191.2,1453
191.2,1454
191.2,1455
191.2,1455
191.2,1455
191.2,1454
191.2,1455
191.2,1455
191.2,1455
191.3,1455
191.3,1455
191.3,1456
191.3,1456
191.3,1457
191.3,1456
191.3,1456
191.4,1456
191.4,1457
191.4,1456
191.4,1456
191.4,1456
191.4,1455
191.5,1456
191.5,1457
191.5,1457
191.5,1457
191.5,1458
191.5,1458
191.5,1459
191.5,1458
191.5,1459
191.5,1459
191.6,1459
191.6,1458
191.6,1457
191.6,1457
191.6,1458
191.6,1457
191.6,1457
191.6,1457
191.6,1458
191.6,1459
191.6,1459
191.7,1459
191.7,1459
191.7,1458
191.7,1459
191.7,1459
191.7,1460
191.7,1461
191.7,1462
191.8,1462
191.8,1463
191.8,1462
191.8,1463
191.8,1464
191.8,1464
191.8,1465
191.8,1464
191.8,1464
191.8,1465
191.8,1465
191.8,1465
191.9,1464
191.9,1465
191.9,1465
191.9,1465
191.9,1464
191.9,1463
191.9,1464
191.9,1465
191.9,1466
191.9,1465
191.9,1465
191.9,1466
191.9,1465
192.0,1464
192.0,1464
192.0,1465
192.0,1464
192.0,1464
192.0,1463
192.0,1463
192.0,1463
192.1,1464
192.1,1465
192.1,1466
192.1,1466
192.1,1466
192.1,1467
192.1,1466
192.1,1465
192.1,1466
192.2,1466
192.2,1465
192.2,1466
192.2,1467
192.2,1468
192.2,1468
192.2,1469
192.2,1469
192.2,1468
192.2,1467
192.2,1467
192.2,1466
192.2,1467
192.3,1467
192.3,1468
192.3,1469
192.3,1469
192.3,1470
192.3,1469
192.3,1468
192.3,1467
192.4,1467
192.4,1467
192.4,1467
192.4,1466
192.4,1466
192.5,1465
192.5,1465
192.5,1465
192.5,1464
192.5,1465
192.5,1464
192.5,1463
192.5,1463
192.5,1462
192.6,1463
192.6,1464
192.6,1465
192.6,1465
192.6,1466
192.7,1465
192.7,1464
192.7,1465
192.7,1464
192.7,1465
192.7,1466
192.7,1466
192.7,1466
192.7,1465
192.8,1466
192.8,1465
192.8,1465
192.8,1465
192.8,1466
192.9,1467
192.9,1467
192.9,1466
192.9,1466
192.9,1467
192.9,1466
192.9,1466
193.0,1467
193.0,1466
193.0,1465
193.0,1465
193.0,1465
193.0,1466
193.0,1467
193.0,1467
193.1,1467
193.1,1466
193.1,1466
193.1,1467
193.1,1466
193.1,1466
193.1,1466
193.1,1465
193.2,1466
193.2,1466
193.2,1466
193.2,1467
193.2,1468
193.2,1468
193.2,1469
193.2,1470
193.2,1469
193.2,1470
193.3,1471
193.3,1472
193.3,1473
193.3,1474
193.3,1474
193.3,1475
193.3,1475
193.3,1476
193.3,1475
193.4,1474
193.4,1474
193.4,1473
193.4,1472
193.4,1472
193.4,1472
193.4,1472
193.4,1472
193.4,1472
193.4,1471
193.5,1470
193.5,1470
193.5,1470
193.5,1470
193.5,1471
193.5,1471
193.5,1471
193.5,1470
193.5,1470
193.5,1470
193.5,1471
193.6,1470
193.6,1469
193.6,1468
193.6,1468
193.6,1469
193.6,1468
193.7,1468
193.7,1468
193.7,1469
193.7,1468
193.7,1469
193.7,1468
193.7,1469
193.7,1468
193.7,1467
193.7,1467
193.7,1467
193.7,1467
193.8,1468
193.8,1468
193.8,1467
193.8,1467
193.8,1467
193.8,1468
193.8,1468
193.8,1469
193.9,1468
193.9,1468
193.9,1467
193.9,1466
193.9,1466
193.9,1467
193.9,1467
193.9,1466
194.0,1466
194.0,1465
194.0,1464
194.0,1463
194.0,1464
194.0,1463
194.0,1462
194.0,1461
194.0,1462
194.0,1461
194.0,1462
194.0,1462
194.0,1461
194.1,1461
194.1,1462
194.1,1463
194.1,1464
194.1,1465
194.1,1465
194.1,1464
194.1,1464
194.1,1465
194.1,1465
194.1,1466
194.1,1466
194.1,1467
194.1,1467
194.1,1466
194.1,1466
194.1,1465
194.1,1464
194.2,1463
194.2,1463
194.2,1462
194.2,1462
194.2,1463
194.2,1462
194.2,1463
194.2,1463
194.2,1464
194.2,1463
194.3,1464
194.3,1464
194.3,1465
194.3,1465
194.3,1465
194.3,1465
194.3,1465
194.3,1465
194.4,1464
194.4,1465
194.4,1464
194.4,1465
194.4,1466
194.4,1467
194.4,1467
194.4,1467
194.4,1466
194.4,1467
194.4,1466
194.4,1467
194.5,1467
194.5,1467
194.5,1468
194.5,1468
194.5,1467
194.5,1467
194.5,1466
194.5,1467
194.5,1468
194.5,1469
194.5,1468
194.6,1468
194.6,1468
194.6,1467
194.6,1467
194.6,1468
194.6,1468
194.6,1468
194.6,1469
194.6,1468
194.6,1469
194.7,1469
194.7,1470
194.7,1470
194.7,1469
194.7,1468
194.7,1469
194.7,1468
194.8,1469
194.8,1468
194.8,1469
194.8,1469
194.8,1469
194.8,1468
194.8,1467
194.8,1467
194.8,1467
194.9,1468
194.9,1468
194.9,1469
194.9,1469
194.9,1469
194.9,1470
194.9,1471
194.9,1470
194.9,1470
194.9,1470
194.9,1471
194.9,1470
194.9,1471
195.0,1471
195.0,1470
195.0,1470
195.0,1469
195.1,1470
195.1,1470
195.1,1470
195.1,1469
195.1,1469
195.1,1470
195.1,1471
195.1,1471
195.1,1471
195.1,1471
195.1,1471
195.1,1470
195.1,1471
195.1,1471
195.2,1472
195.2,1473
195.2,1473
195.2,1472
195.3,1473
195.3,1473
195.3,1473
195.3,1472
195.3,1471
195.3,1472
195.3,1473
195.3,1473
195.4,1472
195.4,1471
195.4,1472
195.4,1472
195.4,1471
195.5,1470
195.5,1470
195.5,1470
195.5,1470
195.5,1470
195.5,1471
195.5,1472
195.5,1472
195.5,1472
195.5,1472
195.6,1472
195.6,1473
195.6,1472
195.6,1473
195.6,1473
195.6,1474
195.6,1474
195.7,1473
195.7,1472
195.7,1472
195.7,1471
195.7,1471
195.7,1471
195.7,1470
195.7,1470
195.8,1469
195.8,1470
195.8,1469
195.8,1469
195.8,1469
195.8,1468
195.8,1469
195.8,1470
195.8,1469
195.8,1469
195.8,1469
195.8,1469
195.8,1468
195.8,1467
195.8,1468
195.8,1467
195.9,1466
195.9,1465
195.9,1464
195.9,1463
195.9,1464
195.9,1463
195.9,1462
195.9,1461
195.9,1460
195.9,1459
195.9,1460
195.9,1461
195.9,1461
196.0,1460
196.0,1461
196.0,1460
196.0,1459
196.0,1459
196.0,1460
196.0,1459
196.1,1460
196.1,1460
196.1,1459
196.1,1459
196.1,1459
196.1,1458
196.1,1458
196.1,1458
196.1,1458
196.1,1459
196.2,1460
196.2,1461
196.2,1460
196.2,1459
196.2,1460
196.2,1459
196.2,1460
196.2,1461
196.3,1462
196.3,1462
196.3,1462
196.3,1461
196.3,1461
196.3,1462
196.3,1461
196.3,1462
196.3,1462
196.3,1461
196.4,1460
196.4,1461
196.4,1460
196.4,1459
196.4,1460
196.4,1459
196.4,1460
196.4,1461
196.4,1462
196.4,1463
196.4,1463
196.4,1464
196.4,1465
196.4,1465
196.5,1466
196.5,1466
196.5,1465
196.5,1466
196.5,1466
196.5,1465
196.5,1464
196.6,1463
196.6,1462
196.6,1463
196.6,1463
196.6,1464
196.6,1465
196.6,1464
196.6,1463
196.6,1464
196.7,1464
196.7,1464
196.7,1464
196.7,1464
196.7,1464
196.7,1463
196.7,1464
196.7,1465
196.7,1465
196.7,1465
196.7,1464
196.7,1463
196.7,1464
196.8,1465
196.8,1465
196.8,1466
196.8,1465
196.8,1466
196.8,1466
196.8,1465
196.8,1464
196.8,1465
196.8,1465
196.8,1464
196.8,1464
196.8,1465
196.8,1464
196.9,1464
196.9,1464
196.9,1464
196.9,1465
196.9,1465
196.9,1466
196.9,1467
196.9,1467
196.9,1467
196.9,1466
197.0,1466
197.0,1466
197.0,1467
197.0,1467
197.0,1467
197.0,1466
197.0,1466
197.0,1466
197.1,1467
197.1,1467
197.1,1466
197.1,1467
197.1,1467
197.1,1466
197.1,1467
197.1,1466
197.1,1465
197.1,1465
197.1,1466
197.1,1466
197.2,1465
197.2,1465
197.2,1465
197.2,1465
197.2,1466
197.2,1467
197.2,1466
197.2,1467
197.3,1468
197.3,1469
197.3,1470
197.3,1470
197.3,1469
197.3,1470
197.3,1470
197.4,1469
197.4,1470
197.4,1469
197.4,1469
197.4,1469
197.4,1470
197.4,1471
197.4,1472
197.4,1472
197.4,1472
197.5,1473
197.5,1474
197.5,1473
197.5,1474
197.5,1473
197.5,1472
197.5,1472
197.6,1471
197.6,1472
197.6,1473
197.6,1472
197.6,1472
197.6,1471
197.6,1470
197.6,1471
197.6,1472
197.7,1471
197.7,1470
197.7,1470
197.7,1469
197.7,1469
197.7,1468
197.7,1469
197.7,1468
197.7,1467
197.7,1466
197.7,1467
197.7,1468
197.8,1468
197.8,1467
197.8,1467
197.8,1468
197.8,1467
197.8,1467
197.8,1468
197.8,1468
197.8,1468
197.8,1469
197.8,1470
197.8,1470
197.8,1470
197.8,1469
197.9,1470
197.9,1469
197.9,1470
197.9,1471
197.9,1472
197.9,1471
197.9,1472
197.9,1473
197.9,1473
197.9,1472
197.9,1472
197.9,1473
198.0,1473
198.0,1473
198.0,1474
198.0,1474
198.0,1475
198.0,1475
198.0,1474
198.0,1473
198.0,1474
198.0,1473
198.1,1473
198.1,1472
198.1,1471
198.1,1470
198.1,1471
198.1,1471
198.1,1472
198.1,1473
198.1,1472
198.1,1472
198.1,1471
198.1,1470
198.1,1471
198.1,1471
198.1,1470
198.1,1471
198.2,1471
198.2,1472
198.2,1473
198.2,1474
198.2,1474
198.2,1473
198.2,1474
198.2,1473
198.3,1472
198.3,1473
198.3,1474
198.3,1475
198.3,1475
198.3,1474
198.3,1475
198.3,1474
198.3,1473
198.3,1473
198.4,1473
198.4,1474
198.4,1474
198.4,1473
198.4,1474
198.5,1475
198.5,1475
198.5,1474
198.5,1475
198.5,1474
198.5,1475
198.5,1476
198.5,1477
198.5,1477
198.6,1477
198.6,1478
198.6,1478
198.6,1477
198.6,1476
198.6,1476
198.6,1475
198.6,1476
198.6,1475
198.6,1475
198.6,1476
198.7,1475
198.7,1474
198.7,1474
198.7,1474
198.7,1474
198.7,1474
198.7,1474
198.7,1474
198.7,1473
198.8,1472
198.8,1471
198.8,1470
198.8,1470
198.8,1469
198.8,1470
198.8,1470
198.8,1471
198.8,1470
198.8,1469
198.8,1468
198.8,1468
198.8,1468
198.8,1468
198.8,1467
198.8,1466
198.8,1465
198.8,1464
198.9,1463
198.9,1464
198.9,1463
198.9,1462
198.9,1461
198.9,1460
198.9,1460
198.9,1461
198.9,1460
199.0,1459
199.0,1460
199.0,1460
199.0,1460
199.0,1460
199.0,1460
199.0,1459
199.0,1459
199.0,1458
199.0,1458
199.1,1458
199.1,1458
199.1,1457
199.1,1456
199.1,1456
199.2,1457
199.2,1457
199.2,1456
199.2,1456
199.2,1456
199.2,1457
199.2,1457
199.2,1456
199.3,1456
199.3,1457
199.3,1456
199.3,1457
199.3,1457
199.3,1458
199.3,1457
199.3,1458
199.3,1458
199.3,1459
199.3,1459
199.4,1458
199.4,1457
199.4,1457
199.4,1458
199.4,1458
199.4,1459
199.4,1458
199.4,1457
199.5,1458
199.5,1459
199.5,1459
199.5,1459
199.5,1459
199.5,1459
199.6,1459
199.6,1458
199.6,1458
199.6,1458
199.6,1459
199.6,1458
199.6,1457
199.6,1456
199.6,1456
199.6,1455
199.7,1456
199.7,1456
199.7,1455
199.7,1454
199.7,1454
199.7,1453
199.7,1454
199.7,1453
199.7,1452
199.7,1451
199.7,1451
199.8,1451
199.8,1452
199.8,1453
199.8,1452
199.8,1451
199.8,1452
199.8,1453
199.8,1454
199.8,1453
199.8,1452
199.8,1453
199.8,1453
199.9,1454
199.9,1453
199.9,1454
199.9,1455
199.9,1454
199.9,1455
199.9,1454
199.9,1454
199.9,1455
199.9,1455
200.0,1456
200.0,1457
200.0,1458
200.0,1459
200.0,1459
200.0,1459
200.0,1459
Population finale: 1459
]]></system-out>
  </testcase>
</testsuite>