<?xml version="1.0" encoding="UTF-8"?>
<testsuite xmlns:xsi="http://www.w3.org/2001/XMLSchema-instance" xsi:noNamespaceSchemaLocation="https://maven.apache.org/surefire/maven-surefire-plugin/xsd/surefire-test-report-3.0.xsd" version="3.0" name="pedigree.SimulationIntegrationTest" time="0.022" tests="11" errors="3" skipped="0" failures="1">
  <properties>
    <property name="java.specification.version" value="23"/>
    <property name="sun.jnu.encoding" value="UTF-8"/>
    <property name="java.class.path" value="/Users/arthur/Library/Mobile Documents/com~apple~CloudDocs/Cours/IFT 2015/IFT2015-D2/target/test-classes:/Users/arthur/Library/Mobile Documents/com~apple~CloudDocs/Cours/IFT 2015/IFT2015-D2/target/classes:/Users/arthur/.m2/repository/org/junit/jupiter/junit-jupiter/5.10.0/junit-jupiter-5.10.0.jar:/Users/arthur/.m2/repository/org/junit/jupiter/junit-jupiter-api/5.10.0/junit-jupiter-api-5.10.0.jar:/Users/arthur/.m2/repository/org/opentest4j/opentest4j/1.3.0/opentest4j-1.3.0.jar:/Users/arthur/.m2/repository/org/junit/platform/junit-platform-commons/1.10.0/junit-platform-commons-1.10.0.jar:/Users/arthur/.m2/repository/org/apiguardian/apiguardian-api/1.1.2/apiguardian-api-1.1.2.jar:/Users/arthur/.m2/repository/org/junit/jupiter/junit-jupiter-params/5.10.0/junit-jupiter-params-5.10.0.jar:/Users/arthur/.m2/repository/org/junit/jupiter/junit-jupiter-engine/5.10.0/junit-jupiter-engine-5.10.0.jar:/Users/arthur/.m2/repository/org/junit/platform/junit-platform-engine/1.10.0/junit-platform-engine-1.10.0.jar:"/>
    <property name="java.vm.vendor" value="Homebrew"/>
    <property name="sun.arch.data.model" value="64"/>
    <property name="java.vendor.url" value="https://github.com/Homebrew/homebrew-core/issues"/>
    <property name="os.name" value="Mac OS X"/>
    <property name="java.vm.specification.version" value="23"/>
    <property name="sun.java.launcher" value="SUN_STANDARD"/>
    <property name="user.country" value="CA"/>
    <property name="sun.boot.library.path" value="/opt/homebrew/Cellar/openjdk/23.0.2/libexec/openjdk.jdk/Contents/Home/lib"/>
    <property name="sun.java.command" value="/Users/arthur/Library/Mobile Documents/com~apple~CloudDocs/Cours/IFT 2015/IFT2015-D2/target/surefire/surefirebooter-20250707183058170_3.jar /Users/arthur/Library/Mobile Documents/com~apple~CloudDocs/Cours/IFT 2015/IFT2015-D2/target/surefire 2025-07-07T18-30-58_131-jvmRun1 surefire-20250707183058170_1tmp surefire_0-20250707183058170_2tmp"/>
    <property name="jdk.debug" value="release"/>
    <property name="surefire.test.class.path" value="/Users/arthur/Library/Mobile Documents/com~apple~CloudDocs/Cours/IFT 2015/IFT2015-D2/target/test-classes:/Users/arthur/Library/Mobile Documents/com~apple~CloudDocs/Cours/IFT 2015/IFT2015-D2/target/classes:/Users/arthur/.m2/repository/org/junit/jupiter/junit-jupiter/5.10.0/junit-jupiter-5.10.0.jar:/Users/arthur/.m2/repository/org/junit/jupiter/junit-jupiter-api/5.10.0/junit-jupiter-api-5.10.0.jar:/Users/arthur/.m2/repository/org/opentest4j/opentest4j/1.3.0/opentest4j-1.3.0.jar:/Users/arthur/.m2/repository/org/junit/platform/junit-platform-commons/1.10.0/junit-platform-commons-1.10.0.jar:/Users/arthur/.m2/repository/org/apiguardian/apiguardian-api/1.1.2/apiguardian-api-1.1.2.jar:/Users/arthur/.m2/repository/org/junit/jupiter/junit-jupiter-params/5.10.0/junit-jupiter-params-5.10.0.jar:/Users/arthur/.m2/repository/org/junit/jupiter/junit-jupiter-engine/5.10.0/junit-jupiter-engine-5.10.0.jar:/Users/arthur/.m2/repository/org/junit/platform/junit-platform-engine/1.10.0/junit-platform-engine-1.10.0.jar:"/>
    <property name="sun.cpu.endian" value="little"/>
    <property name="user.home" value="/Users/arthur"/>
    <property name="user.language" value="en"/>
    <property name="java.specification.vendor" value="Oracle Corporation"/>
    <property name="java.version.date" value="2025-01-21"/>
    <property name="java.home" value="/opt/homebrew/Cellar/openjdk/23.0.2/libexec/openjdk.jdk/Contents/Home"/>
    <property name="file.separator" value="/"/>
    <property name="basedir" value="/Users/arthur/Library/Mobile Documents/com~apple~CloudDocs/Cours/IFT 2015/IFT2015-D2"/>
    <property name="java.vm.compressedOopsMode" value="Zero based"/>
    <property name="line.separator" value="&#10;"/>
    <property name="java.specification.name" value="Java Platform API Specification"/>
    <property name="java.vm.specification.vendor" value="Oracle Corporation"/>
    <property name="apple.awt.application.name" value="ForkedBooter"/>
    <property name="surefire.real.class.path" value="/Users/arthur/Library/Mobile Documents/com~apple~CloudDocs/Cours/IFT 2015/IFT2015-D2/target/surefire/surefirebooter-20250707183058170_3.jar"/>
    <property name="sun.management.compiler" value="HotSpot 64-Bit Tiered Compilers"/>
    <property name="java.runtime.version" value="23.0.2"/>
    <property name="user.name" value="arthur"/>
    <property name="stdout.encoding" value="UTF-8"/>
    <property name="path.separator" value=":"/>
    <property name="os.version" value="15.5"/>
    <property name="java.runtime.name" value="OpenJDK Runtime Environment"/>
    <property name="file.encoding" value="UTF-8"/>
    <property name="java.vm.name" value="OpenJDK 64-Bit Server VM"/>
    <property name="java.vendor.version" value="Homebrew"/>
    <property name="localRepository" value="/Users/arthur/.m2/repository"/>
    <property name="java.vendor.url.bug" value="https://github.com/Homebrew/homebrew-core/issues"/>
    <property name="java.io.tmpdir" value="/var/folders/3d/px25gn9n1cg8clmw10nxnsg00000gn/T/"/>
    <property name="java.version" value="23.0.2"/>
    <property name="user.dir" value="/Users/arthur/Library/Mobile Documents/com~apple~CloudDocs/Cours/IFT 2015/IFT2015-D2"/>
    <property name="os.arch" value="aarch64"/>
    <property name="java.vm.specification.name" value="Java Virtual Machine Specification"/>
    <property name="native.encoding" value="UTF-8"/>
    <property name="java.library.path" value="/Users/arthur/Library/Java/Extensions:/Library/Java/Extensions:/Network/Library/Java/Extensions:/System/Library/Java/Extensions:/usr/lib/java:."/>
    <property name="java.vm.info" value="mixed mode, sharing"/>
    <property name="stderr.encoding" value="UTF-8"/>
    <property name="java.vendor" value="Homebrew"/>
    <property name="java.vm.version" value="23.0.2"/>
    <property name="sun.io.unicode.encoding" value="UnicodeBig"/>
    <property name="java.class.version" value="67.0"/>
  </properties>
  <testcase name="testChildrenReproduceViaEvent" classname="pedigree.SimulationIntegrationTest" time="0.011">
    <failure message="La population doit avoir augmenté de 1 après la reproduction des enfants ==&gt; expected: &lt;5&gt; but was: &lt;4&gt;" type="org.opentest4j.AssertionFailedError"><![CDATA[org.opentest4j.AssertionFailedError: La population doit avoir augmenté de 1 après la reproduction des enfants ==> expected: <5> but was: <4>
	at org.junit.jupiter.api.AssertionFailureBuilder.build(AssertionFailureBuilder.java:151)
	at org.junit.jupiter.api.AssertionFailureBuilder.buildAndThrow(AssertionFailureBuilder.java:132)
	at org.junit.jupiter.api.AssertEquals.failNotEqual(AssertEquals.java:197)
	at org.junit.jupiter.api.AssertEquals.assertEquals(AssertEquals.java:150)
	at org.junit.jupiter.api.Assertions.assertEquals(Assertions.java:559)
	at pedigree.SimulationIntegrationTest.testChildrenReproduceViaEvent(SimulationIntegrationTest.java:145)
	at java.base/java.lang.reflect.Method.invoke(Method.java:580)
	at java.base/java.util.ArrayList.forEach(ArrayList.java:1597)
	at java.base/java.util.ArrayList.forEach(ArrayList.java:1597)
]]></failure>
  </testcase>
  <testcase name="testClock" classname="pedigree.SimulationIntegrationTest" time="0.001"/>
  <testcase name="testDeadParentNoReproduction" classname="pedigree.SimulationIntegrationTest" time="0.001">
    <error message="Cannot invoke &quot;pedigree.Simulator$Event.getSim()&quot; because the return value of &quot;pedigree.Simulator.getEvent()&quot; is null" type="java.lang.NullPointerException"><![CDATA[java.lang.NullPointerException: Cannot invoke "pedigree.Simulator$Event.getSim()" because the return value of "pedigree.Simulator.getEvent()" is null
	at pedigree.SimulationIntegrationTest.testDeadParentNoReproduction(SimulationIntegrationTest.java:199)
	at java.base/java.lang.reflect.Method.invoke(Method.java:580)
	at java.base/java.util.ArrayList.forEach(ArrayList.java:1597)
	at java.base/java.util.ArrayList.forEach(ArrayList.java:1597)
]]></error>
  </testcase>
  <testcase name="testEventAttributes" classname="pedigree.SimulationIntegrationTest" time="0"/>
  <testcase name="testNoMaleNoBirth" classname="pedigree.SimulationIntegrationTest" time="0"/>
  <testcase name="testSexAttribution" classname="pedigree.SimulationIntegrationTest" time="0.001"/>
  <testcase name="testDeathRemovesSimFromPopulation" classname="pedigree.SimulationIntegrationTest" time="0"/>
  <testcase name="testSimpleReproduction" classname="pedigree.SimulationIntegrationTest" time="0.001">
    <error message="Cannot invoke &quot;pedigree.Simulator$Event.getSim()&quot; because the return value of &quot;pedigree.Simulator.getEvent()&quot; is null" type="java.lang.NullPointerException"><![CDATA[java.lang.NullPointerException: Cannot invoke "pedigree.Simulator$Event.getSim()" because the return value of "pedigree.Simulator.getEvent()" is null
	at pedigree.SimulationIntegrationTest.testSimpleReproduction(SimulationIntegrationTest.java:177)
	at java.base/java.lang.reflect.Method.invoke(Method.java:580)
	at java.base/java.util.ArrayList.forEach(ArrayList.java:1597)
	at java.base/java.util.ArrayList.forEach(ArrayList.java:1597)
]]></error>
  </testcase>
  <testcase name="testBirthSchedulesEvents" classname="pedigree.SimulationIntegrationTest" time="0.001"/>
  <testcase name="testFounderBirth" classname="pedigree.SimulationIntegrationTest" time="0.001"/>
  <testcase name="testRepeatedReproductionUntilAgeLimit" classname="pedigree.SimulationIntegrationTest" time="0">
    <error message="Cannot invoke &quot;pedigree.Simulator$Event.getSim()&quot; because the return value of &quot;pedigree.Simulator.getEvent()&quot; is null" type="java.lang.NullPointerException"><![CDATA[java.lang.NullPointerException: Cannot invoke "pedigree.Simulator$Event.getSim()" because the return value of "pedigree.Simulator.getEvent()" is null
	at pedigree.SimulationIntegrationTest.testRepeatedReproductionUntilAgeLimit(SimulationIntegrationTest.java:217)
	at java.base/java.lang.reflect.Method.invoke(Method.java:580)
	at java.base/java.util.ArrayList.forEach(ArrayList.java:1597)
	at java.base/java.util.ArrayList.forEach(ArrayList.java:1597)
]]></error>
  </testcase>
</testsuite>