<?xml version="1.0" encoding="UTF-8"?>
<testsuite xmlns:xsi="http://www.w3.org/2001/XMLSchema-instance" xsi:noNamespaceSchemaLocation="https://maven.apache.org/surefire/maven-surefire-plugin/xsd/surefire-test-report-3.0.xsd" version="3.0" name="pedigree.FullRunSimulationTest" time="0.255" tests="1" errors="0" skipped="0" failures="0">
  <properties>
    <property name="java.specification.version" value="23"/>
    <property name="sun.jnu.encoding" value="UTF-8"/>
    <property name="java.class.path" value="/Users/arthur/Library/Mobile Documents/com~apple~CloudDocs/Cours/IFT 2015/IFT2015-D2/target/test-classes:/Users/arthur/Library/Mobile Documents/com~apple~CloudDocs/Cours/IFT 2015/IFT2015-D2/target/classes:/Users/arthur/.m2/repository/org/junit/jupiter/junit-jupiter/5.10.0/junit-jupiter-5.10.0.jar:/Users/arthur/.m2/repository/org/junit/jupiter/junit-jupiter-api/5.10.0/junit-jupiter-api-5.10.0.jar:/Users/arthur/.m2/repository/org/opentest4j/opentest4j/1.3.0/opentest4j-1.3.0.jar:/Users/arthur/.m2/repository/org/junit/platform/junit-platform-commons/1.10.0/junit-platform-commons-1.10.0.jar:/Users/arthur/.m2/repository/org/apiguardian/apiguardian-api/1.1.2/apiguardian-api-1.1.2.jar:/Users/arthur/.m2/repository/org/junit/jupiter/junit-jupiter-params/5.10.0/junit-jupiter-params-5.10.0.jar:/Users/arthur/.m2/repository/org/junit/jupiter/junit-jupiter-engine/5.10.0/junit-jupiter-engine-5.10.0.jar:/Users/arthur/.m2/repository/org/junit/platform/junit-platform-engine/1.10.0/junit-platform-engine-1.10.0.jar:"/>
    <property name="java.vm.vendor" value="Homebrew"/>
    <property name="sun.arch.data.model" value="64"/>
    <property name="java.vendor.url" value="https://github.com/Homebrew/homebrew-core/issues"/>
    <property name="os.name" value="Mac OS X"/>
    <property name="java.vm.specification.version" value="23"/>
    <property name="sun.java.launcher" value="SUN_STANDARD"/>
    <property name="user.country" value="CA"/>
    <property name="sun.boot.library.path" value="/opt/homebrew/Cellar/openjdk/23.0.2/libexec/openjdk.jdk/Contents/Home/lib"/>
    <property name="sun.java.command" value="/Users/arthur/Library/Mobile Documents/com~apple~CloudDocs/Cours/IFT 2015/IFT2015-D2/target/surefire/surefirebooter-20250707223800924_3.jar /Users/arthur/Library/Mobile Documents/com~apple~CloudDocs/Cours/IFT 2015/IFT2015-D2/target/surefire 2025-07-07T22-38-00_884-jvmRun1 surefire-20250707223800924_1tmp surefire_0-20250707223800924_2tmp"/>
    <property name="jdk.debug" value="release"/>
    <property name="surefire.test.class.path" value="/Users/arthur/Library/Mobile Documents/com~apple~CloudDocs/Cours/IFT 2015/IFT2015-D2/target/test-classes:/Users/arthur/Library/Mobile Documents/com~apple~CloudDocs/Cours/IFT 2015/IFT2015-D2/target/classes:/Users/arthur/.m2/repository/org/junit/jupiter/junit-jupiter/5.10.0/junit-jupiter-5.10.0.jar:/Users/arthur/.m2/repository/org/junit/jupiter/junit-jupiter-api/5.10.0/junit-jupiter-api-5.10.0.jar:/Users/arthur/.m2/repository/org/opentest4j/opentest4j/1.3.0/opentest4j-1.3.0.jar:/Users/arthur/.m2/repository/org/junit/platform/junit-platform-commons/1.10.0/junit-platform-commons-1.10.0.jar:/Users/arthur/.m2/repository/org/apiguardian/apiguardian-api/1.1.2/apiguardian-api-1.1.2.jar:/Users/arthur/.m2/repository/org/junit/jupiter/junit-jupiter-params/5.10.0/junit-jupiter-params-5.10.0.jar:/Users/arthur/.m2/repository/org/junit/jupiter/junit-jupiter-engine/5.10.0/junit-jupiter-engine-5.10.0.jar:/Users/arthur/.m2/repository/org/junit/platform/junit-platform-engine/1.10.0/junit-platform-engine-1.10.0.jar:"/>
    <property name="sun.cpu.endian" value="little"/>
    <property name="user.home" value="/Users/arthur"/>
    <property name="user.language" value="en"/>
    <property name="java.specification.vendor" value="Oracle Corporation"/>
    <property name="java.version.date" value="2025-01-21"/>
    <property name="java.home" value="/opt/homebrew/Cellar/openjdk/23.0.2/libexec/openjdk.jdk/Contents/Home"/>
    <property name="file.separator" value="/"/>
    <property name="basedir" value="/Users/arthur/Library/Mobile Documents/com~apple~CloudDocs/Cours/IFT 2015/IFT2015-D2"/>
    <property name="java.vm.compressedOopsMode" value="Zero based"/>
    <property name="line.separator" value="&#10;"/>
    <property name="java.specification.name" value="Java Platform API Specification"/>
    <property name="java.vm.specification.vendor" value="Oracle Corporation"/>
    <property name="apple.awt.application.name" value="ForkedBooter"/>
    <property name="surefire.real.class.path" value="/Users/arthur/Library/Mobile Documents/com~apple~CloudDocs/Cours/IFT 2015/IFT2015-D2/target/surefire/surefirebooter-20250707223800924_3.jar"/>
    <property name="sun.management.compiler" value="HotSpot 64-Bit Tiered Compilers"/>
    <property name="java.runtime.version" value="23.0.2"/>
    <property name="user.name" value="arthur"/>
    <property name="stdout.encoding" value="UTF-8"/>
    <property name="path.separator" value=":"/>
    <property name="os.version" value="15.5"/>
    <property name="java.runtime.name" value="OpenJDK Runtime Environment"/>
    <property name="file.encoding" value="UTF-8"/>
    <property name="java.vm.name" value="OpenJDK 64-Bit Server VM"/>
    <property name="java.vendor.version" value="Homebrew"/>
    <property name="localRepository" value="/Users/arthur/.m2/repository"/>
    <property name="java.vendor.url.bug" value="https://github.com/Homebrew/homebrew-core/issues"/>
    <property name="java.io.tmpdir" value="/var/folders/3d/px25gn9n1cg8clmw10nxnsg00000gn/T/"/>
    <property name="java.version" value="23.0.2"/>
    <property name="user.dir" value="/Users/arthur/Library/Mobile Documents/com~apple~CloudDocs/Cours/IFT 2015/IFT2015-D2"/>
    <property name="os.arch" value="aarch64"/>
    <property name="java.vm.specification.name" value="Java Virtual Machine Specification"/>
    <property name="native.encoding" value="UTF-8"/>
    <property name="java.library.path" value="/Users/arthur/Library/Java/Extensions:/Library/Java/Extensions:/Network/Library/Java/Extensions:/System/Library/Java/Extensions:/usr/lib/java:."/>
    <property name="java.vm.info" value="mixed mode, sharing"/>
    <property name="stderr.encoding" value="UTF-8"/>
    <property name="java.vendor" value="Homebrew"/>
    <property name="java.vm.version" value="23.0.2"/>
    <property name="sun.io.unicode.encoding" value="UnicodeBig"/>
    <property name="java.class.version" value="67.0"/>
  </properties>
  <testcase name="testEventLoopRunsSmoothly" classname="pedigree.FullRunSimulationTest" time="0.253">
    <system-out><![CDATA[time,population
0.3,999
0.4,998
0.5,997
0.5,996
0.6,995
0.6,994
0.7,993
0.8,992
1.0,991
1.1,990
1.2,989
1.3,988
1.7,987
1.8,986
1.9,985
1.9,984
2.2,983
2.4,982
2.5,981
2.5,980
2.7,979
2.8,978
2.8,977
3.0,976
3.2,975
3.2,974
3.2,973
3.2,972
3.2,971
3.4,970
3.7,969
3.7,968
3.8,967
4.1,966
4.5,965
4.5,964
4.5,963
4.6,962
4.7,961
4.7,960
4.9,959
5.1,958
5.2,957
5.3,956
5.3,955
5.7,954
5.9,953
6.0,952
6.1,951
6.3,950
6.4,949
6.4,948
6.5,947
6.5,946
6.6,945
6.9,944
6.9,943
7.2,942
7.2,941
7.2,940
7.3,939
7.5,938
7.5,937
7.6,936
7.9,935
8.0,934
8.0,933
8.1,932
8.2,931
8.2,930
8.4,929
8.4,928
8.4,927
8.5,926
8.6,925
8.7,924
8.8,923
8.9,922
9.0,921
9.2,920
9.2,919
9.3,918
9.3,917
9.5,916
9.5,915
9.5,914
9.7,913
9.7,912
9.8,911
9.8,910
10.1,909
10.1,908
10.2,907
10.4,906
10.4,905
10.4,904
10.4,903
10.6,902
10.8,901
10.8,900
11.1,899
11.1,898
11.3,897
11.3,896
11.4,895
11.5,894
11.7,893
11.8,892
11.9,891
11.9,890
12.1,889
12.2,888
12.3,887
12.5,886
12.7,885
12.9,884
13.0,883
13.0,882
13.2,881
13.3,880
13.4,879
13.5,878
13.5,877
13.5,876
13.9,875
13.9,874
14.0,873
14.0,872
14.1,871
14.3,870
14.4,869
14.6,868
14.6,867
14.7,866
14.8,865
15.0,864
15.1,863
15.1,862
15.1,861
15.2,860
15.3,859
15.3,858
15.3,857
15.4,856
15.6,855
15.6,854
15.6,853
15.7,852
15.8,851
15.8,850
15.8,849
15.9,848
16.0,848
16.0,848
16.0,848
16.0,848
16.0,848
16.0,848
16.0,848
16.0,848
16.0,848
16.0,848
16.0,848
16.0,848
16.0,848
16.0,848
16.0,848
16.0,848
16.0,848
16.0,848
16.0,848
16.0,848
16.0,848
16.0,848
16.0,848
16.0,848
16.0,848
16.0,848
16.0,848
16.0,848
16.0,848
16.0,848
16.0,848
16.0,848
16.0,848
16.0,848
16.0,848
16.0,848
16.0,848
16.0,848
16.0,848
16.0,848
16.0,848
16.0,848
16.0,848
16.0,848
16.0,848
16.0,848
16.0,848
16.0,848
16.0,848
16.0,848
16.0,848
16.0,848
16.0,848
16.0,848
16.0,848
16.0,848
16.0,848
16.0,848
16.0,848
16.0,848
16.0,848
16.0,848
16.0,848
16.0,848
16.0,848
16.0,848
16.0,848
16.0,848
16.0,848
16.0,848
16.0,848
16.0,848
16.0,848
16.0,848
16.0,848
16.0,848
16.0,848
16.0,848
16.0,848
16.0,848
16.0,848
16.0,848
16.0,848
16.0,848
16.0,848
16.0,848
16.0,848
16.0,848
16.0,848
16.0,848
16.0,848
16.0,848
16.0,848
16.0,848
16.0,848
16.0,848
16.0,848
16.0,848
16.0,848
16.0,848
16.0,848
16.0,848
16.0,848
16.0,848
16.0,848
16.0,848
16.0,848
16.0,848
16.0,848
16.0,848
16.0,848
16.0,848
16.0,848
16.0,848
16.0,848
16.0,848
16.0,848
16.0,848
16.0,848
16.0,848
16.0,848
16.0,848
16.0,848
16.0,848
16.0,848
16.0,848
16.0,848
16.0,848
16.0,848
16.0,848
16.0,848
16.0,848
16.0,848
16.0,848
16.0,848
16.0,848
16.0,848
16.0,848
16.0,848
16.0,848
16.0,848
16.0,848
16.0,848
16.0,848
16.0,848
16.0,848
16.0,848
16.0,848
16.0,848
16.0,848
16.0,848
16.0,848
16.0,848
16.0,848
16.0,848
16.0,848
16.0,848
16.0,848
16.0,848
16.0,848
16.0,848
16.0,848
16.0,848
16.0,848
16.0,848
16.0,848
16.0,848
16.0,848
16.0,848
16.0,848
16.0,848
16.0,848
16.0,848
16.0,848
16.0,848
16.0,848
16.0,848
16.0,848
16.0,848
16.0,848
16.0,848
16.0,848
16.0,848
16.0,848
16.0,848
16.0,848
16.0,848
16.0,848
16.0,848
16.0,848
16.0,848
16.0,848
16.0,848
16.0,848
16.0,848
16.0,848
16.0,848
16.0,848
16.0,848
16.0,848
16.0,848
16.0,848
16.0,848
16.0,848
16.0,848
16.0,848
16.0,848
16.0,848
16.0,848
16.0,848
16.0,848
16.0,848
16.0,848
16.0,848
16.0,848
16.0,848
16.0,848
16.0,848
16.0,848
16.0,848
16.0,848
16.0,848
16.0,848
16.0,848
16.0,848
16.0,848
16.0,848
16.0,848
16.0,848
16.0,848
16.0,848
16.0,848
16.0,848
16.0,848
16.0,848
16.0,848
16.0,848
16.0,848
16.0,848
16.0,848
16.0,848
16.0,848
16.0,848
16.0,848
16.0,848
16.0,848
16.0,848
16.0,848
16.0,848
16.0,848
16.0,848
16.0,848
16.0,848
16.0,848
16.0,848
16.0,848
16.0,848
16.0,848
16.0,848
16.0,848
16.0,848
16.0,848
16.0,848
16.0,848
16.0,848
16.0,848
16.0,848
16.0,848
16.0,848
16.0,848
16.0,848
16.0,848
16.0,848
16.0,848
16.0,848
16.0,848
16.0,848
16.0,848
16.0,848
16.0,848
16.0,848
16.0,848
16.0,848
16.0,848
16.0,848
16.0,848
16.0,848
16.0,848
16.0,848
16.0,848
16.0,848
16.0,848
16.0,848
16.0,848
16.0,848
16.0,848
16.0,848
16.0,848
16.0,848
16.0,848
16.0,848
16.0,848
16.0,848
16.0,848
16.0,848
16.0,848
16.0,848
16.0,848
16.0,848
16.0,848
16.0,848
16.0,848
16.0,848
16.0,848
16.0,848
16.0,848
16.0,848
16.0,848
16.0,848
16.0,848
16.0,848
16.0,848
16.0,848
16.0,848
16.0,848
16.0,848
16.0,848
16.0,848
16.0,848
16.0,848
16.0,848
16.0,848
16.0,848
16.0,848
16.0,848
16.0,848
16.0,848
16.0,848
16.0,848
16.0,848
16.0,848
16.0,848
16.0,848
16.0,848
16.0,848
16.0,848
16.0,848
16.0,848
16.0,848
16.0,848
16.0,848
16.0,848
16.0,848
16.0,848
16.0,848
16.0,848
16.0,848
16.0,848
16.0,848
16.0,848
16.0,848
16.0,848
16.0,848
16.0,848
16.0,848
16.0,848
16.0,848
16.0,848
16.0,848
16.0,848
16.0,848
16.0,848
16.0,848
16.0,848
16.0,848
16.0,848
16.0,848
16.0,848
16.0,848
16.0,848
16.0,848
16.0,848
16.0,848
16.0,848
16.0,848
16.0,848
16.0,848
16.0,848
16.0,848
16.0,848
16.0,848
16.0,848
16.0,848
16.0,848
16.0,848
16.0,848
16.0,848
16.0,848
16.0,848
16.0,848
16.0,848
16.0,848
16.0,848
16.0,848
16.0,848
16.0,848
16.0,848
16.0,848
16.0,848
16.0,848
16.0,848
16.0,848
16.0,848
16.0,848
16.0,848
16.0,848
16.0,848
16.0,848
16.0,848
16.0,848
16.0,848
16.0,848
16.0,848
16.0,848
16.0,848
16.0,848
16.0,848
16.0,848
16.0,848
16.0,848
16.0,848
16.0,848
16.0,848
16.0,848
16.0,848
16.0,848
16.0,848
16.0,848
16.0,848
16.0,848
16.0,848
16.0,848
16.0,848
16.0,848
16.0,848
16.0,848
16.0,848
16.0,848
16.0,848
16.0,848
16.0,848
16.0,848
16.0,848
16.0,848
16.0,848
16.0,848
16.0,848
16.0,848
16.0,848
16.0,848
16.0,848
16.0,848
16.0,848
16.0,848
16.0,848
16.0,848
16.0,848
16.0,848
16.0,848
16.0,848
16.0,848
16.0,848
16.0,848
16.0,848
16.0,848
16.0,848
16.0,848
16.0,848
16.0,848
16.0,848
16.0,848
16.0,848
16.0,848
16.0,848
16.0,848
16.0,848
16.0,848
16.0,848
16.0,848
16.0,848
16.0,848
16.0,848
16.0,848
16.0,848
16.0,848
16.0,848
16.0,848
16.0,848
16.0,848
16.0,848
16.0,848
16.0,848
16.0,848
16.0,848
16.0,848
16.0,849
16.0,849
16.0,850
16.0,851
16.1,852
16.1,853
16.1,854
16.2,854
16.2,855
16.2,856
16.2,857
16.2,856
16.2,857
16.2,858
16.2,859
16.2,859
16.3,860
16.3,861
16.3,862
16.3,863
16.3,864
16.3,863
16.3,864
16.3,865
16.4,866
16.4,867
16.4,868
16.4,869
16.4,869
16.5,870
16.5,871
16.5,870
16.5,870
16.5,871
16.5,872
16.5,871
16.5,872
16.5,871
16.5,872
16.5,873
16.6,874
16.6,875
16.6,876
16.6,877
16.6,878
16.7,877
16.7,877
16.7,876
16.7,877
16.7,876
16.7,875
16.7,876
16.7,877
16.8,878
16.8,879
16.8,880
16.8,880
16.8,881
16.8,882
16.8,883
16.8,884
16.8,885
16.9,885
16.9,884
17.0,885
17.0,886
17.0,887
17.0,888
17.0,889
17.0,890
17.1,890
17.1,890
17.1,891
17.1,892
17.1,892
17.1,893
17.1,892
17.2,891
17.2,892
17.2,892
17.2,893
17.2,892
17.3,893
17.3,893
17.3,892
17.3,892
17.3,891
17.4,892
17.4,891
17.4,891
17.4,891
17.4,892
17.4,893
17.4,893
17.4,894
17.4,893
17.5,893
17.5,894
17.5,893
17.5,894
17.5,895
17.5,896
17.5,897
17.6,896
17.6,895
17.6,896
17.6,897
17.6,896
17.6,897
17.7,898
17.7,899
17.7,898
17.7,898
17.7,899
17.8,900
17.8,901
17.8,902
17.8,903
17.8,902
17.8,903
17.8,904
17.9,903
17.9,904
17.9,905
17.9,906
17.9,907
17.9,908
17.9,909
18.0,910
18.0,910
18.0,911
18.0,911
18.0,912
18.0,913
18.1,914
18.1,914
18.1,915
18.1,916
18.2,917
18.2,917
18.2,918
18.2,919
18.2,920
18.2,921
18.2,922
18.2,923
18.2,924
18.2,925
18.3,925
18.3,925
18.3,924
18.3,925
18.3,926
18.3,927
18.3,928
18.4,929
18.4,929
18.4,930
18.4,931
18.4,932
18.4,933
18.5,932
18.5,933
18.5,932
18.5,933
18.5,932
18.5,933
18.5,934
18.5,935
18.5,936
18.6,937
18.6,937
18.6,938
18.6,939
18.7,940
18.7,940
18.7,941
18.7,940
18.7,939
18.7,940
18.7,940
18.8,940
18.8,939
18.8,940
18.8,940
18.8,941
18.8,942
18.8,943
18.8,943
18.8,944
18.8,945
18.8,946
18.9,947
18.9,946
18.9,946
18.9,947
18.9,948
18.9,949
18.9,950
18.9,951
18.9,952
19.0,953
19.0,954
19.0,955
19.0,956
19.0,957
19.0,957
19.0,956
19.0,955
19.1,956
19.1,956
19.1,956
19.1,957
19.1,958
19.1,959
19.1,960
19.1,961
19.2,962
19.2,963
19.2,964
19.2,965
19.2,966
19.2,967
19.2,968
19.3,969
19.3,968
19.3,967
19.3,966
19.3,966
19.3,965
19.3,966
19.3,967
19.4,966
19.4,966
19.4,967
19.4,967
19.4,966
19.4,967
19.4,968
19.4,969
19.5,970
19.5,971
19.5,972
19.5,973
19.5,972
19.5,971
19.5,972
19.5,973
19.5,973
19.6,973
19.6,974
19.6,975
19.6,976
19.6,977
19.6,978
19.6,977
19.6,976
19.7,977
19.7,976
19.7,977
19.7,978
19.7,979
19.8,980
19.8,981
19.8,982
19.8,983
19.8,984
19.8,985
19.8,986
19.8,987
19.8,988
19.9,989
19.9,990
19.9,991
20.0,992
20.0,993
20.0,994
20.0,995
20.0,996
20.0,995
20.0,996
20.1,997
20.1,998
20.1,999
20.1,999
20.1,1000
20.1,1001
20.2,1002
20.2,1003
20.2,1004
20.3,1003
20.3,1002
20.3,1001
20.3,1002
20.4,1002
20.4,1003
20.4,1004
20.4,1005
20.5,1006
20.5,1007
20.5,1007
20.5,1008
20.6,1007
20.6,1008
20.6,1009
20.6,1010
20.6,1011
20.6,1012
20.6,1011
20.7,1012
20.7,1013
20.7,1013
20.7,1014
20.7,1015
20.8,1014
20.8,1014
20.8,1015
20.9,1016
20.9,1017
20.9,1018
21.0,1017
21.0,1018
21.0,1019
21.0,1018
21.0,1019
21.0,1020
21.1,1019
21.1,1019
21.1,1020
21.1,1019
21.1,1020
21.1,1020
21.2,1020
21.2,1021
21.2,1022
21.2,1023
21.2,1024
21.3,1025
21.3,1026
21.3,1027
21.3,1026
21.3,1027
21.4,1028
21.4,1029
21.4,1030
21.5,1031
21.5,1030
21.5,1031
21.5,1030
21.5,1031
21.5,1032
21.6,1031
21.6,1032
21.6,1031
21.6,1032
21.6,1033
21.6,1034
21.6,1033
21.6,1034
21.6,1034
21.6,1035
21.6,1035
21.7,1036
21.7,1037
21.7,1037
21.7,1038
21.7,1039
21.7,1040
21.7,1039
21.7,1040
21.7,1041
21.7,1042
21.7,1043
21.7,1043
21.7,1044
21.7,1043
21.8,1044
21.8,1045
21.8,1046
21.8,1045
21.8,1045
21.9,1046
21.9,1047
21.9,1048
21.9,1048
21.9,1049
21.9,1050
21.9,1051
21.9,1052
21.9,1053
21.9,1052
22.0,1053
22.0,1054
22.0,1054
22.0,1054
22.0,1055
22.0,1056
22.0,1057
22.0,1056
22.0,1055
22.1,1054
22.1,1055
22.1,1054
22.1,1055
22.1,1054
22.1,1055
22.1,1056
22.1,1057
22.1,1058
22.2,1059
22.2,1060
22.2,1059
22.2,1060
22.2,1061
22.2,1060
22.2,1061
22.2,1062
22.2,1063
22.3,1064
22.3,1063
22.3,1064
22.4,1063
22.5,1064
22.5,1065
22.5,1066
22.5,1067
22.5,1066
22.5,1067
22.5,1068
22.5,1067
22.5,1068
22.5,1069
22.6,1070
22.6,1071
22.6,1072
22.6,1071
22.6,1070
22.6,1071
22.7,1070
22.7,1071
22.7,1072
22.7,1073
22.7,1073
22.7,1072
22.7,1073
22.7,1074
22.8,1073
22.8,1074
22.8,1075
22.8,1074
22.9,1075
22.9,1076
22.9,1077
22.9,1078
23.0,1077
23.0,1076
23.0,1075
23.1,1076
23.1,1077
23.1,1078
23.2,1079
23.2,1080
23.2,1081
23.2,1082
23.2,1083
23.2,1083
23.2,1084
23.3,1085
23.3,1086
23.4,1085
23.4,1086
23.4,1087
23.4,1088
23.4,1089
23.5,1090
23.5,1091
23.5,1090
23.5,1091
23.5,1092
23.5,1093
23.5,1093
23.5,1094
23.5,1093
23.5,1092
23.5,1093
23.6,1094
23.6,1095
23.7,1096
23.7,1097
23.7,1098
23.7,1099
23.8,1100
23.8,1099
23.8,1100
23.8,1101
23.9,1100
23.9,1101
23.9,1101
23.9,1102
23.9,1102
23.9,1101
23.9,1102
23.9,1103
23.9,1104
23.9,1105
23.9,1104
23.9,1105
24.0,1106
24.0,1105
24.0,1106
24.0,1107
24.0,1107
24.0,1106
24.0,1105
24.0,1106
24.1,1107
24.1,1108
24.1,1109
24.1,1110
24.1,1111
24.1,1112
24.2,1113
24.2,1114
24.2,1115
24.2,1114
24.2,1115
24.2,1116
24.2,1117
24.2,1118
24.2,1119
24.3,1119
24.3,1120
24.3,1121
24.3,1122
24.3,1123
24.3,1124
24.3,1123
24.3,1122
24.3,1123
24.3,1124
24.4,1123
24.4,1122
24.4,1123
24.4,1124
24.5,1125
24.5,1126
24.5,1126
24.5,1127
24.5,1128
24.6,1129
24.6,1130
24.6,1131
24.6,1132
24.6,1133
24.7,1134
24.7,1135
24.7,1134
24.7,1135
24.7,1136
24.8,1137
24.8,1138
24.8,1139
24.8,1140
24.8,1141
24.8,1142
24.8,1143
24.8,1144
24.8,1145
24.9,1146
24.9,1147
24.9,1146
24.9,1147
24.9,1148
24.9,1149
24.9,1148
25.0,1149
25.0,1150
25.0,1151
25.0,1150
25.0,1151
25.0,1152
25.1,1153
25.1,1154
25.1,1155
25.1,1154
25.1,1153
25.2,1154
25.2,1153
25.2,1154
25.2,1155
25.2,1155
25.2,1156
25.2,1157
25.2,1156
25.3,1157
25.3,1156
25.3,1157
25.3,1158
25.4,1159
25.4,1159
25.4,1160
25.4,1161
25.4,1160
25.4,1159
25.5,1160
25.5,1161
25.5,1161
25.5,1162
25.5,1163
25.5,1162
25.5,1163
25.5,1162
25.5,1163
25.5,1164
25.6,1165
25.6,1164
25.6,1165
25.6,1165
25.6,1165
25.6,1166
25.6,1167
25.7,1168
25.7,1169
25.7,1170
25.7,1169
25.8,1168
25.8,1169
25.8,1168
25.8,1169
25.8,1170
25.9,1170
25.9,1169
25.9,1170
26.0,1169
26.0,1170
26.0,1171
26.0,1172
26.0,1171
26.0,1172
26.0,1173
26.0,1174
26.0,1175
26.1,1174
26.1,1173
26.1,1172
26.1,1173
26.1,1172
26.1,1173
26.1,1172
26.1,1173
26.1,1173
26.2,1172
26.2,1173
26.2,1174
26.2,1173
26.2,1174
26.3,1173
26.3,1174
26.3,1174
26.3,1175
26.3,1175
26.3,1176
26.3,1177
26.3,1178
26.4,1179
26.4,1178
26.4,1179
26.4,1180
26.4,1179
26.4,1180
26.4,1181
26.4,1182
26.4,1181
26.4,1180
26.4,1181
26.4,1180
26.5,1179
26.5,1180
26.5,1179
26.5,1180
26.5,1179
26.6,1180
26.6,1181
26.6,1180
26.6,1181
26.6,1182
26.6,1183
26.7,1182
26.7,1183
26.7,1183
26.7,1184
26.7,1185
26.7,1184
26.8,1183
26.8,1183
26.8,1182
26.8,1181
26.8,1182
26.8,1183
26.9,1184
26.9,1185
26.9,1186
26.9,1187
26.9,1188
26.9,1189
26.9,1188
26.9,1189
27.0,1189
27.0,1190
27.0,1189
27.0,1190
27.0,1191
27.0,1192
27.0,1193
27.0,1194
27.0,1195
27.1,1196
27.1,1195
27.1,1196
27.1,1197
27.2,1196
27.2,1197
27.2,1198
27.2,1197
27.2,1198
27.2,1197
27.2,1198
27.3,1199
27.3,1200
27.3,1201
27.3,1200
27.3,1199
27.3,1198
27.3,1199
27.4,1198
27.4,1198
27.4,1199
27.4,1200
27.5,1199
27.5,1199
27.5,1200
27.5,1201
27.5,1202
27.5,1201
27.5,1202
27.6,1203
27.6,1204
27.6,1205
27.6,1206
27.6,1207
27.6,1208
27.6,1209
27.6,1210
27.6,1209
27.6,1210
27.7,1209
27.7,1210
27.7,1211
27.7,1212
27.7,1213
27.8,1214
27.8,1215
27.8,1216
27.8,1217
27.8,1216
27.8,1215
27.8,1216
27.8,1217
27.8,1218
27.8,1217
27.8,1218
27.8,1219
27.8,1220
27.8,1219
27.9,1219
27.9,1220
27.9,1221
27.9,1222
27.9,1223
27.9,1222
27.9,1223
27.9,1224
27.9,1225
28.0,1226
28.0,1227
28.0,1228
28.0,1229
28.0,1230
28.0,1229
28.1,1230
28.1,1229
28.1,1228
28.1,1227
28.1,1226
28.2,1227
28.2,1227
28.2,1228
28.2,1229
28.2,1230
28.2,1231
28.2,1232
28.2,1233
28.2,1234
28.3,1235
28.3,1236
28.3,1237
28.3,1238
28.3,1239
28.4,1238
28.4,1239
28.4,1238
28.4,1239
28.5,1240
28.5,1241
28.6,1242
28.6,1243
28.6,1244
28.6,1245
28.6,1246
28.7,1247
28.7,1248
28.7,1248
28.7,1248
28.7,1249
28.7,1250
28.7,1249
28.7,1250
28.8,1251
28.8,1252
28.8,1251
28.8,1252
28.8,1253
28.8,1254
28.9,1255
28.9,1256
28.9,1257
28.9,1258
28.9,1259
28.9,1260
29.0,1261
29.0,1262
29.0,1263
29.0,1262
29.0,1263
29.0,1262
29.1,1261
29.1,1262
29.1,1263
29.1,1262
29.2,1261
29.2,1262
29.2,1261
29.2,1262
29.2,1261
29.3,1262
29.3,1263
29.3,1264
29.3,1265
29.4,1264
29.4,1265
29.4,1266
29.5,1267
29.5,1268
29.5,1269
29.5,1270
29.5,1271
29.5,1272
29.5,1273
29.5,1274
29.5,1273
29.5,1274
29.6,1275
29.6,1276
29.6,1277
29.6,1278
29.6,1279
29.6,1279
29.6,1278
29.7,1279
29.7,1280
29.8,1281
29.8,1282
29.8,1283
29.8,1282
29.8,1283
29.9,1282
29.9,1282
29.9,1283
29.9,1282
29.9,1281
29.9,1282
29.9,1283
30.0,1284
30.0,1285
30.0,1286
30.0,1287
30.0,1286
30.0,1287
30.0,1288
30.1,1288
30.1,1289
30.1,1289
30.1,1288
30.2,1287
30.2,1288
30.2,1289
30.2,1290
30.2,1290
30.2,1289
30.2,1290
30.2,1291
30.3,1290
30.3,1291
30.3,1292
30.3,1293
30.3,1294
30.4,1293
30.4,1294
30.4,1295
30.4,1294
30.4,1295
30.4,1294
30.4,1295
30.4,1296
30.4,1297
30.4,1298
30.5,1299
30.5,1300
30.5,1301
30.5,1300
30.5,1301
30.5,1302
30.5,1303
30.5,1302
30.5,1303
30.5,1302
30.6,1303
30.6,1304
30.6,1305
30.6,1306
30.6,1307
30.6,1307
30.6,1308
30.6,1307
30.7,1306
30.7,1307
30.8,1306
30.8,1307
30.8,1308
30.8,1309
30.9,1310
30.9,1311
30.9,1312
30.9,1313
30.9,1313
30.9,1314
30.9,1315
31.0,1316
31.0,1317
31.0,1318
31.0,1317
31.0,1316
31.1,1315
31.2,1316
31.2,1317
31.2,1318
31.2,1319
31.3,1320
31.3,1319
31.3,1320
31.3,1319
31.4,1320
31.4,1321
31.4,1322
31.4,1323
31.4,1324
31.4,1325
31.4,1324
31.4,1325
31.4,1324
31.4,1323
31.4,1322
31.4,1323
31.4,1322
31.5,1321
31.5,1320
31.5,1321
31.5,1322
31.5,1323
31.5,1324
31.6,1324
31.6,1325
31.6,1326
31.6,1327
31.7,1326
31.7,1325
31.7,1324
31.7,1325
31.8,1324
31.8,1325
31.8,1324
31.8,1325
31.8,1324
31.8,1325
31.8,1324
31.8,1323
31.9,1324
31.9,1325
31.9,1326
31.9,1327
31.9,1328
31.9,1327
31.9,1328
31.9,1327
31.9,1328
31.9,1329
31.9,1330
31.9,1331
32.0,1330
32.0,1330
32.0,1331
32.0,1331
32.0,1332
32.0,1333
32.0,1332
32.0,1332
32.0,1331
32.0,1332
32.1,1333
32.1,1334
32.1,1335
32.1,1335
32.1,1336
32.1,1337
32.1,1338
32.1,1338
32.2,1339
32.2,1339
32.2,1339
32.2,1340
32.2,1341
32.2,1341
32.2,1340
32.2,1341
32.3,1342
32.3,1343
32.3,1344
32.3,1345
32.3,1345
32.3,1344
32.3,1344
32.3,1345
32.3,1345
32.3,1345
32.3,1346
32.4,1346
32.4,1345
32.4,1345
32.4,1344
32.4,1343
32.4,1342
32.4,1341
32.4,1342
32.4,1343
32.4,1343
32.5,1343
32.5,1344
32.5,1344
32.5,1345
32.5,1344
32.5,1344
32.5,1345
32.5,1344
32.5,1345
32.5,1345
32.5,1344
32.5,1345
32.6,1346
32.6,1346
32.6,1345
32.6,1346
32.6,1345
32.6,1345
32.6,1344
32.6,1344
32.6,1345
32.7,1346
32.7,1345
32.7,1346
32.7,1347
32.7,1348
32.7,1349
32.8,1350
32.8,1350
32.8,1349
32.8,1350
32.8,1350
32.8,1349
32.8,1350
32.8,1349
32.8,1350
32.8,1351
32.8,1352
32.8,1351
32.9,1350
32.9,1351
32.9,1350
32.9,1351
32.9,1350
33.0,1351
33.0,1352
33.0,1352
33.0,1352
33.0,1353
33.0,1353
33.1,1354
33.1,1353
33.1,1352
33.1,1352
33.1,1353
33.1,1354
33.1,1353
33.1,1353
33.2,1352
33.2,1353
33.2,1352
33.2,1353
33.3,1352
33.3,1352
33.3,1353
33.3,1352
33.3,1353
33.3,1354
33.3,1355
33.4,1354
33.4,1354
33.4,1355
33.4,1354
33.4,1354
33.4,1355
33.4,1356
33.4,1357
33.4,1358
33.4,1357
33.4,1356
33.5,1356
33.5,1356
33.5,1355
33.5,1355
33.5,1355
33.5,1354
33.6,1354
33.6,1353
33.6,1354
33.6,1355
33.6,1356
33.6,1357
33.6,1358
33.6,1358
33.6,1357
33.6,1357
33.6,1358
33.6,1358
33.6,1357
33.7,1358
33.7,1359
33.7,1358
33.7,1359
33.7,1360
33.7,1360
33.7,1361
33.7,1362
33.7,1363
33.7,1364
33.7,1365
33.7,1366
33.8,1366
33.8,1366
33.8,1366
33.8,1367
33.8,1367
33.8,1368
33.8,1368
33.8,1367
33.8,1366
33.9,1367
33.9,1367
33.9,1368
33.9,1369
33.9,1369
33.9,1370
33.9,1371
33.9,1371
33.9,1371
33.9,1372
34.0,1372
34.0,1373
34.0,1373
34.0,1374
34.0,1375
34.0,1375
34.0,1376
34.1,1377
34.1,1376
34.1,1377
34.1,1377
34.1,1376
34.1,1377
34.1,1378
34.1,1379
34.1,1379
34.1,1378
34.2,1379
34.2,1379
34.2,1378
34.2,1379
34.2,1380
34.2,1380
34.2,1381
34.2,1382
34.2,1382
34.2,1383
34.2,1383
34.2,1383
34.2,1383
34.2,1383
34.3,1384
34.3,1385
34.3,1385
34.4,1386
34.4,1386
34.4,1386
34.4,1387
34.4,1387
34.5,1387
34.5,1388
34.5,1388
34.5,1388
34.5,1388
34.5,1388
34.6,1389
34.6,1390
34.6,1389
34.6,1390
34.6,1391
34.6,1391
34.6,1392
34.6,1393
34.6,1394
34.7,1394
34.7,1393
34.7,1392
34.7,1393
34.7,1393
34.7,1394
34.7,1395
34.7,1396
34.7,1396
34.7,1397
34.7,1398
34.7,1399
34.8,1398
34.8,1399
34.8,1399
34.8,1399
34.8,1399
34.8,1400
34.8,1400
34.8,1400
34.8,1401
34.8,1401
34.9,1400
34.9,1400
34.9,1400
34.9,1401
34.9,1401
34.9,1401
34.9,1401
34.9,1402
34.9,1401
35.0,1401
35.0,1402
35.0,1402
35.0,1403
35.0,1404
35.0,1403
35.0,1402
35.0,1401
35.1,1402
35.1,1401
35.1,1401
35.1,1402
35.1,1402
35.1,1403
35.1,1404
35.1,1403
35.1,1402
35.2,1402
35.2,1402
35.2,1402
35.2,1403
35.2,1404
35.2,1405
35.2,1404
35.2,1403
35.2,1402
35.2,1403
35.2,1404
35.3,1405
35.3,1404
35.3,1404
35.3,1403
35.3,1403
35.3,1403
35.3,1403
35.4,1404
35.4,1404
35.4,1404
35.4,1405
35.4,1406
35.4,1406
35.4,1406
35.4,1407
35.4,1407
35.4,1408
35.5,1409
35.5,1410
35.5,1410
35.5,1410
35.5,1411
35.5,1411
35.5,1412
35.5,1412
35.5,1413
35.5,1414
35.6,1415
35.6,1416
35.6,1416
35.6,1417
35.6,1418
35.6,1419
35.6,1419
35.6,1420
35.7,1421
35.7,1422
35.7,1423
35.7,1422
35.7,1422
35.7,1422
35.7,1423
35.7,1422
35.7,1421
35.7,1421
35.7,1421
35.7,1422
35.7,1423
35.8,1422
35.8,1422
35.8,1422
35.8,1423
35.8,1424
35.8,1425
35.8,1426
35.8,1426
35.8,1427
35.8,1427
35.8,1427
35.8,1426
35.8,1426
35.9,1427
35.9,1428
35.9,1427
35.9,1426
35.9,1425
35.9,1425
36.0,1425
36.0,1425
36.0,1425
36.0,1426
36.0,1427
36.0,1428
36.0,1429
36.0,1430
36.1,1431
36.1,1430
36.1,1429
36.1,1430
36.1,1429
36.1,1428
36.1,1428
36.1,1428
36.1,1427
36.2,1428
36.2,1429
36.2,1430
36.2,1429
36.2,1430
36.2,1431
36.2,1430
36.3,1431
36.3,1432
36.3,1433
36.3,1432
36.3,1433
36.3,1433
36.3,1434
36.4,1435
36.4,1436
36.4,1437
36.4,1438
36.4,1439
36.4,1440
36.4,1440
36.4,1440
36.4,1439
36.4,1440
36.5,1440
36.5,1441
36.5,1442
36.5,1443
36.5,1442
36.5,1442
36.5,1443
36.5,1444
36.5,1445
36.5,1445
36.5,1446
36.5,1447
36.5,1448
36.6,1449
36.6,1450
36.6,1451
36.6,1451
36.6,1452
36.6,1451
36.6,1452
36.6,1453
36.6,1454
36.7,1455
36.7,1455
36.7,1454
36.7,1455
36.7,1456
36.7,1457
36.7,1458
36.7,1458
36.7,1459
36.7,1460
36.7,1459
36.7,1460
36.7,1461
36.8,1460
36.8,1461
36.8,1460
36.8,1461
36.8,1461
36.9,1462
36.9,1462
36.9,1463
36.9,1464
36.9,1464
36.9,1463
36.9,1464
36.9,1465
36.9,1464
36.9,1463
36.9,1462
36.9,1463
36.9,1464
36.9,1463
37.0,1463
37.0,1463
37.0,1464
37.0,1465
37.0,1465
37.0,1466
37.0,1466
37.0,1467
37.0,1468
37.0,1468
37.1,1468
37.1,1468
37.1,1469
37.2,1468
37.2,1467
37.2,1467
37.2,1468
37.2,1467
37.2,1468
37.2,1469
37.2,1468
37.2,1468
37.2,1469
37.3,1470
37.3,1470
37.3,1469
37.3,1468
37.3,1469
37.3,1470
37.3,1471
37.3,1471
37.3,1472
37.3,1472
37.3,1473
37.3,1473
37.4,1473
37.4,1472
37.4,1472
37.4,1471
37.4,1471
37.4,1472
37.5,1473
37.5,1474
37.5,1474
37.5,1475
37.5,1476
37.5,1477
37.5,1476
37.5,1477
37.5,1478
37.5,1479
37.6,1480
37.6,1480
37.6,1481
37.6,1482
37.6,1483
37.6,1484
37.6,1485
37.6,1486
37.6,1485
37.7,1486
37.7,1486
37.7,1486
37.7,1487
37.7,1487
37.7,1487
37.7,1487
37.7,1487
37.7,1487
37.7,1487
37.7,1487
37.7,1486
37.7,1487
37.7,1487
37.7,1488
37.8,1489
37.8,1490
37.8,1491
37.8,1491
37.8,1492
37.8,1491
37.8,1491
37.8,1490
37.8,1491
37.9,1491
37.9,1492
37.9,1491
37.9,1492
37.9,1492
37.9,1491
37.9,1492
37.9,1493
37.9,1494
37.9,1495
37.9,1495
37.9,1495
37.9,1496
38.0,1496
38.0,1496
38.0,1495
38.0,1495
38.0,1495
38.0,1496
38.1,1497
38.1,1498
38.1,1497
38.1,1498
38.1,1499
38.1,1499
38.1,1498
38.1,1499
38.1,1500
38.1,1500
38.1,1501
38.1,1502
38.1,1503
38.1,1503
38.1,1503
38.1,1504
38.2,1505
38.2,1505
38.2,1505
38.2,1506
38.2,1506
38.2,1506
38.2,1506
38.2,1506
38.3,1507
38.3,1507
38.3,1508
38.3,1509
38.3,1510
38.4,1509
38.4,1508
38.4,1507
38.4,1508
38.4,1509
38.4,1510
38.4,1511
38.4,1512
38.4,1513
38.5,1514
38.5,1514
38.5,1515
38.5,1516
38.5,1515
38.5,1515
38.5,1514
38.5,1515
38.5,1516
38.5,1517
38.5,1518
38.5,1518
38.5,1518
38.5,1518
38.6,1518
38.6,1519
38.6,1520
38.6,1519
38.6,1519
38.6,1518
38.6,1519
38.7,1520
38.7,1521
38.7,1520
38.7,1521
38.7,1522
38.7,1522
38.7,1522
38.7,1521
38.7,1522
38.7,1522
38.7,1522
38.7,1521
38.7,1521
38.7,1522
38.8,1523
38.8,1522
38.8,1521
38.8,1520
38.8,1519
38.8,1518
38.8,1519
38.8,1520
38.9,1521
38.9,1522
38.9,1523
38.9,1524
38.9,1524
38.9,1525
38.9,1526
38.9,1525
38.9,1524
38.9,1525
38.9,1526
39.0,1527
39.0,1528
39.0,1529
39.0,1530
39.0,1529
39.0,1530
39.0,1531
39.1,1532
39.1,1532
39.1,1533
39.1,1534
39.1,1535
39.1,1535
39.1,1536
39.1,1537
39.1,1537
39.2,1536
39.2,1535
39.2,1535
39.2,1536
39.2,1537
39.2,1538
39.2,1538
39.2,1539
39.2,1539
39.2,1540
39.2,1541
39.3,1540
39.3,1541
39.3,1541
39.3,1542
39.3,1543
39.3,1542
39.3,1542
39.3,1543
39.3,1544
39.3,1545
39.3,1546
39.4,1547
39.4,1546
39.4,1545
39.4,1546
39.4,1547
39.4,1547
39.5,1548
39.5,1548
39.5,1548
39.5,1548
39.5,1549
39.5,1549
39.6,1550
39.6,1551
39.6,1550
39.6,1551
39.6,1552
39.7,1552
39.7,1553
39.7,1554
39.7,1554
39.7,1554
39.7,1554
39.7,1553
39.7,1554
39.7,1555
39.7,1554
39.7,1555
39.8,1554
39.8,1553
39.8,1554
39.8,1554
39.8,1553
39.8,1554
39.8,1553
39.8,1553
39.8,1552
39.9,1553
39.9,1554
39.9,1555
39.9,1556
39.9,1555
39.9,1556
39.9,1557
39.9,1558
39.9,1558
39.9,1558
39.9,1558
40.0,1557
40.0,1558
40.0,1557
40.0,1556
40.0,1557
40.0,1557
40.0,1556
40.0,1557
40.1,1557
40.1,1557
40.1,1557
40.1,1558
40.2,1557
40.2,1558
40.2,1559
40.2,1559
40.2,1559
40.2,1559
40.2,1558
40.2,1559
40.2,1558
40.2,1559
40.2,1558
40.2,1558
40.2,1559
40.3,1560
40.3,1559
40.3,1560
40.3,1560
40.3,1559
40.4,1560
40.4,1559
40.4,1559
40.4,1558
40.4,1557
40.4,1556
40.4,1555
40.4,1556
40.5,1556
40.5,1555
40.5,1556
40.5,1555
40.6,1555
40.6,1554
40.6,1553
40.6,1554
40.6,1554
40.6,1555
40.6,1554
40.6,1554
40.6,1553
40.7,1553
40.7,1552
40.7,1551
40.7,1552
40.8,1552
40.8,1552
40.8,1552
40.8,1552
40.8,1551
40.8,1550
40.8,1549
40.8,1550
40.8,1550
40.9,1550
40.9,1550
40.9,1549
40.9,1549
40.9,1548
40.9,1549
40.9,1550
40.9,1550
40.9,1549
40.9,1549
40.9,1548
41.0,1547
41.0,1546
41.0,1545
41.0,1545
41.0,1546
41.0,1546
41.0,1546
41.0,1546
41.1,1547
41.2,1547
41.2,1546
41.2,1546
41.2,1547
41.2,1548
41.2,1547
41.2,1548
41.2,1547
41.3,1548
41.3,1547
41.3,1548
41.3,1549
41.3,1549
41.3,1549
41.3,1549
41.4,1548
41.4,1547
41.4,1548
41.4,1549
41.4,1550
41.4,1550
41.4,1550
41.4,1550
41.5,1549
41.5,1549
41.5,1549
41.5,1550
41.5,1550
41.5,1550
41.5,1550
41.5,1550
41.5,1551
41.5,1552
41.6,1553
41.6,1552
41.6,1553
41.6,1554
41.6,1554
41.6,1554
41.6,1554
41.7,1553
41.7,1553
41.7,1553
41.7,1553
41.7,1554
41.7,1553
41.7,1552
41.7,1551
41.8,1552
41.8,1553
41.8,1552
41.8,1551
41.8,1550
41.8,1551
41.8,1551
41.8,1551
41.9,1551
41.9,1552
41.9,1553
41.9,1553
42.0,1554
42.0,1554
42.0,1553
42.0,1553
42.0,1554
42.0,1555
42.1,1556
42.1,1555
42.1,1556
42.1,1556
42.1,1555
42.1,1556
42.1,1555
42.1,1556
42.1,1557
42.2,1558
42.2,1558
42.2,1558
42.2,1559
42.3,1558
42.3,1557
42.3,1557
42.3,1557
42.3,1556
42.3,1555
42.3,1555
42.4,1555
42.4,1554
42.4,1555
42.4,1555
42.4,1555
42.4,1556
42.4,1556
42.4,1557
42.5,1558
42.5,1558
42.5,1559
42.5,1559
42.5,1560
42.5,1559
42.5,1560
42.6,1561
42.6,1560
42.6,1561
42.6,1562
42.6,1561
42.6,1562
42.6,1562
42.7,1563
42.7,1563
42.7,1563
42.7,1562
42.7,1562
42.7,1563
42.7,1564
42.8,1565
42.8,1566
42.8,1565
42.8,1565
42.8,1565
42.9,1565
42.9,1564
42.9,1564
42.9,1564
42.9,1563
42.9,1563
42.9,1563
42.9,1564
42.9,1564
42.9,1565
42.9,1565
43.0,1565
43.0,1566
43.0,1566
43.0,1566
43.0,1565
43.1,1566
43.1,1567
43.1,1568
43.1,1569
43.2,1570
43.2,1571
43.2,1571
43.2,1570
43.2,1571
43.3,1571
43.3,1572
43.3,1571
43.3,1571
43.3,1572
43.3,1573
43.4,1573
43.4,1574
43.4,1573
43.4,1574
43.5,1573
43.5,1573
43.5,1574
43.5,1574
43.5,1574
43.5,1573
43.5,1574
43.5,1574
43.5,1573
43.5,1574
43.6,1574
43.6,1574
43.6,1575
43.6,1575
43.6,1575
43.6,1574
43.6,1574
43.6,1575
43.6,1575
43.6,1574
43.6,1573
43.6,1573
43.6,1573
43.7,1574
43.7,1575
43.7,1574
43.7,1574
43.8,1574
43.8,1574
43.8,1574
43.8,1574
43.8,1574
43.8,1574
43.8,1575
43.8,1574
43.8,1574
43.8,1575
43.8,1574
43.8,1574
43.8,1575
43.8,1574
43.9,1574
43.9,1575
43.9,1574
43.9,1575
43.9,1574
43.9,1574
44.0,1575
44.0,1576
44.0,1575
44.0,1576
44.0,1577
44.0,1577
44.1,1578
44.1,1579
44.1,1578
44.2,1578
44.2,1578
44.2,1579
44.2,1580
44.2,1580
44.2,1580
44.2,1579
44.2,1579
44.3,1579
44.3,1578
44.3,1577
44.3,1577
44.3,1577
44.3,1577
44.3,1577
44.3,1578
44.4,1579
44.4,1578
44.4,1578
44.4,1578
44.4,1578
44.4,1577
44.4,1576
44.5,1576
44.5,1577
44.5,1578
44.5,1577
44.5,1576
44.5,1577
44.5,1576
44.5,1576
44.6,1575
44.7,1575
44.7,1576
44.7,1577
44.7,1576
44.7,1576
44.7,1576
44.8,1576
44.8,1575
44.8,1575
44.8,1574
44.8,1574
44.8,1575
44.8,1576
44.8,1577
44.8,1578
44.8,1578
44.8,1579
44.8,1578
44.8,1577
44.8,1578
44.9,1578
44.9,1579
44.9,1579
44.9,1579
44.9,1579
44.9,1580
45.0,1580
45.0,1580
45.0,1581
45.0,1580
45.0,1581
45.0,1581
45.0,1582
45.1,1583
45.1,1582
45.2,1583
45.2,1584
45.2,1585
45.2,1584
45.2,1583
45.2,1584
45.2,1585
45.2,1585
45.2,1586
45.2,1587
45.2,1587
45.2,1588
45.3,1587
45.3,1588
45.3,1587
45.3,1586
45.3,1585
45.3,1584
45.3,1583
45.3,1584
45.3,1584
45.3,1584
45.4,1585
45.4,1586
45.4,1587
45.4,1587
45.4,1587
45.5,1588
45.5,1587
45.5,1588
45.5,1588
45.5,1589
45.5,1589
45.5,1589
45.5,1589
45.5,1589
45.5,1588
45.5,1589
45.5,1588
45.5,1588
45.5,1589
45.6,1590
45.6,1589
45.6,1590
45.6,1590
45.6,1589
45.6,1590
45.6,1591
45.6,1591
45.6,1592
45.6,1591
45.6,1590
45.6,1591
45.7,1590
45.7,1589
45.7,1588
45.7,1588
45.7,1589
45.7,1590
45.8,1589
45.8,1589
45.8,1590
45.8,1590
45.9,1591
45.9,1592
45.9,1593
45.9,1592
45.9,1593
45.9,1592
45.9,1593
46.0,1593
46.0,1593
46.0,1593
46.0,1593
46.0,1593
46.0,1594
46.0,1595
46.0,1594
46.1,1595
46.1,1596
46.1,1597
46.1,1598
46.1,1597
46.1,1597
46.1,1598
46.1,1597
46.1,1596
46.1,1595
46.2,1594
46.2,1594
46.2,1593
46.2,1593
46.2,1592
46.2,1592
46.2,1593
46.2,1594
46.2,1595
46.2,1595
46.3,1596
46.3,1597
46.3,1596
46.3,1597
46.3,1598
46.3,1599
46.3,1600
46.3,1600
46.3,1600
46.4,1601
46.4,1602
46.4,1603
46.4,1603
46.4,1604
46.4,1604
46.4,1604
46.4,1603
46.4,1603
46.5,1604
46.5,1603
46.5,1603
46.5,1603
46.5,1604
46.5,1604
46.5,1603
46.5,1604
46.5,1604
46.5,1605
46.5,1606
46.5,1605
46.5,1605
46.5,1606
46.6,1607
46.6,1608
46.6,1609
46.6,1610
46.6,1611
46.7,1610
46.7,1611
46.7,1612
46.7,1611
46.7,1610
46.8,1609
46.8,1609
46.8,1608
46.8,1607
46.8,1608
46.8,1609
46.8,1610
46.9,1611
46.9,1612
46.9,1611
46.9,1612
46.9,1612
46.9,1612
47.0,1612
47.0,1613
47.0,1614
47.0,1613
47.0,1612
47.0,1613
47.0,1614
47.0,1614
47.0,1614
47.0,1613
47.0,1614
47.0,1615
47.0,1616
47.1,1617
47.1,1616
47.2,1617
47.2,1617
47.2,1617
47.2,1618
47.2,1619
47.3,1620
47.3,1620
47.3,1621
47.3,1622
47.3,1622
47.3,1621
47.3,1621
47.4,1620
47.4,1620
47.4,1620
47.4,1621
47.4,1622
47.4,1621
47.4,1621
47.4,1622
47.4,1622
47.4,1621
47.4,1622
47.5,1623
47.5,1624
47.5,1624
47.5,1624
47.5,1624
47.6,1623
47.6,1624
47.6,1625
47.6,1626
47.6,1626
47.7,1627
47.7,1626
47.7,1627
47.7,1627
47.7,1628
47.7,1628
47.8,1627
47.8,1628
47.8,1628
47.8,1628
47.8,1629
47.8,1630
47.8,1631
47.8,1632
47.8,1632
47.8,1632
47.9,1632
47.9,1631
47.9,1630
47.9,1630
47.9,1631
47.9,1632
47.9,1631
47.9,1632
47.9,1632
47.9,1633
47.9,1634
47.9,1634
47.9,1635
47.9,1634
47.9,1634
48.0,1633
48.0,1632
48.0,1633
48.0,1633
48.0,1633
48.0,1634
48.1,1634
48.1,1634
48.1,1633
48.1,1633
48.1,1632
48.1,1633
48.1,1632
48.1,1632
48.1,1631
48.2,1630
48.2,1629
48.2,1630
48.2,1629
48.2,1629
48.2,1628
48.2,1627
48.2,1628
48.2,1627
48.2,1626
48.2,1627
48.3,1627
48.3,1626
48.3,1626
48.3,1627
48.3,1628
48.3,1628
48.3,1629
48.4,1628
48.4,1627
48.4,1628
48.4,1627
48.4,1628
48.4,1628
48.4,1627
48.4,1628
48.4,1627
48.4,1626
48.5,1627
48.5,1628
48.5,1628
48.5,1629
48.5,1628
48.5,1629
48.5,1629
48.5,1630
48.5,1631
48.6,1631
48.6,1632
48.6,1631
48.6,1632
48.6,1631
48.6,1631
48.6,1630
48.6,1631
48.6,1630
48.6,1631
48.6,1630
48.6,1629
48.6,1630
48.7,1629
48.7,1628
48.7,1628
48.7,1627
48.7,1626
48.7,1627
48.7,1628
48.7,1628
48.8,1627
48.8,1628
48.8,1629
48.8,1629
48.8,1629
48.8,1630
48.8,1630
48.8,1630
48.8,1631
48.8,1632
48.8,1632
48.8,1632
48.8,1633
48.8,1634
48.9,1633
48.9,1633
48.9,1633
48.9,1632
48.9,1631
48.9,1630
49.0,1630
49.0,1630
49.0,1631
49.0,1630
49.0,1631
49.0,1632
49.0,1633
49.0,1634
49.0,1633
49.0,1634
49.1,1634
49.1,1635
49.1,1634
49.1,1633
49.1,1633
49.1,1633
49.1,1633
49.2,1634
49.2,1633
49.2,1633
49.2,1634
49.2,1633
49.2,1634
49.2,1633
49.2,1633
49.3,1632
49.3,1633
49.3,1633
49.3,1634
49.3,1633
49.3,1633
49.3,1633
49.4,1633
49.4,1634
49.4,1634
49.4,1633
49.4,1632
49.4,1633
49.5,1633
49.5,1632
49.5,1633
49.5,1634
49.5,1633
49.5,1632
49.5,1631
49.5,1630
49.5,1629
49.5,1630
49.5,1629
49.5,1630
49.5,1631
49.5,1632
49.6,1631
49.6,1631
49.6,1631
49.6,1630
49.6,1630
49.6,1631
49.6,1632
49.6,1631
49.6,1632
49.6,1631
49.6,1632
49.6,1631
49.6,1630
49.6,1630
49.6,1631
49.6,1632
49.7,1631
49.7,1631
49.7,1632
49.7,1632
49.7,1632
49.7,1633
49.7,1632
49.7,1631
49.7,1632
49.7,1631
49.7,1631
49.7,1631
49.8,1632
49.8,1633
49.8,1633
49.8,1632
49.8,1631
49.8,1632
49.8,1633
49.9,1634
49.9,1635
49.9,1635
49.9,1636
49.9,1635
49.9,1635
49.9,1636
50.0,1636
50.0,1637
50.0,1638
50.0,1637
50.0,1637
50.0,1636
50.0,1635
50.0,1635
50.0,1634
50.1,1633
50.1,1633
50.1,1634
50.1,1633
50.1,1634
50.1,1635
50.1,1634
50.1,1634
50.1,1634
50.1,1635
50.2,1635
50.2,1636
50.2,1636
50.2,1637
50.2,1636
50.2,1636
50.2,1636
50.2,1635
50.2,1636
50.3,1635
50.3,1636
50.3,1636
50.3,1637
50.3,1637
50.4,1636
50.4,1637
50.4,1636
50.4,1637
50.4,1637
50.4,1638
50.4,1639
50.4,1639
50.4,1640
50.4,1641
50.5,1642
50.5,1641
50.5,1642
50.5,1643
50.5,1644
50.5,1645
50.5,1644
50.5,1645
50.6,1645
50.6,1646
50.6,1645
50.6,1645
50.6,1646
50.6,1646
50.6,1645
50.6,1644
50.6,1644
50.7,1645
50.7,1644
50.7,1644
50.7,1645
50.7,1645
50.7,1646
50.7,1646
50.7,1647
50.8,1646
50.8,1645
50.8,1645
50.8,1644
50.8,1645
50.8,1645
50.8,1645
50.9,1646
50.9,1645
50.9,1646
50.9,1645
50.9,1644
50.9,1645
50.9,1644
50.9,1643
50.9,1644
51.0,1643
51.0,1642
51.0,1641
51.0,1641
51.0,1642
51.0,1641
51.0,1640
51.0,1641
51.1,1641
51.1,1640
51.1,1639
51.1,1639
51.1,1640
51.1,1640
51.1,1641
51.1,1642
51.2,1643
51.2,1644
51.2,1645
51.2,1646
51.3,1645
51.3,1644
51.3,1645
51.3,1644
51.3,1645
51.3,1644
51.4,1645
51.4,1646
51.4,1645
51.4,1645
51.4,1646
51.4,1645
51.4,1645
51.4,1646
51.4,1645
51.4,1646
51.5,1645
51.5,1645
51.5,1645
51.5,1645
51.5,1646
51.5,1646
51.5,1646
51.5,1647
51.5,1646
51.5,1645
51.5,1644
51.5,1644
51.5,1645
51.6,1646
51.6,1647
51.6,1648
51.6,1647
51.6,1646
51.6,1647
51.6,1648
51.6,1648
51.6,1647
51.6,1647
51.6,1648
51.6,1647
51.6,1647
51.7,1646
51.7,1646
51.7,1645
51.7,1646
51.7,1646
51.7,1647
51.7,1646
51.7,1646
51.7,1646
51.7,1646
51.7,1647
51.7,1648
51.8,1648
51.8,1649
51.8,1649
51.8,1650
51.8,1651
51.8,1652
51.8,1651
51.9,1650
51.9,1650
51.9,1650
51.9,1649
51.9,1650
51.9,1651
51.9,1652
51.9,1653
51.9,1654
52.0,1655
52.0,1655
52.0,1654
52.0,1654
52.0,1654
52.0,1653
52.1,1654
52.1,1653
52.1,1654
52.1,1654
52.1,1655
52.1,1656
52.1,1657
52.1,1658
52.1,1657
52.2,1658
52.2,1657
52.2,1657
52.2,1657
52.2,1657
52.2,1657
52.2,1657
52.2,1658
52.2,1659
52.2,1660
52.2,1661
52.3,1660
52.3,1661
52.3,1661
52.3,1662
52.3,1663
52.3,1663
52.3,1663
52.3,1662
52.3,1662
52.3,1661
52.4,1660
52.4,1660
52.4,1661
52.4,1662
52.4,1662
52.4,1662
52.4,1661
52.5,1660
52.5,1659
52.5,1658
52.5,1659
52.5,1659
52.5,1659
52.5,1660
52.5,1661
52.5,1662
52.5,1661
52.5,1660
52.5,1660
52.6,1660
52.6,1660
52.6,1660
52.6,1659
52.6,1660
52.6,1661
52.6,1662
52.7,1661
52.7,1662
52.7,1662
52.7,1661
52.7,1661
52.7,1660
52.7,1661
52.7,1661
52.7,1661
52.8,1660
52.8,1659
52.8,1658
52.8,1657
52.8,1656
52.9,1656
52.9,1655
52.9,1656
52.9,1657
52.9,1657
52.9,1656
52.9,1657
52.9,1658
52.9,1659
52.9,1659
52.9,1660
52.9,1660
52.9,1661
53.0,1662
53.0,1662
53.0,1663
53.0,1664
53.0,1665
53.0,1666
53.0,1666
53.0,1666
53.0,1666
53.0,1665
53.0,1664
53.1,1664
53.1,1663
53.1,1664
53.1,1665
53.1,1666
53.1,1667
53.1,1667
53.1,1668
53.2,1667
53.2,1668
53.2,1669
53.2,1668
53.2,1668
53.2,1668
53.2,1669
53.2,1670
53.2,1670
53.2,1669
53.2,1669
53.3,1669
53.3,1668
53.3,1667
53.3,1668
53.3,1667
53.3,1668
53.3,1669
53.3,1669
53.3,1669
53.3,1668
53.3,1668
53.3,1667
53.4,1666
53.4,1667
53.4,1666
53.4,1667
53.4,1668
53.4,1668
53.4,1669
53.5,1670
53.5,1670
53.5,1670
53.5,1670
53.5,1669
53.5,1670
53.5,1671
53.5,1670
53.5,1670
53.6,1669
53.6,1669
53.6,1670
53.6,1671
53.6,1670
53.6,1671
53.6,1671
53.6,1672
53.6,1673
53.6,1673
53.6,1672
53.6,1673
53.7,1674
53.7,1675
53.7,1676
53.7,1676
53.7,1676
53.7,1676
53.7,1675
53.8,1676
53.8,1676
53.8,1677
53.8,1677
53.8,1678
53.8,1677
53.9,1676
53.9,1676
53.9,1675
53.9,1674
53.9,1675
53.9,1676
53.9,1677
53.9,1676
53.9,1676
53.9,1675
53.9,1676
53.9,1677
53.9,1678
53.9,1678
53.9,1677
54.0,1678
54.0,1679
54.0,1680
54.0,1681
54.0,1682
54.0,1682
54.0,1681
54.0,1682
54.0,1682
54.0,1681
54.1,1682
54.1,1683
54.1,1684
54.1,1684
54.1,1685
54.1,1684
54.1,1684
54.1,1683
54.1,1683
54.1,1683
54.2,1684
54.2,1683
54.2,1684
54.2,1683
54.2,1683
54.2,1682
54.2,1683
54.2,1682
54.3,1682
54.3,1681
54.3,1680
54.3,1681
54.3,1680
54.3,1681
54.3,1682
54.3,1682
54.3,1683
54.3,1684
54.3,1684
54.4,1683
54.4,1684
54.4,1683
54.4,1682
54.4,1682
54.4,1681
54.4,1682
54.4,1682
54.4,1683
54.5,1682
54.5,1682
54.5,1683
54.5,1683
54.5,1683
54.5,1682
54.5,1681
54.5,1681
54.5,1680
54.5,1681
54.5,1681
54.5,1680
54.5,1681
54.6,1682
54.6,1681
54.6,1682
54.6,1681
54.6,1680
54.6,1681
54.6,1681
54.6,1681
54.6,1682
54.6,1682
54.6,1683
54.6,1684
54.6,1685
54.6,1686
54.6,1687
54.6,1688
54.6,1689
54.7,1688
54.7,1688
54.7,1689
54.7,1690
54.7,1690
54.7,1691
54.7,1690
54.7,1689
54.7,1690
54.7,1691
54.8,1690
54.8,1689
54.8,1690
54.8,1691
54.8,1691
54.8,1690
54.8,1690
54.8,1689
54.8,1690
54.8,1689
54.8,1688
54.8,1689
54.8,1688
54.8,1689
54.8,1688
54.8,1689
54.8,1690
54.9,1690
54.9,1691
54.9,1690
54.9,1690
54.9,1689
54.9,1690
54.9,1691
54.9,1692
54.9,1693
54.9,1692
54.9,1693
54.9,1694
55.0,1693
55.0,1693
55.0,1694
55.0,1694
55.0,1694
55.0,1695
55.0,1695
55.0,1696
55.1,1695
55.1,1695
55.1,1694
55.1,1694
55.1,1694
55.1,1694
55.1,1693
55.2,1694
55.2,1695
55.2,1696
55.2,1697
55.2,1697
55.2,1698
55.2,1698
55.2,1699
55.2,1698
55.2,1697
55.2,1697
55.2,1698
55.3,1697
55.3,1698
55.3,1698
55.3,1699
55.3,1700
55.3,1699
55.3,1699
55.3,1699
55.3,1700
55.3,1699
55.3,1700
55.3,1701
55.3,1702
55.4,1701
55.4,1701
55.4,1702
55.4,1703
55.4,1703
55.4,1704
55.4,1703
55.4,1702
55.4,1703
55.5,1704
55.5,1703
55.5,1702
55.5,1703
55.5,1704
55.5,1705
55.5,1704
55.5,1703
55.5,1704
55.5,1703
55.6,1704
55.6,1705
55.6,1705
55.6,1704
55.6,1704
55.7,1705
55.7,1706
55.7,1707
55.7,1707
55.7,1706
55.7,1707
55.7,1708
55.7,1707
55.7,1707
55.7,1708
55.7,1707
55.7,1706
55.7,1705
55.7,1706
55.7,1705
55.7,1706
55.8,1707
55.8,1706
55.9,1707
55.9,1706
55.9,1707
55.9,1707
55.9,1707
55.9,1706
55.9,1706
55.9,1706
55.9,1706
55.9,1705
55.9,1704
55.9,1703
56.0,1702
56.0,1703
56.0,1704
56.0,1703
56.0,1703
56.0,1704
56.0,1703
56.0,1704
56.0,1703
56.0,1702
56.0,1703
56.0,1702
56.0,1701
56.0,1701
56.0,1702
56.1,1701
56.1,1700
56.1,1699
56.1,1700
56.1,1699
56.1,1698
56.1,1699
56.2,1700
56.2,1699
56.2,1699
56.2,1700
56.2,1701
56.2,1702
56.2,1703
56.2,1704
56.2,1705
56.2,1705
56.2,1704
56.2,1705
56.2,1706
56.2,1705
56.2,1706
56.2,1705
56.2,1705
56.2,1705
56.2,1704
56.2,1705
56.3,1704
56.3,1704
56.3,1705
56.3,1706
56.3,1705
56.3,1706
56.3,1707
56.3,1706
56.3,1707
56.3,1707
56.4,1707
56.4,1708
56.4,1709
56.4,1709
56.4,1709
56.4,1710
56.4,1709
56.4,1710
56.5,1709
56.5,1709
56.5,1708
56.5,1709
56.5,1709
56.5,1710
56.5,1711
56.5,1712
56.6,1712
56.6,1711
56.6,1710
56.6,1709
56.6,1710
56.6,1709
56.6,1710
56.6,1711
56.7,1712
56.7,1711
56.7,1712
56.7,1711
56.7,1710
56.7,1711
56.7,1712
56.7,1712
56.7,1713
56.8,1712
56.8,1711
56.8,1712
56.8,1711
56.8,1711
56.8,1712
56.8,1711
56.8,1711
56.8,1712
56.9,1713
56.9,1714
56.9,1713
56.9,1712
57.0,1713
57.0,1714
57.0,1714
57.0,1715
57.0,1715
57.0,1716
57.0,1715
57.0,1714
57.0,1714
57.0,1715
57.1,1715
57.1,1714
57.1,1713
57.1,1714
57.1,1715
57.1,1715
57.1,1714
57.1,1715
57.1,1714
57.1,1713
57.1,1712
57.2,1711
57.2,1710
57.3,1709
57.3,1710
57.3,1709
57.3,1709
57.3,1710
57.3,1710
57.3,1709
57.3,1710
57.3,1711
57.3,1712
57.4,1711
57.4,1712
57.4,1712
57.4,1713
57.4,1714
57.4,1715
57.4,1716
57.4,1717
57.4,1717
57.5,1716
57.5,1716
57.5,1715
57.5,1714
57.5,1715
57.5,1716
57.5,1716
57.5,1715
57.5,1715
57.5,1714
57.6,1715
57.6,1715
57.6,1714
57.7,1713
57.7,1712
57.7,1712
57.7,1711
57.7,1712
57.7,1713
57.7,1714
57.7,1713
57.8,1712
57.8,1713
57.8,1712
57.8,1712
57.8,1713
57.8,1714
57.8,1715
57.8,1715
57.9,1716
57.9,1715
57.9,1714
57.9,1714
57.9,1715
57.9,1715
57.9,1716
58.0,1715
58.0,1715
58.0,1714
58.0,1715
58.0,1715
58.0,1714
58.0,1715
58.0,1714
58.0,1713
58.0,1713
58.1,1713
58.1,1714
58.1,1714
58.1,1715
58.1,1716
58.1,1717
58.1,1716
58.1,1716
58.1,1716
58.1,1716
58.1,1715
58.1,1716
58.2,1716
58.2,1717
58.2,1716
58.2,1715
58.2,1716
58.2,1717
58.2,1718
58.2,1718
58.2,1717
58.2,1716
58.3,1717
58.3,1718
58.3,1719
58.3,1719
58.3,1720
58.3,1719
58.3,1718
58.3,1719
58.4,1720
58.4,1720
58.4,1720
58.4,1721
58.4,1720
58.4,1721
58.4,1720
58.4,1721
58.4,1722
58.4,1723
58.4,1724
58.4,1723
58.4,1722
58.4,1721
58.4,1721
58.4,1720
58.4,1719
58.4,1719
58.5,1719
58.5,1718
58.5,1718
58.5,1719
58.5,1719
58.6,1720
58.6,1719
58.6,1718
58.6,1717
58.6,1718
58.6,1718
58.6,1718
58.6,1717
58.6,1716
58.6,1715
58.7,1714
58.7,1715
58.7,1716
58.7,1715
58.7,1715
58.7,1716
58.7,1717
58.7,1718
58.7,1719
58.7,1719
58.7,1720
58.7,1720
58.7,1719
58.7,1718
58.8,1719
58.8,1718
58.8,1719
58.8,1720
58.8,1719
58.8,1719
58.8,1720
58.9,1721
58.9,1722
58.9,1723
58.9,1724
58.9,1725
58.9,1726
58.9,1727
58.9,1727
58.9,1726
58.9,1725
58.9,1724
59.0,1723
59.0,1722
59.0,1721
59.0,1720
59.0,1719
59.0,1720
59.0,1720
59.0,1721
59.0,1722
59.0,1723
59.0,1724
59.0,1723
59.0,1724
59.0,1725
59.1,1725
59.1,1726
59.1,1727
59.1,1726
59.1,1727
59.1,1726
59.1,1725
59.1,1725
59.1,1726
59.2,1727
59.2,1727
59.2,1728
59.2,1728
59.2,1729
59.2,1728
59.2,1727
59.2,1727
59.2,1728
59.2,1727
59.3,1726
59.3,1727
59.3,1726
59.3,1725
59.3,1726
59.3,1727
59.3,1728
59.3,1729
59.3,1728
59.3,1728
59.3,1727
59.3,1727
59.4,1728
59.4,1729
59.4,1728
59.4,1729
59.4,1730
59.4,1729
59.5,1728
59.5,1727
59.5,1726
59.5,1727
59.5,1727
59.5,1727
59.5,1728
59.5,1729
59.5,1730
59.6,1731
59.6,1730
59.6,1729
59.6,1728
59.6,1728
59.6,1727
59.6,1726
59.6,1725
59.6,1725
59.6,1724
59.6,1724
59.6,1725
59.6,1724
59.6,1725
59.6,1726
59.6,1727
59.7,1728
59.7,1729
59.7,1729
59.7,1728
59.7,1729
59.7,1730
59.7,1731
59.7,1730
59.7,1731
59.7,1731
59.7,1732
59.7,1731
59.8,1732
59.8,1733
59.8,1732
59.8,1733
59.8,1733
59.8,1732
59.8,1732
59.8,1732
59.8,1731
59.8,1732
59.9,1731
59.9,1731
59.9,1730
59.9,1731
59.9,1732
59.9,1731
60.0,1731
60.0,1731
60.0,1731
60.0,1732
60.0,1733
60.0,1734
60.0,1735
60.0,1736
60.0,1737
60.1,1738
60.1,1737
60.1,1738
60.1,1737
60.1,1737
60.1,1736
60.1,1735
60.1,1734
60.1,1735
60.1,1736
60.1,1737
60.2,1738
60.2,1739
60.2,1738
60.2,1737
60.2,1738
60.2,1738
60.2,1737
60.2,1737
60.2,1736
60.2,1735
60.2,1736
60.3,1737
60.3,1736
60.3,1737
60.3,1738
60.3,1739
60.3,1740
60.3,1741
60.3,1740
60.3,1739
60.3,1740
60.3,1740
60.4,1740
60.4,1739
60.4,1740
60.4,1741
60.4,1740
60.4,1741
60.5,1742
60.5,1741
60.5,1740
60.5,1741
60.5,1741
60.5,1740
60.5,1741
60.5,1740
60.6,1741
60.6,1740
60.6,1739
60.7,1740
60.7,1740
60.7,1739
60.7,1739
60.7,1740
60.7,1739
60.7,1740
60.7,1739
60.7,1738
60.7,1739
60.8,1740
60.8,1740
60.8,1740
60.8,1739
60.8,1740
60.8,1741
60.8,1742
60.8,1741
60.8,1742
60.9,1743
60.9,1742
60.9,1741
60.9,1742
60.9,1741
60.9,1742
60.9,1743
60.9,1744
60.9,1745
60.9,1744
60.9,1743
60.9,1743
61.0,1742
61.0,1743
61.0,1744
61.0,1743
61.0,1742
61.0,1742
61.0,1743
61.0,1742
61.0,1742
61.1,1741
61.1,1740
61.1,1740
61.1,1741
61.1,1742
61.1,1743
61.1,1744
61.1,1743
61.1,1744
61.1,1743
61.1,1742
61.1,1743
61.1,1742
61.2,1741
61.2,1741
61.2,1741
61.2,1740
61.2,1739
61.2,1740
61.2,1741
61.2,1741
61.2,1741
61.3,1740
61.3,1741
61.3,1740
61.3,1739
61.3,1739
61.3,1740
61.3,1741
61.4,1741
61.4,1740
61.4,1740
61.4,1741
61.4,1741
61.4,1742
61.4,1743
61.4,1744
61.4,1743
61.4,1744
61.5,1744
61.5,1744
61.5,1745
61.5,1746
61.5,1746
61.5,1745
61.6,1746
61.6,1747
61.6,1748
61.6,1747
61.6,1746
61.6,1747
61.6,1747
61.6,1748
61.6,1747
61.6,1746
61.6,1745
61.6,1746
61.6,1746
61.6,1747
61.6,1747
61.6,1748
61.7,1749
61.7,1748
61.7,1749
61.7,1749
61.7,1748
61.7,1749
61.7,1748
61.8,1748
61.8,1747
61.8,1748
61.8,1748
61.8,1749
61.9,1749
61.9,1748
61.9,1747
61.9,1747
61.9,1748
61.9,1749
61.9,1748
61.9,1749
61.9,1749
61.9,1750
61.9,1751
62.0,1751
62.0,1752
62.0,1751
62.0,1752
62.0,1752
62.0,1752
62.0,1753
62.0,1754
62.1,1753
62.1,1754
62.1,1753
62.1,1753
62.1,1753
62.1,1752
62.1,1751
62.1,1751
62.1,1752
62.1,1751
62.1,1750
62.1,1749
62.2,1750
62.2,1749
62.2,1750
62.2,1750
62.2,1749
62.2,1750
62.3,1749
62.3,1748
62.3,1749
62.3,1749
62.3,1749
62.3,1749
62.3,1749
62.3,1750
62.3,1750
62.3,1751
62.3,1751
62.3,1750
62.4,1749
62.4,1748
62.4,1749
62.4,1748
62.4,1748
62.4,1748
62.4,1749
62.5,1748
62.5,1748
62.5,1749
62.5,1750
62.5,1749
62.5,1749
62.5,1749
62.5,1750
62.5,1751
62.5,1752
62.5,1751
62.5,1752
62.6,1752
62.6,1753
62.6,1754
62.6,1753
62.6,1754
62.6,1754
62.6,1755
62.6,1756
62.6,1757
62.7,1758
62.7,1757
62.7,1757
62.7,1758
62.7,1757
62.7,1756
62.7,1757
62.7,1756
62.7,1757
62.8,1756
62.8,1757
62.8,1756
62.8,1757
62.8,1756
62.8,1757
62.8,1758
62.8,1758
62.8,1758
62.9,1759
62.9,1758
62.9,1758
62.9,1757
62.9,1758
62.9,1759
62.9,1758
62.9,1758
62.9,1757
62.9,1758
62.9,1757
62.9,1756
63.0,1756
63.0,1757
63.0,1756
63.0,1757
63.0,1757
63.0,1757
63.0,1756
63.0,1757
63.0,1757
63.0,1756
63.0,1755
63.0,1754
63.0,1755
63.0,1754
63.0,1755
63.0,1755
63.1,1754
63.1,1753
63.1,1754
63.1,1754
63.1,1753
63.1,1752
63.1,1751
63.1,1750
63.1,1751
63.1,1750
63.1,1751
63.1,1752
63.1,1753
63.1,1752
63.1,1753
63.1,1754
63.2,1754
63.2,1753
63.2,1752
63.2,1751
63.2,1752
63.2,1751
63.2,1751
63.2,1750
63.2,1749
63.2,1750
63.3,1751
63.3,1750
63.3,1750
63.3,1751
63.3,1750
63.3,1751
63.3,1750
63.3,1751
63.4,1752
63.4,1752
63.4,1751
63.4,1751
63.4,1752
63.4,1751
63.4,1752
63.4,1753
63.4,1752
63.4,1751
63.5,1750
63.5,1751
63.5,1750
63.5,1751
63.6,1752
63.6,1751
63.6,1752
63.6,1751
63.6,1752
63.6,1751
63.6,1750
63.6,1749
63.6,1748
63.6,1749
63.7,1748
63.7,1747
63.7,1747
63.7,1748
63.7,1747
63.7,1746
63.7,1745
63.8,1746
63.8,1747
63.8,1748
63.8,1747
63.8,1748
63.8,1747
63.8,1746
63.8,1747
63.8,1747
63.8,1748
63.8,1748
63.8,1749
63.8,1748
63.8,1747
63.9,1748
63.9,1748
63.9,1749
63.9,1749
63.9,1750
63.9,1749
63.9,1750
63.9,1751
63.9,1751
63.9,1750
63.9,1749
63.9,1749
63.9,1748
63.9,1749
63.9,1749
63.9,1748
63.9,1749
64.0,1748
64.0,1748
64.0,1749
64.0,1750
64.0,1750
64.0,1751
64.0,1752
64.0,1753
64.0,1754
64.0,1755
64.0,1755
64.0,1754
64.1,1753
64.1,1754
64.1,1753
64.1,1754
64.1,1753
64.1,1753
64.1,1752
64.2,1751
64.2,1752
64.2,1752
64.2,1753
64.2,1754
64.2,1753
64.3,1752
64.3,1753
64.3,1752
64.3,1751
64.3,1752
64.3,1753
64.3,1753
64.3,1753
64.3,1752
64.4,1753
64.4,1753
64.4,1754
64.4,1753
64.4,1754
64.4,1753
64.4,1754
64.4,1753
64.4,1753
64.4,1752
64.5,1752
64.5,1752
64.5,1751
64.5,1752
64.5,1752
64.5,1751
64.5,1751
64.5,1750
64.5,1750
64.6,1749
64.6,1749
64.6,1750
64.6,1749
64.6,1749
64.6,1750
64.6,1750
64.6,1751
64.6,1752
64.6,1751
64.6,1751
64.7,1752
64.7,1751
64.7,1750
64.7,1751
64.7,1751
64.7,1752
64.7,1753
64.8,1753
64.8,1753
64.8,1752
64.8,1752
64.8,1752
64.8,1751
64.9,1750
64.9,1751
64.9,1750
64.9,1751
64.9,1752
64.9,1753
64.9,1752
64.9,1751
65.0,1750
65.0,1749
65.0,1749
65.0,1749
65.0,1750
65.0,1749
65.0,1750
65.0,1750
65.0,1751
65.0,1751
65.0,1751
65.0,1751
65.0,1751
65.0,1751
65.0,1751
65.0,1751
65.0,1751
65.0,1751
65.0,1751
65.0,1751
65.0,1751
65.0,1751
65.0,1751
65.0,1751
65.0,1751
65.0,1751
65.0,1751
65.0,1751
65.0,1751
65.0,1751
65.0,1751
65.0,1751
65.0,1751
65.0,1751
65.0,1751
65.0,1751
65.0,1751
65.0,1751
65.0,1751
65.0,1751
65.0,1751
65.0,1751
65.0,1751
65.0,1751
65.0,1751
65.0,1751
65.0,1751
65.0,1751
65.0,1751
65.0,1751
65.0,1751
65.0,1751
65.0,1751
65.0,1751
65.0,1751
65.0,1751
65.0,1751
65.0,1751
65.0,1751
65.0,1751
65.0,1751
65.0,1751
65.0,1751
65.0,1751
65.0,1751
65.0,1751
65.0,1751
65.0,1751
65.0,1751
65.0,1751
65.0,1751
65.0,1751
65.0,1751
65.0,1751
65.0,1751
65.0,1751
65.0,1751
65.0,1751
65.0,1751
65.0,1751
65.0,1751
65.0,1751
65.0,1751
65.0,1751
65.0,1751
65.0,1751
65.0,1751
65.0,1751
65.0,1751
65.0,1751
65.0,1751
65.0,1751
65.0,1751
65.0,1751
65.0,1751
65.0,1751
65.0,1751
65.0,1751
65.0,1751
65.0,1751
65.0,1751
65.0,1751
65.0,1751
65.0,1751
65.0,1751
65.0,1751
65.0,1751
65.0,1751
65.0,1751
65.0,1751
65.0,1751
65.0,1751
65.0,1751
65.0,1751
65.0,1751
65.0,1751
65.0,1751
65.0,1751
65.0,1751
65.0,1751
65.0,1751
65.0,1751
65.0,1751
65.0,1751
65.0,1751
65.0,1751
65.0,1751
65.0,1751
65.0,1751
65.0,1751
65.0,1751
65.0,1751
65.0,1751
65.0,1751
65.0,1751
65.0,1751
65.0,1751
65.0,1751
65.0,1751
65.0,1751
65.0,1751
65.0,1751
65.0,1751
65.0,1751
65.0,1751
65.0,1751
65.0,1751
65.0,1751
65.0,1751
65.0,1751
65.0,1751
65.0,1751
65.0,1751
65.0,1751
65.0,1751
65.0,1751
65.0,1751
65.0,1751
65.0,1751
65.0,1751
65.0,1751
65.0,1751
65.0,1751
65.0,1751
65.0,1751
65.0,1751
65.0,1751
65.0,1751
65.0,1751
65.0,1751
65.0,1751
65.0,1751
65.0,1751
65.0,1751
65.0,1751
65.0,1751
65.0,1751
65.0,1751
65.0,1751
65.0,1751
65.0,1751
65.0,1751
65.0,1751
65.0,1751
65.0,1751
65.0,1751
65.0,1751
65.0,1751
65.0,1751
65.0,1751
65.0,1751
65.0,1751
65.0,1751
65.0,1751
65.0,1751
65.0,1751
65.0,1751
65.0,1751
65.0,1751
65.0,1751
65.0,1751
65.0,1751
65.0,1751
65.0,1751
65.0,1751
65.0,1751
65.0,1751
65.0,1751
65.0,1751
65.0,1751
65.0,1751
65.0,1751
65.0,1751
65.0,1751
65.0,1751
65.0,1751
65.0,1751
65.0,1751
65.0,1751
65.0,1751
65.0,1751
65.0,1751
65.0,1751
65.0,1751
65.0,1751
65.0,1751
65.0,1751
65.0,1751
65.0,1751
65.0,1751
65.0,1751
65.0,1751
65.0,1751
65.0,1751
65.0,1751
65.0,1751
65.0,1751
65.0,1751
65.0,1751
65.0,1751
65.0,1751
65.0,1751
65.0,1751
65.0,1751
65.0,1751
65.0,1751
65.0,1751
65.0,1751
65.0,1751
65.0,1751
65.0,1751
65.0,1751
65.0,1751
65.0,1751
65.0,1751
65.0,1751
65.0,1751
65.0,1751
65.0,1751
65.0,1751
65.0,1751
65.0,1751
65.0,1751
65.0,1751
65.0,1751
65.0,1751
65.0,1751
65.0,1751
65.0,1751
65.0,1751
65.0,1751
65.0,1751
65.0,1751
65.0,1751
65.0,1751
65.0,1751
65.0,1751
65.0,1751
65.0,1751
65.0,1751
65.0,1751
65.0,1751
65.0,1751
65.0,1751
65.0,1751
65.0,1751
65.0,1751
65.0,1751
65.0,1751
65.0,1751
65.0,1751
65.0,1751
65.0,1751
65.0,1751
65.0,1751
65.0,1751
65.0,1751
65.0,1751
65.0,1751
65.0,1751
65.0,1751
65.0,1751
65.0,1751
65.0,1751
65.0,1751
65.0,1751
65.0,1751
65.0,1751
65.0,1751
65.0,1751
65.0,1751
65.0,1751
65.0,1751
65.0,1751
65.0,1751
65.0,1751
65.0,1751
65.0,1751
65.0,1751
65.0,1751
65.0,1751
65.0,1751
65.0,1751
65.0,1751
65.0,1751
65.0,1751
65.0,1751
65.0,1751
65.0,1751
65.0,1751
65.0,1751
65.0,1751
65.0,1751
65.0,1751
65.0,1751
65.0,1751
65.0,1751
65.0,1751
65.0,1751
65.0,1751
65.0,1751
65.0,1751
65.0,1751
65.0,1751
65.0,1751
65.0,1751
65.0,1751
65.0,1751
65.0,1751
65.0,1751
65.0,1751
65.0,1751
65.0,1751
65.0,1751
65.0,1751
65.0,1751
65.0,1751
65.0,1751
65.0,1751
65.0,1751
65.0,1751
65.0,1751
65.0,1751
65.0,1751
65.0,1751
65.0,1751
65.0,1751
65.0,1751
65.0,1751
65.0,1751
65.0,1751
65.0,1751
65.0,1751
65.0,1751
65.0,1751
65.0,1751
65.0,1751
65.0,1751
65.0,1751
65.0,1751
65.0,1751
65.0,1751
65.0,1751
65.0,1751
65.0,1751
65.0,1751
65.0,1751
65.0,1751
65.0,1751
65.0,1751
65.0,1751
65.0,1751
65.0,1751
65.0,1751
65.0,1751
65.0,1751
65.0,1751
65.0,1751
65.0,1751
65.0,1751
65.0,1751
65.0,1751
65.0,1751
65.0,1751
65.0,1751
65.0,1751
65.0,1751
65.0,1751
65.0,1751
65.0,1751
65.0,1751
65.0,1751
65.0,1751
65.0,1751
65.0,1751
65.0,1751
65.0,1751
65.0,1751
65.0,1751
65.0,1751
65.0,1751
65.0,1751
65.0,1751
65.0,1751
65.0,1751
65.0,1751
65.0,1751
65.0,1751
65.0,1751
65.0,1751
65.0,1751
65.0,1751
65.0,1751
65.0,1751
65.0,1751
65.0,1751
65.0,1751
65.0,1751
65.0,1751
65.0,1751
65.0,1751
65.0,1751
65.0,1751
65.0,1751
65.0,1751
65.0,1751
65.0,1751
65.0,1751
65.0,1751
65.0,1751
65.0,1751
65.0,1751
65.0,1751
65.0,1751
65.0,1751
65.0,1751
65.0,1751
65.0,1751
65.0,1751
65.0,1751
65.0,1751
65.0,1751
65.0,1751
65.0,1751
65.0,1751
65.0,1751
65.0,1751
65.0,1751
65.0,1751
65.0,1751
65.0,1751
65.0,1751
65.0,1751
65.0,1751
65.0,1751
65.0,1751
65.0,1751
65.0,1751
65.0,1751
65.0,1751
65.0,1751
65.0,1751
65.0,1751
65.0,1751
65.0,1751
65.0,1751
65.0,1751
65.0,1751
65.0,1751
65.0,1751
65.0,1751
65.0,1751
65.0,1751
65.0,1751
65.0,1751
65.0,1751
65.0,1751
65.0,1751
65.0,1751
65.0,1751
65.0,1751
65.0,1751
65.0,1751
65.0,1751
65.0,1751
65.0,1751
65.0,1751
65.0,1751
65.0,1751
65.0,1751
65.0,1751
65.0,1751
65.0,1751
65.0,1751
65.0,1751
65.0,1750
65.0,1749
65.0,1749
65.0,1750
65.0,1750
65.1,1750
65.1,1751
65.1,1750
65.1,1751
65.1,1751
65.1,1750
65.1,1751
65.1,1752
65.1,1751
65.1,1752
65.1,1751
65.2,1752
65.2,1752
65.2,1753
65.2,1753
65.2,1753
65.2,1754
65.2,1755
65.2,1755
65.2,1756
65.2,1755
65.3,1754
65.3,1754
65.3,1755
65.3,1755
65.3,1754
65.3,1753
65.4,1752
65.4,1753
65.4,1754
65.4,1754
65.4,1753
65.4,1752
65.4,1751
65.4,1751
65.4,1750
65.5,1749
65.5,1750
65.5,1749
65.5,1750
65.5,1751
65.5,1752
65.5,1752
65.5,1752
65.5,1753
65.5,1752
65.5,1752
65.5,1753
65.6,1752
65.6,1752
65.6,1751
65.6,1752
65.6,1753
65.6,1752
65.6,1751
65.6,1751
65.6,1751
65.6,1750
65.6,1750
65.6,1750
65.7,1749
65.7,1748
65.7,1747
65.7,1746
65.7,1745
65.7,1744
65.7,1743
65.7,1744
65.7,1743
65.8,1744
65.8,1744
65.8,1745
65.8,1744
65.8,1744
65.8,1743
65.8,1743
65.8,1744
65.8,1745
65.9,1744
65.9,1744
65.9,1745
65.9,1746
65.9,1747
65.9,1747
65.9,1746
65.9,1745
65.9,1744
65.9,1743
66.0,1744
66.0,1745
66.0,1745
66.0,1746
66.0,1746
66.0,1746
66.0,1747
66.0,1746
66.1,1745
66.1,1745
66.1,1744
66.1,1743
66.1,1743
66.1,1742
66.1,1741
66.1,1740
66.1,1739
66.1,1739
66.1,1738
66.1,1739
66.2,1739
66.2,1740
66.2,1739
66.2,1740
66.2,1741
66.2,1741
66.2,1742
66.2,1742
66.2,1743
66.2,1744
66.2,1745
66.2,1744
66.2,1745
66.2,1746
66.2,1746
66.2,1745
66.3,1744
66.3,1745
66.3,1746
66.3,1746
66.3,1747
66.3,1748
66.3,1747
66.3,1748
66.3,1747
66.3,1746
66.3,1745
66.4,1744
66.4,1743
66.4,1742
66.4,1743
66.4,1744
66.4,1743
66.4,1742
66.4,1743
66.4,1744
66.5,1745
66.5,1744
66.5,1744
66.5,1744
66.5,1745
66.5,1746
66.5,1747
66.5,1748
66.5,1749
66.5,1749
66.5,1750
66.6,1751
66.6,1750
66.6,1749
66.6,1748
66.6,1747
66.6,1748
66.6,1747
66.6,1748
66.6,1749
66.6,1748
66.6,1747
66.7,1748
66.7,1747
66.7,1746
66.7,1746
66.7,1747
66.7,1746
66.7,1745
66.7,1746
66.7,1747
66.7,1748
66.7,1748
66.7,1749
66.8,1748
66.8,1747
66.8,1746
66.8,1745
66.8,1744
66.8,1745
66.8,1745
66.8,1745
66.8,1744
66.8,1745
66.8,1746
66.8,1745
66.8,1744
66.8,1745
66.9,1744
66.9,1743
66.9,1744
66.9,1744
66.9,1745
66.9,1746
66.9,1745
66.9,1744
66.9,1745
66.9,1744
66.9,1745
66.9,1744
66.9,1745
66.9,1744
66.9,1745
66.9,1745
67.0,1744
67.0,1743
67.0,1743
67.0,1744
67.0,1745
67.0,1746
67.0,1747
67.0,1748
67.0,1749
67.0,1748
67.0,1747
67.0,1746
67.0,1746
67.1,1747
67.1,1748
67.1,1749
67.1,1748
67.1,1747
67.1,1747
67.1,1746
67.1,1746
67.1,1745
67.1,1744
67.2,1745
67.2,1746
67.2,1747
67.2,1746
67.2,1746
67.2,1745
67.3,1744
67.3,1743
67.3,1743
67.3,1744
67.3,1745
67.3,1746
67.3,1747
67.3,1746
67.4,1745
67.4,1746
67.4,1747
67.4,1746
67.4,1745
67.4,1746
67.4,1747
67.4,1746
67.4,1747
67.4,1748
67.4,1749
67.4,1749
67.4,1748
67.4,1747
67.5,1748
67.5,1749
67.5,1748
67.5,1747
67.5,1747
67.5,1747
67.5,1748
67.5,1749
67.5,1750
67.5,1750
67.6,1749
67.6,1750
67.6,1749
67.6,1748
67.6,1747
67.6,1747
67.6,1748
67.6,1747
67.6,1747
67.6,1746
67.7,1745
67.7,1745
67.7,1746
67.7,1745
67.7,1746
67.7,1745
67.7,1744
67.7,1743
67.7,1742
67.7,1743
67.7,1742
67.8,1742
67.8,1742
67.8,1743
67.8,1743
67.8,1742
67.8,1743
67.8,1742
67.8,1741
67.8,1742
67.9,1741
67.9,1740
67.9,1739
67.9,1738
67.9,1737
67.9,1736
67.9,1735
67.9,1734
67.9,1733
67.9,1732
67.9,1732
67.9,1733
68.0,1733
68.0,1734
68.0,1735
68.0,1735
68.0,1736
68.0,1737
68.0,1736
68.0,1735
68.0,1736
68.1,1736
68.1,1735
68.1,1734
68.1,1735
68.1,1735
68.1,1736
68.1,1736
68.1,1735
68.1,1736
68.1,1737
68.1,1736
68.1,1735
68.2,1734
68.2,1735
68.2,1734
68.2,1733
68.2,1732
68.2,1733
68.2,1732
68.2,1733
68.2,1734
68.2,1734
68.2,1735
68.2,1735
68.2,1735
68.3,1734
68.3,1735
68.3,1736
68.3,1736
68.3,1735
68.3,1735
68.3,1734
68.3,1735
68.3,1734
68.4,1733
68.4,1732
68.4,1733
68.4,1732
68.4,1731
68.4,1731
68.4,1732
68.4,1731
68.4,1732
68.4,1733
68.4,1732
68.4,1733
68.4,1734
68.4,1735
68.4,1736
68.5,1737
68.5,1736
68.5,1737
68.5,1738
68.5,1739
68.5,1739
68.5,1740
68.5,1740
68.5,1739
68.5,1738
68.6,1737
68.6,1736
68.6,1735
68.6,1735
68.7,1734
68.7,1735
68.7,1734
68.7,1733
68.7,1734
68.7,1735
68.7,1735
68.7,1736
68.7,1737
68.7,1738
68.7,1738
68.7,1737
68.7,1738
68.7,1739
68.7,1739
68.7,1738
68.8,1739
68.8,1738
68.8,1737
68.8,1737
68.8,1738
68.8,1739
68.8,1738
68.8,1739
68.8,1739
68.9,1738
68.9,1739
68.9,1738
68.9,1738
68.9,1739
68.9,1740
68.9,1741
68.9,1741
68.9,1742
68.9,1743
68.9,1743
68.9,1743
69.0,1744
69.0,1745
69.0,1746
69.0,1747
69.1,1746
69.1,1745
69.1,1746
69.1,1746
69.1,1745
69.2,1745
69.2,1746
69.2,1745
69.2,1746
69.2,1745
69.2,1745
69.2,1745
69.2,1746
69.3,1745
69.3,1746
69.3,1746
69.3,1747
69.3,1746
69.3,1746
69.3,1747
69.3,1747
69.3,1747
69.3,1746
69.3,1745
69.3,1746
69.3,1745
69.3,1746
69.4,1747
69.4,1747
69.4,1746
69.4,1747
69.4,1748
69.4,1748
69.4,1747
69.4,1746
69.4,1745
69.4,1746
69.4,1745
69.5,1746
69.5,1745
69.5,1746
69.5,1745
69.5,1744
69.5,1743
69.5,1744
69.5,1744
69.5,1744
69.5,1744
69.5,1745
69.5,1746
69.5,1747
69.6,1747
69.6,1748
69.6,1748
69.6,1748
69.6,1747
69.6,1748
69.6,1749
69.6,1750
69.7,1750
69.7,1751
69.7,1750
69.7,1750
69.7,1749
69.7,1748
69.8,1748
69.8,1748
69.8,1747
69.8,1746
69.8,1745
69.8,1744
69.8,1745
69.8,1744
69.9,1743
69.9,1742
69.9,1741
69.9,1742
69.9,1741
69.9,1740
69.9,1741
69.9,1741
69.9,1741
69.9,1741
69.9,1740
69.9,1739
70.0,1739
70.0,1740
70.0,1740
70.0,1741
70.0,1741
70.0,1740
70.0,1739
70.0,1738
70.0,1739
70.0,1740
70.0,1741
70.0,1740
70.0,1741
70.0,1741
70.0,1740
70.0,1739
70.1,1738
70.1,1737
70.1,1736
70.1,1735
70.1,1736
70.2,1735
70.2,1736
70.2,1735
70.2,1735
70.2,1734
70.2,1733
70.2,1733
70.2,1734
70.2,1733
70.2,1734
70.2,1733
70.2,1734
70.2,1733
70.2,1733
70.2,1734
70.2,1733
70.3,1734
70.3,1735
70.3,1735
70.3,1736
70.3,1736
70.3,1735
70.3,1734
70.3,1733
70.3,1732
70.3,1731
70.3,1732
70.4,1732
70.4,1731
70.4,1730
70.4,1731
70.4,1732
70.4,1731
70.4,1730
70.4,1729
70.4,1728
70.4,1729
70.4,1730
70.4,1731
70.4,1730
70.5,1730
70.5,1729
70.5,1730
70.5,1731
70.5,1732
70.5,1731
70.5,1732
70.5,1732
70.5,1731
70.5,1730
70.5,1729
70.5,1728
70.5,1728
70.6,1728
70.6,1729
70.6,1730
70.6,1731
70.6,1732
70.6,1731
70.6,1731
70.6,1731
70.6,1732
70.6,1731
70.6,1732
70.6,1732
70.7,1733
70.7,1734
70.7,1733
70.7,1732
70.7,1731
70.7,1731
70.7,1732
70.7,1732
70.7,1733
70.7,1734
70.7,1735
70.7,1736
70.8,1735
70.8,1735
70.8,1735
70.8,1735
70.9,1734
70.9,1735
70.9,1734
70.9,1735
70.9,1734
70.9,1733
70.9,1732
70.9,1732
70.9,1732
70.9,1733
70.9,1733
70.9,1732
70.9,1733
71.0,1732
71.0,1731
71.0,1730
71.0,1729
71.0,1728
71.0,1728
71.0,1727
71.0,1728
71.0,1729
71.1,1730
71.1,1730
71.1,1729
71.1,1730
71.2,1730
71.2,1730
71.2,1729
71.2,1730
71.2,1730
71.2,1730
71.2,1729
71.2,1728
71.2,1729
71.2,1730
71.2,1731
71.2,1731
71.2,1732
71.2,1731
71.3,1732
71.3,1731
71.3,1730
71.3,1729
71.3,1729
71.3,1730
71.3,1729
71.4,1728
71.4,1727
71.4,1727
71.4,1726
71.4,1726
71.4,1726
71.5,1727
71.5,1728
71.5,1728
71.5,1728
71.5,1728
71.5,1727
71.5,1727
71.6,1727
71.6,1726
71.6,1725
71.6,1726
71.6,1727
71.6,1728
71.6,1727
71.6,1726
71.7,1725
71.7,1725
71.7,1726
71.7,1726
71.7,1725
71.7,1725
71.7,1726
71.7,1726
71.7,1726
71.7,1727
71.7,1726
71.7,1726
71.7,1725
71.7,1726
71.8,1725
71.8,1724
71.8,1723
71.8,1722
71.8,1723
71.8,1722
71.8,1723
71.8,1722
71.8,1721
71.8,1722
71.8,1723
71.9,1723
71.9,1722
71.9,1723
71.9,1724
71.9,1723
71.9,1722
71.9,1721
71.9,1722
71.9,1723
71.9,1724
72.0,1723
72.0,1723
72.0,1724
72.0,1725
72.0,1725
72.0,1724
72.0,1723
72.0,1724
72.0,1724
72.0,1723
72.1,1723
72.1,1722
72.1,1723
72.1,1722
72.1,1723
72.2,1723
72.2,1724
72.2,1723
72.2,1724
72.2,1724
72.2,1724
72.2,1725
72.2,1725
72.2,1724
72.2,1723
72.2,1724
72.2,1724
72.2,1723
72.2,1724
72.2,1723
72.3,1722
72.3,1723
72.3,1723
72.3,1722
72.3,1723
72.3,1724
72.3,1723
72.3,1724
72.3,1723
72.4,1724
72.4,1725
72.4,1726
72.4,1727
72.4,1726
72.4,1726
72.4,1725
72.4,1726
72.4,1725
72.4,1726
72.4,1727
72.4,1726
72.4,1726
72.4,1725
72.4,1724
72.4,1724
72.5,1725
72.5,1724
72.5,1725
72.5,1726
72.5,1725
72.5,1724
72.5,1723
72.5,1724
72.5,1724
72.5,1725
72.5,1726
72.5,1726
72.6,1727
72.6,1728
72.6,1729
72.6,1730
72.6,1731
72.6,1732
72.6,1732
72.6,1731
72.6,1732
72.6,1732
72.7,1732
72.7,1731
72.7,1730
72.7,1730
72.7,1730
72.7,1730
72.7,1730
72.7,1729
72.7,1728
72.8,1727
72.8,1728
72.8,1729
72.8,1730
72.8,1729
72.8,1729
72.8,1728
72.8,1729
72.9,1730
72.9,1731
72.9,1731
72.9,1732
72.9,1732
72.9,1731
72.9,1732
72.9,1731
72.9,1732
72.9,1731
72.9,1732
72.9,1731
73.0,1730
73.0,1729
73.0,1728
73.0,1728
73.0,1727
73.0,1728
73.0,1727
73.0,1727
73.0,1727
73.0,1728
73.0,1727
73.1,1726
73.1,1727
73.1,1727
73.1,1728
73.1,1727
73.1,1727
73.1,1727
73.1,1726
73.1,1725
73.1,1725
73.1,1726
73.1,1725
73.1,1725
73.1,1726
73.2,1725
73.2,1724
73.2,1724
73.2,1725
73.2,1726
73.2,1727
73.2,1728
73.2,1727
73.3,1727
73.3,1728
73.3,1729
73.3,1730
73.3,1731
73.3,1730
73.3,1731
73.3,1730
73.3,1729
73.3,1730
73.3,1730
73.3,1729
73.3,1729
73.4,1730
73.4,1731
73.4,1730
73.4,1731
73.4,1731
73.4,1730
73.4,1729
73.4,1728
73.4,1727
73.4,1726
73.4,1725
73.4,1725
73.5,1724
73.5,1725
73.5,1724
73.5,1723
73.5,1722
73.5,1723
73.5,1723
73.5,1723
73.5,1722
73.5,1721
73.6,1721
73.6,1722
73.6,1722
73.6,1723
73.6,1722
73.6,1721
73.7,1722
73.7,1723
73.7,1724
73.7,1723
73.7,1722
73.7,1722
73.8,1721
73.8,1722
73.8,1723
73.8,1724
73.8,1725
73.8,1726
73.8,1727
73.8,1727
73.8,1728
73.8,1729
73.8,1730
73.9,1730
73.9,1729
73.9,1730
73.9,1730
73.9,1731
73.9,1731
73.9,1730
74.0,1731
74.0,1732
74.0,1732
74.0,1733
74.1,1733
74.1,1734
74.1,1735
74.1,1734
74.1,1734
74.1,1733
74.1,1732
74.1,1732
74.1,1731
74.1,1732
74.1,1732
74.2,1733
74.2,1734
74.2,1734
74.2,1735
74.2,1734
74.2,1735
74.2,1736
74.2,1736
74.2,1737
74.3,1738
74.3,1739
74.3,1739
74.3,1738
74.3,1738
74.3,1739
74.3,1739
74.3,1739
74.4,1738
74.4,1737
74.4,1736
74.4,1737
74.4,1737
74.4,1737
74.4,1737
74.4,1737
74.4,1737
74.4,1736
74.5,1737
74.5,1738
74.5,1739
74.5,1738
74.5,1737
74.5,1738
74.5,1739
74.5,1738
74.5,1739
74.5,1740
74.5,1740
74.5,1739
74.5,1740
74.5,1739
74.5,1739
74.5,1740
74.5,1741
74.5,1742
74.6,1743
74.6,1742
74.6,1741
74.6,1742
74.7,1741
74.7,1742
74.7,1742
74.7,1741
74.7,1742
74.7,1742
74.7,1741
74.7,1742
74.7,1741
74.7,1742
74.7,1742
74.7,1742
74.7,1741
74.7,1742
74.7,1742
74.7,1741
74.7,1741
74.7,1742
74.7,1741
74.7,1741
74.8,1740
74.8,1739
74.8,1740
74.8,1741
74.8,1740
74.8,1739
74.8,1738
74.8,1737
74.8,1736
74.8,1735
74.8,1735
74.8,1735
74.8,1734
74.8,1733
74.9,1732
74.9,1731
74.9,1731
74.9,1730
74.9,1731
74.9,1732
74.9,1732
74.9,1733
74.9,1734
74.9,1735
74.9,1734
74.9,1733
75.0,1734
75.0,1734
75.0,1735
75.0,1736
75.0,1737
75.0,1738
75.0,1738
75.0,1739
75.0,1739
75.0,1739
75.0,1740
75.0,1741
75.0,1740
75.0,1740
75.1,1739
75.1,1739
75.1,1738
75.1,1739
75.1,1740
75.1,1741
75.1,1741
75.1,1742
75.1,1741
75.1,1741
75.1,1741
75.2,1742
75.2,1743
75.2,1742
75.2,1741
75.3,1740
75.3,1741
75.3,1742
75.3,1741
75.3,1740
75.3,1740
75.3,1739
75.3,1739
75.3,1740
75.3,1741
75.4,1740
75.4,1739
75.4,1738
75.4,1738
75.4,1738
75.4,1739
75.4,1738
75.5,1737
75.5,1738
75.5,1737
75.5,1736
75.5,1737
75.5,1737
75.5,1738
75.5,1738
75.5,1737
75.5,1737
75.5,1736
75.5,1737
75.5,1738
75.6,1739
75.6,1738
75.6,1737
75.6,1738
75.6,1739
75.6,1738
75.6,1737
75.6,1736
75.6,1736
75.6,1737
75.6,1736
75.6,1735
75.6,1734
75.7,1734
75.7,1734
75.7,1733
75.7,1732
75.7,1733
75.7,1734
75.7,1733
75.7,1733
75.7,1732
75.7,1731
75.7,1731
75.8,1730
75.8,1731
75.8,1731
75.8,1732
75.8,1731
75.8,1732
75.8,1733
75.8,1734
75.9,1733
75.9,1732
75.9,1733
75.9,1732
75.9,1732
75.9,1733
75.9,1732
75.9,1733
75.9,1734
75.9,1733
75.9,1734
75.9,1734
75.9,1733
75.9,1734
76.0,1735
76.0,1734
76.0,1735
76.0,1734
76.0,1735
76.0,1734
76.0,1733
76.0,1734
76.0,1735
76.0,1734
76.0,1735
76.0,1736
76.0,1736
76.0,1736
76.0,1737
76.0,1737
76.0,1738
76.0,1737
76.0,1738
76.0,1738
76.1,1738
76.1,1738
76.1,1739
76.1,1738
76.1,1738
76.1,1739
76.1,1740
76.1,1741
76.1,1741
76.1,1740
76.1,1741
76.1,1741
76.1,1742
76.1,1741
76.1,1741
76.1,1740
76.1,1741
76.1,1741
76.1,1740
76.1,1739
76.1,1740
76.2,1739
76.2,1739
76.2,1738
76.2,1737
76.2,1736
76.2,1735
76.2,1734
76.2,1735
76.3,1735
76.3,1734
76.3,1735
76.3,1736
76.3,1737
76.3,1738
76.3,1739
76.3,1739
76.3,1739
76.3,1739
76.3,1739
76.3,1740
76.3,1740
76.4,1739
76.4,1740
76.4,1740
76.4,1739
76.4,1738
76.4,1738
76.4,1737
76.5,1736
76.5,1736
76.5,1735
76.5,1736
76.5,1735
76.6,1736
76.6,1737
76.6,1738
76.6,1739
76.6,1740
76.6,1739
76.6,1738
76.6,1737
76.6,1738
76.7,1739
76.7,1738
76.7,1738
76.7,1737
76.7,1736
76.7,1735
76.7,1736
76.7,1736
76.7,1736
76.7,1737
76.7,1736
76.7,1737
76.7,1738
76.7,1738
76.7,1738
76.8,1739
76.8,1739
76.8,1740
76.8,1741
76.8,1742
76.8,1742
76.8,1743
76.8,1743
76.8,1743
76.8,1744
76.9,1744
76.9,1745
76.9,1744
76.9,1743
76.9,1744
76.9,1745
76.9,1744
77.0,1743
77.0,1743
77.0,1742
77.0,1741
77.0,1741
77.0,1740
77.0,1741
77.0,1740
77.1,1741
77.1,1740
77.1,1739
77.1,1740
77.1,1740
77.1,1740
77.1,1741
77.1,1740
77.1,1740
77.1,1740
77.2,1739
77.2,1738
77.2,1739
77.2,1740
77.2,1739
77.3,1740
77.3,1740
77.3,1741
77.3,1740
77.3,1739
77.3,1740
77.3,1741
77.3,1740
77.3,1740
77.3,1741
77.3,1741
77.3,1742
77.4,1743
77.4,1744
77.4,1744
77.4,1745
77.4,1745
77.4,1746
77.4,1746
77.4,1746
77.4,1746
77.4,1747
77.4,1748
77.4,1747
77.4,1746
77.4,1747
77.4,1747
77.4,1748
77.5,1749
77.5,1748
77.5,1749
77.5,1748
77.5,1748
77.5,1747
77.5,1748
77.5,1749
77.5,1748
77.6,1747
77.6,1748
77.6,1749
77.6,1749
77.6,1748
77.6,1749
77.6,1749
77.6,1750
77.6,1749
77.6,1748
77.6,1747
77.7,1748
77.7,1747
77.7,1747
77.7,1746
77.7,1747
77.7,1746
77.7,1747
77.7,1748
77.7,1748
77.7,1747
77.7,1748
77.7,1749
77.7,1750
77.8,1751
77.8,1752
77.8,1752
77.8,1751
77.8,1751
77.8,1752
77.8,1751
77.8,1751
77.9,1752
77.9,1751
77.9,1752
77.9,1752
77.9,1753
77.9,1752
77.9,1751
78.0,1752
78.0,1753
78.0,1752
78.0,1753
78.0,1753
78.0,1752
78.0,1751
78.0,1750
78.0,1751
78.1,1752
78.1,1753
78.1,1752
78.1,1751
78.1,1750
78.1,1749
78.1,1749
78.2,1749
78.2,1749
78.2,1750
78.2,1751
78.2,1750
78.2,1750
78.2,1749
78.2,1748
78.2,1749
78.2,1749
78.3,1750
78.3,1751
78.3,1752
78.3,1753
78.3,1752
78.3,1753
78.3,1752
78.3,1753
78.3,1752
78.3,1752
78.3,1753
78.3,1753
78.3,1753
78.3,1754
78.3,1753
78.4,1754
78.4,1755
78.4,1756
78.4,1755
78.5,1755
78.5,1755
78.5,1754
78.5,1755
78.5,1756
78.5,1756
78.5,1756
78.5,1756
78.5,1755
78.5,1755
78.6,1755
78.6,1754
78.6,1755
78.6,1756
78.6,1757
78.6,1758
78.6,1758
78.6,1757
78.6,1756
78.6,1757
78.6,1756
78.6,1756
78.7,1755
78.7,1754
78.7,1755
78.7,1755
78.7,1755
78.7,1756
78.7,1755
78.7,1754
78.7,1755
78.8,1756
78.8,1757
78.8,1756
78.8,1757
78.8,1756
78.8,1755
78.8,1755
78.8,1755
78.8,1755
78.8,1755
78.8,1756
78.8,1755
78.8,1754
78.8,1754
78.9,1755
78.9,1755
78.9,1754
78.9,1755
78.9,1754
78.9,1754
78.9,1753
78.9,1754
79.0,1755
79.0,1756
79.0,1757
79.0,1756
79.0,1757
79.0,1757
79.0,1756
79.0,1756
79.0,1755
79.0,1754
79.0,1755
79.0,1756
79.0,1757
79.1,1758
79.1,1758
79.1,1758
79.1,1759
79.1,1760
79.1,1761
79.1,1760
79.1,1761
79.1,1760
79.1,1759
79.1,1759
79.1,1760
79.1,1760
79.1,1761
79.2,1762
79.2,1761
79.2,1762
79.2,1761
79.2,1760
79.2,1759
79.2,1758
79.2,1759
79.2,1760
79.2,1761
79.2,1761
79.3,1760
79.3,1759
79.3,1759
79.3,1760
79.3,1761
79.3,1760
79.3,1761
79.3,1762
79.4,1763
79.4,1764
79.4,1765
79.4,1764
79.4,1765
79.4,1764
79.4,1765
79.4,1764
79.4,1763
79.4,1763
79.4,1764
79.4,1765
79.4,1766
79.5,1766
79.5,1766
79.5,1765
79.5,1764
79.5,1763
79.5,1764
79.5,1763
79.6,1763
79.6,1764
79.6,1764
79.6,1763
79.6,1762
79.6,1761
79.6,1762
79.6,1761
79.6,1760
79.6,1760
79.7,1761
79.7,1761
79.7,1762
79.7,1761
79.7,1760
79.7,1761
79.7,1762
79.7,1763
79.7,1762
79.7,1763
79.8,1763
79.8,1763
79.8,1763
79.8,1762
79.8,1762
79.8,1763
79.8,1762
79.8,1762
79.8,1763
79.8,1763
79.8,1762
79.9,1762
79.9,1761
79.9,1761
79.9,1761
79.9,1761
79.9,1762
80.0,1763
80.0,1763
80.0,1763
80.0,1763
80.0,1764
80.0,1764
80.0,1765
80.0,1764
80.0,1765
80.0,1764
80.0,1763
80.1,1762
80.1,1761
80.1,1762
80.1,1763
80.1,1764
80.1,1764
80.1,1765
80.1,1766
80.1,1765
80.1,1766
80.1,1767
80.1,1768
80.2,1769
80.2,1769
80.2,1770
80.2,1771
80.2,1772
80.2,1773
80.2,1773
80.2,1774
80.2,1775
80.2,1774
80.2,1774
80.3,1774
80.3,1773
80.3,1773
80.3,1774
80.3,1774
80.3,1773
80.3,1773
80.3,1772
80.4,1772
80.4,1773
80.4,1773
80.4,1774
80.4,1773
80.4,1773
80.4,1774
80.4,1773
80.4,1773
80.5,1772
80.5,1773
80.5,1774
80.5,1773
80.5,1774
80.5,1773
80.5,1774
80.5,1775
80.6,1774
80.6,1775
80.6,1774
80.6,1775
80.6,1775
80.6,1774
80.6,1773
80.6,1772
80.6,1773
80.6,1774
80.6,1775
80.6,1775
80.6,1774
80.6,1775
80.6,1775
80.6,1774
80.7,1774
80.7,1773
80.7,1773
80.7,1774
80.7,1773
80.7,1773
80.7,1772
80.7,1773
80.7,1774
80.7,1773
80.7,1774
80.7,1775
80.7,1775
80.7,1775
80.7,1776
80.7,1775
80.7,1774
80.8,1773
80.8,1772
80.8,1773
80.8,1774
80.9,1775
80.9,1776
80.9,1776
80.9,1777
80.9,1776
80.9,1776
80.9,1775
80.9,1774
80.9,1774
80.9,1775
80.9,1776
80.9,1775
80.9,1776
80.9,1777
81.0,1777
81.0,1778
81.0,1779
81.0,1778
81.0,1779
81.0,1779
81.0,1778
81.0,1779
81.0,1779
81.0,1780
81.1,1779
81.1,1780
81.1,1779
81.1,1779
81.1,1779
81.1,1778
81.1,1777
81.1,1778
81.1,1777
81.1,1777
81.1,1776
81.1,1776
81.1,1776
81.1,1776
81.1,1775
81.2,1776
81.2,1776
81.2,1777
81.2,1778
81.2,1778
81.2,1779
81.2,1779
81.2,1779
81.2,1779
81.2,1779
81.2,1779
81.3,1778
81.3,1779
81.3,1778
81.3,1779
81.3,1779
81.3,1779
81.3,1779
81.3,1778
81.3,1778
81.3,1778
81.3,1777
81.3,1776
81.3,1777
81.3,1778
81.3,1778
81.4,1778
81.4,1778
81.4,1777
81.4,1778
81.4,1777
81.4,1776
81.4,1775
81.4,1776
81.4,1776
81.4,1775
81.4,1774
81.4,1774
81.4,1775
81.5,1775
81.5,1775
81.5,1775
81.5,1775
81.5,1775
81.5,1776
81.5,1776
81.5,1777
81.5,1778
81.5,1778
81.6,1779
81.6,1779
81.6,1780
81.6,1779
81.6,1779
81.6,1778
81.6,1777
81.6,1777
81.6,1778
81.6,1779
81.7,1780
81.7,1780
81.7,1781
81.7,1781
81.7,1780
81.7,1779
81.7,1780
81.7,1780
81.7,1781
81.7,1780
81.7,1779
81.7,1780
81.8,1781
81.8,1781
81.8,1780
81.8,1780
81.8,1781
81.8,1781
81.8,1782
81.8,1783
81.8,1783
81.8,1784
81.8,1785
81.8,1784
81.8,1783
81.8,1783
81.9,1782
81.9,1782
81.9,1782
81.9,1783
81.9,1784
81.9,1783
81.9,1782
82.0,1783
82.0,1782
82.0,1781
82.0,1781
82.0,1780
82.0,1781
82.0,1780
82.0,1779
82.0,1780
82.0,1779
82.0,1779
82.0,1778
82.0,1777
82.0,1778
82.0,1778
82.1,1777
82.1,1776
82.1,1777
82.1,1776
82.1,1777
82.1,1778
82.1,1777
82.1,1777
82.1,1776
82.2,1777
82.2,1777
82.2,1778
82.2,1779
82.2,1778
82.2,1779
82.2,1780
82.2,1779
82.2,1779
82.3,1780
82.3,1780
82.3,1780
82.3,1780
82.3,1780
82.3,1779
82.3,1780
82.3,1781
82.3,1780
82.4,1780
82.4,1781
82.4,1780
82.4,1781
82.4,1781
82.4,1781
82.4,1782
82.4,1783
82.4,1783
82.4,1784
82.4,1785
82.4,1785
82.4,1784
82.5,1784
82.5,1783
82.5,1782
82.5,1782
82.5,1783
82.5,1783
82.5,1783
82.5,1783
82.5,1782
82.5,1782
82.5,1782
82.5,1781
82.5,1780
82.5,1780
82.5,1779
82.5,1779
82.5,1779
82.5,1778
82.5,1779
82.6,1779
82.6,1779
82.6,1778
82.6,1777
82.6,1778
82.6,1778
82.6,1777
82.6,1777
82.6,1777
82.6,1777
82.6,1776
82.6,1777
82.6,1777
82.6,1778
82.6,1779
82.7,1778
82.7,1778
82.7,1779
82.7,1778
82.7,1778
82.7,1777
82.7,1778
82.7,1778
82.7,1779
82.7,1778
82.7,1778
82.7,1778
82.8,1778
82.8,1779
82.8,1780
82.8,1779
82.8,1779
82.8,1779
82.8,1779
82.8,1779
82.8,1778
82.8,1778
82.8,1777
82.8,1777
82.8,1778
82.8,1778
82.8,1779
82.8,1778
82.8,1778
82.8,1779
82.9,1779
82.9,1779
82.9,1779
82.9,1778
82.9,1778
82.9,1778
82.9,1777
82.9,1776
82.9,1777
82.9,1777
82.9,1778
82.9,1778
82.9,1778
82.9,1778
83.0,1778
83.0,1778
83.0,1778
83.0,1779
83.0,1780
83.0,1781
83.0,1782
83.0,1782
83.0,1782
83.0,1783
83.0,1784
83.0,1784
83.0,1785
83.0,1786
83.1,1785
83.1,1785
83.1,1784
83.1,1785
83.1,1786
83.1,1786
83.1,1786
83.1,1786
83.1,1785
83.1,1784
83.1,1783
83.1,1784
83.1,1785
83.1,1785
83.1,1786
83.1,1785
83.2,1785
83.2,1785
83.2,1784
83.2,1785
83.2,1784
83.2,1783
83.2,1782
83.2,1782
83.2,1781
83.2,1780
83.2,1779
83.2,1779
83.2,1779
83.2,1779
83.2,1778
83.2,1778
83.2,1777
83.2,1778
83.3,1779
83.3,1780
83.3,1781
83.3,1780
83.3,1779
83.3,1778
83.3,1778
83.3,1778
83.4,1778
83.4,1778
83.4,1778
83.4,1777
83.4,1776
83.4,1775
83.4,1774
83.4,1775
83.4,1775
83.4,1776
83.4,1776
83.4,1775
83.5,1775
83.5,1775
83.5,1775
83.5,1776
83.5,1775
83.5,1775
83.5,1775
83.5,1775
83.5,1776
83.5,1777
83.5,1777
83.5,1776
83.5,1776
83.5,1777
83.5,1777
83.6,1776
83.6,1776
83.6,1775
83.6,1776
83.6,1777
83.6,1778
83.6,1778
83.6,1779
83.6,1780
83.6,1781
83.6,1781
83.6,1782
83.6,1783
83.6,1782
83.6,1783
83.6,1783
83.7,1784
83.7,1785
83.7,1784
83.7,1785
83.7,1786
83.7,1787
83.7,1786
83.7,1785
83.7,1785
83.7,1786
83.7,1786
83.7,1787
83.8,1788
83.8,1787
83.8,1787
83.8,1787
83.8,1788
83.8,1788
83.8,1788
83.8,1788
83.8,1788
83.8,1787
83.8,1788
83.8,1789
83.8,1789
83.8,1790
83.8,1790
83.8,1789
83.8,1789
83.8,1789
83.9,1788
83.9,1787
83.9,1787
83.9,1788
83.9,1788
83.9,1787
83.9,1787
83.9,1786
83.9,1787
83.9,1786
83.9,1786
83.9,1786
83.9,1787
83.9,1788
83.9,1788
84.0,1788
84.0,1788
84.0,1788
84.0,1789
84.0,1790
84.0,1791
84.0,1791
84.0,1790
84.0,1791
84.0,1791
84.0,1790
84.0,1791
84.0,1791
84.0,1790
84.1,1789
84.1,1789
84.1,1789
84.1,1789
84.1,1788
84.1,1787
84.1,1787
84.1,1788
84.1,1788
84.1,1787
84.1,1786
84.1,1787
84.1,1786
84.2,1787
84.2,1787
84.2,1787
84.2,1788
84.2,1787
84.2,1786
84.2,1785
84.2,1785
84.2,1785
84.2,1784
84.2,1785
84.2,1786
84.2,1785
84.2,1785
84.2,1784
84.2,1784
84.2,1783
84.3,1784
84.3,1784
84.3,1785
84.3,1785
84.3,1784
84.3,1783
84.3,1784
84.3,1785
84.3,1786
84.3,1786
84.3,1786
84.3,1786
84.3,1785
84.3,1784
84.3,1784
84.3,1785
84.3,1785
84.3,1786
84.4,1785
84.4,1786
84.4,1786
84.4,1787
84.4,1788
84.4,1789
84.4,1789
84.4,1790
84.4,1791
84.4,1791
84.4,1792
84.4,1792
84.4,1793
84.4,1793
84.4,1793
84.4,1793
84.5,1794
84.5,1794
84.5,1794
84.5,1793
84.5,1794
84.5,1794
84.5,1794
84.5,1793
84.5,1793
84.5,1793
84.5,1792
84.5,1793
84.5,1793
84.5,1793
84.5,1794
84.5,1795
84.6,1794
84.6,1793
84.6,1793
84.6,1794
84.6,1794
84.6,1793
84.6,1792
84.7,1793
84.7,1794
84.7,1794
84.7,1794
84.7,1794
84.7,1795
84.7,1794
84.7,1794
84.7,1794
84.7,1795
84.7,1795
84.7,1796
84.7,1797
84.7,1796
84.7,1797
84.8,1797
84.8,1797
84.8,1796
84.8,1795
84.8,1795
84.8,1795
84.8,1795
84.8,1795
84.8,1796
84.9,1795
84.9,1796
84.9,1796
84.9,1796
84.9,1796
84.9,1797
84.9,1796
84.9,1795
84.9,1794
84.9,1793
84.9,1794
84.9,1794
85.0,1794
85.0,1793
85.0,1793
85.0,1792
85.0,1792
85.0,1791
85.0,1791
85.0,1792
85.0,1791
85.0,1792
85.0,1791
85.0,1792
85.0,1793
85.0,1793
85.1,1793
85.1,1794
85.1,1793
85.1,1792
85.1,1793
85.1,1793
85.1,1793
85.1,1792
85.1,1793
85.1,1794
85.1,1793
85.2,1792
85.2,1793
85.2,1792
85.2,1792
85.2,1792
85.2,1793
85.2,1794
85.2,1793
85.2,1794
85.2,1793
85.2,1793
85.2,1792
85.2,1793
85.2,1792
85.2,1793
85.2,1793
85.2,1792
85.2,1793
85.3,1792
85.3,1791
85.3,1791
85.3,1792
85.3,1793
85.3,1792
85.3,1792
85.3,1792
85.3,1791
85.4,1792
85.4,1791
85.4,1791
85.4,1791
85.4,1792
85.4,1792
85.4,1792
85.5,1792
85.5,1792
85.5,1791
85.5,1790
85.5,1790
85.5,1791
85.5,1792
85.6,1792
85.6,1792
85.6,1791
85.6,1791
85.6,1792
85.6,1793
85.6,1793
85.6,1794
85.6,1793
85.6,1793
85.6,1792
85.7,1792
85.7,1793
85.7,1794
85.7,1795
85.7,1796
85.7,1797
85.7,1796
85.7,1796
85.7,1795
85.7,1796
85.7,1797
85.8,1798
85.8,1797
85.8,1796
85.8,1797
85.8,1796
85.8,1795
85.8,1794
85.8,1795
85.8,1794
85.8,1793
85.8,1792
85.8,1792
85.9,1792
85.9,1792
85.9,1792
85.9,1791
85.9,1792
85.9,1791
85.9,1791
85.9,1790
85.9,1791
85.9,1792
86.0,1792
86.0,1792
86.0,1793
86.0,1793
86.0,1793
86.0,1792
86.0,1791
86.0,1792
86.0,1792
86.0,1792
86.0,1792
86.0,1791
86.0,1790
86.0,1791
86.0,1790
86.1,1789
86.1,1790
86.1,1791
86.1,1792
86.1,1791
86.1,1792
86.1,1792
86.1,1793
86.1,1794
86.1,1793
86.1,1794
86.1,1795
86.1,1796
86.2,1796
86.2,1795
86.2,1796
86.2,1796
86.2,1795
86.2,1796
86.2,1797
86.2,1797
86.2,1797
86.2,1797
86.2,1797
86.3,1797
86.3,1796
86.3,1797
86.3,1797
86.3,1797
86.3,1798
86.3,1799
86.3,1799
86.3,1800
86.3,1800
86.4,1801
86.4,1802
86.4,1803
86.4,1802
86.4,1802
86.4,1802
86.4,1802
86.4,1801
86.4,1801
86.5,1801
86.5,1802
86.5,1802
86.5,1802
86.5,1801
86.5,1801
86.5,1802
86.5,1803
86.5,1802
86.6,1803
86.6,1804
86.6,1803
86.6,1803
86.6,1804
86.6,1805
86.6,1806
86.6,1805
86.6,1806
86.6,1806
86.6,1807
86.6,1807
86.6,1806
86.6,1807
86.6,1806
86.7,1806
86.7,1807
86.7,1806
86.7,1806
86.7,1806
86.7,1807
86.7,1806
86.7,1806
86.7,1806
86.7,1806
86.7,1806
86.7,1806
86.7,1806
86.7,1805
86.7,1805
86.7,1805
86.7,1804
86.8,1803
86.8,1804
86.8,1805
86.8,1804
86.8,1805
86.8,1806
86.8,1807
86.8,1806
86.8,1807
86.8,1807
86.8,1806
86.8,1805
86.8,1806
86.9,1806
86.9,1806
86.9,1806
86.9,1807
86.9,1807
86.9,1807
86.9,1808
86.9,1807
86.9,1806
86.9,1807
86.9,1808
86.9,1809
86.9,1809
86.9,1810
86.9,1809
86.9,1809
86.9,1808
86.9,1807
86.9,1807
86.9,1807
87.0,1808
87.0,1808
87.0,1809
87.0,1808
87.0,1808
87.0,1807
87.0,1807
87.0,1807
87.0,1806
87.0,1806
87.0,1806
87.0,1805
87.1,1805
87.1,1806
87.1,1805
87.1,1804
87.1,1804
87.1,1803
87.1,1802
87.1,1801
87.1,1802
87.1,1802
87.1,1802
87.2,1803
87.2,1803
87.2,1803
87.2,1802
87.2,1801
87.2,1801
87.2,1800
87.2,1800
87.2,1800
87.2,1799
87.2,1799
87.2,1799
87.3,1800
87.3,1800
87.3,1801
87.3,1802
87.3,1802
87.3,1801
87.3,1801
87.3,1800
87.3,1799
87.3,1799
87.4,1798
87.4,1797
87.4,1798
87.4,1799
87.4,1800
87.4,1801
87.4,1802
87.4,1801
87.4,1800
87.4,1801
87.4,1802
87.5,1802
87.5,1803
87.5,1804
87.5,1804
87.5,1805
87.5,1805
87.5,1805
87.5,1804
87.5,1805
87.5,1804
87.5,1803
87.5,1802
87.5,1802
87.5,1802
87.6,1802
87.6,1802
87.6,1802
87.6,1801
87.6,1802
87.6,1803
87.6,1804
87.6,1805
87.6,1806
87.6,1807
87.7,1807
87.7,1806
87.7,1806
87.7,1806
87.7,1806
87.7,1807
87.7,1808
87.7,1807
87.7,1808
87.7,1809
87.7,1808
87.7,1807
87.7,1807
87.7,1807
87.7,1808
87.7,1808
87.7,1809
87.7,1809
87.8,1809
87.8,1810
87.8,1810
87.8,1809
87.8,1808
87.8,1808
87.8,1807
87.9,1806
87.9,1805
87.9,1805
87.9,1806
87.9,1807
87.9,1807
87.9,1808
87.9,1808
87.9,1809
87.9,1809
87.9,1809
88.0,1808
88.0,1809
88.0,1809
88.0,1810
88.0,1809
88.0,1809
88.0,1808
88.0,1809
88.0,1808
88.1,1809
88.1,1809
88.1,1808
88.1,1807
88.1,1808
88.1,1809
88.1,1809
88.1,1809
88.1,1809
88.1,1808
88.1,1808
88.1,1807
88.2,1808
88.2,1808
88.2,1808
88.2,1808
88.2,1808
88.2,1809
88.2,1809
88.2,1809
88.2,1810
88.2,1810
88.2,1809
88.3,1810
88.3,1809
88.3,1809
88.3,1808
88.3,1808
88.3,1808
88.3,1809
88.3,1810
88.3,1809
88.3,1810
88.3,1810
88.3,1811
88.3,1812
88.3,1813
88.3,1812
88.4,1813
88.4,1813
88.4,1812
88.4,1813
88.4,1812
88.4,1813
88.4,1813
88.4,1814
88.4,1814
88.4,1814
88.4,1813
88.4,1813
88.5,1814
88.5,1814
88.5,1813
88.5,1813
88.5,1814
88.5,1813
88.5,1814
88.5,1814
88.5,1814
88.5,1814
88.5,1814
88.6,1815
88.6,1814
88.6,1814
88.6,1813
88.6,1813
88.6,1812
88.6,1811
88.6,1812
88.6,1812
88.6,1813
88.6,1814
88.6,1814
88.6,1813
88.7,1814
88.7,1815
88.7,1816
88.7,1817
88.7,1817
88.7,1817
88.8,1818
88.8,1819
88.8,1820
88.8,1819
88.8,1818
88.8,1817
88.8,1817
88.8,1817
88.8,1818
88.8,1819
88.8,1820
88.8,1820
88.8,1821
88.8,1822
88.8,1823
88.8,1822
88.8,1823
88.9,1823
88.9,1824
88.9,1823
88.9,1824
88.9,1824
88.9,1824
88.9,1824
88.9,1824
88.9,1825
88.9,1825
89.0,1824
89.0,1825
89.0,1824
89.0,1824
89.0,1825
89.0,1824
89.0,1825
89.0,1824
89.0,1823
89.1,1822
89.1,1822
89.1,1822
89.1,1823
89.1,1824
89.1,1824
89.1,1825
89.1,1825
89.1,1825
89.1,1826
89.1,1827
89.1,1828
89.1,1829
89.1,1830
89.1,1831
89.1,1832
89.2,1833
89.2,1833
89.2,1834
89.2,1833
89.2,1833
89.2,1834
89.2,1834
89.2,1834
89.2,1835
89.2,1835
89.2,1835
89.2,1835
89.2,1835
89.2,1835
89.3,1836
89.3,1837
89.3,1838
89.3,1838
89.3,1839
89.3,1838
89.3,1838
89.3,1838
89.3,1837
89.3,1837
89.3,1836
89.4,1837
89.4,1837
89.4,1837
89.4,1836
89.4,1835
89.4,1835
89.4,1836
89.4,1836
89.4,1835
89.4,1836
89.5,1835
89.5,1835
89.5,1834
89.5,1833
89.5,1832
89.5,1832
89.5,1831
89.5,1832
89.5,1831
89.6,1831
89.6,1830
89.6,1829
89.6,1829
89.6,1828
89.6,1827
89.6,1828
89.6,1828
89.6,1828
89.6,1827
89.6,1826
89.6,1825
89.6,1826
89.7,1826
89.7,1827
89.7,1828
89.7,1828
89.7,1827
89.7,1826
89.7,1827
89.7,1826
89.7,1825
89.7,1824
89.8,1824
89.8,1825
89.8,1826
89.8,1826
89.8,1826
89.8,1826
89.8,1826
89.8,1826
89.8,1827
89.8,1828
89.8,1827
89.8,1828
89.8,1827
89.8,1827
89.8,1827
89.8,1827
89.8,1827
89.8,1827
89.8,1826
89.9,1826
89.9,1827
89.9,1828
89.9,1828
89.9,1827
89.9,1828
89.9,1827
89.9,1828
89.9,1828
89.9,1829
89.9,1830
89.9,1830
89.9,1830
89.9,1829
89.9,1828
89.9,1829
89.9,1830
90.0,1831
90.0,1830
90.0,1831
90.0,1830
90.0,1831
90.0,1832
90.0,1832
90.0,1831
90.0,1832
90.0,1831
90.0,1830
90.0,1829
90.0,1829
90.1,1828
90.1,1828
90.1,1827
90.1,1826
90.1,1827
90.1,1828
90.1,1827
90.1,1828
90.2,1828
90.2,1829
90.2,1828
90.2,1828
90.2,1827
90.2,1826
90.2,1826
90.3,1826
90.3,1826
90.3,1825
90.3,1826
90.3,1825
90.3,1825
90.3,1826
90.3,1826
90.3,1826
90.3,1827
90.4,1828
90.4,1827
90.4,1826
90.4,1826
90.4,1825
90.4,1825
90.4,1824
90.4,1824
90.4,1825
90.4,1826
90.4,1827
90.4,1826
90.5,1827
90.5,1827
90.5,1828
90.5,1828
90.5,1828
90.5,1828
90.5,1828
90.5,1828
90.5,1827
90.5,1827
90.5,1827
90.5,1828
90.5,1828
90.5,1828
90.5,1828
90.5,1827
90.5,1828
90.5,1828
90.5,1828
90.5,1829
90.5,1829
90.6,1829
90.6,1828
90.6,1827
90.6,1827
90.6,1827
90.6,1828
90.6,1829
90.6,1828
90.6,1829
90.6,1830
90.6,1831
90.7,1832
90.7,1832
90.7,1832
90.7,1833
90.7,1833
90.7,1833
90.7,1833
90.7,1832
90.7,1832
90.7,1831
90.7,1832
90.7,1831
90.7,1832
90.7,1832
90.7,1831
90.7,1832
90.7,1833
90.8,1834
90.8,1835
90.8,1836
90.8,1837
90.8,1836
90.8,1836
90.8,1835
90.8,1835
90.8,1836
90.9,1837
90.9,1836
90.9,1837
90.9,1837
90.9,1837
90.9,1837
90.9,1838
90.9,1839
90.9,1839
91.0,1840
91.0,1840
91.0,1840
91.0,1840
91.0,1841
91.0,1841
91.0,1840
91.0,1841
91.0,1841
91.0,1841
91.0,1841
91.0,1842
91.0,1843
91.0,1842
91.1,1841
91.1,1842
91.1,1842
91.1,1843
91.1,1843
91.1,1844
91.1,1845
91.1,1845
91.1,1844
91.1,1845
91.1,1846
91.2,1847
91.2,1847
91.2,1846
91.2,1845
91.2,1845
91.2,1845
91.2,1845
91.2,1845
91.2,1844
91.3,1845
91.3,1845
91.3,1845
91.3,1844
91.3,1844
91.3,1844
91.3,1843
91.3,1844
91.3,1844
91.3,1845
91.3,1846
91.4,1847
91.4,1847
91.4,1846
91.4,1846
91.4,1846
91.4,1845
91.4,1846
91.4,1846
91.4,1845
91.4,1846
91.5,1847
91.5,1846
91.5,1846
91.5,1846
91.5,1845
91.5,1845
91.5,1846
91.5,1845
91.5,1846
91.5,1846
91.5,1847
91.5,1847
91.6,1848
91.6,1847
91.6,1846
91.6,1845
91.6,1844
91.6,1845
91.6,1845
91.6,1846
91.6,1847
91.6,1848
91.6,1848
91.6,1848
91.7,1849
91.7,1850
91.7,1851
91.7,1852
91.7,1852
91.7,1852
91.7,1851
91.7,1850
91.7,1849
91.7,1850
91.7,1850
91.7,1849
91.7,1849
91.7,1850
91.8,1851
91.8,1851
91.8,1850
91.8,1850
91.8,1851
91.8,1852
91.8,1852
91.8,1853
91.8,1853
91.8,1853
91.8,1854
91.8,1853
91.8,1852
91.8,1853
91.9,1853
91.9,1853
91.9,1852
91.9,1851
91.9,1851
91.9,1852
91.9,1851
91.9,1850
91.9,1850
91.9,1849
91.9,1849
91.9,1848
91.9,1849
91.9,1849
91.9,1849
91.9,1850
91.9,1850
92.0,1849
92.0,1849
92.0,1848
92.0,1848
92.0,1847
92.0,1847
92.0,1848
92.0,1847
92.0,1848
92.0,1848
92.0,1848
92.0,1848
92.0,1848
92.0,1847
92.0,1846
92.1,1847
92.1,1847
92.1,1846
92.1,1846
92.1,1846
92.1,1846
92.1,1846
92.1,1847
92.2,1846
92.2,1845
92.2,1844
92.2,1845
92.2,1845
92.2,1846
92.3,1846
92.3,1846
92.3,1846
92.3,1845
92.3,1846
92.3,1845
92.3,1844
92.3,1843
92.3,1842
92.3,1843
92.3,1842
92.3,1842
92.3,1841
92.3,1840
92.4,1841
92.4,1840
92.4,1839
92.4,1840
92.4,1841
92.4,1840
92.4,1840
92.4,1839
92.4,1839
92.4,1838
92.4,1838
92.4,1839
92.4,1838
92.4,1839
92.5,1838
92.5,1837
92.5,1837
92.5,1837
92.5,1837
92.5,1838
92.5,1839
92.6,1840
92.6,1840
92.6,1839
92.6,1838
92.6,1839
92.6,1838
92.6,1837
92.6,1837
92.6,1837
92.6,1837
92.6,1836
92.6,1837
92.6,1838
92.6,1839
92.6,1840
92.6,1840
92.6,1840
92.6,1841
92.6,1842
92.7,1842
92.7,1843
92.7,1844
92.7,1843
92.7,1842
92.7,1841
92.7,1841
92.7,1840
92.7,1840
92.7,1840
92.8,1840
92.8,1839
92.8,1839
92.8,1840
92.8,1840
92.8,1840
92.8,1840
92.8,1840
92.8,1839
92.8,1840
92.8,1840
92.8,1841
92.8,1841
92.8,1841
92.8,1840
92.9,1841
92.9,1840
92.9,1839
92.9,1839
92.9,1839
92.9,1839
92.9,1840
92.9,1840
92.9,1839
92.9,1840
92.9,1840
93.0,1841
93.0,1840
93.0,1839
93.0,1839
93.0,1840
93.0,1840
93.0,1839
93.0,1838
93.1,1839
93.1,1840
93.1,1840
93.1,1841
93.1,1840
93.1,1839
93.1,1840
93.1,1841
93.1,1841
93.1,1840
93.1,1841
93.1,1840
93.1,1841
93.1,1840
93.2,1840
93.2,1841
93.2,1841
93.2,1842
93.2,1843
93.2,1844
93.2,1845
93.2,1846
93.2,1847
93.2,1847
93.2,1846
93.2,1846
93.2,1847
93.2,1847
93.2,1846
93.2,1846
93.2,1845
93.3,1844
93.3,1844
93.3,1845
93.3,1844
93.3,1843
93.3,1842
93.3,1842
93.3,1842
93.3,1842
93.3,1842
93.3,1843
93.3,1844
93.3,1845
93.3,1845
93.4,1845
93.4,1845
93.4,1846
93.4,1845
93.4,1844
93.4,1843
93.4,1843
93.4,1844
93.4,1845
93.4,1845
93.4,1844
93.4,1844
93.4,1843
93.4,1843
93.4,1844
93.4,1845
93.5,1846
93.5,1846
93.5,1845
93.5,1846
93.5,1845
93.5,1844
93.5,1845
93.5,1846
93.5,1847
93.5,1846
93.5,1847
93.5,1848
93.5,1848
93.5,1849
93.5,1848
93.5,1848
93.5,1848
93.6,1848
93.6,1848
93.6,1847
93.6,1848
93.6,1849
93.6,1850
93.6,1851
93.6,1850
93.6,1850
93.6,1849
93.6,1848
93.6,1847
93.6,1848
93.6,1847
93.7,1848
93.7,1848
93.7,1847
93.7,1848
93.7,1848
93.7,1847
93.7,1848
93.7,1848
93.7,1848
93.7,1847
93.7,1846
93.7,1846
93.8,1846
93.8,1846
93.8,1846
93.8,1847
93.8,1848
93.8,1848
93.8,1847
93.8,1847
93.8,1847
93.8,1848
93.8,1849
93.9,1850
93.9,1850
93.9,1849
93.9,1849
93.9,1849
93.9,1848
93.9,1848
93.9,1849
93.9,1850
93.9,1849
93.9,1849
93.9,1848
93.9,1849
93.9,1848
94.0,1848
94.0,1848
94.0,1847
94.0,1848
94.0,1848
94.0,1849
94.0,1848
94.0,1847
94.0,1848
94.1,1849
94.1,1848
94.1,1849
94.1,1849
94.1,1850
94.1,1850
94.1,1849
94.1,1849
94.1,1850
94.1,1850
94.1,1851
94.2,1851
94.2,1850
94.2,1849
94.2,1850
94.2,1851
94.2,1850
94.2,1850
94.2,1850
94.2,1851
94.2,1850
94.2,1851
94.2,1851
94.3,1851
94.3,1851
94.3,1850
94.3,1849
94.3,1849
94.3,1850
94.3,1850
94.3,1849
94.3,1850
94.3,1851
94.3,1850
94.3,1850
94.3,1849
94.3,1849
94.3,1849
94.3,1849
94.3,1848
94.4,1847
94.4,1847
94.4,1846
94.4,1847
94.4,1848
94.4,1848
94.4,1847
94.4,1847
94.4,1848
94.4,1848
94.5,1847
94.5,1848
94.5,1847
94.5,1848
94.5,1847
94.5,1847
94.5,1848
94.5,1848
94.5,1848
94.5,1848
94.5,1849
94.5,1849
94.5,1848
94.5,1848
94.5,1848
94.5,1848
94.5,1848
94.5,1849
94.6,1848
94.6,1848
94.6,1847
94.6,1846
94.6,1847
94.6,1846
94.6,1847
94.6,1846
94.6,1846
94.6,1847
94.6,1846
94.6,1846
94.6,1845
94.6,1844
94.6,1844
94.6,1844
94.6,1844
94.6,1844
94.6,1845
94.6,1846
94.7,1847
94.7,1846
94.7,1847
94.7,1848
94.7,1847
94.7,1846
94.7,1845
94.7,1846
94.7,1847
94.7,1846
94.7,1846
94.7,1846
94.7,1847
94.7,1846
94.7,1845
94.7,1844
94.7,1844
94.7,1845
94.8,1844
94.8,1844
94.8,1845
94.8,1846
94.8,1847
94.8,1848
94.9,1847
94.9,1846
94.9,1847
94.9,1848
94.9,1847
94.9,1847
94.9,1846
94.9,1847
94.9,1846
94.9,1845
94.9,1846
94.9,1845
94.9,1846
94.9,1845
94.9,1844
94.9,1843
95.0,1843
95.0,1843
95.0,1843
95.0,1844
95.0,1844
95.0,1843
95.0,1843
95.0,1843
95.0,1844
95.0,1845
95.0,1844
95.0,1843
95.0,1843
95.0,1843
95.0,1842
95.0,1842
95.1,1843
95.1,1843
95.1,1843
95.1,1844
95.1,1845
95.1,1846
95.1,1846
95.1,1847
95.1,1848
95.1,1847
95.1,1847
95.1,1846
95.1,1845
95.1,1844
95.1,1845
95.1,1845
95.1,1846
95.1,1846
95.2,1845
95.2,1844
95.2,1844
95.2,1844
95.2,1844
95.2,1845
95.2,1844
95.2,1843
95.2,1843
95.2,1844
95.2,1844
95.2,1845
95.2,1845
95.2,1844
95.2,1843
95.2,1844
95.2,1844
95.3,1845
95.3,1846
95.3,1847
95.3,1848
95.3,1847
95.3,1846
95.3,1846
95.3,1846
95.3,1845
95.3,1844
95.3,1844
95.3,1844
95.4,1844
95.4,1843
95.4,1843
95.4,1844
95.4,1843
95.4,1843
95.4,1842
95.4,1843
95.4,1844
95.4,1844
95.4,1843
95.4,1843
95.4,1844
95.4,1843
95.4,1844
95.4,1844
95.4,1844
95.4,1844
95.4,1844
95.4,1845
95.4,1845
95.5,1845
95.5,1845
95.5,1844
95.5,1845
95.5,1846
95.5,1846
95.5,1846
95.5,1845
95.5,1845
95.5,1844
95.5,1845
95.5,1844
95.6,1845
95.6,1846
95.6,1847
95.6,1848
95.6,1847
95.6,1848
95.6,1847
95.6,1846
95.6,1845
95.6,1845
95.6,1844
95.6,1843
95.6,1842
95.7,1842
95.7,1841
95.7,1840
95.7,1841
95.7,1840
95.7,1839
95.7,1838
95.7,1837
95.7,1837
95.8,1837
95.8,1837
95.8,1838
95.8,1839
95.8,1839
95.8,1839
95.8,1840
95.8,1841
95.8,1840
95.8,1840
95.8,1841
95.8,1840
95.8,1841
95.9,1840
95.9,1841
95.9,1842
95.9,1843
95.9,1842
95.9,1841
95.9,1840
95.9,1840
95.9,1839
95.9,1839
95.9,1839
96.0,1839
96.0,1839
96.0,1838
96.0,1838
96.0,1837
96.0,1837
96.0,1838
96.0,1838
96.0,1838
96.0,1838
96.0,1838
96.0,1839
96.0,1840
96.1,1839
96.1,1840
96.1,1840
96.1,1840
96.1,1841
96.1,1842
96.1,1841
96.1,1840
96.1,1840
96.2,1839
96.2,1840
96.2,1840
96.2,1840
96.2,1840
96.2,1840
96.2,1841
96.2,1840
96.2,1841
96.2,1842
96.2,1841
96.2,1840
96.2,1839
96.3,1838
96.3,1837
96.3,1836
96.3,1836
96.3,1835
96.3,1836
96.3,1835
96.3,1834
96.3,1833
96.3,1832
96.3,1831
96.3,1832
96.3,1831
96.3,1831
96.3,1831
96.3,1830
96.3,1830
96.3,1831
96.4,1831
96.4,1831
96.4,1831
96.4,1831
96.4,1831
96.4,1831
96.4,1831
96.4,1832
96.4,1833
96.5,1833
96.5,1833
96.5,1834
96.5,1835
96.5,1834
96.5,1835
96.5,1836
96.5,1836
96.5,1835
96.5,1834
96.5,1834
96.5,1835
96.5,1835
96.5,1836
96.5,1836
96.5,1835
96.5,1835
96.5,1835
96.5,1834
96.6,1835
96.6,1834
96.6,1835
96.6,1834
96.6,1834
96.6,1835
96.6,1834
96.6,1833
96.6,1834
96.6,1834
96.6,1834
96.6,1834
96.6,1835
96.6,1836
96.6,1837
96.7,1837
96.7,1836
96.7,1835
96.7,1836
96.7,1837
96.7,1837
96.7,1836
96.7,1836
96.7,1835
96.7,1835
96.7,1835
96.7,1836
96.7,1836
96.7,1837
96.7,1837
96.7,1838
96.8,1839
96.8,1838
96.8,1839
96.8,1839
96.8,1839
96.8,1840
96.8,1839
96.8,1839
96.8,1838
96.8,1837
96.8,1837
96.9,1837
96.9,1837
96.9,1836
96.9,1837
96.9,1838
96.9,1838
96.9,1838
96.9,1839
96.9,1838
96.9,1837
96.9,1836
96.9,1836
96.9,1836
96.9,1837
96.9,1837
96.9,1837
96.9,1836
96.9,1836
96.9,1836
97.0,1835
97.0,1834
97.0,1833
97.0,1834
97.0,1833
97.0,1833
97.0,1834
97.0,1835
97.0,1836
97.0,1835
97.0,1836
97.0,1835
97.0,1835
97.0,1834
97.0,1835
97.0,1835
97.1,1835
97.1,1836
97.1,1836
97.1,1837
97.1,1837
97.1,1837
97.1,1836
97.1,1835
97.2,1834
97.2,1833
97.2,1832
97.2,1833
97.2,1834
97.2,1834
97.2,1833
97.2,1834
97.2,1835
97.2,1835
97.2,1834
97.3,1833
97.3,1833
97.3,1833
97.3,1833
97.3,1832
97.3,1833
97.3,1833
97.3,1833
97.3,1832
97.4,1833
97.4,1832
97.4,1831
97.4,1832
97.4,1833
97.4,1832
97.4,1832
97.4,1831
97.4,1831
97.4,1832
97.4,1833
97.4,1832
97.4,1831
97.5,1831
97.5,1832
97.5,1831
97.5,1830
97.5,1831
97.5,1830
97.5,1829
97.5,1830
97.5,1830
97.5,1831
97.5,1831
97.5,1831
97.5,1832
97.6,1832
97.6,1832
97.6,1832
97.6,1832
97.6,1831
97.6,1830
97.6,1829
97.6,1828
97.6,1827
97.6,1826
97.6,1827
97.6,1828
97.6,1828
97.7,1829
97.7,1828
97.7,1827
97.7,1827
97.7,1826
97.7,1825
97.7,1826
97.7,1827
97.7,1826
97.7,1826
97.7,1826
97.8,1827
97.8,1826
97.8,1826
97.8,1826
97.8,1826
97.8,1826
97.8,1826
97.8,1826
97.8,1826
97.8,1827
97.8,1828
97.9,1827
97.9,1828
97.9,1827
97.9,1827
97.9,1828
97.9,1827
97.9,1826
97.9,1826
97.9,1827
98.0,1828
98.0,1828
98.0,1829
98.0,1828
98.0,1827
98.0,1827
98.0,1828
98.0,1828
98.0,1828
98.0,1827
98.0,1826
98.0,1825
98.1,1825
98.1,1824
98.1,1823
98.1,1824
98.1,1824
98.1,1824
98.1,1825
98.1,1826
98.1,1827
98.1,1826
98.1,1825
98.1,1825
98.1,1825
98.1,1824
98.1,1823
98.2,1824
98.2,1824
98.2,1825
98.2,1826
98.2,1826
98.2,1826
98.2,1826
98.2,1826
98.2,1825
98.2,1826
98.2,1827
98.2,1826
98.2,1826
98.2,1825
98.3,1825
98.3,1824
98.3,1823
98.3,1824
98.3,1823
98.3,1823
98.3,1822
98.3,1823
98.3,1823
98.3,1823
98.3,1823
98.3,1824
98.3,1823
98.4,1823
98.4,1822
98.4,1823
98.4,1824
98.4,1824
98.4,1824
98.4,1825
98.4,1824
98.4,1825
98.5,1826
98.5,1825
98.5,1824
98.5,1823
98.5,1822
98.5,1821
98.5,1821
98.5,1820
98.5,1819
98.5,1818
98.5,1819
98.5,1820
98.5,1819
98.5,1819
98.5,1818
98.6,1819
98.6,1820
98.6,1819
98.6,1819
98.6,1820
98.6,1820
98.6,1820
98.6,1819
98.6,1819
98.6,1819
98.6,1819
98.6,1818
98.6,1817
98.6,1818
98.6,1819
98.6,1819
98.7,1820
98.7,1821
98.7,1821
98.7,1821
98.7,1822
98.7,1823
98.7,1823
98.7,1822
98.7,1821
98.7,1821
98.7,1821
98.8,1821
98.8,1820
98.8,1820
98.8,1819
98.8,1819
98.8,1818
98.8,1819
98.8,1820
98.8,1819
98.8,1818
98.9,1817
98.9,1816
98.9,1815
98.9,1814
98.9,1813
98.9,1813
99.0,1812
99.0,1812
99.0,1812
99.0,1812
99.0,1811
99.0,1811
99.0,1812
99.0,1812
99.0,1813
99.0,1813
99.0,1813
99.0,1814
99.0,1815
99.0,1816
99.0,1816
99.0,1816
99.0,1815
99.0,1815
99.1,1814
99.1,1814
99.1,1815
99.1,1814
99.1,1813
99.1,1814
99.1,1815
99.1,1816
99.1,1816
99.1,1816
99.1,1816
99.1,1816
99.2,1816
99.2,1817
99.2,1817
99.2,1817
99.2,1818
99.2,1818
99.2,1817
99.2,1818
99.2,1818
99.3,1819
99.3,1820
99.3,1819
99.3,1819
99.3,1820
99.3,1821
99.3,1820
99.3,1821
99.3,1822
99.3,1821
99.3,1820
99.4,1821
99.4,1822
99.4,1823
99.4,1824
99.4,1825
99.4,1826
99.4,1826
99.4,1826
99.4,1825
99.4,1826
99.4,1826
99.5,1825
99.5,1826
99.5,1827
99.5,1826
99.5,1825
99.6,1825
99.6,1824
99.6,1824
99.6,1825
99.6,1824
99.6,1824
99.6,1824
99.6,1824
99.6,1824
99.6,1824
99.6,1824
99.6,1824
99.7,1823
99.7,1822
99.7,1821
99.7,1821
99.7,1821
99.7,1822
99.7,1823
99.7,1823
99.7,1823
99.7,1823
99.7,1824
99.7,1824
99.7,1824
99.7,1823
99.7,1823
99.8,1822
99.8,1822
99.8,1823
99.8,1824
99.8,1824
99.8,1824
99.8,1825
99.8,1825
99.8,1825
99.8,1826
99.8,1825
99.8,1825
99.8,1824
99.8,1824
99.9,1825
99.9,1826
99.9,1827
99.9,1826
99.9,1825
99.9,1825
99.9,1824
99.9,1823
99.9,1822
99.9,1821
99.9,1821
99.9,1820
99.9,1820
100.0,1819
100.0,1818
100.0,1818
100.0,1818
100.0,1817
100.0,1818
100.0,1818
100.0,1818
100.0,1817
100.1,1817
100.1,1817
100.1,1816
100.1,1816
100.1,1815
100.1,1814
100.1,1813
100.1,1813
100.1,1814
100.1,1813
100.2,1812
100.2,1812
100.2,1813
100.2,1812
100.2,1813
100.3,1813
100.3,1813
100.3,1812
100.3,1813
100.3,1814
100.3,1814
100.3,1814
100.4,1813
100.4,1814
100.4,1814
100.4,1814
100.4,1813
100.4,1813
100.4,1813
100.4,1813
100.4,1813
100.4,1813
100.4,1814
100.4,1815
100.5,1815
100.5,1815
100.5,1814
100.5,1814
100.5,1814
100.5,1815
100.5,1815
100.5,1815
100.5,1816
100.5,1816
100.5,1815
100.5,1815
100.5,1816
100.5,1817
100.5,1816
100.6,1817
100.6,1816
100.6,1815
100.6,1815
100.6,1815
100.6,1816
100.6,1817
100.7,1818
100.7,1818
100.7,1817
100.7,1818
100.7,1818
100.7,1818
100.7,1817
100.7,1816
100.7,1817
100.7,1817
100.7,1817
100.7,1817
100.7,1817
100.7,1816
100.7,1816
100.7,1815
100.7,1814
100.7,1814
100.8,1815
100.8,1815
100.8,1815
100.8,1816
100.8,1815
100.8,1814
100.8,1815
100.8,1814
100.8,1813
100.8,1813
100.8,1814
100.9,1813
100.9,1813
100.9,1814
100.9,1815
100.9,1814
100.9,1813
100.9,1812
100.9,1813
100.9,1814
100.9,1813
100.9,1812
100.9,1813
100.9,1812
100.9,1811
100.9,1810
101.0,1810
101.0,1809
101.0,1808
101.0,1808
101.0,1809
101.0,1810
101.0,1810
101.0,1811
101.0,1811
101.1,1812
101.1,1811
101.1,1810
101.1,1810
101.1,1810
101.1,1811
101.1,1810
101.1,1810
101.1,1809
101.1,1810
101.1,1811
101.1,1812
101.1,1812
101.1,1811
101.1,1811
101.2,1812
101.2,1812
101.2,1813
101.2,1813
101.2,1814
101.2,1814
101.2,1813
101.2,1812
101.2,1813
101.2,1813
101.2,1812
101.2,1811
101.2,1810
101.2,1810
101.2,1810
101.2,1811
101.2,1811
101.2,1811
101.2,1812
101.2,1813
101.3,1814
101.3,1813
101.3,1814
101.3,1813
101.3,1812
101.3,1813
101.3,1814
101.3,1814
101.3,1814
101.3,1815
101.3,1814
101.3,1814
101.3,1814
101.3,1815
101.3,1814
101.3,1813
101.3,1813
101.4,1814
101.4,1814
101.4,1815
101.4,1814
101.4,1814
101.4,1815
101.4,1815
101.4,1815
101.4,1814
101.4,1814
101.4,1815
101.4,1814
101.4,1813
101.4,1814
101.4,1815
101.4,1814
101.4,1813
101.4,1812
101.4,1811
101.5,1812
101.5,1811
101.5,1812
101.5,1811
101.5,1810
101.5,1809
101.5,1809
101.5,1809
101.5,1808
101.5,1807
101.5,1807
101.5,1806
101.5,1807
101.5,1807
101.5,1808
101.5,1809
101.5,1808
101.6,1808
101.6,1809
101.6,1810
101.6,1810
101.6,1810
101.6,1811
101.7,1812
101.7,1812
101.7,1813
101.7,1814
101.7,1815
101.7,1816
101.7,1817
101.7,1816
101.7,1815
101.7,1815
101.7,1815
101.7,1815
101.7,1816
101.7,1817
101.7,1817
101.7,1818
101.7,1818
101.7,1818
101.8,1818
101.8,1818
101.8,1818
101.8,1819
101.9,1819
101.9,1818
101.9,1819
101.9,1820
101.9,1820
101.9,1821
101.9,1822
101.9,1821
101.9,1820
101.9,1820
101.9,1821
102.0,1820
102.0,1819
102.0,1818
102.0,1818
102.0,1818
102.0,1819
102.0,1819
102.0,1819
102.0,1820
102.0,1820
102.0,1819
102.0,1820
102.0,1821
102.1,1820
102.1,1819
102.1,1820
102.1,1821
102.1,1820
102.1,1819
102.1,1820
102.1,1820
102.1,1820
102.1,1821
102.1,1821
102.2,1821
102.2,1820
102.2,1820
102.2,1820
102.2,1820
102.2,1821
102.2,1821
102.2,1822
102.2,1822
102.2,1822
102.2,1823
102.2,1824
102.3,1824
102.3,1823
102.3,1824
102.3,1823
102.3,1824
102.3,1824
102.3,1824
102.3,1825
102.3,1824
102.3,1823
102.3,1824
102.3,1824
102.3,1824
102.3,1824
102.4,1824
102.4,1824
102.4,1824
102.4,1823
102.4,1824
102.4,1823
102.4,1824
102.4,1825
102.4,1826
102.4,1825
102.4,1824
102.4,1825
102.5,1825
102.5,1826
102.5,1826
102.5,1827
102.5,1828
102.5,1828
102.5,1828
102.5,1828
102.5,1828
102.5,1827
102.5,1828
102.5,1827
102.5,1827
102.6,1826
102.6,1825
102.6,1825
102.6,1825
102.6,1824
102.6,1823
102.6,1824
102.6,1824
102.6,1824
102.6,1823
102.6,1822
102.6,1823
102.6,1823
102.6,1823
102.6,1822
102.6,1821
102.6,1820
102.6,1820
102.7,1820
102.7,1821
102.7,1821
102.7,1822
102.7,1823
102.7,1822
102.7,1823
102.7,1824
102.7,1824
102.7,1823
102.7,1823
102.8,1824
102.8,1824
102.8,1824
102.8,1824
102.8,1825
102.8,1824
102.8,1825
102.8,1825
102.8,1825
102.8,1824
102.8,1825
102.8,1825
102.8,1824
102.8,1823
102.8,1822
102.8,1821
102.8,1822
102.8,1822
102.9,1823
102.9,1822
102.9,1822
102.9,1823
102.9,1824
102.9,1825
102.9,1824
102.9,1824
102.9,1824
102.9,1824
102.9,1823
102.9,1822
102.9,1823
103.0,1823
103.0,1822
103.0,1822
103.0,1821
103.0,1820
103.0,1819
103.0,1819
103.0,1820
103.1,1819
103.1,1818
103.1,1817
103.1,1818
103.1,1819
103.1,1819
103.1,1818
103.1,1818
103.1,1817
103.1,1818
103.1,1817
103.1,1817
103.1,1818
103.1,1818
103.1,1818
103.2,1819
103.2,1819
103.2,1818
103.2,1819
103.2,1820
103.2,1821
103.2,1822
103.2,1821
103.2,1822
103.2,1821
103.2,1820
103.3,1819
103.3,1820
103.3,1819
103.3,1819
103.3,1820
103.3,1821
103.3,1820
103.3,1819
103.3,1820
103.3,1820
103.4,1821
103.4,1820
103.4,1820
103.4,1821
103.4,1821
103.4,1821
103.4,1822
103.4,1822
103.4,1821
103.4,1822
103.4,1822
103.4,1821
103.4,1821
103.5,1821
103.5,1820
103.5,1820
103.5,1820
103.5,1820
103.5,1819
103.5,1819
103.5,1820
103.5,1820
103.5,1821
103.5,1820
103.5,1821
103.6,1820
103.6,1820
103.6,1821
103.6,1822
103.6,1823
103.6,1823
103.6,1824
103.6,1824
103.6,1825
103.6,1824
103.6,1823
103.6,1823
103.6,1822
103.6,1822
103.6,1821
103.7,1820
103.7,1821
103.7,1822
103.7,1821
103.7,1820
103.7,1821
103.7,1821
103.7,1820
103.7,1821
103.7,1821
103.7,1821
103.7,1820
103.7,1820
103.7,1819
103.7,1819
103.7,1820
103.7,1819
103.7,1819
103.8,1820
103.8,1819
103.8,1819
103.8,1820
103.8,1819
103.8,1818
103.9,1817
103.9,1817
103.9,1817
103.9,1817
103.9,1818
103.9,1817
103.9,1817
103.9,1816
103.9,1816
103.9,1815
103.9,1814
103.9,1813
103.9,1813
104.0,1813
104.0,1813
104.0,1812
104.0,1811
104.0,1811
104.0,1810
104.0,1810
104.0,1810
104.0,1811
104.0,1812
104.0,1812
104.0,1812
104.0,1812
104.0,1811
104.0,1811
104.0,1810
104.0,1809
104.1,1809
104.1,1809
104.1,1810
104.1,1809
104.1,1810
104.1,1809
104.1,1808
104.1,1809
104.1,1809
104.1,1809
104.1,1810
104.1,1810
104.1,1810
104.1,1809
104.2,1810
104.2,1810
104.2,1810
104.2,1810
104.2,1811
104.2,1810
104.2,1810
104.2,1810
104.3,1810
104.3,1809
104.3,1808
104.3,1807
104.3,1807
104.3,1808
104.3,1809
104.3,1809
104.3,1808
104.3,1809
104.3,1809
104.3,1809
104.3,1810
104.3,1810
104.4,1811
104.4,1810
104.4,1809
104.4,1809
104.4,1808
104.4,1808
104.4,1807
104.4,1806
104.4,1806
104.4,1807
104.4,1806
104.5,1805
104.5,1806
104.5,1807
104.5,1808
104.5,1808
104.5,1807
104.6,1807
104.6,1808
104.6,1808
104.6,1808
104.6,1809
104.6,1808
104.6,1808
104.6,1808
104.6,1807
104.6,1807
104.7,1808
104.7,1809
104.7,1810
104.7,1810
104.7,1810
104.7,1809
104.7,1808
104.7,1809
104.7,1808
104.8,1808
104.8,1808
104.8,1807
104.8,1807
104.8,1808
104.8,1807
104.8,1806
104.8,1806
104.8,1807
104.9,1808
104.9,1808
104.9,1808
104.9,1808
104.9,1807
104.9,1808
104.9,1807
104.9,1807
104.9,1807
104.9,1808
104.9,1808
105.0,1809
105.0,1810
105.0,1810
105.0,1809
105.0,1809
105.0,1810
105.0,1810
105.0,1811
105.0,1810
105.0,1810
105.0,1809
105.1,1810
105.1,1810
105.1,1810
105.1,1810
105.1,1810
105.1,1810
105.1,1809
105.1,1810
105.2,1810
105.2,1809
105.2,1809
105.2,1808
105.2,1808
105.2,1807
105.2,1807
105.2,1806
105.2,1805
105.2,1805
105.2,1805
105.2,1806
105.2,1805
105.2,1804
105.2,1803
105.2,1803
105.3,1802
105.3,1802
105.3,1802
105.3,1801
105.3,1801
105.3,1801
105.3,1801
105.3,1800
105.3,1799
105.3,1798
105.3,1799
105.3,1798
105.3,1797
105.3,1796
105.3,1795
105.4,1794
105.4,1794
105.4,1795
105.4,1796
105.4,1797
105.4,1798
105.4,1797
105.4,1798
105.4,1799
105.4,1799
105.4,1799
105.5,1799
105.5,1800
105.5,1799
105.5,1798
105.5,1797
105.5,1796
105.5,1797
105.5,1797
105.5,1798
105.5,1797
105.6,1798
105.6,1799
105.6,1800
105.6,1800
105.6,1801
105.6,1802
105.6,1803
105.6,1802
105.6,1801
105.7,1802
105.7,1801
105.7,1802
105.7,1801
105.7,1800
105.7,1800
105.7,1800
105.7,1801
105.7,1800
105.7,1801
105.7,1801
105.7,1800
105.7,1801
105.7,1800
105.8,1799
105.8,1799
105.8,1800
105.8,1799
105.8,1798
105.8,1798
105.8,1799
105.8,1798
105.8,1799
105.8,1798
105.8,1799
105.8,1799
105.9,1800
105.9,1800
105.9,1799
105.9,1798
105.9,1799
105.9,1799
105.9,1800
105.9,1801
106.0,1800
106.0,1799
106.0,1800
106.0,1800
106.0,1799
106.0,1799
106.0,1800
106.0,1801
106.0,1802
106.0,1802
106.0,1803
106.0,1802
106.0,1801
106.1,1802
106.1,1803
106.1,1802
106.1,1801
106.1,1801
106.1,1801
106.1,1802
106.1,1802
106.1,1802
106.1,1801
106.1,1802
106.1,1803
106.1,1802
106.1,1803
106.1,1804
106.2,1805
106.2,1805
106.2,1804
106.2,1803
106.2,1804
106.2,1805
106.2,1804
106.2,1805
106.2,1804
106.2,1805
106.3,1805
106.3,1806
106.3,1805
106.3,1805
106.3,1806
106.3,1805
106.3,1804
106.3,1804
106.3,1804
106.3,1805
106.3,1804
106.3,1805
106.3,1806
106.3,1805
106.3,1806
106.3,1807
106.4,1806
106.4,1805
106.4,1806
106.4,1805
106.4,1806
106.4,1807
106.4,1808
106.4,1807
106.4,1807
106.4,1806
106.4,1806
106.5,1806
106.5,1805
106.5,1804
106.5,1804
106.5,1805
106.5,1804
106.5,1805
106.5,1805
106.5,1804
106.5,1804
106.5,1804
106.5,1805
106.5,1805
106.6,1804
106.6,1803
106.6,1803
106.6,1802
106.6,1802
106.6,1802
106.6,1801
106.6,1801
106.7,1800
106.7,1799
106.7,1799
106.7,1800
106.7,1801
106.7,1800
106.7,1800
106.7,1799
106.7,1798
106.7,1798
106.7,1797
106.7,1796
106.7,1796
106.7,1796
106.8,1797
106.8,1797
106.8,1796
106.8,1796
106.8,1796
106.8,1797
106.8,1797
106.8,1796
106.9,1796
106.9,1797
106.9,1796
106.9,1795
106.9,1796
106.9,1797
106.9,1797
106.9,1796
106.9,1796
106.9,1797
106.9,1798
106.9,1797
106.9,1797
106.9,1798
106.9,1798
106.9,1797
106.9,1796
107.0,1795
107.0,1795
107.0,1795
107.0,1796
107.0,1796
107.0,1795
107.0,1796
107.0,1796
107.0,1796
107.0,1796
107.0,1795
107.0,1795
107.0,1795
107.0,1794
107.1,1795
107.1,1794
107.1,1794
107.1,1793
107.1,1792
107.1,1792
107.1,1792
107.1,1793
107.1,1793
107.1,1793
107.1,1793
107.1,1793
107.1,1792
107.1,1792
107.2,1792
107.2,1792
107.2,1793
107.2,1794
107.2,1794
107.2,1793
107.2,1792
107.3,1791
107.3,1792
107.3,1791
107.3,1792
107.3,1793
107.3,1793
107.3,1792
107.3,1792
107.3,1793
107.4,1792
107.4,1792
107.4,1791
107.4,1790
107.4,1791
107.4,1792
107.4,1791
107.4,1791
107.4,1791
107.4,1792
107.4,1792
107.4,1793
107.4,1792
107.5,1792
107.5,1791
107.5,1790
107.5,1790
107.5,1791
107.5,1792
107.5,1792
107.5,1793
107.5,1792
107.5,1792
107.5,1792
107.5,1793
107.5,1792
107.5,1792
107.5,1792
107.6,1793
107.6,1794
107.6,1793
107.6,1794
107.6,1793
107.6,1793
107.6,1794
107.6,1795
107.6,1795
107.6,1796
107.6,1796
107.6,1796
107.6,1795
107.6,1795
107.6,1796
107.6,1796
107.6,1795
107.6,1795
107.6,1794
107.6,1793
107.7,1794
107.7,1793
107.7,1793
107.7,1792
107.7,1792
107.7,1792
107.7,1792
107.7,1793
107.7,1794
107.7,1794
107.7,1793
107.7,1792
107.7,1793
107.7,1794
107.7,1794
107.7,1794
107.7,1795
107.8,1794
107.8,1793
107.8,1794
107.8,1794
107.8,1793
107.8,1793
107.8,1794
107.8,1794
107.8,1795
107.8,1795
107.9,1796
107.9,1795
107.9,1796
107.9,1795
107.9,1796
107.9,1797
107.9,1798
107.9,1798
107.9,1799
107.9,1798
107.9,1797
107.9,1797
107.9,1796
108.0,1797
108.0,1798
108.0,1799
108.0,1798
108.0,1798
108.0,1799
108.1,1799
108.1,1800
108.1,1801
108.1,1802
108.1,1801
108.1,1802
108.1,1803
108.1,1802
108.1,1803
108.1,1802
108.1,1801
108.1,1802
108.1,1801
108.1,1801
108.2,1801
108.2,1802
108.2,1802
108.2,1803
108.2,1802
108.2,1802
108.2,1801
108.2,1800
108.2,1799
108.2,1799
108.2,1800
108.2,1799
108.2,1800
108.2,1800
108.3,1799
108.3,1798
108.3,1797
108.3,1798
108.3,1798
108.3,1799
108.3,1798
108.3,1799
108.3,1799
108.3,1799
108.4,1799
108.4,1798
108.4,1797
108.4,1796
108.4,1795
108.4,1796
108.4,1797
108.4,1798
108.4,1797
108.4,1796
108.4,1795
108.4,1795
108.4,1796
108.4,1795
108.5,1795
108.5,1796
108.5,1795
108.5,1794
108.5,1795
108.5,1796
108.5,1796
108.5,1796
108.6,1795
108.6,1794
108.6,1794
108.6,1794
108.6,1795
108.6,1796
108.6,1796
108.6,1796
108.6,1797
108.6,1797
108.6,1797
108.6,1796
108.6,1797
108.6,1796
108.7,1795
108.7,1794
108.7,1795
108.7,1796
108.7,1796
108.7,1797
108.7,1798
108.7,1799
108.7,1799
108.7,1798
108.7,1799
108.7,1799
108.8,1799
108.8,1800
108.8,1799
108.8,1800
108.8,1800
108.8,1799
108.8,1798
108.8,1798
108.8,1798
108.9,1797
108.9,1798
108.9,1798
108.9,1799
108.9,1800
108.9,1801
108.9,1800
108.9,1801
108.9,1802
108.9,1803
108.9,1802
108.9,1802
108.9,1802
108.9,1801
108.9,1802
108.9,1803
108.9,1802
108.9,1801
108.9,1800
108.9,1800
108.9,1799
109.0,1799
109.0,1798
109.0,1798
109.0,1797
109.0,1798
109.0,1798
109.0,1798
109.0,1797
109.0,1798
109.0,1797
109.0,1796
109.0,1795
109.0,1794
109.0,1793
109.0,1792
109.1,1792
109.1,1792
109.1,1793
109.1,1793
109.1,1793
109.1,1792
109.1,1792
109.1,1793
109.2,1793
109.2,1794
109.2,1795
109.2,1796
109.2,1795
109.2,1796
109.2,1796
109.2,1795
109.2,1795
109.2,1794
109.2,1794
109.2,1795
109.2,1795
109.2,1794
109.2,1793
109.2,1792
109.2,1791
109.3,1792
109.3,1793
109.3,1793
109.3,1792
109.3,1791
109.3,1792
109.3,1791
109.3,1792
109.3,1791
109.3,1791
109.3,1790
109.3,1790
109.3,1789
109.4,1789
109.4,1790
109.4,1791
109.4,1791
109.4,1791
109.4,1792
109.4,1792
109.4,1791
109.4,1791
109.4,1792
109.4,1792
109.5,1792
109.5,1792
109.5,1792
109.5,1793
109.5,1793
109.5,1792
109.5,1793
109.5,1792
109.5,1791
109.5,1791
109.5,1791
109.5,1791
109.5,1790
109.6,1789
109.6,1789
109.6,1789
109.6,1790
109.6,1789
109.6,1788
109.6,1788
109.6,1789
109.6,1790
109.6,1791
109.6,1792
109.6,1791
109.6,1791
109.7,1792
109.7,1792
109.7,1792
109.7,1792
109.7,1793
109.7,1794
109.7,1795
109.7,1794
109.7,1793
109.7,1792
109.8,1793
109.8,1794
109.8,1793
109.8,1793
109.8,1793
109.8,1792
109.8,1792
109.8,1792
109.8,1791
109.8,1790
109.8,1789
109.8,1788
109.8,1787
109.9,1788
109.9,1789
109.9,1790
109.9,1789
109.9,1789
109.9,1788
109.9,1789
109.9,1789
109.9,1789
109.9,1788
109.9,1788
109.9,1789
110.0,1790
110.0,1791
110.0,1790
110.0,1789
110.0,1790
110.0,1790
110.0,1790
110.0,1791
110.0,1790
110.0,1791
110.0,1790
110.1,1791
110.1,1791
110.1,1792
110.1,1792
110.1,1791
110.1,1792
110.1,1791
110.1,1790
110.1,1790
110.1,1790
110.1,1791
110.2,1791
110.2,1791
110.2,1792
110.2,1791
110.2,1790
110.2,1789
110.2,1788
110.2,1788
110.2,1788
110.2,1788
110.2,1789
110.2,1789
110.2,1790
110.2,1790
110.2,1790
110.2,1789
110.2,1790
110.2,1790
110.3,1791
110.3,1790
110.3,1789
110.3,1788
110.3,1788
110.3,1788
110.3,1789
110.3,1789
110.3,1789
110.3,1790
110.3,1791
110.3,1790
110.3,1791
110.4,1792
110.4,1792
110.4,1792
110.4,1791
110.4,1792
110.4,1793
110.4,1794
110.4,1794
110.4,1793
110.4,1794
110.4,1794
110.5,1794
110.5,1794
110.5,1795
110.5,1795
110.5,1795
110.5,1796
110.5,1797
110.5,1797
110.5,1798
110.5,1797
110.5,1798
110.5,1799
110.6,1799
110.6,1800
110.6,1800
110.6,1800
110.6,1799
110.6,1800
110.6,1800
110.6,1799
110.6,1799
110.6,1800
110.6,1800
110.6,1801
110.6,1800
110.7,1800
110.7,1800
110.7,1801
110.7,1801
110.7,1802
110.7,1801
110.7,1802
110.7,1803
110.8,1804
110.8,1803
110.8,1802
110.8,1803
110.8,1803
110.8,1803
110.8,1802
110.8,1801
110.8,1801
110.8,1802
110.8,1801
110.8,1800
110.8,1799
110.9,1799
110.9,1799
110.9,1799
110.9,1800
110.9,1801
110.9,1801
110.9,1802
110.9,1802
110.9,1802
110.9,1803
110.9,1804
110.9,1803
110.9,1803
110.9,1803
110.9,1802
110.9,1803
110.9,1802
111.0,1802
111.0,1801
111.0,1802
111.0,1803
111.0,1802
111.0,1802
111.0,1802
111.0,1801
111.0,1801
111.0,1802
111.0,1803
111.1,1803
111.1,1803
111.1,1803
111.1,1803
111.1,1803
111.1,1803
111.1,1803
111.1,1804
111.1,1805
111.2,1804
111.2,1804
111.2,1804
111.2,1803
111.2,1803
111.2,1804
111.2,1805
111.2,1805
111.2,1805
111.2,1806
111.2,1805
111.2,1806
111.2,1806
111.2,1805
111.3,1805
111.3,1806
111.3,1807
111.3,1807
111.3,1807
111.3,1807
111.3,1807
111.3,1806
111.3,1805
111.3,1805
111.3,1806
111.3,1806
111.3,1806
111.4,1807
111.4,1806
111.4,1806
111.4,1807
111.4,1808
111.4,1807
111.4,1807
111.4,1807
111.4,1806
111.4,1807
111.4,1807
111.4,1806
111.4,1806
111.4,1806
111.4,1806
111.5,1806
111.5,1805
111.5,1805
111.5,1806
111.5,1807
111.5,1807
111.5,1807
111.5,1807
111.5,1806
111.5,1807
111.5,1808
111.6,1807
111.6,1806
111.6,1806
111.6,1806
111.6,1806
111.6,1805
111.6,1804
111.6,1804
111.6,1803
111.6,1802
111.7,1801
111.7,1802
111.7,1803
111.7,1803
111.7,1802
111.7,1803
111.7,1803
111.7,1802
111.7,1803
111.7,1804
111.7,1805
111.7,1804
111.7,1805
111.8,1804
111.8,1803
111.8,1803
111.8,1802
111.8,1802
111.8,1803
111.8,1802
111.8,1803
111.8,1802
111.8,1801
111.8,1800
111.8,1801
111.8,1802
111.8,1802
111.8,1801
111.8,1800
111.8,1800
111.8,1799
111.8,1799
111.8,1799
111.9,1799
111.9,1798
111.9,1797
111.9,1798
111.9,1798
111.9,1799
111.9,1799
111.9,1800
111.9,1800
111.9,1801
111.9,1802
112.0,1803
112.0,1803
112.0,1802
112.0,1802
112.0,1801
112.0,1801
112.0,1802
112.0,1803
112.0,1804
112.0,1804
112.0,1804
112.0,1803
112.0,1804
112.0,1804
112.0,1804
112.1,1803
112.1,1804
112.1,1803
112.1,1803
112.1,1804
112.1,1803
112.1,1804
112.1,1803
112.1,1802
112.1,1801
112.1,1801
112.1,1801
112.1,1800
112.2,1800
112.2,1800
112.2,1801
112.2,1800
112.2,1801
112.2,1800
112.2,1801
112.2,1801
112.2,1800
112.2,1801
112.2,1801
112.2,1801
112.2,1801
112.2,1802
112.2,1803
112.3,1802
112.3,1803
112.3,1804
112.3,1805
112.3,1805
112.3,1805
112.3,1806
112.3,1805
112.4,1804
112.4,1805
112.4,1805
112.4,1805
112.4,1804
112.4,1805
112.4,1804
112.4,1805
112.4,1805
112.4,1805
112.4,1806
112.4,1807
112.5,1808
112.5,1808
112.5,1809
112.5,1810
112.5,1810
112.5,1811
112.5,1811
112.5,1811
112.5,1812
112.5,1811
112.5,1812
112.5,1812
112.5,1811
112.5,1812
112.5,1811
112.6,1810
112.6,1810
112.6,1811
112.6,1810
112.6,1809
112.6,1809
112.6,1810
112.6,1809
112.6,1809
112.6,1808
112.6,1808
112.6,1807
112.6,1806
112.6,1806
112.7,1806
112.7,1807
112.7,1808
112.7,1809
112.7,1809
112.7,1809
112.7,1808
112.7,1809
112.7,1808
112.7,1809
112.7,1808
112.7,1808
112.7,1809
112.7,1810
112.7,1810
112.8,1810
112.8,1809
112.8,1808
112.8,1808
112.8,1809
112.8,1809
112.8,1810
112.8,1810
112.8,1811
112.8,1811
112.8,1812
112.8,1812
112.8,1812
112.9,1812
112.9,1811
112.9,1812
112.9,1812
112.9,1812
112.9,1813
112.9,1812
112.9,1812
112.9,1813
112.9,1813
112.9,1812
112.9,1813
112.9,1813
112.9,1813
112.9,1814
112.9,1814
113.0,1815
113.0,1814
113.0,1814
113.0,1814
113.0,1815
113.0,1814
113.0,1814
113.0,1814
113.0,1814
113.0,1813
113.0,1814
113.0,1813
113.0,1814
113.0,1814
113.0,1814
113.0,1815
113.1,1814
113.1,1813
113.1,1814
113.1,1813
113.1,1813
113.1,1812
113.1,1811
113.1,1812
113.1,1813
113.1,1814
113.1,1813
113.1,1812
113.1,1811
113.1,1810
113.1,1809
113.1,1808
113.2,1809
113.2,1809
113.2,1810
113.2,1810
113.2,1810
113.2,1809
113.2,1810
113.2,1810
113.2,1811
113.2,1812
113.2,1813
113.3,1814
113.3,1813
113.3,1812
113.3,1813
113.3,1814
113.3,1815
113.3,1816
113.3,1816
113.3,1816
113.3,1815
113.4,1816
113.4,1815
113.4,1816
113.4,1816
113.4,1815
113.4,1814
113.4,1814
113.4,1813
113.4,1813
113.4,1812
113.4,1813
113.4,1812
113.4,1812
113.4,1812
113.4,1812
113.4,1813
113.5,1813
113.5,1813
113.5,1813
113.5,1812
113.5,1812
113.5,1811
113.5,1811
113.5,1811
113.5,1810
113.5,1811
113.5,1811
113.5,1811
113.5,1811
113.6,1810
113.6,1810
113.6,1810
113.6,1809
113.6,1809
113.6,1808
113.6,1807
113.6,1807
113.6,1807
113.6,1808
113.6,1808
113.7,1807
113.7,1806
113.7,1807
113.7,1806
113.7,1806
113.7,1807
113.7,1808
113.7,1809
113.7,1810
113.7,1810
113.7,1809
113.7,1809
113.7,1809
113.7,1808
113.7,1807
113.7,1808
113.8,1808
113.8,1809
113.8,1809
113.8,1808
113.8,1809
113.8,1808
113.8,1808
113.8,1808
113.8,1809
113.8,1810
113.8,1810
113.8,1811
113.8,1810
113.9,1810
113.9,1811
113.9,1811
113.9,1812
113.9,1813
113.9,1814
113.9,1815
113.9,1816
113.9,1816
113.9,1817
113.9,1816
113.9,1817
113.9,1816
113.9,1817
113.9,1818
114.0,1818
114.0,1818
114.0,1818
114.0,1818
114.0,1819
114.0,1820
114.0,1820
114.0,1820
114.0,1820
114.0,1819
114.0,1819
114.0,1820
114.1,1819
114.1,1819
114.1,1820
114.1,1820
114.1,1819
114.1,1818
114.1,1819
114.1,1820
114.1,1820
114.1,1821
114.1,1820
114.1,1821
114.1,1822
114.2,1822
114.2,1823
114.2,1823
114.2,1823
114.2,1823
114.2,1824
114.2,1824
114.2,1825
114.2,1825
114.2,1824
114.2,1825
114.2,1824
114.3,1824
114.3,1825
114.3,1826
114.3,1826
114.3,1827
114.3,1826
114.3,1826
114.4,1827
114.4,1828
114.4,1828
114.4,1827
114.4,1826
114.4,1826
114.4,1825
114.4,1825
114.4,1826
114.4,1825
114.4,1825
114.4,1826
114.4,1827
114.4,1828
114.4,1828
114.4,1827
114.4,1828
114.5,1829
114.5,1828
114.5,1829
114.5,1829
114.5,1829
114.5,1830
114.5,1829
114.5,1829
114.5,1830
114.5,1831
114.6,1830
114.6,1830
114.6,1829
114.6,1828
114.6,1829
114.6,1830
114.6,1829
114.6,1829
114.6,1829
114.6,1829
114.6,1828
114.6,1828
114.6,1827
114.6,1826
114.6,1825
114.6,1825
114.6,1826
114.6,1827
114.6,1826
114.7,1825
114.7,1825
114.7,1824
114.7,1824
114.7,1823
114.7,1824
114.7,1823
114.7,1822
114.7,1821
114.7,1821
114.7,1820
114.7,1819
114.8,1818
114.8,1818
114.8,1817
114.8,1818
114.8,1819
114.8,1820
114.8,1820
114.8,1819
114.8,1820
114.8,1820
114.8,1819
114.8,1820
114.9,1821
114.9,1820
114.9,1820
114.9,1821
114.9,1820
114.9,1821
115.0,1822
115.0,1821
115.0,1820
115.0,1821
115.0,1821
115.0,1820
115.0,1821
115.0,1822
115.0,1822
115.0,1821
115.0,1822
115.0,1821
115.0,1821
115.0,1822
115.0,1821
115.1,1821
115.1,1822
115.1,1823
115.1,1824
115.1,1824
115.1,1824
115.1,1823
115.2,1822
115.2,1822
115.2,1821
115.2,1820
115.2,1819
115.2,1819
115.2,1820
115.2,1821
115.2,1822
115.2,1821
115.2,1821
115.2,1822
115.2,1823
115.2,1823
115.2,1824
115.2,1825
115.2,1825
115.3,1824
115.3,1825
115.3,1825
115.3,1825
115.3,1825
115.3,1826
115.3,1825
115.3,1826
115.3,1827
115.3,1828
115.3,1828
115.3,1829
115.3,1828
115.3,1827
115.3,1828
115.3,1827
115.4,1826
115.4,1826
115.4,1825
115.4,1826
115.4,1827
115.4,1828
115.4,1828
115.4,1829
115.4,1829
115.4,1828
115.4,1829
115.5,1829
115.5,1828
115.5,1828
115.5,1828
115.5,1828
115.5,1829
115.5,1828
115.5,1829
115.5,1830
115.5,1829
115.5,1829
115.6,1828
115.6,1828
115.6,1829
115.6,1828
115.6,1829
115.6,1830
115.6,1831
115.6,1832
115.7,1833
115.7,1834
115.7,1834
115.7,1834
115.7,1835
115.7,1835
115.7,1834
115.8,1834
115.8,1834
115.8,1835
115.8,1834
115.8,1833
115.8,1834
115.8,1833
115.8,1832
115.9,1831
115.9,1831
115.9,1830
115.9,1831
115.9,1832
115.9,1832
115.9,1831
115.9,1830
115.9,1831
115.9,1831
116.0,1832
116.0,1833
116.0,1834
116.0,1835
116.0,1836
116.0,1835
116.0,1835
116.0,1836
116.0,1835
116.0,1836
116.0,1837
116.0,1837
116.1,1836
116.1,1837
116.1,1838
116.1,1837
116.1,1838
116.1,1839
116.1,1838
116.1,1837
116.1,1838
116.1,1839
116.1,1838
116.1,1837
116.1,1836
116.1,1837
116.1,1837
116.1,1836
116.1,1835
116.1,1835
116.1,1835
116.2,1836
116.2,1837
116.2,1837
116.2,1837
116.2,1836
116.3,1835
116.3,1834
116.3,1835
116.3,1835
116.3,1834
116.3,1834
116.3,1833
116.3,1832
116.3,1832
116.3,1833
116.3,1832
116.4,1832
116.4,1831
116.4,1832
116.4,1831
116.4,1832
116.4,1831
116.4,1831
116.4,1832
116.4,1832
116.4,1833
116.5,1832
116.5,1831
116.5,1832
116.5,1832
116.5,1833
116.5,1834
116.5,1833
116.5,1832
116.5,1831
116.5,1831
116.5,1832
116.5,1832
116.5,1832
116.5,1831
116.5,1832
116.5,1831
116.6,1830
116.6,1829
116.6,1830
116.6,1829
116.6,1828
116.6,1828
116.6,1827
116.6,1828
116.6,1828
116.7,1828
116.7,1829
116.7,1830
116.7,1829
116.7,1829
116.7,1830
116.7,1829
116.7,1830
116.7,1829
116.7,1830
116.7,1831
116.8,1831
116.8,1830
116.8,1829
116.8,1829
116.8,1828
116.8,1828
116.8,1827
116.8,1827
116.8,1827
116.8,1826
116.8,1826
116.8,1827
116.8,1826
116.8,1826
116.9,1825
116.9,1826
116.9,1827
116.9,1828
116.9,1828
116.9,1828
116.9,1829
116.9,1829
116.9,1830
116.9,1830
116.9,1829
116.9,1828
117.0,1828
117.0,1829
117.0,1830
117.0,1831
117.0,1831
117.0,1830
117.0,1830
117.0,1830
117.1,1830
117.1,1829
117.1,1828
117.1,1827
117.1,1827
117.1,1826
117.1,1827
117.1,1828
117.1,1828
117.1,1828
117.1,1829
117.1,1829
117.1,1828
117.1,1827
117.1,1826
117.1,1825
117.1,1825
117.1,1824
117.1,1825
117.1,1825
117.1,1826
117.1,1826
117.1,1825
117.2,1824
117.2,1823
117.2,1822
117.2,1822
117.2,1822
117.2,1823
117.2,1822
117.2,1821
117.2,1820
117.2,1819
117.2,1820
117.2,1820
117.2,1820
117.2,1820
117.2,1820
117.2,1819
117.2,1819
117.3,1819
117.3,1819
117.3,1819
117.3,1819
117.3,1820
117.3,1821
117.4,1821
117.4,1821
117.4,1820
117.4,1821
117.4,1820
117.4,1820
117.4,1820
117.4,1821
117.4,1820
117.4,1821
117.4,1822
117.4,1821
117.4,1820
117.5,1821
117.5,1820
117.5,1821
117.5,1822
117.5,1823
117.5,1824
117.5,1825
117.5,1826
117.5,1827
117.5,1827
117.5,1827
117.5,1827
117.5,1827
117.5,1826
117.5,1827
117.6,1827
117.6,1828
117.6,1829
117.6,1829
117.6,1828
117.6,1827
117.6,1828
117.6,1828
117.6,1827
117.6,1826
117.6,1825
117.6,1825
117.7,1825
117.7,1824
117.7,1825
117.7,1824
117.7,1824
117.7,1824
117.7,1824
117.7,1823
117.7,1822
117.8,1821
117.8,1820
117.8,1819
117.8,1818
117.8,1819
117.8,1820
117.8,1821
117.8,1822
117.8,1823
117.8,1824
117.9,1825
117.9,1826
117.9,1826
117.9,1826
117.9,1827
117.9,1826
117.9,1826
117.9,1826
117.9,1827
117.9,1826
117.9,1826
117.9,1827
117.9,1828
117.9,1828
117.9,1828
118.0,1829
118.0,1828
118.0,1829
118.0,1828
118.0,1829
118.0,1830
118.0,1830
118.0,1830
118.0,1829
118.0,1830
118.0,1829
118.0,1830
118.1,1830
118.1,1831
118.1,1830
118.1,1830
118.1,1830
118.1,1830
118.1,1831
118.1,1830
118.1,1829
118.1,1830
118.1,1830
118.1,1830
118.2,1831
118.2,1832
118.2,1833
118.2,1834
118.2,1835
118.2,1834
118.2,1833
118.2,1834
118.2,1834
118.2,1834
118.2,1833
118.2,1833
118.2,1834
118.3,1834
118.3,1834
118.3,1834
118.3,1834
118.3,1833
118.3,1832
118.3,1833
118.3,1832
118.3,1833
118.4,1834
118.4,1833
118.4,1832
118.4,1832
118.4,1832
118.4,1833
118.4,1834
118.4,1835
118.4,1834
118.4,1834
118.4,1834
118.5,1835
118.5,1836
118.5,1837
118.5,1838
118.5,1839
118.5,1839
118.5,1838
118.5,1838
118.5,1838
118.5,1839
118.5,1840
118.5,1840
118.6,1839
118.6,1838
118.6,1837
118.6,1836
118.6,1836
118.6,1835
118.6,1835
118.6,1834
118.6,1835
118.6,1835
118.6,1834
118.6,1833
118.6,1834
118.7,1833
118.7,1833
118.7,1832
118.7,1832
118.7,1832
118.7,1831
118.7,1830
118.7,1829
118.7,1829
118.7,1830
118.7,1831
118.7,1831
118.7,1832
118.7,1832
118.7,1833
118.7,1832
118.7,1833
118.7,1832
118.7,1831
118.8,1831
118.8,1831
118.8,1832
118.8,1832
118.8,1832
118.8,1833
118.8,1833
118.8,1834
118.8,1833
118.8,1833
118.8,1833
118.8,1832
118.9,1832
118.9,1833
118.9,1834
118.9,1834
118.9,1833
118.9,1833
118.9,1833
118.9,1833
118.9,1833
119.0,1834
119.0,1835
119.0,1835
119.0,1834
119.0,1833
119.0,1832
119.0,1832
119.0,1832
119.0,1831
119.0,1832
119.0,1833
119.0,1832
119.0,1832
119.0,1831
119.1,1832
119.1,1833
119.1,1833
119.1,1833
119.1,1832
119.1,1831
119.1,1830
119.1,1830
119.1,1829
119.1,1828
119.1,1829
119.1,1828
119.1,1827
119.2,1827
119.2,1827
119.2,1827
119.2,1828
119.2,1827
119.2,1826
119.2,1826
119.2,1825
119.2,1826
119.2,1827
119.3,1828
119.3,1828
119.3,1827
119.3,1827
119.3,1827
119.3,1827
119.3,1826
119.3,1825
119.4,1824
119.4,1824
119.4,1824
119.4,1825
119.4,1826
119.4,1827
119.4,1826
119.4,1825
119.4,1826
119.4,1825
119.4,1826
119.5,1825
119.5,1825
119.5,1825
119.5,1824
119.5,1824
119.5,1824
119.5,1825
119.5,1825
119.5,1824
119.5,1824
119.5,1823
119.5,1823
119.5,1822
119.5,1823
119.6,1824
119.6,1824
119.6,1825
119.6,1825
119.6,1826
119.6,1825
119.6,1825
119.6,1826
119.6,1826
119.6,1827
119.6,1827
119.6,1827
119.6,1826
119.6,1827
119.6,1828
119.6,1828
119.6,1829
119.6,1830
119.7,1830
119.7,1830
119.7,1829
119.7,1828
119.7,1828
119.7,1828
119.7,1827
119.7,1826
119.7,1827
119.8,1827
119.8,1827
119.8,1828
119.8,1829
119.8,1828
119.8,1827
119.8,1828
119.8,1828
119.8,1829
119.8,1829
119.8,1830
119.9,1831
119.9,1832
119.9,1833
119.9,1832
119.9,1831
119.9,1831
119.9,1832
119.9,1831
119.9,1830
119.9,1830
119.9,1830
119.9,1830
119.9,1830
119.9,1831
119.9,1831
119.9,1832
119.9,1831
120.0,1830
120.0,1829
120.0,1828
120.0,1827
120.0,1826
120.0,1827
120.0,1827
120.0,1827
120.0,1826
120.0,1827
120.0,1827
120.0,1828
120.0,1829
120.0,1830
120.0,1829
120.0,1829
120.1,1830
120.1,1830
120.1,1830
120.1,1829
120.1,1828
120.1,1828
120.2,1829
120.2,1829
120.2,1829
120.2,1830
120.2,1829
120.2,1830
120.2,1831
120.2,1830
120.2,1829
120.2,1828
120.2,1829
120.2,1830
120.2,1830
120.2,1831
120.3,1830
120.3,1831
120.3,1831
120.3,1830
120.3,1831
120.3,1831
120.3,1830
120.3,1831
120.3,1831
120.3,1831
120.3,1832
120.3,1831
120.4,1832
120.4,1832
120.4,1831
120.4,1832
120.4,1832
120.4,1832
120.4,1832
120.4,1833
120.4,1834
120.4,1834
120.4,1835
120.4,1834
120.4,1833
120.5,1834
120.5,1835
120.5,1836
120.5,1836
120.5,1836
120.5,1837
120.5,1837
120.5,1838
120.5,1837
120.5,1837
120.5,1838
120.5,1837
120.5,1837
120.5,1836
120.6,1836
120.6,1835
120.6,1835
120.6,1836
120.6,1835
120.6,1835
120.6,1834
120.6,1835
120.7,1835
120.7,1836
120.7,1836
120.7,1836
120.7,1836
120.7,1836
120.7,1835
120.7,1834
120.7,1834
120.7,1833
120.7,1834
120.7,1833
120.7,1834
120.7,1834
120.7,1835
120.7,1834
120.7,1835
120.7,1835
120.8,1836
120.8,1835
120.8,1834
120.8,1833
120.8,1833
120.8,1834
120.8,1835
120.8,1836
120.8,1837
120.8,1836
120.8,1835
120.9,1835
120.9,1834
120.9,1835
120.9,1834
120.9,1835
120.9,1836
120.9,1835
121.0,1835
121.0,1835
121.0,1835
121.0,1834
121.0,1833
121.0,1833
121.0,1832
121.0,1833
121.0,1833
121.1,1834
121.1,1835
121.1,1836
121.1,1835
121.1,1836
121.1,1835
121.1,1836
121.1,1835
121.1,1836
121.1,1837
121.1,1838
121.1,1839
121.1,1838
121.1,1837
121.1,1838
121.1,1837
121.1,1837
121.2,1838
121.2,1838
121.2,1839
121.2,1840
121.2,1841
121.2,1841
121.2,1841
121.2,1842
121.2,1842
121.2,1843
121.2,1844
121.2,1843
121.2,1842
121.2,1842
121.2,1841
121.2,1841
121.2,1840
121.2,1841
121.3,1840
121.3,1841
121.3,1840
121.3,1839
121.3,1839
121.3,1840
121.3,1840
121.3,1841
121.3,1842
121.3,1843
121.3,1844
121.3,1843
121.3,1844
121.4,1845
121.4,1845
121.4,1844
121.4,1845
121.4,1845
121.4,1846
121.4,1846
121.4,1847
121.4,1846
121.4,1846
121.5,1846
121.5,1845
121.5,1845
121.5,1844
121.5,1843
121.5,1842
121.5,1841
121.5,1842
121.5,1841
121.5,1842
121.5,1842
121.5,1842
121.5,1843
121.5,1844
121.6,1845
121.6,1846
121.6,1846
121.6,1845
121.6,1846
121.6,1847
121.6,1847
121.6,1847
121.6,1848
121.6,1849
121.6,1849
121.6,1850
121.6,1849
121.6,1849
121.7,1849
121.7,1849
121.7,1850
121.7,1849
121.7,1849
121.7,1850
121.7,1849
121.7,1849
121.7,1848
121.7,1847
121.7,1846
121.7,1845
121.7,1846
121.7,1846
121.7,1846
121.7,1847
121.7,1847
121.8,1848
121.8,1847
121.8,1847
121.8,1847
121.8,1848
121.8,1849
121.8,1850
121.8,1850
121.8,1849
121.8,1848
121.8,1848
121.9,1847
121.9,1846
121.9,1846
121.9,1847
121.9,1848
121.9,1848
121.9,1848
121.9,1848
121.9,1849
121.9,1850
121.9,1850
121.9,1850
122.0,1849
122.0,1848
122.0,1847
122.0,1846
122.0,1846
122.0,1846
122.0,1846
122.0,1845
122.0,1846
122.0,1846
122.0,1846
122.0,1847
122.0,1847
122.1,1847
122.1,1846
122.1,1846
122.1,1845
122.1,1845
122.1,1845
122.1,1844
122.1,1844
122.1,1844
122.1,1843
122.1,1844
122.1,1844
122.1,1843
122.1,1843
122.1,1843
122.1,1842
122.1,1841
122.2,1840
122.2,1841
122.2,1842
122.2,1841
122.2,1841
122.2,1840
122.2,1840
122.2,1839
122.3,1838
122.3,1838
122.3,1837
122.3,1836
122.3,1837
122.3,1837
122.3,1838
122.3,1839
122.3,1840
122.3,1840
122.3,1839
122.3,1840
122.3,1839
122.3,1838
122.3,1838
122.3,1837
122.3,1838
122.3,1838
122.3,1838
122.3,1838
122.3,1839
122.3,1840
122.4,1839
122.4,1840
122.4,1839
122.4,1840
122.4,1840
122.4,1840
122.4,1839
122.4,1839
122.4,1838
122.4,1838
122.5,1837
122.5,1836
122.5,1835
122.5,1835
122.5,1836
122.5,1836
122.5,1837
122.5,1837
122.5,1838
122.5,1839
122.5,1840
122.5,1839
122.5,1838
122.6,1839
122.6,1839
122.6,1839
122.6,1840
122.6,1839
122.6,1838
122.6,1837
122.7,1836
122.7,1835
122.7,1834
122.7,1834
122.7,1834
122.7,1835
122.7,1836
122.7,1835
122.7,1835
122.7,1835
122.8,1836
122.8,1835
122.8,1834
122.8,1834
122.8,1834
122.8,1833
122.8,1833
122.8,1832
122.9,1833
122.9,1833
122.9,1833
122.9,1832
122.9,1832
122.9,1832
122.9,1831
122.9,1831
122.9,1830
122.9,1830
122.9,1831
122.9,1832
122.9,1833
122.9,1833
122.9,1833
123.0,1832
123.0,1831
123.0,1831
123.0,1830
123.0,1830
123.0,1831
123.0,1831
123.1,1831
123.1,1830
123.1,1830
123.1,1829
123.1,1829
123.1,1830
123.1,1830
123.1,1830
123.1,1831
123.1,1830
123.1,1830
123.1,1829
123.1,1828
123.1,1829
123.1,1829
123.2,1828
123.2,1828
123.2,1827
123.2,1828
123.2,1827
123.2,1828
123.2,1828
123.2,1827
123.2,1827
123.2,1828
123.2,1827
123.3,1828
123.3,1827
123.3,1828
123.3,1828
123.3,1829
123.3,1830
123.3,1829
123.3,1830
123.3,1830
123.3,1829
123.3,1829
123.3,1829
123.3,1828
123.4,1827
123.4,1828
123.4,1829
123.4,1828
123.4,1827
123.4,1828
123.4,1829
123.4,1830
123.4,1829
123.4,1830
123.4,1831
123.4,1831
123.4,1831
123.4,1831
123.4,1831
123.4,1830
123.4,1829
123.4,1829
123.4,1828
123.4,1828
123.5,1829
123.5,1828
123.5,1827
123.5,1826
123.5,1825
123.5,1825
123.5,1824
123.5,1823
123.5,1824
123.5,1824
123.5,1824
123.5,1825
123.6,1826
123.6,1827
123.6,1828
123.6,1828
123.6,1827
123.6,1827
123.6,1826
123.6,1827
123.6,1826
123.7,1825
123.7,1825
123.7,1824
123.7,1824
123.7,1825
123.7,1825
123.7,1825
123.7,1825
123.7,1825
123.7,1824
123.7,1825
123.7,1825
123.7,1825
123.7,1825
123.7,1824
123.7,1823
123.7,1823
123.7,1823
123.7,1823
123.7,1824
123.7,1823
123.7,1823
123.8,1824
123.8,1825
123.8,1825
123.8,1826
123.8,1827
123.8,1828
123.8,1828
123.8,1828
123.8,1828
123.8,1829
123.8,1830
123.9,1829
123.9,1829
123.9,1829
123.9,1829
123.9,1828
123.9,1828
123.9,1827
123.9,1827
123.9,1826
123.9,1827
123.9,1826
123.9,1827
123.9,1827
123.9,1828
123.9,1829
124.0,1829
124.0,1829
124.0,1829
124.0,1830
124.0,1830
124.0,1830
124.0,1829
124.0,1829
124.0,1828
124.0,1828
124.0,1827
124.1,1826
124.1,1825
124.1,1825
124.1,1824
124.1,1824
124.1,1823
124.1,1823
124.1,1822
124.1,1822
124.1,1821
124.1,1821
124.1,1821
124.2,1820
124.2,1820
124.2,1820
124.2,1819
124.2,1818
124.2,1817
124.2,1818
124.2,1817
124.2,1817
124.2,1816
124.2,1816
124.2,1816
124.2,1817
124.2,1818
124.3,1818
124.3,1819
124.3,1819
124.3,1820
124.3,1821
124.3,1821
124.3,1820
124.3,1820
124.3,1819
124.3,1818
124.4,1817
124.4,1818
124.4,1817
124.4,1818
124.4,1818
124.4,1818
124.4,1819
124.4,1819
124.5,1820
124.5,1821
124.5,1821
124.5,1822
124.5,1821
124.5,1821
124.5,1821
124.5,1822
124.5,1823
124.5,1823
124.5,1824
124.5,1824
124.6,1823
124.6,1824
124.6,1823
124.6,1823
124.6,1822
124.6,1821
124.6,1822
124.6,1821
124.6,1821
124.6,1821
124.6,1820
124.6,1819
124.6,1818
124.6,1819
124.7,1819
124.7,1819
124.7,1819
124.7,1820
124.7,1819
124.7,1819
124.7,1819
124.7,1818
124.7,1817
124.7,1818
124.7,1819
124.7,1820
124.7,1820
124.8,1821
124.8,1821
124.8,1820
124.8,1820
124.8,1820
124.8,1821
124.8,1821
124.8,1822
124.8,1821
124.8,1822
124.9,1823
124.9,1823
124.9,1824
124.9,1825
124.9,1825
124.9,1825
124.9,1826
124.9,1827
124.9,1827
124.9,1826
124.9,1826
124.9,1827
124.9,1826
124.9,1825
124.9,1826
124.9,1826
124.9,1827
125.0,1826
125.0,1827
125.0,1828
125.0,1829
125.0,1830
125.0,1829
125.0,1830
125.0,1830
125.0,1830
125.0,1831
125.0,1830
125.0,1830
125.0,1830
125.0,1831
125.0,1830
125.1,1830
125.1,1829
125.1,1828
125.1,1828
125.1,1829
125.1,1829
125.1,1830
125.1,1829
125.1,1830
125.1,1830
125.1,1829
125.1,1828
125.1,1829
125.1,1828
125.1,1828
125.1,1827
125.1,1827
125.1,1828
125.1,1828
125.2,1828
125.2,1828
125.2,1828
125.2,1829
125.2,1828
125.2,1828
125.2,1827
125.2,1826
125.2,1826
125.2,1826
125.2,1827
125.3,1827
125.3,1827
125.3,1826
125.3,1827
125.3,1827
125.3,1827
125.3,1827
125.3,1828
125.3,1827
125.3,1827
125.3,1826
125.3,1826
125.3,1826
125.4,1825
125.4,1824
125.4,1823
125.4,1824
125.4,1825
125.4,1824
125.4,1825
125.4,1824
125.4,1824
125.4,1824
125.4,1824
125.5,1823
125.5,1823
125.5,1822
125.5,1822
125.5,1823
125.5,1824
125.5,1825
125.5,1826
125.5,1825
125.5,1824
125.6,1823
125.6,1822
125.6,1821
125.6,1822
125.6,1823
125.6,1823
125.6,1824
125.6,1823
125.6,1822
125.6,1821
125.6,1820
125.6,1821
125.6,1821
125.6,1822
125.6,1822
125.7,1821
125.7,1821
125.7,1822
125.7,1822
125.7,1821
125.7,1821
125.7,1821
125.7,1821
125.8,1820
125.8,1820
125.8,1821
125.8,1821
125.8,1821
125.8,1822
125.8,1821
125.8,1820
125.8,1819
125.8,1820
125.8,1820
125.8,1820
125.8,1819
125.8,1819
125.8,1818
125.9,1818
125.9,1819
125.9,1819
125.9,1820
125.9,1819
125.9,1819
125.9,1820
125.9,1821
126.0,1821
126.0,1821
126.0,1820
126.0,1819
126.0,1820
126.0,1820
126.0,1821
126.0,1822
126.1,1823
126.1,1823
126.1,1824
126.1,1823
126.1,1822
126.1,1822
126.1,1822
126.1,1822
126.1,1823
126.1,1824
126.1,1825
126.1,1825
126.1,1826
126.1,1825
126.1,1824
126.1,1824
126.2,1825
126.2,1826
126.2,1825
126.2,1826
126.2,1827
126.2,1826
126.2,1827
126.2,1826
126.2,1826
126.2,1825
126.2,1824
126.2,1824
126.2,1823
126.2,1824
126.2,1823
126.2,1822
126.2,1821
126.2,1822
126.3,1823
126.3,1823
126.3,1823
126.3,1822
126.3,1823
126.3,1822
126.3,1821
126.3,1820
126.3,1820
126.3,1821
126.3,1821
126.3,1821
126.3,1821
126.4,1821
126.4,1821
126.4,1822
126.4,1822
126.4,1821
126.4,1822
126.4,1821
126.4,1822
126.4,1822
126.4,1822
126.4,1823
126.4,1823
126.4,1822
126.4,1822
126.4,1823
126.5,1822
126.5,1823
126.5,1822
126.5,1823
126.5,1823
126.5,1822
126.5,1822
126.5,1823
126.5,1824
126.5,1824
126.5,1824
126.5,1824
126.6,1823
126.6,1823
126.6,1824
126.6,1824
126.6,1825
126.6,1826
126.6,1825
126.6,1824
126.6,1823
126.6,1824
126.6,1823
126.6,1824
126.7,1825
126.7,1825
126.7,1825
126.7,1826
126.7,1825
126.7,1825
126.7,1826
126.8,1826
126.8,1826
126.8,1827
126.8,1826
126.8,1826
126.8,1827
126.8,1828
126.8,1829
126.8,1828
126.8,1828
126.9,1829
126.9,1829
126.9,1828
126.9,1828
126.9,1828
126.9,1828
126.9,1829
126.9,1829
126.9,1828
126.9,1827
126.9,1828
126.9,1827
127.0,1826
127.0,1827
127.0,1828
127.0,1829
127.0,1830
127.0,1831
127.0,1831
127.0,1830
127.0,1830
127.0,1831
127.0,1831
127.0,1832
127.1,1831
127.1,1830
127.1,1831
127.1,1830
127.1,1831
127.1,1832
127.1,1832
127.1,1832
127.1,1833
127.1,1832
127.1,1833
127.1,1833
127.2,1833
127.2,1834
127.2,1835
127.2,1834
127.2,1835
127.2,1835
127.2,1834
127.2,1835
127.2,1835
127.2,1835
127.2,1835
127.2,1835
127.2,1835
127.2,1834
127.2,1835
127.3,1835
127.3,1835
127.3,1834
127.3,1833
127.3,1833
127.3,1833
127.3,1832
127.3,1831
127.3,1830
127.3,1829
127.4,1828
127.4,1828
127.4,1827
127.4,1828
127.4,1827
127.4,1828
127.4,1827
127.4,1827
127.4,1828
127.4,1828
127.4,1827
127.5,1827
127.5,1826
127.5,1827
127.5,1828
127.5,1828
127.5,1829
127.5,1828
127.5,1827
127.5,1827
127.5,1828
127.5,1828
127.5,1828
127.5,1829
127.5,1829
127.5,1828
127.5,1827
127.5,1827
127.5,1826
127.5,1826
127.5,1825
127.6,1826
127.6,1826
127.6,1827
127.6,1828
127.6,1827
127.6,1827
127.6,1828
127.6,1829
127.6,1829
127.7,1830
127.7,1831
127.7,1832
127.7,1833
127.7,1833
127.7,1832
127.7,1832
127.7,1831
127.7,1832
127.7,1833
127.7,1833
127.7,1833
127.7,1833
127.7,1834
127.7,1834
127.8,1834
127.8,1835
127.8,1834
127.8,1835
127.8,1836
127.8,1836
127.8,1835
127.8,1835
127.8,1835
127.8,1836
127.8,1837
127.8,1837
127.8,1837
127.8,1838
127.8,1837
127.8,1836
127.8,1836
127.8,1836
127.9,1835
127.9,1835
127.9,1836
127.9,1837
127.9,1837
127.9,1836
127.9,1836
127.9,1836
127.9,1835
127.9,1834
127.9,1834
127.9,1834
127.9,1834
128.0,1833
128.0,1832
128.0,1833
128.0,1834
128.0,1833
128.0,1833
128.0,1834
128.0,1835
128.0,1835
128.0,1835
128.0,1834
128.0,1834
128.0,1835
128.0,1834
128.0,1834
128.1,1834
128.1,1834
128.1,1835
128.1,1835
128.1,1835
128.1,1836
128.1,1835
128.1,1836
128.1,1836
128.1,1835
128.2,1835
128.2,1836
128.2,1836
128.2,1835
128.2,1835
128.2,1834
128.2,1834
128.3,1833
128.3,1833
128.3,1833
128.3,1833
128.3,1834
128.3,1835
128.4,1835
128.4,1834
128.4,1835
128.4,1835
128.4,1835
128.4,1834
128.4,1835
128.4,1836
128.5,1836
128.5,1836
128.5,1835
128.5,1835
128.5,1834
128.5,1835
128.5,1835
128.5,1835
128.5,1836
128.5,1835
128.5,1836
128.5,1837
128.6,1838
128.6,1838
128.6,1838
128.6,1837
128.6,1836
128.6,1835
128.6,1835
128.6,1836
128.6,1837
128.6,1838
128.6,1839
128.6,1840
128.6,1840
128.7,1841
128.7,1842
128.7,1842
128.7,1843
128.7,1843
128.7,1843
128.7,1843
128.7,1842
128.7,1842
128.7,1841
128.7,1840
128.7,1839
128.7,1838
128.8,1839
128.8,1839
128.8,1840
128.8,1840
128.8,1840
128.8,1841
128.8,1841
128.8,1840
128.8,1841
128.8,1840
128.8,1839
128.8,1840
128.8,1839
128.8,1839
128.8,1839
128.8,1839
128.8,1839
128.9,1838
128.9,1837
128.9,1837
128.9,1836
128.9,1837
128.9,1838
128.9,1838
128.9,1838
128.9,1837
128.9,1837
128.9,1838
128.9,1838
128.9,1838
128.9,1837
128.9,1837
129.0,1836
129.0,1837
129.0,1837
129.0,1836
129.0,1836
129.0,1835
129.0,1834
129.0,1833
129.1,1832
129.1,1832
129.1,1832
129.1,1833
129.1,1834
129.1,1833
129.1,1834
129.1,1835
129.1,1834
129.1,1833
129.1,1832
129.1,1833
129.1,1834
129.2,1833
129.2,1833
129.2,1833
129.2,1834
129.2,1835
129.2,1836
129.2,1835
129.2,1835
129.2,1836
129.2,1836
129.3,1836
129.3,1836
129.3,1836
129.3,1836
129.3,1837
129.3,1837
129.3,1838
129.3,1837
129.3,1837
129.3,1838
129.4,1838
129.4,1837
129.4,1837
129.4,1837
129.4,1836
129.4,1835
129.4,1836
129.4,1835
129.4,1835
129.5,1836
129.5,1835
129.5,1835
129.5,1834
129.5,1833
129.5,1834
129.5,1834
129.5,1835
129.5,1836
129.6,1837
129.6,1836
129.6,1836
129.6,1835
129.6,1835
129.6,1834
129.6,1834
129.6,1834
129.7,1833
129.7,1833
129.7,1833
129.7,1832
129.7,1831
129.7,1831
129.7,1831
129.7,1830
129.7,1830
129.7,1830
129.7,1829
129.7,1828
129.7,1829
129.7,1829
129.7,1829
129.7,1829
129.8,1829
129.8,1830
129.8,1829
129.8,1830
129.8,1829
129.8,1830
129.8,1831
129.8,1832
129.8,1832
129.8,1831
129.8,1831
129.8,1831
129.9,1830
129.9,1829
129.9,1828
129.9,1828
129.9,1828
129.9,1828
129.9,1828
129.9,1827
129.9,1827
129.9,1826
129.9,1825
129.9,1825
129.9,1824
129.9,1825
129.9,1825
129.9,1825
129.9,1826
130.0,1827
130.0,1826
130.0,1827
130.0,1827
130.0,1827
130.0,1827
130.0,1826
130.0,1826
130.0,1825
130.0,1824
130.0,1824
130.0,1825
130.1,1824
130.1,1823
130.1,1822
130.1,1823
130.1,1823
130.1,1823
130.1,1824
130.1,1824
130.1,1824
130.1,1824
130.2,1823
130.2,1822
130.2,1822
130.2,1821
130.2,1822
130.2,1822
130.2,1823
130.2,1822
130.2,1822
130.2,1821
130.2,1821
130.2,1821
130.2,1821
130.2,1822
130.2,1821
130.2,1821
130.2,1820
130.3,1819
130.3,1818
130.3,1818
130.3,1819
130.3,1818
130.3,1819
130.4,1819
130.4,1820
130.4,1820
130.4,1821
130.4,1821
130.4,1821
130.4,1822
130.5,1822
130.5,1822
130.5,1821
130.5,1820
130.5,1820
130.5,1819
130.5,1819
130.5,1819
130.5,1820
130.5,1820
130.5,1819
130.6,1819
130.6,1819
130.6,1820
130.6,1820
130.6,1819
130.6,1818
130.6,1818
130.6,1819
130.7,1818
130.7,1817
130.7,1817
130.7,1818
130.7,1817
130.7,1817
130.7,1817
130.7,1818
130.7,1819
130.8,1820
130.8,1820
130.8,1819
130.8,1820
130.8,1820
130.8,1819
130.8,1819
130.8,1820
130.8,1819
130.8,1820
130.8,1821
130.8,1821
130.8,1821
130.8,1822
130.8,1822
130.8,1823
130.9,1824
130.9,1825
130.9,1826
130.9,1825
130.9,1826
130.9,1826
130.9,1827
130.9,1827
130.9,1828
130.9,1827
130.9,1828
130.9,1827
130.9,1826
130.9,1825
130.9,1824
130.9,1823
131.0,1823
131.0,1824
131.0,1825
131.0,1824
131.0,1824
131.0,1823
131.0,1824
131.0,1823
131.0,1822
131.0,1822
131.0,1822
131.0,1821
131.1,1822
131.1,1821
131.1,1821
131.1,1821
131.1,1822
131.1,1823
131.1,1824
131.1,1823
131.2,1824
131.2,1825
131.2,1826
131.2,1826
131.2,1826
131.2,1825
131.2,1824
131.2,1825
131.2,1824
131.2,1824
131.2,1823
131.2,1823
131.2,1822
131.3,1822
131.3,1822
131.3,1823
131.3,1823
131.3,1823
131.3,1823
131.3,1823
131.3,1823
131.3,1824
131.3,1824
131.3,1824
131.3,1823
131.4,1822
131.4,1823
131.4,1823
131.4,1822
131.4,1823
131.4,1824
131.4,1823
131.4,1823
131.4,1822
131.4,1822
131.4,1823
131.4,1824
131.4,1824
131.4,1823
131.5,1824
131.5,1824
131.5,1824
131.5,1824
131.5,1825
131.5,1826
131.5,1826
131.5,1826
131.5,1826
131.5,1827
131.5,1827
131.6,1827
131.6,1826
131.6,1827
131.6,1828
131.6,1827
131.6,1826
131.6,1826
131.6,1826
131.6,1826
131.6,1827
131.6,1826
131.6,1826
131.6,1827
131.7,1828
131.7,1829
131.7,1829
131.7,1830
131.7,1831
131.7,1830
131.7,1829
131.7,1828
131.7,1829
131.7,1828
131.7,1829
131.7,1828
131.7,1828
131.7,1828
131.7,1829
131.7,1828
131.7,1827
131.7,1826
131.7,1826
131.8,1825
131.8,1825
131.8,1825
131.8,1826
131.8,1825
131.8,1824
131.8,1824
131.8,1824
131.8,1823
131.8,1823
131.8,1824
131.8,1823
131.8,1823
131.8,1824
131.9,1823
131.9,1823
131.9,1822
131.9,1822
131.9,1821
131.9,1822
131.9,1821
131.9,1820
131.9,1820
131.9,1821
131.9,1820
131.9,1820
131.9,1819
131.9,1819
131.9,1818
132.0,1817
132.0,1817
132.0,1818
132.0,1817
132.0,1816
132.0,1816
132.0,1816
132.0,1815
132.0,1815
132.0,1816
132.0,1815
132.0,1814
132.0,1814
132.0,1814
132.0,1813
132.0,1813
132.1,1813
132.1,1813
132.1,1812
132.1,1811
132.1,1811
132.1,1811
132.1,1812
132.1,1813
132.1,1814
132.1,1813
132.1,1812
132.2,1813
132.2,1813
132.2,1812
132.2,1811
132.2,1810
132.2,1810
132.2,1810
132.3,1809
132.3,1810
132.3,1809
132.3,1810
132.3,1811
132.3,1812
132.3,1812
132.3,1812
132.3,1811
132.4,1810
132.4,1810
132.4,1811
132.4,1812
132.4,1811
132.4,1810
132.4,1811
132.4,1812
132.4,1811
132.4,1811
132.4,1810
132.4,1809
132.4,1809
132.4,1810
132.4,1811
132.4,1810
132.4,1810
132.4,1810
132.5,1811
132.5,1811
132.5,1812
132.5,1812
132.5,1811
132.5,1810
132.5,1811
132.5,1811
132.5,1811
132.5,1810
132.5,1811
132.5,1811
132.5,1810
132.5,1809
132.6,1810
132.6,1811
132.6,1812
132.6,1813
132.6,1814
132.6,1815
132.6,1816
132.6,1816
132.6,1816
132.6,1815
132.6,1815
132.6,1814
132.6,1813
132.6,1813
132.6,1814
132.6,1813
132.7,1814
132.7,1813
132.7,1812
132.7,1813
132.7,1813
132.7,1813
132.8,1814
132.8,1815
132.8,1815
132.8,1816
132.8,1815
132.8,1816
132.8,1816
132.8,1815
132.8,1814
132.8,1814
132.8,1813
132.9,1814
132.9,1813
132.9,1812
132.9,1812
132.9,1811
132.9,1811
133.0,1810
133.0,1810
133.0,1809
133.0,1810
133.0,1810
133.0,1811
133.0,1811
133.0,1811
133.0,1810
133.0,1810
133.0,1810
133.0,1810
133.0,1809
133.0,1810
133.0,1811
133.0,1812
133.0,1812
133.1,1812
133.1,1812
133.1,1812
133.1,1813
133.1,1814
133.1,1813
133.1,1813
133.1,1812
133.1,1812
133.2,1812
133.2,1811
133.2,1810
133.2,1809
133.2,1808
133.2,1808
133.2,1809
133.2,1809
133.2,1810
133.3,1811
133.3,1810
133.3,1810
133.3,1809
133.3,1808
133.3,1807
133.3,1807
133.3,1808
133.3,1807
133.3,1806
133.3,1806
133.3,1805
133.3,1805
133.4,1806
133.4,1805
133.4,1806
133.4,1807
133.4,1807
133.4,1807
133.4,1807
133.4,1807
133.4,1808
133.4,1807
133.4,1807
133.4,1808
133.4,1808
133.4,1808
133.4,1809
133.4,1809
133.4,1808
133.5,1809
133.5,1809
133.5,1809
133.5,1809
133.5,1810
133.5,1810
133.5,1810
133.5,1809
133.5,1808
133.5,1808
133.5,1808
133.5,1809
133.5,1809
133.5,1810
133.6,1811
133.6,1812
133.6,1813
133.6,1812
133.6,1811
133.6,1810
133.6,1809
133.7,1810
133.7,1809
133.7,1810
133.7,1809
133.7,1810
133.7,1810
133.7,1811
133.7,1810
133.7,1810
133.7,1809
133.7,1808
133.7,1809
133.7,1808
133.7,1808
133.8,1809
133.8,1810
133.8,1809
133.8,1809
133.8,1809
133.8,1809
133.8,1809
133.8,1810
133.9,1809
133.9,1808
133.9,1809
133.9,1809
133.9,1808
133.9,1807
133.9,1807
133.9,1808
133.9,1807
133.9,1807
133.9,1807
133.9,1808
133.9,1807
133.9,1808
133.9,1807
133.9,1807
133.9,1807
133.9,1806
133.9,1807
134.0,1806
134.0,1807
134.0,1808
134.0,1808
134.0,1807
134.0,1807
134.0,1806
134.0,1805
134.0,1806
134.0,1805
134.0,1806
134.0,1805
134.0,1805
134.0,1805
134.1,1804
134.1,1803
134.1,1802
134.1,1803
134.1,1803
134.1,1804
134.1,1803
134.1,1803
134.1,1803
134.1,1802
134.1,1802
134.1,1803
134.1,1804
134.1,1803
134.1,1804
134.2,1803
134.2,1802
134.2,1802
134.2,1802
134.2,1801
134.2,1801
134.2,1801
134.2,1801
134.2,1800
134.2,1800
134.2,1800
134.2,1800
134.2,1799
134.2,1800
134.2,1800
134.3,1799
134.3,1799
134.3,1800
134.3,1801
134.3,1802
134.3,1803
134.3,1803
134.3,1803
134.3,1803
134.3,1804
134.4,1803
134.4,1803
134.4,1803
134.4,1803
134.4,1804
134.4,1804
134.4,1805
134.4,1804
134.4,1804
134.4,1805
134.4,1804
134.4,1805
134.5,1805
134.5,1805
134.5,1804
134.5,1803
134.5,1802
134.5,1802
134.5,1802
134.5,1801
134.5,1801
134.5,1802
134.5,1802
134.6,1803
134.6,1803
134.6,1802
134.6,1803
134.6,1804
134.6,1805
134.6,1804
134.6,1804
134.6,1803
134.6,1802
134.6,1803
134.6,1802
134.6,1803
134.6,1802
134.6,1801
134.6,1801
134.6,1800
134.6,1800
134.6,1800
134.7,1801
134.7,1802
134.7,1801
134.7,1801
134.7,1800
134.7,1801
134.7,1800
134.7,1800
134.7,1800
134.7,1799
134.7,1799
134.7,1798
134.7,1797
134.7,1798
134.7,1797
134.7,1796
134.7,1797
134.8,1796
134.8,1797
134.8,1796
134.8,1796
134.8,1796
134.8,1795
134.8,1794
134.8,1795
134.8,1794
134.8,1793
134.9,1793
134.9,1794
134.9,1794
134.9,1794
134.9,1793
134.9,1792
134.9,1791
134.9,1792
134.9,1791
134.9,1792
134.9,1791
134.9,1791
134.9,1792
134.9,1791
134.9,1790
134.9,1791
134.9,1790
135.0,1791
135.0,1792
135.0,1792
135.0,1793
135.0,1793
135.0,1792
135.0,1792
135.0,1791
135.0,1791
135.0,1790
135.0,1790
135.0,1789
135.0,1789
135.0,1790
135.1,1791
135.1,1790
135.1,1790
135.1,1791
135.1,1791
135.1,1790
135.1,1789
135.1,1790
135.1,1791
135.1,1792
135.1,1791
135.1,1790
135.1,1789
135.1,1789
135.1,1788
135.1,1789
135.1,1790
135.1,1791
135.2,1791
135.2,1791
135.2,1790
135.2,1790
135.2,1791
135.2,1792
135.2,1791
135.2,1792
135.2,1791
135.2,1792
135.2,1792
135.2,1792
135.2,1792
135.2,1792
135.2,1792
135.2,1791
135.2,1790
135.3,1791
135.3,1791
135.3,1792
135.3,1791
135.3,1790
135.3,1789
135.3,1788
135.3,1787
135.3,1786
135.3,1785
135.4,1785
135.4,1786
135.4,1785
135.4,1784
135.4,1784
135.4,1784
135.4,1785
135.4,1784
135.4,1783
135.4,1784
135.5,1783
135.5,1782
135.5,1782
135.5,1781
135.5,1781
135.5,1782
135.5,1781
135.5,1781
135.5,1780
135.5,1781
135.5,1781
135.6,1780
135.6,1780
135.6,1780
135.6,1779
135.6,1778
135.6,1777
135.6,1776
135.6,1775
135.6,1775
135.6,1775
135.6,1775
135.6,1775
135.6,1775
135.6,1775
135.7,1775
135.7,1774
135.7,1773
135.7,1773
135.7,1772
135.7,1773
135.7,1772
135.7,1773
135.7,1773
135.7,1774
135.7,1774
135.7,1775
135.8,1774
135.8,1775
135.8,1774
135.8,1775
135.8,1775
135.8,1776
135.8,1775
135.8,1774
135.8,1773
135.8,1773
135.8,1774
135.9,1774
135.9,1774
135.9,1773
135.9,1772
135.9,1773
135.9,1773
135.9,1772
135.9,1771
135.9,1770
135.9,1771
135.9,1770
135.9,1770
135.9,1771
135.9,1771
135.9,1770
135.9,1769
135.9,1768
135.9,1768
136.0,1769
136.0,1770
136.0,1769
136.0,1770
136.0,1770
136.0,1770
136.0,1769
136.0,1769
136.1,1769
136.1,1770
136.1,1771
136.1,1772
136.1,1771
136.1,1772
136.1,1771
136.1,1772
136.1,1773
136.1,1774
136.1,1773
136.1,1772
136.1,1772
136.2,1771
136.2,1771
136.2,1770
136.2,1771
136.2,1770
136.2,1769
136.2,1768
136.2,1768
136.2,1768
136.2,1769
136.2,1768
136.2,1768
136.2,1768
136.2,1768
136.2,1768
136.3,1768
136.3,1768
136.3,1767
136.3,1768
136.3,1767
136.3,1767
136.3,1766
136.3,1767
136.3,1768
136.3,1767
136.3,1766
136.3,1767
136.3,1767
136.3,1768
136.3,1769
136.3,1770
136.3,1769
136.3,1768
136.3,1768
136.4,1769
136.4,1768
136.4,1768
136.4,1767
136.4,1768
136.4,1767
136.4,1767
136.4,1766
136.4,1767
136.5,1767
136.5,1768
136.5,1768
136.5,1768
136.5,1768
136.5,1767
136.5,1766
136.5,1766
136.5,1765
136.5,1764
136.5,1763
136.6,1762
136.6,1762
136.6,1762
136.6,1762
136.6,1762
136.6,1762
136.6,1761
136.6,1760
136.6,1760
136.6,1759
136.7,1759
136.7,1759
136.7,1759
136.7,1759
136.7,1759
136.7,1758
136.7,1758
136.7,1757
136.7,1758
136.7,1758
136.7,1757
136.8,1757
136.8,1758
136.8,1757
136.8,1757
136.8,1756
136.8,1755
136.8,1756
136.8,1756
136.8,1757
136.8,1758
136.8,1758
136.8,1758
136.8,1759
136.8,1759
136.8,1758
136.8,1757
136.9,1757
136.9,1757
136.9,1758
136.9,1759
136.9,1758
136.9,1757
136.9,1758
136.9,1758
136.9,1758
136.9,1759
136.9,1760
137.0,1760
137.0,1761
137.0,1761
137.0,1762
137.0,1762
137.0,1761
137.0,1761
137.0,1760
137.0,1760
137.0,1760
137.0,1759
137.1,1759
137.1,1759
137.1,1760
137.1,1760
137.1,1760
137.1,1760
137.1,1760
137.1,1760
137.1,1760
137.1,1760
137.1,1759
137.1,1759
137.2,1760
137.2,1760
137.2,1761
137.2,1761
137.2,1761
137.2,1761
137.2,1760
137.2,1760
137.2,1760
137.2,1759
137.2,1760
137.2,1759
137.2,1759
137.2,1760
137.2,1760
137.2,1760
137.3,1759
137.3,1760
137.3,1759
137.3,1760
137.3,1760
137.3,1760
137.3,1760
137.3,1760
137.3,1760
137.3,1760
137.3,1760
137.4,1760
137.4,1760
137.4,1761
137.4,1762
137.4,1761
137.4,1762
137.4,1762
137.4,1763
137.4,1763
137.4,1763
137.4,1763
137.4,1762
137.4,1762
137.4,1761
137.5,1762
137.5,1763
137.5,1763
137.5,1764
137.5,1763
137.5,1764
137.5,1765
137.5,1765
137.5,1765
137.5,1765
137.5,1765
137.6,1765
137.6,1765
137.6,1764
137.6,1764
137.6,1764
137.6,1764
137.6,1764
137.6,1765
137.6,1766
137.6,1766
137.6,1766
137.6,1766
137.7,1766
137.7,1765
137.7,1766
137.7,1765
137.7,1766
137.7,1766
137.7,1766
137.7,1766
137.7,1767
137.7,1767
137.7,1767
137.7,1767
137.7,1766
137.7,1767
137.7,1766
137.7,1765
137.7,1764
137.8,1763
137.8,1764
137.8,1763
137.8,1763
137.8,1764
137.8,1764
137.8,1765
137.8,1764
137.8,1763
137.9,1763
137.9,1764
137.9,1763
137.9,1762
137.9,1761
137.9,1761
137.9,1760
137.9,1759
137.9,1758
137.9,1757
137.9,1758
137.9,1759
137.9,1760
137.9,1760
137.9,1760
137.9,1759
137.9,1759
137.9,1758
137.9,1758
138.0,1757
138.0,1756
138.0,1755
138.0,1754
138.0,1753
138.0,1754
138.0,1754
138.0,1754
138.1,1755
138.1,1755
138.1,1756
138.1,1756
138.1,1757
138.1,1757
138.2,1756
138.2,1755
138.2,1756
138.2,1755
138.2,1754
138.2,1755
138.2,1755
138.2,1754
138.2,1755
138.2,1755
138.2,1755
138.2,1755
138.3,1756
138.3,1756
138.3,1756
138.3,1755
138.3,1756
138.3,1756
138.3,1756
138.3,1755
138.3,1755
138.3,1755
138.3,1754
138.3,1754
138.3,1754
138.3,1753
138.4,1753
138.4,1752
138.4,1753
138.4,1752
138.4,1752
138.4,1751
138.4,1750
138.4,1749
138.4,1749
138.4,1750
138.4,1749
138.4,1750
138.4,1751
138.5,1750
138.5,1751
138.5,1750
138.5,1749
138.5,1748
138.6,1747
138.6,1747
138.6,1747
138.6,1746
138.6,1745
138.6,1744
138.6,1743
138.6,1744
138.6,1743
138.6,1743
138.6,1743
138.6,1744
138.6,1743
138.7,1744
138.7,1743
138.7,1743
138.7,1743
138.7,1743
138.7,1742
138.7,1741
138.7,1742
138.8,1741
138.8,1740
138.8,1740
138.8,1739
138.8,1738
138.8,1738
138.8,1738
138.8,1737
138.9,1736
138.9,1737
138.9,1736
138.9,1736
138.9,1735
138.9,1734
138.9,1733
138.9,1732
138.9,1733
139.0,1732
139.0,1731
139.0,1732
139.0,1732
139.0,1733
139.0,1732
139.0,1732
139.0,1731
139.0,1730
139.1,1730
139.1,1731
139.1,1731
139.1,1732
139.1,1732
139.2,1731
139.2,1730
139.2,1730
139.2,1729
139.2,1728
139.2,1727
139.2,1726
139.3,1727
139.3,1727
139.3,1728
139.3,1728
139.3,1728
139.3,1728
139.3,1729
139.3,1730
139.3,1729
139.3,1729
139.3,1728
139.3,1728
139.3,1729
139.4,1730
139.4,1730
139.4,1731
139.4,1731
139.4,1730
139.4,1730
139.4,1729
139.4,1730
139.4,1731
139.4,1730
139.4,1731
139.4,1732
139.5,1732
139.5,1732
139.5,1731
139.5,1730
139.5,1730
139.5,1729
139.5,1729
139.5,1729
139.5,1729
139.5,1728
139.5,1728
139.5,1728
139.5,1729
139.5,1730
139.5,1731
139.5,1731
139.6,1732
139.6,1733
139.6,1734
139.6,1733
139.6,1732
139.6,1733
139.6,1734
139.6,1735
139.6,1734
139.6,1734
139.6,1733
139.6,1733
139.6,1733
139.7,1733
139.7,1734
139.7,1734
139.7,1733
139.7,1732
139.7,1732
139.7,1731
139.7,1732
139.7,1733
139.7,1733
139.7,1734
139.7,1733
139.7,1732
139.7,1733
139.7,1733
139.7,1734
139.7,1734
139.7,1735
139.7,1736
139.7,1737
139.8,1738
139.8,1737
139.8,1737
139.8,1737
139.8,1736
139.8,1737
139.8,1738
139.8,1737
139.8,1736
139.8,1735
139.8,1736
139.8,1737
139.8,1738
139.8,1737
139.8,1737
139.8,1738
139.9,1739
139.9,1740
139.9,1740
139.9,1741
139.9,1742
139.9,1743
139.9,1743
139.9,1743
139.9,1742
139.9,1742
139.9,1742
140.0,1743
140.0,1742
140.0,1742
140.0,1742
140.0,1741
140.0,1742
140.0,1743
140.0,1742
140.0,1741
140.0,1741
140.0,1741
140.1,1742
140.1,1743
140.1,1744
140.1,1745
140.1,1744
140.1,1745
140.1,1745
140.1,1744
140.1,1744
140.1,1743
140.1,1742
140.1,1743
140.1,1744
140.2,1745
140.2,1746
140.2,1746
140.2,1747
140.2,1748
140.2,1748
140.2,1749
140.2,1749
140.2,1749
140.2,1750
140.2,1749
140.2,1749
140.2,1749
140.3,1749
140.3,1749
140.3,1750
140.3,1750
140.3,1751
140.3,1751
140.3,1750
140.3,1751
140.3,1751
140.3,1752
140.3,1753
140.3,1752
140.3,1752
140.3,1751
140.3,1750
140.4,1749
140.4,1748
140.4,1749
140.4,1748
140.4,1747
140.4,1747
140.4,1748
140.4,1748
140.5,1747
140.5,1748
140.5,1747
140.5,1748
140.5,1748
140.5,1748
140.5,1748
140.5,1747
140.5,1747
140.5,1746
140.5,1746
140.6,1745
140.6,1746
140.6,1747
140.6,1746
140.6,1745
140.6,1745
140.6,1745
140.6,1744
140.6,1743
140.6,1743
140.6,1744
140.7,1744
140.7,1743
140.7,1742
140.7,1743
140.7,1743
140.7,1742
140.7,1742
140.7,1741
140.7,1741
140.7,1742
140.7,1743
140.7,1744
140.7,1744
140.7,1744
140.8,1745
140.8,1746
140.8,1746
140.8,1746
140.8,1747
140.8,1746
140.8,1747
140.8,1747
140.8,1746
140.8,1747
140.8,1747
140.9,1748
140.9,1749
140.9,1749
140.9,1748
140.9,1747
140.9,1747
140.9,1747
140.9,1748
140.9,1749
140.9,1748
140.9,1749
140.9,1749
140.9,1749
140.9,1748
140.9,1748
140.9,1747
140.9,1746
140.9,1746
141.0,1747
141.0,1748
141.0,1748
141.0,1747
141.0,1747
141.0,1747
141.0,1747
141.0,1747
141.0,1747
141.0,1748
141.0,1747
141.0,1747
141.1,1748
141.1,1749
141.1,1748
141.1,1748
141.1,1747
141.1,1746
141.1,1747
141.1,1747
141.1,1747
141.1,1747
141.1,1747
141.1,1747
141.1,1747
141.1,1747
141.1,1748
141.1,1747
141.1,1748
141.1,1747
141.2,1746
141.2,1746
141.2,1747
141.2,1748
141.2,1749
141.2,1748
141.2,1748
141.2,1747
141.2,1748
141.2,1749
141.3,1750
141.3,1750
141.3,1750
141.3,1750
141.3,1749
141.3,1750
141.3,1749
141.3,1749
141.3,1748
141.4,1747
141.4,1748
141.4,1749
141.4,1750
141.4,1751
141.4,1750
141.4,1749
141.5,1748
141.5,1747
141.5,1746
141.5,1745
141.5,1744
141.5,1744
141.5,1745
141.5,1745
141.5,1745
141.5,1745
141.5,1745
141.5,1744
141.6,1745
141.6,1744
141.6,1744
141.6,1744
141.6,1744
141.6,1745
141.6,1744
141.6,1743
141.6,1744
141.6,1743
141.6,1744
141.7,1744
141.7,1743
141.7,1742
141.7,1743
141.7,1742
141.7,1743
141.7,1744
141.7,1743
141.7,1743
141.7,1744
141.8,1745
141.8,1744
141.8,1743
141.8,1743
141.8,1744
141.8,1744
141.8,1744
141.8,1745
141.8,1746
141.8,1745
141.8,1745
141.9,1744
141.9,1743
141.9,1743
141.9,1744
141.9,1744
141.9,1743
141.9,1744
141.9,1744
141.9,1745
141.9,1745
141.9,1746
141.9,1747
142.0,1748
142.0,1749
142.0,1750
142.0,1751
142.0,1752
142.0,1751
142.0,1750
142.0,1750
142.0,1750
142.0,1749
142.0,1748
142.0,1748
142.1,1749
142.1,1750
142.1,1750
142.1,1751
142.1,1750
142.1,1750
142.1,1750
142.1,1749
142.1,1748
142.1,1748
142.1,1748
142.1,1747
142.1,1747
142.1,1747
142.1,1748
142.1,1747
142.1,1746
142.1,1746
142.1,1747
142.1,1748
142.1,1749
142.2,1749
142.2,1749
142.2,1750
142.2,1750
142.2,1749
142.2,1748
142.2,1748
142.2,1748
142.2,1747
142.2,1747
142.3,1746
142.3,1745
142.3,1746
142.3,1746
142.3,1745
142.3,1745
142.3,1746
142.3,1745
142.3,1744
142.3,1744
142.3,1744
142.3,1745
142.4,1744
142.4,1744
142.4,1743
142.4,1744
142.4,1743
142.4,1744
142.4,1744
142.4,1744
142.4,1745
142.4,1745
142.5,1744
142.5,1744
142.5,1744
142.5,1744
142.5,1745
142.5,1744
142.5,1744
142.5,1743
142.5,1742
142.5,1742
142.6,1742
142.6,1743
142.6,1744
142.6,1743
142.6,1742
142.6,1743
142.6,1743
142.6,1743
142.6,1743
142.6,1742
142.6,1743
142.6,1743
142.6,1743
142.6,1742
142.6,1741
142.6,1740
142.7,1741
142.7,1742
142.7,1742
142.7,1743
142.7,1743
142.7,1744
142.7,1744
142.7,1743
142.7,1742
142.7,1742
142.7,1743
142.8,1744
142.8,1744
142.8,1744
142.8,1743
142.8,1742
142.8,1741
142.8,1740
142.8,1739
142.8,1740
142.8,1740
142.8,1740
142.8,1740
142.8,1740
142.9,1739
142.9,1738
142.9,1739
142.9,1739
142.9,1738
142.9,1739
142.9,1740
142.9,1740
142.9,1740
142.9,1740
143.0,1740
143.0,1740
143.0,1740
143.0,1740
143.0,1741
143.0,1740
143.0,1739
143.0,1738
143.0,1739
143.0,1739
143.0,1738
143.1,1739
143.1,1740
143.1,1739
143.1,1739
143.1,1739
143.1,1738
143.1,1737
143.1,1737
143.1,1738
143.1,1739
143.1,1740
143.1,1741
143.2,1741
143.2,1741
143.2,1742
143.2,1741
143.2,1741
143.2,1742
143.2,1742
143.2,1743
143.2,1744
143.2,1744
143.3,1743
143.3,1744
143.3,1745
143.3,1745
143.3,1745
143.3,1744
143.3,1743
143.3,1744
143.3,1743
143.3,1744
143.3,1744
143.3,1745
143.3,1744
143.3,1744
143.3,1744
143.3,1743
143.3,1744
143.3,1743
143.4,1744
143.4,1744
143.4,1744
143.4,1744
143.4,1745
143.4,1745
143.4,1744
143.5,1743
143.5,1742
143.5,1741
143.5,1740
143.5,1740
143.5,1739
143.5,1739
143.5,1738
143.5,1737
143.5,1737
143.5,1737
143.5,1738
143.5,1738
143.5,1739
143.6,1738
143.6,1738
143.6,1739
143.6,1738
143.6,1738
143.6,1738
143.6,1738
143.6,1739
143.6,1739
143.6,1740
143.6,1741
143.6,1742
143.6,1743
143.7,1743
143.7,1742
143.7,1741
143.7,1740
143.7,1739
143.7,1738
143.7,1738
143.7,1738
143.7,1738
143.7,1739
143.7,1738
143.7,1737
143.7,1738
143.7,1737
143.8,1738
143.8,1738
143.8,1738
143.8,1737
143.8,1738
143.8,1737
143.8,1736
143.8,1735
143.8,1736
143.8,1736
143.8,1737
143.8,1738
143.9,1738
143.9,1739
143.9,1739
143.9,1738
143.9,1737
143.9,1738
143.9,1737
143.9,1736
143.9,1735
144.0,1735
144.0,1736
144.0,1736
144.0,1736
144.0,1736
144.0,1737
144.0,1737
144.0,1736
144.0,1737
144.0,1736
144.0,1735
144.0,1735
144.0,1736
144.0,1736
144.0,1735
144.0,1735
144.1,1735
144.1,1735
144.1,1734
144.1,1735
144.1,1735
144.1,1735
144.1,1734
144.1,1734
144.1,1735
144.1,1735
144.1,1736
144.1,1735
144.1,1735
144.1,1735
144.1,1735
144.1,1735
144.2,1736
144.2,1735
144.2,1735
144.2,1735
144.2,1735
144.2,1735
144.2,1735
144.2,1736
144.2,1735
144.2,1735
144.2,1736
144.3,1735
144.3,1734
144.3,1733
144.3,1732
144.3,1732
144.3,1732
144.3,1732
144.3,1732
144.3,1731
144.3,1732
144.3,1733
144.3,1732
144.3,1733
144.3,1732
144.4,1732
144.4,1732
144.4,1732
144.4,1733
144.4,1733
144.4,1734
144.4,1735
144.4,1735
144.4,1735
144.4,1734
144.4,1733
144.4,1733
144.4,1734
144.4,1734
144.4,1735
144.4,1735
144.4,1736
144.4,1737
144.5,1736
144.5,1735
144.5,1734
144.5,1733
144.5,1732
144.5,1732
144.5,1733
144.5,1734
144.5,1734
144.5,1735
144.5,1735
144.6,1735
144.6,1736
144.6,1736
144.6,1735
144.6,1734
144.6,1735
144.6,1736
144.6,1736
144.6,1736
144.6,1735
144.6,1734
144.6,1734
144.6,1734
144.6,1735
144.6,1735
144.6,1734
144.7,1734
144.7,1734
144.7,1735
144.7,1735
144.7,1734
144.7,1735
144.7,1734
144.7,1735
144.7,1734
144.7,1734
144.8,1734
144.8,1734
144.8,1735
144.8,1735
144.8,1734
144.8,1734
144.8,1733
144.8,1732
144.8,1732
144.8,1731
144.8,1731
144.8,1731
144.8,1732
144.9,1731
144.9,1731
144.9,1730
144.9,1729
144.9,1728
144.9,1728
144.9,1727
144.9,1726
144.9,1727
144.9,1726
144.9,1725
144.9,1725
144.9,1725
145.0,1725
145.0,1725
145.0,1724
145.0,1725
145.0,1726
145.0,1726
145.0,1726
145.0,1726
145.0,1726
145.1,1725
145.1,1726
145.1,1725
145.1,1726
145.1,1726
145.1,1727
145.1,1727
145.1,1728
145.1,1729
145.1,1728
145.1,1727
145.1,1726
145.1,1725
145.1,1725
145.1,1725
145.2,1726
145.2,1726
145.2,1726
145.2,1726
145.2,1726
145.2,1726
145.2,1726
145.2,1726
145.2,1725
145.2,1724
145.2,1723
145.2,1724
145.3,1725
145.3,1726
145.3,1726
145.3,1727
145.3,1728
145.3,1728
145.3,1727
145.3,1728
145.3,1729
145.3,1729
145.3,1728
145.4,1727
145.4,1727
145.4,1728
145.4,1728
145.4,1729
145.4,1728
145.4,1729
145.4,1730
145.4,1730
145.4,1729
145.4,1728
145.5,1728
145.5,1728
145.5,1728
145.5,1729
145.5,1728
145.5,1728
145.5,1727
145.5,1726
145.5,1727
145.5,1727
145.5,1728
145.5,1727
145.5,1727
145.6,1727
145.6,1728
145.6,1729
145.6,1729
145.6,1728
145.6,1729
145.6,1729
145.6,1729
145.6,1730
145.6,1729
145.7,1728
145.7,1728
145.7,1727
145.7,1726
145.7,1726
145.7,1727
145.7,1728
145.7,1728
145.7,1728
145.7,1727
145.7,1727
145.7,1727
145.7,1727
145.7,1726
145.7,1727
145.7,1726
145.7,1725
145.8,1725
145.8,1724
145.8,1724
145.8,1725
145.8,1725
145.8,1726
145.8,1727
145.8,1728
145.8,1728
145.8,1729
145.8,1730
145.8,1731
145.8,1730
145.8,1731
145.8,1732
145.9,1732
145.9,1731
145.9,1732
145.9,1732
145.9,1733
145.9,1734
145.9,1733
145.9,1733
145.9,1732
145.9,1732
145.9,1731
145.9,1731
146.0,1732
146.0,1731
146.0,1731
146.0,1731
146.0,1732
146.0,1733
146.0,1734
146.0,1735
146.0,1735
146.1,1735
146.1,1734
146.1,1733
146.1,1732
146.1,1731
146.1,1731
146.1,1730
146.1,1729
146.1,1728
146.1,1728
146.1,1727
146.1,1728
146.2,1729
146.2,1730
146.2,1730
146.2,1729
146.2,1730
146.2,1731
146.2,1732
146.2,1731
146.3,1731
146.3,1732
146.3,1733
146.3,1732
146.3,1731
146.3,1731
146.3,1732
146.3,1732
146.3,1731
146.3,1730
146.4,1731
146.4,1731
146.4,1731
146.4,1730
146.5,1731
146.5,1730
146.5,1731
146.5,1732
146.5,1731
146.5,1731
146.5,1731
146.5,1732
146.5,1732
146.5,1733
146.5,1734
146.5,1733
146.5,1732
146.6,1732
146.6,1732
146.6,1731
146.6,1730
146.6,1730
146.6,1731
146.6,1732
146.6,1733
146.6,1733
146.6,1734
146.6,1734
146.7,1733
146.7,1732
146.7,1732
146.7,1731
146.7,1731
146.7,1732
146.7,1733
146.7,1734
146.7,1733
146.7,1733
146.8,1732
146.8,1731
146.8,1732
146.8,1731
146.8,1731
146.8,1731
146.8,1731
146.8,1731
146.8,1731
146.8,1732
146.8,1733
146.8,1734
146.9,1734
146.9,1735
146.9,1736
146.9,1737
146.9,1738
146.9,1738
146.9,1737
146.9,1736
146.9,1736
146.9,1737
146.9,1737
146.9,1738
146.9,1738
146.9,1737
146.9,1738
147.0,1739
147.0,1739
147.0,1740
147.0,1740
147.0,1741
147.0,1742
147.0,1743
147.0,1743
147.0,1742
147.1,1742
147.1,1742
147.1,1742
147.1,1741
147.1,1740
147.1,1740
147.1,1739
147.1,1739
147.1,1740
147.1,1741
147.1,1740
147.1,1741
147.2,1741
147.2,1740
147.2,1741
147.2,1742
147.2,1742
147.2,1742
147.2,1742
147.2,1743
147.2,1744
147.3,1744
147.3,1744
147.3,1743
147.3,1744
147.3,1745
147.3,1746
147.4,1745
147.4,1744
147.4,1744
147.4,1744
147.4,1744
147.4,1743
147.4,1743
147.4,1742
147.4,1742
147.4,1741
147.4,1740
147.4,1740
147.4,1739
147.5,1738
147.5,1739
147.5,1738
147.5,1737
147.5,1737
147.5,1736
147.5,1737
147.5,1737
147.5,1736
147.5,1736
147.6,1735
147.6,1735
147.6,1735
147.6,1734
147.6,1735
147.6,1735
147.6,1736
147.6,1736
147.6,1735
147.6,1735
147.6,1735
147.6,1735
147.7,1734
147.7,1734
147.7,1734
147.7,1735
147.7,1735
147.7,1734
147.7,1734
147.7,1735
147.7,1736
147.7,1737
147.7,1736
147.7,1737
147.8,1738
147.8,1738
147.8,1739
147.8,1738
147.8,1737
147.8,1737
147.8,1738
147.8,1739
147.8,1738
147.8,1738
147.8,1738
147.9,1737
147.9,1738
147.9,1739
147.9,1740
147.9,1741
147.9,1741
147.9,1742
147.9,1741
148.0,1740
148.0,1741
148.0,1740
148.0,1740
148.0,1740
148.0,1741
148.0,1741
148.0,1740
148.0,1741
148.0,1741
148.0,1741
148.0,1742
148.0,1743
148.0,1744
148.0,1745
148.0,1746
148.0,1747
148.0,1746
148.0,1746
148.1,1746
148.1,1745
148.1,1746
148.1,1745
148.1,1745
148.1,1745
148.1,1744
148.1,1745
148.1,1744
148.1,1744
148.1,1744
148.1,1743
148.1,1743
148.2,1743
148.2,1744
148.2,1745
148.2,1745
148.3,1745
148.3,1746
148.3,1746
148.3,1745
148.3,1746
148.3,1746
148.3,1747
148.3,1747
148.3,1748
148.4,1749
148.4,1748
148.4,1749
148.4,1748
148.4,1749
148.4,1750
148.4,1750
148.4,1750
148.4,1751
148.4,1752
148.4,1753
148.4,1754
148.5,1754
148.5,1753
148.5,1752
148.5,1752
148.5,1751
148.5,1751
148.5,1750
148.6,1750
148.6,1750
148.6,1750
148.6,1750
148.6,1751
148.6,1751
148.6,1751
148.6,1751
148.6,1751
148.6,1750
148.6,1750
148.6,1749
148.6,1750
148.6,1749
148.6,1749
148.6,1750
148.6,1749
148.7,1748
148.7,1748
148.7,1747
148.7,1747
148.7,1747
148.7,1746
148.7,1746
148.7,1747
148.7,1747
148.8,1746
148.8,1746
148.8,1746
148.8,1747
148.8,1747
148.8,1748
148.8,1748
148.8,1748
148.8,1748
148.8,1749
148.8,1748
148.8,1749
148.8,1749
148.8,1749
148.8,1749
148.8,1750
148.8,1751
148.9,1750
148.9,1750
148.9,1751
148.9,1752
148.9,1751
148.9,1751
148.9,1750
148.9,1750
149.0,1749
149.0,1749
149.0,1748
149.0,1749
149.0,1749
149.0,1748
149.0,1749
149.0,1749
149.0,1750
149.0,1749
149.1,1750
149.1,1749
149.1,1750
149.1,1750
149.1,1751
149.1,1750
149.1,1749
149.1,1749
149.1,1748
149.2,1749
149.2,1749
149.2,1748
149.2,1747
149.2,1748
149.2,1748
149.2,1748
149.2,1749
149.3,1748
149.3,1747
149.3,1747
149.3,1747
149.3,1748
149.3,1747
149.3,1747
149.3,1747
149.3,1748
149.3,1748
149.3,1748
149.4,1748
149.4,1748
149.4,1749
149.4,1749
149.4,1750
149.4,1750
149.4,1750
149.4,1750
149.4,1751
149.4,1750
149.4,1749
149.5,1750
149.5,1750
149.5,1751
149.5,1751
149.5,1751
149.5,1750
149.5,1750
149.5,1751
149.5,1752
149.5,1752
149.5,1752
149.5,1751
149.5,1752
149.5,1751
149.6,1752
149.6,1752
149.6,1753
149.6,1753
149.6,1753
149.6,1752
149.6,1752
149.6,1751
149.6,1750
149.6,1750
149.7,1749
149.7,1749
149.7,1748
149.7,1747
149.7,1747
149.7,1748
149.7,1748
149.7,1747
149.7,1747
149.7,1748
149.7,1748
149.7,1748
149.8,1747
149.8,1746
149.8,1745
149.8,1746
149.8,1745
149.8,1746
149.8,1745
149.8,1746
149.8,1745
149.8,1744
149.9,1744
149.9,1743
149.9,1742
149.9,1741
149.9,1741
149.9,1741
150.0,1740
150.0,1740
150.0,1741
150.0,1741
150.0,1742
150.1,1741
150.1,1740
150.1,1741
150.1,1741
150.1,1740
150.1,1741
150.1,1741
150.1,1742
150.1,1741
150.1,1741
150.1,1742
150.1,1741
150.1,1740
150.1,1740
150.1,1739
150.1,1740
150.1,1740
150.1,1740
150.2,1739
150.2,1739
150.2,1738
150.2,1739
150.2,1740
150.2,1739
150.2,1740
150.2,1740
150.2,1739
150.2,1740
150.2,1741
150.2,1741
150.2,1741
150.2,1740
150.2,1741
150.2,1740
150.2,1740
150.3,1740
150.3,1739
150.3,1739
150.3,1740
150.3,1741
150.3,1740
150.3,1739
150.3,1739
150.3,1738
150.3,1737
150.3,1738
150.3,1737
150.3,1736
150.4,1735
150.4,1734
150.4,1734
150.4,1735
150.4,1735
150.4,1736
150.4,1737
150.4,1737
150.5,1736
150.5,1736
150.5,1736
150.5,1737
150.5,1738
150.5,1738
150.6,1737
150.6,1736
150.6,1736
150.6,1735
150.6,1734
150.6,1734
150.6,1734
150.6,1734
150.6,1734
150.6,1734
150.6,1733
150.6,1734
150.6,1735
150.6,1736
150.7,1736
150.7,1735
150.7,1735
150.7,1736
150.7,1736
150.7,1737
150.7,1738
150.7,1737
150.7,1737
150.7,1737
150.7,1737
150.7,1736
150.8,1736
150.8,1735
150.8,1735
150.8,1734
150.8,1733
150.8,1733
150.8,1734
150.8,1734
150.8,1733
150.8,1734
150.8,1733
150.9,1732
150.9,1731
150.9,1730
150.9,1729
150.9,1729
150.9,1728
150.9,1727
150.9,1728
151.0,1729
151.0,1730
151.0,1729
151.0,1729
151.0,1730
151.0,1730
151.0,1729
151.0,1730
151.0,1731
151.0,1731
151.0,1731
151.0,1730
151.1,1729
151.1,1728
151.1,1727
151.1,1727
151.1,1728
151.1,1729
151.1,1729
151.1,1729
151.1,1729
151.2,1730
151.2,1730
151.2,1730
151.2,1731
151.2,1731
151.2,1731
151.2,1731
151.2,1730
151.2,1731
151.2,1730
151.2,1731
151.2,1732
151.2,1733
151.2,1732
151.3,1733
151.3,1732
151.3,1732
151.3,1731
151.3,1730
151.3,1729
151.3,1730
151.3,1731
151.3,1732
151.3,1733
151.3,1732
151.3,1733
151.3,1734
151.3,1734
151.3,1735
151.3,1734
151.3,1734
151.3,1735
151.4,1734
151.4,1735
151.4,1736
151.4,1737
151.4,1737
151.4,1737
151.4,1737
151.4,1737
151.4,1738
151.4,1739
151.4,1740
151.4,1739
151.5,1739
151.5,1740
151.5,1739
151.5,1740
151.5,1741
151.5,1741
151.5,1742
151.5,1743
151.5,1743
151.5,1743
151.5,1744
151.5,1743
151.5,1744
151.6,1743
151.6,1743
151.6,1743
151.6,1742
151.6,1741
151.6,1741
151.6,1742
151.6,1742
151.6,1743
151.6,1744
151.6,1745
151.6,1745
151.7,1745
151.7,1744
151.7,1743
151.7,1742
151.7,1741
151.7,1742
151.7,1742
151.7,1743
151.7,1743
151.7,1742
151.7,1743
151.7,1742
151.7,1742
151.8,1742
151.8,1742
151.8,1742
151.8,1742
151.8,1742
151.8,1743
151.8,1743
151.8,1744
151.8,1743
151.8,1743
151.8,1743
151.8,1742
151.9,1741
151.9,1742
151.9,1743
151.9,1742
151.9,1743
151.9,1744
151.9,1745
151.9,1745
151.9,1745
151.9,1745
151.9,1746
151.9,1746
151.9,1746
151.9,1745
151.9,1746
152.0,1746
152.0,1746
152.0,1747
152.0,1746
152.0,1747
152.0,1747
152.0,1748
152.0,1749
152.0,1750
152.0,1749
152.0,1749
152.0,1748
152.0,1747
152.0,1748
152.0,1749
152.0,1750
152.0,1751
152.1,1751
152.1,1751
152.1,1750
152.1,1751
152.1,1752
152.1,1753
152.1,1753
152.1,1753
152.1,1753
152.1,1752
152.1,1753
152.1,1753
152.2,1753
152.2,1754
152.2,1754
152.2,1755
152.2,1754
152.2,1755
152.2,1755
152.2,1755
152.2,1754
152.2,1754
152.2,1755
152.2,1756
152.3,1755
152.3,1756
152.3,1755
152.3,1756
152.3,1755
152.3,1756
152.3,1755
152.3,1755
152.3,1756
152.3,1757
152.3,1757
152.3,1757
152.3,1756
152.3,1756
152.3,1756
152.3,1755
152.3,1756
152.3,1757
152.3,1756
152.4,1756
152.4,1756
152.4,1755
152.4,1754
152.4,1753
152.4,1752
152.4,1751
152.4,1751
152.4,1752
152.4,1751
152.4,1751
152.4,1752
152.4,1752
152.4,1753
152.5,1753
152.5,1753
152.5,1752
152.5,1751
152.5,1752
152.5,1751
152.5,1750
152.5,1751
152.5,1750
152.5,1750
152.6,1750
152.6,1751
152.6,1752
152.6,1751
152.6,1752
152.6,1751
152.6,1752
152.6,1751
152.6,1750
152.6,1751
152.6,1751
152.6,1750
152.6,1750
152.6,1750
152.7,1751
152.7,1750
152.7,1751
152.7,1751
152.7,1750
152.7,1749
152.7,1749
152.7,1748
152.7,1747
152.7,1747
152.8,1747
152.8,1748
152.8,1749
152.8,1749
152.8,1748
152.8,1749
152.8,1749
152.9,1750
152.9,1751
152.9,1752
152.9,1752
152.9,1752
152.9,1751
152.9,1752
152.9,1753
152.9,1753
152.9,1754
153.0,1753
153.0,1753
153.0,1754
153.0,1753
153.0,1752
153.0,1753
153.0,1754
153.0,1754
153.0,1753
153.0,1754
153.0,1753
153.0,1753
153.0,1754
153.0,1755
153.0,1754
153.1,1754
153.1,1753
153.1,1752
153.1,1751
153.1,1751
153.1,1752
153.1,1753
153.1,1752
153.2,1753
153.2,1753
153.2,1754
153.2,1754
153.2,1754
153.2,1753
153.2,1752
153.2,1753
153.2,1752
153.3,1752
153.3,1751
153.3,1750
153.3,1750
153.3,1751
153.3,1751
153.3,1750
153.3,1749
153.3,1750
153.3,1750
153.3,1750
153.4,1751
153.4,1752
153.4,1751
153.4,1752
153.4,1753
153.4,1752
153.4,1752
153.4,1753
153.4,1754
153.4,1755
153.4,1754
153.5,1754
153.5,1753
153.5,1752
153.5,1753
153.5,1754
153.5,1753
153.5,1753
153.5,1752
153.5,1751
153.5,1752
153.5,1752
153.5,1753
153.5,1752
153.6,1752
153.6,1751
153.6,1752
153.6,1752
153.6,1753
153.6,1753
153.6,1754
153.6,1753
153.6,1752
153.6,1752
153.6,1753
153.6,1753
153.6,1752
153.6,1753
153.6,1753
153.6,1752
153.6,1751
153.6,1752
153.6,1751
153.7,1751
153.7,1751
153.7,1752
153.7,1752
153.7,1751
153.7,1750
153.7,1749
153.7,1749
153.8,1750
153.8,1749
153.8,1749
153.8,1749
153.8,1749
153.8,1748
153.8,1748
153.8,1747
153.8,1746
153.8,1745
153.8,1746
153.8,1747
153.8,1747
153.8,1746
153.8,1746
153.8,1747
153.9,1747
153.9,1746
153.9,1745
153.9,1745
153.9,1744
153.9,1745
153.9,1745
153.9,1745
153.9,1745
153.9,1746
153.9,1747
153.9,1746
153.9,1746
154.0,1746
154.0,1747
154.0,1746
154.0,1747
154.0,1748
154.0,1747
154.0,1746
154.0,1745
154.0,1746
154.0,1747
154.0,1746
154.0,1745
154.0,1744
154.0,1743
154.0,1743
154.0,1742
154.1,1743
154.1,1744
154.1,1744
154.1,1745
154.1,1745
154.1,1745
154.1,1745
154.1,1745
154.1,1746
154.1,1745
154.1,1746
154.1,1746
154.1,1746
154.1,1746
154.1,1745
154.1,1744
154.1,1745
154.2,1745
154.2,1746
154.2,1745
154.2,1746
154.2,1746
154.2,1747
154.2,1748
154.2,1747
154.2,1747
154.2,1746
154.2,1747
154.2,1748
154.3,1749
154.3,1749
154.3,1750
154.3,1750
154.3,1751
154.3,1752
154.3,1753
154.3,1754
154.3,1753
154.3,1752
154.3,1751
154.4,1752
154.4,1751
154.4,1750
154.4,1749
154.4,1750
154.4,1749
154.4,1748
154.4,1748
154.4,1747
154.4,1748
154.4,1748
154.4,1749
154.4,1748
154.4,1748
154.5,1749
154.5,1748
154.5,1748
154.5,1747
154.5,1748
154.5,1748
154.5,1749
154.5,1750
154.5,1749
154.5,1750
154.5,1751
154.6,1750
154.6,1751
154.6,1750
154.6,1751
154.6,1752
154.6,1752
154.6,1753
154.7,1753
154.7,1752
154.7,1751
154.7,1751
154.7,1751
154.7,1750
154.7,1751
154.7,1752
154.7,1753
154.8,1753
154.8,1753
154.8,1753
154.8,1754
154.8,1755
154.8,1755
154.8,1756
154.8,1757
154.8,1756
154.8,1757
154.8,1758
154.8,1757
154.9,1757
154.9,1757
154.9,1756
154.9,1756
154.9,1757
154.9,1758
154.9,1757
154.9,1757
154.9,1758
154.9,1759
154.9,1759
154.9,1760
155.0,1759
155.0,1758
155.0,1759
155.0,1759
155.0,1758
155.0,1757
155.0,1757
155.0,1756
155.1,1755
155.1,1756
155.1,1757
155.1,1756
155.1,1756
155.1,1756
155.1,1755
155.1,1754
155.1,1754
155.1,1754
155.1,1753
155.1,1754
155.1,1755
155.2,1754
155.2,1755
155.2,1754
155.2,1753
155.2,1752
155.2,1753
155.2,1754
155.2,1753
155.2,1754
155.2,1753
155.2,1754
155.2,1755
155.2,1756
155.2,1757
155.3,1757
155.3,1756
155.3,1755
155.3,1755
155.3,1755
155.3,1755
155.3,1756
155.3,1756
155.3,1757
155.3,1756
155.3,1757
155.4,1757
155.4,1758
155.4,1758
155.4,1757
155.4,1757
155.4,1756
155.4,1757
155.4,1757
155.4,1757
155.4,1758
155.4,1758
155.4,1758
155.4,1758
155.4,1757
155.5,1757
155.5,1758
155.5,1759
155.5,1758
155.5,1757
155.5,1756
155.5,1755
155.5,1755
155.5,1754
155.5,1754
155.5,1754
155.5,1754
155.5,1755
155.5,1754
155.5,1754
155.6,1754
155.6,1755
155.6,1755
155.6,1756
155.6,1757
155.6,1758
155.6,1759
155.6,1758
155.6,1759
155.6,1759
155.6,1759
155.6,1758
155.6,1757
155.6,1756
155.6,1757
155.6,1757
155.6,1757
155.6,1756
155.7,1755
155.7,1754
155.7,1754
155.7,1755
155.7,1755
155.7,1755
155.7,1756
155.7,1756
155.7,1755
155.7,1754
155.7,1754
155.7,1753
155.7,1754
155.7,1755
155.7,1754
155.7,1754
155.7,1755
155.7,1755
155.7,1755
155.7,1755
155.7,1755
155.8,1755
155.8,1755
155.8,1755
155.8,1755
155.8,1756
155.8,1756
155.8,1756
155.8,1757
155.8,1758
155.8,1757
155.8,1756
155.8,1757
155.8,1756
155.8,1756
155.9,1756
155.9,1756
155.9,1757
155.9,1758
155.9,1757
155.9,1756
155.9,1756
155.9,1756
155.9,1757
155.9,1756
155.9,1757
156.0,1757
156.0,1757
156.0,1758
156.0,1758
156.0,1759
156.0,1760
156.0,1759
156.0,1759
156.0,1759
156.0,1759
156.1,1759
156.1,1758
156.1,1758
156.1,1758
156.1,1758
156.1,1757
156.1,1758
156.1,1758
156.1,1758
156.1,1757
156.1,1757
156.2,1756
156.2,1755
156.2,1756
156.2,1755
156.2,1755
156.2,1755
156.2,1755
156.2,1754
156.2,1753
156.2,1753
156.2,1752
156.2,1751
156.2,1751
156.3,1752
156.3,1753
156.3,1754
156.3,1755
156.3,1755
156.3,1754
156.3,1755
156.3,1755
156.3,1754
156.3,1753
156.3,1753
156.3,1752
156.3,1751
156.4,1751
156.4,1750
156.4,1751
156.4,1752
156.4,1753
156.4,1754
156.4,1753
156.4,1754
156.4,1755
156.4,1754
156.4,1754
156.4,1754
156.4,1755
156.5,1755
156.5,1755
156.5,1755
156.5,1756
156.5,1757
156.5,1757
156.5,1758
156.5,1757
156.5,1756
156.5,1756
156.5,1756
156.5,1757
156.6,1758
156.6,1758
156.6,1758
156.6,1758
156.6,1757
156.6,1756
156.6,1757
156.6,1756
156.6,1756
156.6,1756
156.6,1756
156.6,1757
156.6,1756
156.7,1755
156.7,1754
156.7,1753
156.7,1753
156.7,1753
156.7,1753
156.7,1752
156.7,1751
156.7,1751
156.7,1751
156.7,1751
156.8,1751
156.8,1750
156.8,1751
156.8,1752
156.8,1751
156.8,1751
156.8,1751
156.8,1751
156.8,1751
156.8,1751
156.8,1750
156.8,1749
156.8,1748
156.8,1749
156.8,1749
156.8,1749
156.8,1748
156.8,1748
156.8,1748
156.8,1749
156.9,1748
156.9,1748
156.9,1749
156.9,1749
156.9,1748
156.9,1748
156.9,1749
156.9,1749
156.9,1749
156.9,1748
156.9,1747
156.9,1748
156.9,1747
156.9,1746
156.9,1747
156.9,1748
156.9,1748
156.9,1747
157.0,1747
157.0,1746
157.0,1745
157.0,1744
157.0,1743
157.0,1742
157.0,1742
157.0,1743
157.0,1743
157.0,1742
157.0,1742
157.0,1743
157.0,1743
157.1,1742
157.1,1742
157.1,1741
157.1,1742
157.1,1742
157.2,1741
157.2,1741
157.2,1742
157.2,1741
157.2,1741
157.2,1741
157.2,1741
157.2,1740
157.2,1740
157.3,1741
157.3,1740
157.3,1740
157.3,1740
157.3,1739
157.3,1740
157.3,1740
157.3,1741
157.3,1740
157.3,1739
157.3,1740
157.4,1740
157.4,1739
157.4,1740
157.4,1739
157.4,1739
157.5,1739
157.5,1738
157.5,1737
157.5,1737
157.5,1737
157.5,1736
157.5,1737
157.5,1736
157.5,1736
157.5,1735
157.5,1734
157.6,1734
157.6,1735
157.6,1736
157.6,1735
157.6,1736
157.6,1736
157.6,1735
157.6,1734
157.6,1735
157.6,1735
157.6,1735
157.6,1734
157.6,1734
157.6,1734
157.6,1733
157.6,1734
157.6,1734
157.6,1733
157.7,1734
157.7,1733
157.7,1732
157.7,1731
157.7,1732
157.7,1731
157.7,1732
157.7,1732
157.7,1732
157.7,1733
157.7,1732
157.7,1732
157.7,1733
157.8,1732
157.8,1731
157.8,1731
157.8,1732
157.8,1732
157.8,1732
157.8,1733
157.8,1733
157.9,1732
157.9,1732
157.9,1731
157.9,1731
157.9,1732
157.9,1731
157.9,1732
157.9,1731
157.9,1732
157.9,1733
157.9,1734
157.9,1735
157.9,1735
157.9,1735
158.0,1735
158.0,1734
158.0,1733
158.0,1732
158.0,1731
158.0,1731
158.0,1730
158.0,1731
158.0,1731
158.0,1730
158.0,1730
158.0,1730
158.0,1729
158.0,1728
158.0,1727
158.0,1728
158.1,1727
158.1,1727
158.1,1727
158.1,1727
158.1,1727
158.1,1728
158.1,1728
158.1,1727
158.1,1727
158.1,1728
158.1,1728
158.1,1728
158.1,1728
158.1,1728
158.2,1728
158.2,1728
158.2,1729
158.2,1730
158.2,1729
158.2,1729
158.2,1729
158.2,1730
158.2,1729
158.2,1730
158.2,1730
158.2,1729
158.2,1728
158.3,1729
158.3,1728
158.3,1728
158.3,1727
158.3,1726
158.3,1727
158.3,1727
158.3,1728
158.3,1727
158.3,1726
158.3,1727
158.3,1727
158.3,1727
158.4,1728
158.4,1729
158.4,1728
158.4,1729
158.4,1730
158.4,1729
158.4,1729
158.4,1729
158.4,1728
158.4,1729
158.4,1730
158.4,1730
158.4,1729
158.4,1729
158.5,1729
158.5,1729
158.5,1728
158.5,1729
158.5,1728
158.5,1729
158.5,1729
158.5,1730
158.5,1731
158.5,1731
158.5,1732
158.5,1731
158.6,1730
158.6,1730
158.6,1729
158.6,1729
158.6,1728
158.6,1727
158.6,1726
158.6,1726
158.6,1725
158.6,1726
158.6,1725
158.6,1726
158.6,1727
158.6,1727
158.6,1728
158.6,1729
158.6,1729
158.6,1730
158.7,1729
158.7,1729
158.7,1729
158.7,1729
158.7,1728
158.7,1727
158.7,1727
158.7,1726
158.7,1727
158.7,1726
158.7,1725
158.7,1724
158.7,1725
158.7,1724
158.8,1724
158.8,1723
158.8,1724
158.8,1724
158.8,1725
158.8,1726
158.8,1725
158.8,1724
158.8,1725
158.8,1724
158.9,1725
158.9,1726
158.9,1727
158.9,1727
158.9,1726
158.9,1725
158.9,1726
158.9,1725
158.9,1725
158.9,1726
158.9,1726
158.9,1727
158.9,1728
159.0,1729
159.0,1728
159.0,1729
159.0,1730
159.0,1730
159.0,1729
159.0,1730
159.0,1730
159.0,1731
159.0,1730
159.1,1730
159.1,1730
159.1,1730
159.1,1729
159.1,1730
159.1,1731
159.1,1730
159.1,1729
159.1,1730
159.1,1730
159.1,1729
159.1,1729
159.1,1729
159.2,1729
159.2,1729
159.2,1729
159.2,1730
159.2,1730
159.2,1729
159.2,1728
159.2,1729
159.2,1730
159.2,1730
159.3,1730
159.3,1731
159.3,1730
159.3,1730
159.3,1729
159.3,1729
159.3,1728
159.3,1728
159.3,1728
159.3,1727
159.3,1726
159.3,1726
159.4,1727
159.4,1726
159.4,1727
159.4,1727
159.4,1727
159.5,1728
159.5,1728
159.5,1729
159.5,1729
159.5,1729
159.5,1729
159.5,1730
159.5,1731
159.5,1730
159.5,1729
159.5,1728
159.6,1729
159.6,1729
159.6,1728
159.6,1727
159.6,1728
159.6,1728
159.6,1727
159.6,1726
159.6,1726
159.6,1726
159.6,1726
159.6,1726
159.7,1726
159.7,1726
159.7,1727
159.7,1727
159.7,1728
159.7,1728
159.7,1727
159.8,1727
159.8,1728
159.8,1729
159.8,1729
159.8,1730
159.8,1730
159.8,1731
159.8,1731
159.8,1731
159.8,1730
159.8,1731
159.9,1731
159.9,1731
159.9,1731
159.9,1730
159.9,1731
159.9,1731
159.9,1731
159.9,1732
159.9,1732
159.9,1732
159.9,1733
159.9,1734
159.9,1733
160.0,1733
160.0,1734
160.0,1733
160.0,1733
160.0,1732
160.0,1731
160.0,1731
160.0,1732
160.0,1733
160.0,1732
160.0,1732
160.0,1733
160.1,1733
160.1,1733
160.1,1733
160.1,1733
160.1,1732
160.1,1731
160.1,1731
160.1,1730
160.1,1729
160.1,1730
160.1,1729
160.1,1729
160.1,1730
160.1,1729
160.2,1729
160.2,1729
160.2,1730
160.2,1730
160.2,1731
160.2,1730
160.2,1731
160.2,1730
160.2,1731
160.2,1731
160.2,1731
160.2,1730
160.2,1730
160.2,1730
160.3,1731
160.3,1731
160.3,1730
160.3,1730
160.3,1730
160.3,1729
160.3,1730
160.3,1729
160.3,1729
160.3,1729
160.3,1730
160.3,1729
160.3,1728
160.3,1729
160.4,1729
160.4,1730
160.4,1729
160.4,1729
160.4,1729
160.4,1730
160.4,1730
160.4,1731
160.4,1731
160.4,1731
160.4,1731
160.4,1731
160.4,1732
160.4,1731
160.5,1730
160.5,1729
160.5,1730
160.5,1729
160.5,1729
160.5,1729
160.5,1729
160.5,1730
160.6,1730
160.6,1731
160.6,1731
160.6,1732
160.6,1731
160.6,1730
160.6,1729
160.6,1730
160.6,1730
160.6,1731
160.7,1731
160.7,1730
160.7,1731
160.7,1732
160.7,1732
160.7,1732
160.7,1733
160.7,1734
160.7,1735
160.7,1735
160.8,1734
160.8,1733
160.8,1734
160.8,1734
160.8,1733
160.8,1734
160.8,1735
160.8,1734
160.8,1733
160.8,1733
160.8,1732
160.8,1732
160.8,1732
160.9,1733
160.9,1733
160.9,1732
160.9,1732
160.9,1733
161.0,1732
161.0,1733
161.0,1734
161.0,1734
161.0,1733
161.0,1734
161.0,1734
161.0,1735
161.0,1736
161.0,1735
161.0,1734
161.0,1733
161.0,1732
161.0,1731
161.0,1731
161.1,1732
161.1,1731
161.1,1731
161.1,1732
161.1,1732
161.1,1733
161.1,1732
161.1,1733
161.1,1733
161.1,1733
161.1,1733
161.1,1732
161.1,1733
161.2,1732
161.2,1733
161.2,1733
161.2,1732
161.2,1732
161.2,1733
161.2,1734
161.2,1734
161.2,1734
161.2,1733
161.2,1734
161.2,1735
161.2,1735
161.3,1734
161.3,1735
161.3,1736
161.3,1735
161.3,1736
161.3,1736
161.3,1736
161.3,1737
161.3,1738
161.3,1738
161.3,1737
161.3,1736
161.3,1736
161.4,1737
161.4,1736
161.4,1737
161.4,1736
161.4,1737
161.4,1737
161.4,1736
161.4,1737
161.4,1737
161.4,1738
161.4,1738
161.4,1738
161.4,1739
161.4,1740
161.4,1739
161.4,1740
161.4,1739
161.4,1738
161.4,1738
161.5,1738
161.5,1739
161.5,1740
161.5,1739
161.5,1739
161.5,1739
161.5,1739
161.5,1740
161.5,1740
161.5,1741
161.5,1742
161.5,1743
161.5,1742
161.5,1742
161.5,1742
161.5,1741
161.5,1740
161.5,1739
161.5,1738
161.6,1737
161.6,1736
161.6,1735
161.6,1735
161.6,1734
161.6,1734
161.6,1735
161.6,1735
161.6,1735
161.6,1734
161.6,1733
161.6,1732
161.6,1731
161.6,1732
161.6,1732
161.6,1732
161.7,1733
161.7,1732
161.7,1733
161.7,1733
161.7,1733
161.7,1733
161.7,1733
161.7,1734
161.7,1734
161.7,1735
161.7,1735
161.7,1735
161.7,1735
161.7,1736
161.7,1735
161.7,1736
161.8,1736
161.8,1736
161.8,1736
161.8,1736
161.8,1736
161.8,1737
161.8,1737
161.8,1737
161.8,1737
161.8,1738
161.8,1737
161.8,1738
161.8,1738
161.9,1738
161.9,1737
161.9,1738
161.9,1737
161.9,1738
161.9,1739
161.9,1740
161.9,1741
161.9,1742
161.9,1742
161.9,1742
161.9,1741
162.0,1742
162.0,1743
162.0,1742
162.0,1741
162.0,1741
162.0,1742
162.0,1742
162.0,1743
162.0,1743
162.0,1744
162.0,1745
162.0,1745
162.0,1745
162.0,1746
162.1,1745
162.1,1744
162.1,1745
162.1,1744
162.1,1744
162.1,1743
162.1,1742
162.1,1743
162.1,1744
162.2,1745
162.2,1745
162.2,1744
162.2,1745
162.2,1746
162.2,1745
162.2,1746
162.2,1747
162.2,1746
162.2,1745
162.2,1746
162.2,1746
162.3,1745
162.3,1744
162.3,1745
162.3,1744
162.3,1745
162.4,1744
162.4,1743
162.4,1744
162.4,1744
162.4,1745
162.4,1745
162.4,1745
162.4,1744
162.4,1743
162.4,1742
162.5,1742
162.5,1742
162.5,1741
162.5,1741
162.5,1740
162.5,1740
162.5,1740
162.5,1741
162.5,1740
162.5,1740
162.5,1740
162.5,1739
162.5,1740
162.5,1741
162.5,1741
162.6,1742
162.6,1741
162.6,1742
162.6,1741
162.6,1742
162.6,1741
162.6,1740
162.6,1739
162.6,1740
162.6,1739
162.6,1738
162.6,1738
162.6,1739
162.6,1740
162.6,1739
162.6,1738
162.6,1738
162.6,1738
162.7,1739
162.7,1740
162.7,1740
162.7,1739
162.7,1740
162.7,1741
162.7,1741
162.7,1741
162.7,1740
162.7,1740
162.7,1741
162.7,1741
162.7,1741
162.8,1742
162.8,1741
162.8,1741
162.8,1742
162.8,1741
162.8,1740
162.8,1739
162.8,1738
162.8,1739
162.8,1738
162.8,1738
162.8,1738
162.8,1738
162.9,1738
162.9,1738
162.9,1739
162.9,1739
162.9,1739
162.9,1739
162.9,1739
162.9,1738
162.9,1739
163.0,1739
163.0,1739
163.0,1739
163.0,1738
163.0,1739
163.0,1739
163.0,1739
163.0,1739
163.0,1738
163.1,1739
163.1,1740
163.1,1741
163.1,1740
163.1,1741
163.1,1741
163.1,1742
163.1,1741
163.1,1741
163.1,1742
163.1,1742
163.1,1741
163.1,1741
163.2,1741
163.2,1742
163.2,1741
163.2,1741
163.2,1741
163.2,1741
163.2,1740
163.2,1740
163.2,1740
163.2,1740
163.2,1741
163.2,1741
163.2,1742
163.3,1741
163.3,1742
163.3,1743
163.3,1744
163.3,1745
163.3,1745
163.3,1745
163.3,1745
163.3,1746
163.4,1746
163.4,1747
163.4,1746
163.4,1745
163.4,1745
163.4,1746
163.4,1747
163.4,1748
163.4,1747
163.4,1747
163.4,1748
163.5,1749
163.5,1748
163.5,1748
163.5,1749
163.5,1750
163.5,1751
163.5,1750
163.6,1750
163.6,1751
163.6,1752
163.6,1753
163.6,1754
163.6,1754
163.6,1755
163.6,1756
163.6,1755
163.6,1754
163.6,1754
163.6,1753
163.7,1753
163.7,1752
163.7,1751
163.7,1750
163.7,1751
163.7,1751
163.7,1752
163.7,1751
163.7,1752
163.7,1751
163.7,1751
163.7,1752
163.7,1752
163.7,1751
163.7,1750
163.7,1751
163.8,1751
163.8,1751
163.8,1751
163.8,1750
163.8,1751
163.8,1750
163.8,1749
163.8,1749
163.8,1750
163.9,1749
163.9,1750
163.9,1749
163.9,1749
163.9,1748
163.9,1747
163.9,1746
163.9,1746
163.9,1747
163.9,1747
164.0,1746
164.0,1745
164.0,1746
164.0,1747
164.0,1746
164.0,1745
164.0,1744
164.0,1744
164.0,1744
164.0,1743
164.0,1743
164.0,1742
164.0,1742
164.0,1742
164.1,1741
164.1,1740
164.1,1739
164.1,1739
164.1,1738
164.1,1738
164.1,1737
164.1,1737
164.1,1738
164.1,1739
164.1,1740
164.1,1741
164.1,1740
164.2,1741
164.2,1742
164.2,1741
164.2,1742
164.2,1743
164.2,1744
164.2,1745
164.2,1744
164.2,1743
164.2,1743
164.2,1742
164.2,1741
164.2,1742
164.2,1741
164.2,1741
164.2,1741
164.3,1741
164.3,1742
164.3,1742
164.3,1742
164.3,1743
164.3,1744
164.3,1743
164.4,1742
164.4,1742
164.4,1742
164.4,1742
164.4,1741
164.4,1741
164.4,1741
164.4,1740
164.4,1739
164.4,1739
164.4,1739
164.5,1740
164.5,1741
164.5,1741
164.5,1742
164.6,1741
164.6,1742
164.6,1741
164.6,1741
164.6,1742
164.6,1743
164.6,1744
164.6,1745
164.6,1744
164.6,1744
164.7,1745
164.7,1745
164.7,1746
164.7,1747
164.7,1747
164.7,1748
164.7,1749
164.8,1748
164.8,1748
164.8,1748
164.8,1748
164.8,1747
164.8,1747
164.8,1746
164.8,1747
164.8,1746
164.8,1746
164.8,1745
164.8,1746
164.8,1746
164.8,1747
164.8,1748
164.8,1749
164.9,1749
164.9,1748
164.9,1747
164.9,1746
164.9,1745
164.9,1745
164.9,1746
164.9,1747
164.9,1747
164.9,1746
164.9,1747
164.9,1746
165.0,1745
165.0,1746
165.0,1745
165.0,1745
165.0,1745
165.0,1745
165.0,1746
165.0,1747
165.0,1748
165.0,1749
165.0,1748
165.0,1749
165.1,1748
165.1,1749
165.1,1748
165.1,1747
165.1,1747
165.1,1747
165.1,1746
165.1,1745
165.2,1745
165.2,1744
165.2,1743
165.2,1743
165.2,1742
165.2,1743
165.2,1744
165.2,1743
165.2,1742
165.2,1742
165.3,1743
165.3,1743
165.3,1744
165.3,1744
165.3,1745
165.3,1745
165.3,1744
165.3,1745
165.4,1745
165.4,1746
165.4,1745
165.4,1745
165.4,1744
165.4,1744
165.4,1743
165.4,1744
165.4,1744
165.5,1745
165.5,1745
165.5,1745
165.5,1745
165.5,1745
165.5,1745
165.6,1746
165.6,1746
165.6,1747
165.6,1746
165.6,1745
165.6,1745
165.7,1744
165.7,1744
165.7,1744
165.7,1743
165.7,1744
165.7,1745
165.7,1746
165.7,1746
165.7,1747
165.7,1746
165.7,1745
165.7,1746
165.7,1746
165.7,1745
165.7,1746
165.8,1746
165.8,1747
165.8,1748
165.8,1747
165.8,1746
165.8,1747
165.8,1746
165.8,1746
165.8,1747
165.8,1747
165.8,1747
165.8,1746
165.9,1745
165.9,1746
165.9,1745
165.9,1745
165.9,1745
165.9,1746
165.9,1747
165.9,1747
165.9,1748
165.9,1747
165.9,1746
166.0,1747
166.0,1746
166.0,1746
166.0,1746
166.0,1747
166.0,1746
166.0,1746
166.0,1745
166.1,1744
166.1,1745
166.1,1746
166.1,1746
166.1,1745
166.1,1745
166.1,1746
166.1,1746
166.1,1746
166.1,1747
166.1,1747
166.1,1746
166.1,1746
166.1,1745
166.1,1746
166.1,1745
166.1,1745
166.2,1746
166.2,1747
166.2,1746
166.2,1745
166.2,1745
166.2,1745
166.2,1745
166.2,1745
166.2,1745
166.2,1746
166.2,1745
166.2,1745
166.2,1744
166.2,1744
166.2,1744
166.3,1744
166.3,1744
166.3,1745
166.3,1745
166.3,1744
166.3,1744
166.3,1744
166.3,1744
166.3,1743
166.3,1743
166.3,1743
166.3,1744
166.3,1744
166.3,1745
166.3,1744
166.3,1743
166.4,1743
166.4,1743
166.4,1743
166.4,1742
166.4,1743
166.4,1742
166.4,1743
166.4,1742
166.4,1741
166.4,1740
166.4,1741
166.4,1740
166.4,1741
166.4,1741
166.4,1741
166.4,1740
166.4,1740
166.4,1740
166.5,1740
166.5,1739
166.5,1738
166.5,1739
166.5,1740
166.5,1739
166.5,1738
166.5,1738
166.5,1739
166.5,1738
166.5,1738
166.5,1738
166.6,1737
166.6,1736
166.6,1736
166.6,1735
166.6,1734
166.6,1734
166.6,1733
166.6,1733
166.6,1732
166.6,1731
166.6,1730
166.6,1729
166.6,1728
166.6,1729
166.6,1729
166.7,1730
166.7,1730
166.7,1730
166.7,1730
166.7,1729
166.7,1729
166.7,1730
166.7,1731
166.7,1732
166.7,1733
166.7,1733
166.7,1734
166.7,1735
166.8,1736
166.8,1735
166.8,1734
166.8,1733
166.8,1732
166.8,1732
166.8,1733
166.8,1732
166.8,1732
166.9,1733
166.9,1732
166.9,1731
166.9,1731
166.9,1730
166.9,1729
166.9,1729
166.9,1728
166.9,1729
166.9,1729
166.9,1730
166.9,1730
167.0,1730
167.0,1729
167.0,1730
167.0,1729
167.0,1728
167.0,1728
167.0,1727
167.0,1727
167.0,1726
167.0,1727
167.0,1728
167.0,1728
167.0,1729
167.0,1730
167.0,1731
167.0,1730
167.0,1731
167.1,1732
167.1,1731
167.1,1730
167.1,1730
167.1,1729
167.1,1729
167.1,1728
167.1,1728
167.1,1729
167.1,1728
167.1,1727
167.1,1726
167.1,1727
167.1,1726
167.1,1726
167.2,1727
167.2,1726
167.2,1726
167.2,1726
167.2,1726
167.2,1726
167.2,1725
167.2,1726
167.3,1726
167.3,1725
167.3,1725
167.3,1726
167.3,1727
167.3,1726
167.3,1726
167.3,1725
167.3,1725
167.3,1725
167.3,1726
167.3,1726
167.3,1725
167.3,1725
167.4,1725
167.4,1726
167.4,1725
167.4,1726
167.4,1726
167.4,1726
167.4,1727
167.4,1728
167.4,1727
167.4,1727
167.5,1728
167.5,1728
167.5,1727
167.5,1727
167.5,1727
167.5,1728
167.5,1727
167.5,1727
167.5,1728
167.5,1729
167.5,1729
167.6,1730
167.6,1731
167.6,1730
167.6,1729
167.6,1728
167.6,1727
167.6,1726
167.6,1726
167.6,1727
167.6,1726
167.6,1726
167.6,1726
167.6,1726
167.6,1725
167.6,1725
167.7,1725
167.7,1726
167.7,1725
167.7,1725
167.7,1725
167.7,1726
167.7,1726
167.7,1725
167.7,1726
167.7,1727
167.7,1728
167.7,1728
167.8,1728
167.8,1727
167.8,1726
167.8,1725
167.8,1725
167.8,1725
167.8,1726
167.8,1725
167.8,1725
167.8,1726
167.8,1727
167.8,1726
167.8,1726
167.8,1726
167.8,1726
167.8,1725
167.9,1725
167.9,1724
167.9,1724
167.9,1724
167.9,1724
167.9,1724
167.9,1724
167.9,1724
167.9,1723
167.9,1723
167.9,1723
167.9,1722
167.9,1721
167.9,1721
167.9,1721
168.0,1720
168.0,1721
168.0,1721
168.0,1722
168.0,1723
168.0,1723
168.0,1723
168.0,1722
168.0,1722
168.0,1723
168.0,1724
168.0,1725
168.0,1725
168.0,1725
168.0,1725
168.0,1725
168.0,1724
168.1,1725
168.1,1724
168.1,1724
168.1,1724
168.1,1724
168.1,1725
168.1,1725
168.1,1725
168.1,1726
168.2,1725
168.2,1725
168.2,1725
168.2,1726
168.2,1726
168.2,1726
168.2,1727
168.2,1726
168.2,1725
168.2,1725
168.2,1725
168.3,1726
168.3,1726
168.3,1727
168.3,1728
168.3,1729
168.3,1730
168.3,1731
168.3,1731
168.3,1730
168.3,1729
168.3,1729
168.3,1728
168.3,1728
168.3,1727
168.3,1726
168.3,1726
168.4,1726
168.4,1727
168.4,1728
168.4,1729
168.4,1730
168.4,1731
168.4,1732
168.4,1733
168.4,1734
168.5,1733
168.5,1732
168.5,1731
168.5,1732
168.5,1732
168.5,1731
168.5,1731
168.5,1732
168.5,1733
168.5,1734
168.5,1734
168.5,1733
168.5,1733
168.6,1734
168.6,1733
168.6,1733
168.6,1733
168.6,1732
168.6,1732
168.6,1732
168.6,1732
168.6,1731
168.6,1730
168.6,1731
168.7,1732
168.7,1731
168.7,1731
168.7,1730
168.7,1730
168.7,1731
168.7,1732
168.7,1732
168.7,1731
168.7,1732
168.7,1732
168.7,1733
168.7,1732
168.7,1731
168.7,1730
168.7,1729
168.7,1730
168.7,1730
168.7,1729
168.7,1730
168.8,1729
168.8,1729
168.8,1729
168.8,1728
168.8,1728
168.8,1727
168.8,1728
168.8,1727
168.8,1726
168.8,1727
168.8,1726
168.9,1726
168.9,1726
168.9,1726
168.9,1725
168.9,1726
168.9,1726
168.9,1727
168.9,1728
168.9,1728
168.9,1729
168.9,1728
168.9,1729
168.9,1729
169.0,1730
169.0,1731
169.0,1732
169.0,1731
169.0,1730
169.0,1729
169.0,1729
169.0,1729
169.0,1730
169.0,1731
169.0,1731
169.0,1732
169.1,1733
169.1,1734
169.1,1735
169.1,1736
169.1,1737
169.1,1737
169.1,1737
169.1,1736
169.1,1735
169.2,1735
169.2,1736
169.2,1737
169.2,1738
169.2,1738
169.2,1737
169.2,1738
169.2,1737
169.3,1736
169.3,1735
169.3,1736
169.3,1737
169.3,1737
169.3,1738
169.3,1738
169.3,1739
169.3,1739
169.3,1740
169.3,1740
169.3,1741
169.3,1740
169.4,1740
169.4,1739
169.4,1740
169.4,1740
169.4,1740
169.4,1741
169.4,1741
169.4,1741
169.4,1741
169.4,1741
169.4,1742
169.5,1741
169.5,1741
169.5,1741
169.5,1740
169.5,1740
169.5,1739
169.5,1739
169.5,1738
169.6,1738
169.6,1738
169.6,1738
169.6,1739
169.6,1739
169.6,1739
169.6,1738
169.6,1739
169.6,1740
169.7,1741
169.7,1741
169.7,1741
169.7,1740
169.7,1739
169.7,1739
169.7,1738
169.7,1738
169.8,1738
169.8,1739
169.8,1738
169.8,1737
169.8,1738
169.8,1737
169.8,1736
169.8,1735
169.8,1735
169.8,1735
169.8,1734
169.8,1733
169.8,1734
169.9,1735
169.9,1736
169.9,1737
169.9,1738
169.9,1737
169.9,1736
169.9,1736
169.9,1736
169.9,1735
169.9,1734
169.9,1735
169.9,1734
169.9,1733
170.0,1733
170.0,1734
170.0,1734
170.0,1734
170.0,1734
170.0,1735
170.0,1735
170.0,1736
170.0,1735
170.0,1734
170.0,1733
170.0,1732
170.1,1733
170.1,1733
170.1,1734
170.1,1735
170.1,1734
170.1,1735
170.1,1736
170.1,1737
170.1,1737
170.2,1736
170.2,1737
170.2,1736
170.2,1736
170.2,1737
170.2,1738
170.2,1737
170.2,1738
170.2,1738
170.2,1737
170.2,1736
170.2,1735
170.2,1734
170.2,1734
170.2,1735
170.2,1734
170.2,1734
170.2,1734
170.3,1733
170.3,1733
170.3,1734
170.3,1735
170.3,1734
170.3,1734
170.3,1735
170.3,1735
170.3,1735
170.3,1735
170.3,1735
170.3,1735
170.3,1736
170.3,1735
170.3,1734
170.3,1733
170.3,1732
170.3,1733
170.4,1734
170.4,1734
170.4,1734
170.4,1735
170.4,1736
170.4,1736
170.4,1736
170.4,1736
170.4,1735
170.4,1735
170.4,1734
170.4,1733
170.4,1732
170.5,1733
170.5,1732
170.5,1732
170.5,1733
170.5,1732
170.5,1731
170.5,1731
170.5,1731
170.5,1730
170.5,1730
170.5,1731
170.5,1732
170.5,1732
170.6,1732
170.6,1732
170.6,1733
170.6,1733
170.6,1732
170.6,1731
170.6,1730
170.6,1730
170.6,1731
170.6,1732
170.6,1733
170.6,1734
170.7,1734
170.7,1733
170.7,1734
170.7,1735
170.7,1736
170.7,1735
170.7,1735
170.7,1736
170.7,1736
170.7,1735
170.7,1734
170.7,1734
170.7,1734
170.7,1735
170.7,1734
170.7,1735
170.8,1736
170.8,1736
170.8,1735
170.8,1736
170.8,1735
170.8,1735
170.8,1735
170.8,1734
170.8,1733
170.8,1734
170.8,1734
170.8,1733
170.8,1733
170.8,1733
170.9,1733
170.9,1734
170.9,1735
170.9,1735
170.9,1736
170.9,1735
170.9,1736
170.9,1736
170.9,1736
170.9,1736
171.0,1737
171.0,1737
171.0,1736
171.0,1735
171.0,1734
171.0,1734
171.0,1733
171.0,1733
171.0,1733
171.0,1733
171.0,1732
171.1,1733
171.1,1734
171.1,1735
171.1,1735
171.1,1735
171.1,1736
171.1,1736
171.1,1737
171.1,1738
171.1,1739
171.1,1738
171.1,1737
171.1,1737
171.1,1736
171.1,1737
171.1,1737
171.1,1737
171.1,1737
171.1,1738
171.1,1737
171.1,1736
171.2,1735
171.2,1735
171.2,1734
171.2,1735
171.2,1735
171.2,1735
171.2,1736
171.2,1736
171.2,1736
171.2,1735
171.2,1736
171.2,1735
171.2,1734
171.2,1734
171.3,1735
171.3,1736
171.3,1736
171.3,1735
171.3,1734
171.3,1734
171.3,1734
171.3,1735
171.3,1734
171.3,1734
171.3,1733
171.3,1732
171.3,1733
171.3,1733
171.4,1734
171.4,1734
171.4,1734
171.4,1735
171.4,1736
171.4,1736
171.4,1735
171.4,1734
171.4,1733
171.4,1732
171.4,1732
171.4,1733
171.4,1732
171.5,1733
171.5,1734
171.5,1734
171.5,1733
171.5,1732
171.5,1733
171.5,1734
171.5,1734
171.5,1733
171.5,1732
171.5,1732
171.5,1733
171.6,1733
171.6,1733
171.6,1733
171.6,1733
171.6,1732
171.6,1732
171.6,1733
171.6,1733
171.6,1734
171.6,1735
171.6,1735
171.7,1735
171.7,1736
171.7,1736
171.7,1737
171.7,1737
171.7,1738
171.7,1737
171.7,1738
171.7,1737
171.7,1736
171.7,1736
171.7,1736
171.7,1735
171.7,1735
171.8,1734
171.8,1733
171.8,1733
171.8,1733
171.8,1734
171.8,1734
171.8,1733
171.8,1733
171.8,1734
171.9,1734
171.9,1734
171.9,1735
171.9,1735
171.9,1734
171.9,1734
171.9,1734
171.9,1734
171.9,1734
171.9,1734
171.9,1734
172.0,1733
172.0,1733
172.0,1734
172.0,1733
172.0,1733
172.0,1733
172.0,1733
172.0,1733
172.0,1734
172.0,1733
172.0,1734
172.0,1733
172.1,1733
172.1,1734
172.1,1734
172.1,1735
172.1,1735
172.1,1735
172.1,1734
172.1,1735
172.2,1735
172.2,1735
172.2,1734
172.2,1735
172.2,1734
172.2,1733
172.2,1732
172.2,1733
172.2,1732
172.2,1733
172.2,1732
172.2,1733
172.2,1732
172.3,1733
172.3,1732
172.3,1732
172.3,1731
172.3,1731
172.3,1731
172.3,1732
172.3,1733
172.3,1732
172.3,1731
172.3,1731
172.4,1730
172.4,1729
172.4,1730
172.4,1730
172.4,1729
172.4,1729
172.4,1730
172.4,1729
172.4,1729
172.4,1730
172.4,1731
172.4,1730
172.4,1730
172.4,1730
172.4,1730
172.5,1730
172.5,1729
172.5,1728
172.5,1727
172.5,1727
172.5,1726
172.5,1727
172.5,1727
172.5,1727
172.6,1727
172.6,1728
172.6,1728
172.6,1728
172.6,1727
172.6,1726
172.6,1726
172.6,1725
172.6,1725
172.6,1724
172.6,1725
172.6,1725
172.7,1725
172.7,1726
172.7,1725
172.7,1724
172.7,1723
172.7,1722
172.7,1722
172.7,1721
172.7,1721
172.7,1721
172.7,1721
172.8,1720
172.8,1719
172.8,1719
172.8,1719
172.8,1719
172.8,1718
172.8,1719
172.8,1720
172.8,1721
172.8,1722
172.8,1722
172.8,1721
172.9,1721
172.9,1720
172.9,1720
172.9,1720
172.9,1719
172.9,1719
173.0,1719
173.0,1718
173.0,1719
173.0,1718
173.0,1718
173.0,1718
173.0,1717
173.0,1718
173.0,1718
173.0,1717
173.0,1717
173.0,1716
173.1,1715
173.1,1716
173.1,1716
173.1,1716
173.1,1716
173.1,1715
173.1,1714
173.1,1714
173.1,1715
173.1,1715
173.1,1714
173.1,1713
173.2,1714
173.2,1714
173.2,1714
173.2,1713
173.2,1713
173.2,1714
173.2,1715
173.2,1714
173.2,1713
173.2,1713
173.2,1714
173.2,1714
173.2,1713
173.2,1714
173.3,1713
173.3,1713
173.3,1713
173.3,1714
173.3,1714
173.3,1714
173.3,1715
173.3,1714
173.3,1714
173.3,1714
173.3,1713
173.3,1712
173.3,1713
173.3,1712
173.4,1712
173.4,1711
173.4,1710
173.4,1710
173.4,1709
173.4,1708
173.4,1709
173.4,1708
173.4,1707
173.4,1707
173.4,1708
173.4,1707
173.4,1707
173.5,1708
173.5,1709
173.5,1708
173.5,1708
173.5,1707
173.5,1707
173.5,1706
173.5,1707
173.5,1706
173.5,1705
173.5,1706
173.6,1705
173.6,1706
173.6,1706
173.6,1706
173.6,1706
173.6,1705
173.6,1704
173.6,1704
173.6,1705
173.6,1705
173.6,1704
173.7,1703
173.7,1702
173.7,1702
173.7,1701
173.7,1701
173.7,1700
173.7,1701
173.7,1701
173.7,1702
173.7,1702
173.7,1701
173.7,1702
173.7,1703
173.8,1703
173.8,1704
173.8,1704
173.8,1703
173.8,1703
173.8,1702
173.8,1703
173.8,1704
173.8,1704
173.8,1705
173.8,1706
173.8,1705
173.9,1706
173.9,1707
173.9,1707
173.9,1708
173.9,1708
173.9,1708
173.9,1707
173.9,1706
173.9,1706
173.9,1706
173.9,1706
173.9,1705
173.9,1704
173.9,1703
174.0,1702
174.0,1701
174.0,1700
174.0,1699
174.0,1699
174.0,1698
174.0,1699
174.0,1698
174.0,1699
174.0,1700
174.1,1699
174.1,1700
174.1,1700
174.1,1701
174.1,1702
174.1,1703
174.1,1703
174.1,1702
174.1,1701
174.1,1700
174.1,1701
174.1,1701
174.2,1700
174.2,1701
174.2,1702
174.2,1703
174.2,1703
174.2,1703
174.2,1703
174.2,1703
174.2,1704
174.2,1705
174.2,1705
174.2,1704
174.2,1704
174.2,1704
174.2,1703
174.3,1703
174.3,1703
174.3,1703
174.3,1702
174.3,1701
174.3,1700
174.3,1701
174.3,1700
174.3,1701
174.4,1700
174.4,1701
174.4,1701
174.4,1701
174.4,1701
174.4,1701
174.4,1702
174.4,1701
174.4,1700
174.4,1699
174.4,1700
174.4,1701
174.4,1701
174.4,1702
174.4,1701
174.4,1700
174.5,1701
174.5,1701
174.5,1700
174.5,1699
174.5,1698
174.5,1697
174.5,1698
174.5,1698
174.5,1697
174.5,1697
174.5,1698
174.6,1697
174.6,1697
174.6,1697
174.6,1697
174.6,1698
174.6,1697
174.6,1696
174.6,1697
174.6,1697
174.6,1697
174.6,1698
174.6,1697
174.6,1698
174.6,1698
174.7,1697
174.7,1696
174.7,1695
174.7,1696
174.7,1696
174.7,1697
174.7,1697
174.7,1696
174.7,1697
174.7,1696
174.7,1695
174.7,1696
174.7,1695
174.8,1694
174.8,1695
174.8,1694
174.8,1694
174.8,1694
174.8,1695
174.8,1695
174.8,1696
174.8,1697
174.8,1697
174.8,1698
174.8,1698
174.8,1699
174.8,1700
174.8,1699
174.8,1698
174.8,1698
174.8,1699
174.8,1700
174.9,1700
174.9,1700
174.9,1700
174.9,1700
174.9,1699
174.9,1700
174.9,1701
174.9,1701
174.9,1700
174.9,1700
174.9,1700
174.9,1700
174.9,1700
174.9,1701
174.9,1700
175.0,1700
175.0,1701
175.0,1701
175.0,1702
175.0,1702
175.0,1703
175.0,1702
175.0,1703
175.0,1703
175.0,1703
175.0,1702
175.0,1701
175.0,1700
175.1,1700
175.1,1699
175.1,1700
175.1,1700
175.1,1699
175.1,1699
175.1,1700
175.1,1700
175.1,1699
175.1,1698
175.1,1699
175.1,1699
175.2,1700
175.2,1699
175.2,1700
175.2,1700
175.2,1700
175.2,1700
175.2,1701
175.2,1700
175.2,1700
175.2,1700
175.2,1701
175.3,1702
175.3,1703
175.3,1703
175.3,1702
175.3,1701
175.3,1700
175.3,1699
175.3,1700
175.3,1699
175.3,1700
175.3,1701
175.3,1701
175.3,1701
175.4,1701
175.4,1702
175.4,1701
175.4,1702
175.4,1703
175.4,1704
175.4,1705
175.4,1705
175.4,1706
175.4,1707
175.5,1707
175.5,1708
175.5,1707
175.5,1707
175.5,1707
175.5,1708
175.5,1707
175.5,1707
175.5,1707
175.6,1708
175.6,1709
175.6,1709
175.6,1708
175.6,1709
175.6,1710
175.6,1709
175.7,1708
175.7,1707
175.7,1706
175.7,1706
175.7,1705
175.8,1704
175.8,1704
175.8,1705
175.8,1705
175.8,1705
175.8,1705
175.8,1706
175.8,1706
175.8,1706
175.8,1705
175.8,1706
175.8,1707
175.8,1706
175.8,1707
175.8,1708
175.8,1709
175.8,1710
175.9,1709
175.9,1709
175.9,1709
175.9,1709
175.9,1709
175.9,1709
175.9,1708
175.9,1708
175.9,1708
175.9,1708
175.9,1708
175.9,1707
176.0,1706
176.0,1706
176.0,1707
176.0,1706
176.0,1707
176.0,1706
176.0,1706
176.0,1706
176.0,1705
176.0,1704
176.0,1705
176.0,1705
176.1,1706
176.1,1705
176.1,1705
176.1,1705
176.1,1705
176.1,1706
176.1,1706
176.1,1706
176.1,1706
176.1,1705
176.2,1706
176.2,1705
176.2,1706
176.2,1707
176.2,1707
176.2,1706
176.2,1706
176.2,1706
176.2,1706
176.2,1707
176.2,1708
176.2,1708
176.2,1709
176.3,1708
176.3,1707
176.3,1707
176.3,1708
176.3,1708
176.3,1709
176.3,1708
176.3,1709
176.3,1708
176.3,1709
176.3,1710
176.3,1710
176.3,1710
176.4,1710
176.4,1711
176.4,1712
176.4,1713
176.4,1713
176.4,1714
176.4,1714
176.4,1713
176.4,1714
176.4,1713
176.4,1712
176.4,1713
176.4,1713
176.4,1712
176.4,1712
176.4,1713
176.4,1714
176.4,1715
176.4,1715
176.5,1716
176.5,1717
176.5,1717
176.5,1718
176.5,1717
176.5,1716
176.5,1715
176.5,1715
176.5,1716
176.5,1717
176.5,1716
176.5,1715
176.5,1716
176.5,1716
176.5,1717
176.5,1717
176.6,1716
176.6,1715
176.6,1714
176.6,1715
176.6,1716
176.6,1715
176.6,1715
176.7,1714
176.7,1715
176.7,1714
176.7,1713
176.7,1713
176.7,1713
176.7,1714
176.7,1715
176.7,1714
176.7,1713
176.7,1713
176.7,1713
176.7,1714
176.7,1715
176.7,1714
176.7,1715
176.7,1715
176.8,1714
176.8,1713
176.8,1712
176.8,1712
176.8,1711
176.8,1710
176.8,1710
176.8,1710
176.8,1710
176.8,1710
176.8,1709
176.8,1708
176.8,1708
176.8,1709
176.8,1710
176.8,1710
176.8,1711
176.9,1712
176.9,1712
176.9,1713
176.9,1713
176.9,1714
176.9,1714
176.9,1713
176.9,1713
176.9,1713
176.9,1714
177.0,1715
177.0,1715
177.0,1716
177.0,1716
177.0,1715
177.0,1716
177.0,1717
177.0,1717
177.0,1716
177.0,1717
177.0,1717
177.0,1718
177.0,1717
177.0,1717
177.1,1716
177.1,1715
177.1,1715
177.1,1715
177.1,1716
177.1,1715
177.1,1716
177.1,1715
177.1,1714
177.1,1713
177.1,1712
177.1,1712
177.1,1713
177.1,1712
177.1,1711
177.1,1710
177.1,1711
177.2,1710
177.2,1711
177.2,1712
177.2,1712
177.2,1712
177.2,1713
177.2,1713
177.2,1713
177.2,1712
177.2,1711
177.2,1711
177.3,1711
177.3,1711
177.3,1711
177.3,1710
177.3,1711
177.3,1712
177.3,1712
177.3,1713
177.3,1714
177.3,1713
177.3,1714
177.3,1713
177.4,1713
177.4,1714
177.4,1714
177.4,1715
177.4,1714
177.4,1714
177.4,1715
177.4,1716
177.4,1716
177.4,1717
177.4,1716
177.5,1717
177.5,1717
177.5,1717
177.5,1716
177.5,1716
177.5,1715
177.5,1715
177.5,1714
177.5,1715
177.5,1714
177.5,1715
177.5,1715
177.5,1714
177.5,1713
177.6,1712
177.6,1713
177.6,1712
177.6,1711
177.6,1712
177.6,1712
177.6,1712
177.6,1712
177.6,1711
177.6,1711
177.6,1712
177.6,1711
177.6,1712
177.7,1712
177.7,1712
177.7,1712
177.7,1712
177.7,1712
177.7,1713
177.8,1712
177.8,1711
177.8,1711
177.8,1710
177.8,1709
177.8,1709
177.8,1710
177.8,1709
177.9,1709
177.9,1709
177.9,1709
177.9,1709
177.9,1709
177.9,1708
177.9,1709
177.9,1710
177.9,1711
178.0,1711
178.0,1711
178.0,1711
178.0,1711
178.0,1711
178.0,1712
178.0,1711
178.0,1710
178.0,1709
178.0,1708
178.1,1709
178.1,1709
178.1,1709
178.1,1709
178.1,1708
178.1,1709
178.1,1709
178.1,1710
178.2,1710
178.2,1710
178.2,1710
178.2,1709
178.2,1708
178.2,1709
178.2,1709
178.2,1709
178.2,1710
178.2,1711
178.2,1710
178.2,1710
178.3,1711
178.3,1710
178.3,1710
178.3,1711
178.3,1710
178.3,1709
178.3,1709
178.3,1708
178.3,1709
178.4,1709
178.4,1710
178.4,1710
178.4,1711
178.4,1710
178.4,1711
178.4,1710
178.4,1711
178.4,1711
178.4,1710
178.5,1711
178.5,1710
178.5,1711
178.5,1712
178.5,1712
178.5,1713
178.5,1713
178.5,1714
178.5,1715
178.5,1716
178.5,1717
178.5,1718
178.6,1718
178.6,1717
178.6,1716
178.6,1715
178.6,1716
178.6,1716
178.6,1715
178.6,1715
178.6,1716
178.6,1715
178.6,1716
178.6,1715
178.6,1714
178.7,1713
178.7,1712
178.7,1712
178.7,1712
178.7,1712
178.7,1712
178.7,1711
178.7,1711
178.7,1712
178.7,1712
178.7,1711
178.7,1712
178.7,1712
178.7,1713
178.7,1714
178.8,1713
178.8,1713
178.8,1713
178.8,1712
178.8,1712
178.8,1713
178.8,1712
178.8,1713
178.8,1713
178.8,1714
178.8,1715
178.8,1716
178.8,1716
178.8,1715
178.8,1715
178.9,1715
178.9,1715
178.9,1715
178.9,1716
178.9,1717
178.9,1718
178.9,1717
178.9,1716
178.9,1716
178.9,1715
178.9,1714
178.9,1715
178.9,1715
178.9,1715
178.9,1715
179.0,1716
179.0,1716
179.0,1716
179.0,1716
179.0,1715
179.0,1716
179.0,1716
179.1,1717
179.1,1716
179.1,1716
179.1,1716
179.1,1716
179.1,1717
179.1,1717
179.1,1717
179.1,1718
179.1,1719
179.1,1719
179.2,1720
179.2,1719
179.2,1720
179.2,1719
179.2,1719
179.2,1719
179.2,1719
179.2,1719
179.2,1719
179.2,1720
179.3,1721
179.3,1720
179.3,1720
179.3,1720
179.3,1719
179.3,1718
179.3,1717
179.3,1716
179.4,1715
179.4,1715
179.4,1716
179.4,1716
179.4,1717
179.4,1716
179.4,1716
179.4,1716
179.4,1715
179.5,1716
179.5,1716
179.5,1716
179.5,1715
179.5,1715
179.5,1714
179.5,1713
179.5,1713
179.5,1714
179.5,1714
179.5,1713
179.5,1713
179.5,1712
179.6,1711
179.6,1711
179.6,1710
179.6,1710
179.6,1711
179.6,1711
179.6,1712
179.6,1713
179.6,1712
179.6,1712
179.6,1713
179.6,1714
179.6,1715
179.6,1715
179.7,1715
179.7,1714
179.7,1715
179.7,1716
179.7,1715
179.7,1716
179.7,1715
179.7,1715
179.7,1715
179.7,1716
179.7,1717
179.7,1717
179.8,1716
179.8,1715
179.8,1714
179.8,1714
179.8,1715
179.8,1715
179.8,1714
179.8,1715
179.8,1716
179.8,1717
179.8,1716
179.9,1717
179.9,1718
179.9,1717
179.9,1717
179.9,1718
179.9,1719
179.9,1720
179.9,1721
180.0,1721
180.0,1722
180.0,1723
180.0,1724
180.0,1725
180.0,1726
180.0,1725
180.0,1726
180.0,1727
180.0,1728
180.0,1727
180.0,1728
180.0,1727
180.0,1727
180.0,1728
180.0,1727
180.0,1728
180.1,1727
180.1,1727
180.1,1728
180.1,1727
180.1,1727
180.1,1728
180.1,1727
180.2,1728
180.2,1728
180.2,1727
180.2,1728
180.2,1727
180.2,1726
180.2,1726
180.2,1726
180.2,1725
180.2,1725
180.2,1724
180.2,1724
180.3,1723
180.3,1723
180.3,1722
180.3,1721
180.3,1722
180.3,1723
180.3,1723
180.3,1722
180.3,1722
180.3,1722
180.3,1723
180.3,1723
180.3,1724
180.3,1725
180.3,1724
180.3,1724
180.4,1723
180.4,1722
180.4,1723
180.4,1723
180.4,1722
180.4,1723
180.4,1724
180.4,1724
180.5,1725
180.5,1726
180.5,1725
180.5,1726
180.5,1727
180.5,1726
180.5,1725
180.5,1724
180.5,1723
180.5,1723
180.5,1724
180.5,1723
180.5,1722
180.5,1721
180.5,1721
180.5,1720
180.5,1720
180.5,1719
180.6,1720
180.6,1719
180.6,1720
180.6,1721
180.6,1721
180.6,1722
180.6,1721
180.6,1722
180.6,1722
180.6,1721
180.6,1721
180.6,1720
180.6,1720
180.6,1721
180.6,1722
180.6,1722
180.6,1722
180.6,1721
180.6,1721
180.6,1722
180.7,1723
180.7,1724
180.7,1723
180.7,1723
180.7,1724
180.7,1723
180.7,1724
180.7,1724
180.7,1723
180.7,1724
180.7,1723
180.7,1722
180.7,1721
180.7,1722
180.7,1722
180.8,1723
180.8,1724
180.8,1725
180.8,1724
180.8,1725
180.8,1725
180.8,1726
180.8,1725
180.8,1726
180.8,1726
180.8,1727
180.8,1726
180.9,1727
180.9,1728
180.9,1729
180.9,1730
180.9,1729
180.9,1729
180.9,1730
180.9,1731
180.9,1730
180.9,1730
180.9,1730
181.0,1729
181.0,1730
181.0,1729
181.0,1730
181.0,1731
181.0,1730
181.0,1729
181.0,1729
181.0,1729
181.0,1728
181.0,1729
181.0,1728
181.0,1728
181.0,1727
181.0,1727
181.0,1727
181.0,1726
181.0,1726
181.1,1726
181.1,1727
181.1,1728
181.1,1728
181.1,1729
181.1,1728
181.1,1727
181.1,1726
181.1,1727
181.2,1728
181.2,1729
181.2,1728
181.2,1727
181.2,1727
181.2,1728
181.2,1728
181.2,1729
181.2,1730
181.3,1731
181.3,1730
181.3,1729
181.3,1729
181.3,1730
181.3,1731
181.3,1732
181.3,1731
181.3,1732
181.3,1732
181.3,1733
181.3,1733
181.3,1734
181.4,1733
181.4,1732
181.4,1732
181.4,1731
181.4,1730
181.4,1731
181.4,1730
181.4,1730
181.4,1730
181.4,1729
181.4,1729
181.4,1729
181.4,1729
181.4,1730
181.5,1729
181.5,1729
181.5,1730
181.5,1729
181.5,1730
181.5,1731
181.5,1732
181.5,1733
181.5,1734
181.5,1735
181.6,1734
181.6,1734
181.6,1734
181.6,1733
181.6,1734
181.6,1734
181.6,1735
181.6,1736
181.6,1737
181.6,1737
181.6,1736
181.6,1737
181.6,1736
181.6,1735
181.7,1736
181.7,1735
181.7,1734
181.7,1735
181.7,1735
181.7,1735
181.7,1735
181.7,1735
181.7,1735
181.7,1735
181.7,1735
181.7,1736
181.7,1737
181.8,1736
181.8,1737
181.8,1736
181.8,1737
181.8,1736
181.8,1735
181.8,1736
181.8,1737
181.8,1738
181.8,1737
181.8,1736
181.9,1735
181.9,1734
181.9,1735
181.9,1734
181.9,1733
181.9,1734
181.9,1733
181.9,1734
181.9,1734
181.9,1735
181.9,1734
181.9,1734
181.9,1735
181.9,1736
182.0,1737
182.0,1737
182.0,1737
182.0,1737
182.0,1737
182.0,1737
182.0,1736
182.0,1735
182.0,1736
182.0,1737
182.0,1736
182.0,1737
182.0,1738
182.0,1737
182.1,1737
182.1,1738
182.1,1738
182.1,1739
182.1,1739
182.1,1739
182.1,1740
182.1,1741
182.1,1742
182.1,1743
182.1,1743
182.1,1743
182.2,1743
182.2,1742
182.2,1741
182.2,1742
182.2,1742
182.2,1743
182.2,1744
182.2,1743
182.2,1742
182.2,1742
182.2,1741
182.2,1742
182.2,1741
182.2,1742
182.2,1741
182.2,1740
182.2,1739
182.2,1740
182.3,1741
182.3,1742
182.3,1742
182.3,1741
182.3,1741
182.3,1741
182.3,1741
182.3,1740
182.3,1741
182.3,1741
182.4,1742
182.4,1742
182.4,1743
182.4,1742
182.4,1742
182.4,1741
182.4,1741
182.4,1741
182.4,1740
182.4,1741
182.4,1740
182.5,1739
182.5,1739
182.5,1739
182.5,1740
182.5,1741
182.5,1740
182.5,1740
182.5,1740
182.5,1740
182.5,1740
182.5,1741
182.5,1740
182.5,1740
182.5,1741
182.5,1740
182.5,1739
182.5,1740
182.5,1741
182.6,1742
182.6,1743
182.6,1744
182.6,1743
182.6,1742
182.6,1741
182.6,1740
182.6,1739
182.6,1739
182.7,1738
182.7,1738
182.7,1739
182.7,1738
182.7,1737
182.7,1736
182.7,1737
182.7,1737
182.7,1737
182.7,1737
182.7,1738
182.7,1738
182.7,1737
182.7,1736
182.7,1736
182.8,1736
182.8,1735
182.8,1736
182.8,1737
182.8,1736
182.8,1737
182.8,1737
182.8,1737
182.8,1737
182.8,1737
182.8,1736
182.8,1735
182.8,1736
182.8,1737
182.8,1736
182.8,1735
182.8,1736
182.8,1736
182.8,1737
182.9,1737
182.9,1738
182.9,1737
182.9,1738
182.9,1739
182.9,1740
182.9,1740
182.9,1739
182.9,1738
182.9,1738
182.9,1737
182.9,1737
182.9,1738
183.0,1739
183.0,1738
183.0,1738
183.0,1738
183.0,1739
183.0,1740
183.0,1739
183.0,1738
183.0,1738
183.0,1739
183.0,1740
183.0,1739
183.0,1740
183.0,1740
183.1,1741
183.1,1742
183.1,1742
183.1,1741
183.1,1742
183.1,1742
183.1,1743
183.1,1744
183.2,1745
183.2,1745
183.2,1745
183.2,1745
183.2,1745
183.2,1745
183.2,1746
183.2,1745
183.2,1744
183.2,1744
183.2,1745
183.3,1744
183.3,1745
183.3,1744
183.3,1743
183.3,1742
183.3,1741
183.3,1741
183.3,1741
183.3,1740
183.3,1740
183.4,1741
183.4,1740
183.4,1740
183.4,1740
183.4,1739
183.4,1739
183.4,1740
183.4,1740
183.4,1741
183.4,1740
183.4,1741
183.4,1741
183.4,1741
183.4,1740
183.4,1739
183.5,1740
183.5,1740
183.5,1740
183.5,1741
183.5,1741
183.5,1741
183.5,1740
183.5,1740
183.5,1739
183.5,1739
183.5,1738
183.5,1738
183.5,1738
183.5,1737
183.5,1736
183.5,1736
183.6,1735
183.6,1735
183.6,1736
183.6,1735
183.6,1736
183.6,1737
183.6,1737
183.6,1738
183.6,1737
183.6,1738
183.6,1737
183.6,1737
183.6,1738
183.6,1737
183.6,1736
183.7,1737
183.7,1738
183.7,1739
183.7,1738
183.7,1739
183.7,1740
183.7,1740
183.7,1740
183.7,1741
183.7,1740
183.7,1740
183.7,1739
183.7,1739
183.7,1738
183.8,1737
183.8,1738
183.8,1738
183.8,1738
183.8,1737
183.8,1738
183.8,1738
183.8,1739
183.9,1738
183.9,1739
183.9,1738
183.9,1739
183.9,1740
183.9,1739
183.9,1740
183.9,1739
184.0,1739
184.0,1740
184.0,1741
184.0,1741
184.0,1740
184.0,1739
184.0,1740
184.0,1740
184.0,1741
184.0,1741
184.0,1742
184.0,1743
184.0,1742
184.0,1741
184.1,1740
184.1,1739
184.1,1738
184.1,1737
184.1,1737
184.1,1737
184.1,1738
184.1,1738
184.1,1737
184.1,1736
184.1,1735
184.1,1734
184.1,1735
184.1,1734
184.1,1735
184.1,1734
184.1,1734
184.1,1734
184.1,1733
184.2,1734
184.2,1734
184.2,1735
184.2,1735
184.2,1736
184.2,1735
184.2,1736
184.2,1737
184.2,1736
184.2,1737
184.2,1736
184.2,1736
184.2,1736
184.2,1737
184.3,1737
184.3,1738
184.3,1738
184.3,1739
184.3,1739
184.3,1739
184.3,1740
184.3,1741
184.3,1741
184.3,1742
184.3,1741
184.3,1740
184.3,1739
184.3,1740
184.3,1739
184.3,1738
184.3,1739
184.3,1739
184.3,1738
184.4,1739
184.4,1739
184.4,1740
184.4,1740
184.4,1739
184.4,1738
184.4,1738
184.4,1739
184.4,1739
184.4,1738
184.4,1737
184.4,1736
184.4,1736
184.4,1737
184.4,1738
184.4,1739
184.4,1738
184.4,1738
184.4,1737
184.5,1738
184.5,1737
184.5,1736
184.5,1736
184.5,1735
184.6,1735
184.6,1736
184.6,1736
184.6,1736
184.6,1737
184.6,1736
184.6,1735
184.6,1735
184.6,1735
184.6,1734
184.6,1733
184.6,1733
184.7,1733
184.7,1734
184.7,1735
184.7,1734
184.7,1735
184.7,1734
184.7,1734
184.7,1735
184.7,1735
184.7,1736
184.7,1737
184.8,1736
184.8,1737
184.8,1736
184.8,1737
184.8,1737
184.8,1736
184.8,1736
184.8,1736
184.9,1736
184.9,1736
184.9,1737
184.9,1737
184.9,1737
184.9,1736
184.9,1737
184.9,1737
184.9,1737
184.9,1736
185.0,1736
185.0,1736
185.0,1737
185.0,1736
185.0,1737
185.0,1737
185.0,1736
185.0,1736
185.0,1735
185.0,1734
185.0,1735
185.0,1735
185.0,1736
185.0,1735
185.0,1735
185.1,1736
185.1,1735
185.1,1735
185.1,1735
185.1,1736
185.1,1736
185.1,1737
185.1,1736
185.1,1737
185.1,1738
185.2,1738
185.2,1737
185.2,1737
185.2,1736
185.2,1735
185.2,1735
185.2,1734
185.2,1734
185.2,1734
185.2,1735
185.2,1734
185.2,1733
185.2,1733
185.2,1734
185.2,1734
185.2,1734
185.3,1734
185.3,1735
185.3,1736
185.3,1735
185.3,1734
185.3,1734
185.3,1735
185.3,1734
185.3,1735
185.3,1735
185.3,1734
185.4,1735
185.4,1736
185.4,1736
185.4,1735
185.4,1735
185.4,1736
185.4,1736
185.4,1735
185.5,1735
185.5,1734
185.5,1735
185.5,1735
185.5,1735
185.5,1736
185.5,1737
185.5,1738
185.5,1739
185.5,1740
185.6,1741
185.6,1740
185.6,1741
185.6,1740
185.6,1739
185.6,1740
185.6,1741
185.6,1742
185.6,1742
185.6,1743
185.6,1744
185.6,1743
185.6,1743
185.6,1742
185.6,1741
185.6,1741
185.6,1741
185.7,1740
185.7,1741
185.7,1742
185.7,1741
185.7,1742
185.7,1742
185.7,1742
185.7,1742
185.7,1743
185.8,1743
185.8,1743
185.8,1744
185.8,1743
185.8,1744
185.8,1743
185.8,1742
185.8,1743
185.8,1742
185.8,1742
185.8,1741
185.8,1742
185.8,1743
185.8,1742
185.8,1742
185.8,1742
185.8,1741
185.8,1740
185.8,1740
185.8,1739
185.9,1739
185.9,1739
185.9,1739
185.9,1740
185.9,1740
185.9,1739
185.9,1738
185.9,1739
185.9,1740
185.9,1741
185.9,1742
185.9,1743
185.9,1742
185.9,1741
185.9,1742
185.9,1743
185.9,1743
185.9,1743
186.0,1744
186.0,1744
186.0,1745
186.0,1746
186.0,1745
186.0,1745
186.0,1745
186.0,1745
186.0,1744
186.0,1743
186.0,1742
186.0,1742
186.0,1743
186.0,1744
186.0,1745
186.1,1744
186.1,1744
186.1,1745
186.1,1745
186.1,1744
186.1,1743
186.1,1744
186.1,1744
186.1,1743
186.1,1744
186.1,1744
186.1,1743
186.1,1744
186.1,1745
186.1,1745
186.1,1744
186.1,1743
186.1,1742
186.1,1741
186.1,1741
186.1,1740
186.1,1739
186.1,1739
186.1,1739
186.1,1739
186.1,1739
186.1,1739
186.1,1738
186.1,1738
186.1,1739
186.1,1739
186.2,1739
186.2,1738
186.2,1738
186.2,1738
186.2,1739
186.2,1739
186.2,1738
186.2,1738
186.2,1738
186.2,1739
186.2,1740
186.2,1739
186.2,1738
186.2,1739
186.2,1738
186.3,1737
186.3,1738
186.3,1739
186.3,1739
186.3,1739
186.3,1740
186.3,1739
186.3,1738
186.3,1738
186.3,1738
186.3,1739
186.3,1739
186.3,1738
186.3,1738
186.3,1739
186.3,1738
186.3,1738
186.4,1738
186.4,1738
186.4,1738
186.4,1738
186.4,1738
186.4,1737
186.4,1736
186.4,1737
186.4,1738
186.4,1737
186.4,1737
186.4,1737
186.4,1738
186.4,1737
186.4,1737
186.5,1738
186.5,1738
186.5,1737
186.5,1736
186.5,1737
186.5,1737
186.5,1736
186.5,1736
186.5,1736
186.6,1736
186.6,1737
186.6,1738
186.6,1738
186.6,1737
186.6,1736
186.6,1736
186.6,1735
186.6,1735
186.6,1734
186.6,1733
186.6,1733
186.6,1733
186.6,1733
186.6,1733
186.6,1734
186.6,1734
186.6,1733
186.7,1734
186.7,1733
186.7,1733
186.7,1733
186.7,1733
186.7,1733
186.7,1732
186.7,1732
186.7,1732
186.7,1732
186.7,1731
186.7,1730
186.7,1730
186.7,1730
186.8,1730
186.8,1731
186.8,1730
186.8,1731
186.8,1732
186.8,1731
186.8,1730
186.8,1729
186.8,1729
186.8,1728
186.8,1728
186.8,1728
186.8,1729
186.8,1730
186.8,1730
186.8,1730
186.8,1731
186.8,1730
186.8,1731
186.8,1730
186.9,1730
186.9,1730
186.9,1730
186.9,1730
186.9,1730
186.9,1729
186.9,1729
186.9,1730
186.9,1729
186.9,1728
187.0,1729
187.0,1728
187.0,1729
187.0,1730
187.0,1729
187.0,1729
187.0,1730
187.0,1731
187.0,1730
187.0,1731
187.0,1732
187.1,1732
187.1,1731
187.1,1731
187.1,1731
187.1,1731
187.1,1732
187.1,1732
187.1,1733
187.1,1732
187.1,1732
187.2,1731
187.2,1730
187.2,1731
187.2,1731
187.2,1730
187.2,1731
187.2,1732
187.2,1731
187.2,1731
187.2,1731
187.2,1730
187.2,1729
187.3,1729
187.3,1730
187.3,1730
187.3,1730
187.3,1730
187.3,1731
187.3,1731
187.3,1731
187.3,1730
187.3,1730
187.3,1731
187.4,1732
187.4,1732
187.4,1733
187.4,1734
187.4,1734
187.4,1735
187.4,1734
187.4,1735
187.4,1736
187.4,1736
187.4,1737
187.5,1737
187.5,1738
187.5,1737
187.5,1738
187.5,1737
187.5,1736
187.5,1735
187.5,1736
187.5,1735
187.5,1734
187.5,1733
187.5,1733
187.5,1732
187.6,1731
187.6,1731
187.6,1730
187.6,1729
187.6,1730
187.6,1731
187.6,1732
187.6,1733
187.6,1733
187.6,1734
187.6,1735
187.6,1734
187.6,1733
187.7,1732
187.7,1733
187.7,1734
187.7,1734
187.7,1735
187.7,1736
187.7,1735
187.7,1735
187.7,1735
187.7,1734
187.7,1734
187.7,1733
187.7,1734
187.7,1733
187.7,1732
187.7,1732
187.7,1731
187.7,1732
187.8,1732
187.8,1732
187.8,1733
187.8,1732
187.8,1731
187.8,1730
187.8,1729
187.8,1730
187.8,1730
187.9,1731
187.9,1730
187.9,1729
187.9,1730
187.9,1731
187.9,1730
187.9,1731
187.9,1732
187.9,1731
188.0,1732
188.0,1733
188.0,1732
188.0,1731
188.0,1732
188.0,1733
188.0,1733
188.0,1732
188.0,1731
188.0,1732
188.1,1733
188.1,1734
188.1,1733
188.1,1734
188.1,1735
188.1,1736
188.1,1736
188.1,1736
188.1,1737
188.1,1736
188.1,1736
188.1,1736
188.2,1735
188.2,1736
188.2,1737
188.2,1737
188.2,1736
188.2,1735
188.2,1734
188.2,1735
188.2,1736
188.2,1737
188.3,1736
188.3,1735
188.3,1735
188.3,1736
188.3,1736
188.3,1736
188.3,1736
188.3,1735
188.3,1734
188.3,1734
188.3,1733
188.3,1733
188.3,1733
188.3,1732
188.3,1731
188.3,1732
188.3,1731
188.4,1731
188.4,1732
188.4,1732
188.4,1732
188.4,1733
188.4,1733
188.4,1733
188.4,1732
188.4,1733
188.4,1734
188.4,1734
188.4,1734
188.4,1735
188.4,1734
188.4,1735
188.5,1734
188.5,1735
188.5,1734
188.5,1733
188.5,1733
188.5,1732
188.5,1733
188.5,1733
188.6,1733
188.6,1732
188.6,1731
188.6,1730
188.6,1729
188.6,1730
188.6,1731
188.6,1731
188.6,1732
188.6,1731
188.6,1730
188.6,1729
188.6,1728
188.6,1729
188.7,1730
188.7,1729
188.7,1729
188.7,1728
188.7,1729
188.7,1728
188.7,1727
188.7,1727
188.7,1728
188.8,1728
188.8,1728
188.8,1729
188.8,1728
188.8,1728
188.8,1727
188.8,1727
188.9,1728
188.9,1729
188.9,1730
188.9,1729
188.9,1728
188.9,1727
188.9,1728
188.9,1728
188.9,1727
188.9,1726
188.9,1727
188.9,1728
188.9,1729
188.9,1730
188.9,1730
189.0,1731
189.0,1731
189.0,1730
189.0,1729
189.0,1730
189.0,1729
189.0,1729
189.0,1730
189.0,1731
189.1,1732
189.1,1732
189.1,1733
189.1,1732
189.1,1732
189.1,1733
189.1,1732
189.1,1732
189.1,1733
189.1,1734
189.2,1734
189.2,1733
189.2,1734
189.2,1735
189.2,1734
189.2,1734
189.2,1733
189.2,1733
189.2,1732
189.2,1731
189.2,1732
189.2,1732
189.2,1733
189.2,1733
189.2,1733
189.3,1734
189.3,1734
189.3,1735
189.3,1734
189.3,1733
189.3,1733
189.3,1732
189.3,1732
189.3,1733
189.3,1732
189.4,1731
189.4,1731
189.4,1731
189.4,1730
189.4,1729
189.4,1729
189.4,1729
189.4,1730
189.5,1729
189.5,1728
189.5,1728
189.5,1728
189.5,1727
189.5,1727
189.6,1728
189.6,1729
189.6,1728
189.6,1729
189.6,1729
189.6,1728
189.6,1727
189.6,1728
189.6,1727
189.6,1727
189.6,1726
189.6,1727
189.6,1727
189.7,1726
189.7,1726
189.7,1727
189.7,1726
189.7,1725
189.7,1726
189.7,1726
189.7,1726
189.7,1727
189.7,1727
189.7,1726
189.7,1726
189.7,1726
189.8,1725
189.8,1726
189.8,1727
189.8,1727
189.8,1727
189.8,1727
189.8,1726
189.8,1727
189.8,1726
189.8,1726
189.8,1726
189.8,1727
189.8,1726
189.9,1726
189.9,1726
189.9,1727
189.9,1727
189.9,1727
189.9,1726
189.9,1725
189.9,1724
189.9,1724
189.9,1723
189.9,1723
190.0,1724
190.0,1724
190.0,1724
190.0,1723
190.0,1723
190.0,1724
190.0,1723
190.0,1724
190.0,1724
190.1,1725
190.1,1725
190.1,1725
190.1,1725
190.1,1724
190.1,1724
190.1,1724
190.1,1723
190.1,1724
190.1,1724
190.1,1724
190.1,1723
190.2,1722
190.2,1722
190.2,1721
190.2,1720
190.2,1721
190.2,1722
190.2,1722
190.2,1723
190.3,1724
190.3,1725
190.3,1726
190.3,1726
190.3,1725
190.3,1726
190.3,1726
190.3,1726
190.3,1727
190.3,1728
190.4,1727
190.4,1727
190.4,1728
190.4,1727
190.4,1726
190.4,1727
190.4,1728
190.4,1728
190.4,1728
190.4,1727
190.4,1727
190.4,1728
190.5,1727
190.5,1728
190.5,1727
190.5,1727
190.5,1728
190.5,1727
190.5,1727
190.6,1728
190.6,1729
190.6,1728
190.6,1727
190.6,1726
190.6,1726
190.6,1726
190.6,1726
190.6,1726
190.6,1727
190.6,1727
190.6,1728
190.6,1729
190.7,1730
190.7,1730
190.7,1731
190.7,1730
190.7,1730
190.7,1729
190.7,1730
190.7,1731
190.8,1731
190.8,1730
190.8,1730
190.8,1731
190.8,1731
190.8,1731
190.8,1731
190.8,1731
190.8,1732
190.8,1732
190.8,1731
190.8,1732
190.8,1733
190.8,1734
190.8,1734
190.9,1733
190.9,1734
190.9,1734
190.9,1735
190.9,1736
190.9,1736
190.9,1736
190.9,1735
190.9,1736
191.0,1735
191.0,1735
191.0,1734
191.0,1733
191.0,1732
191.0,1732
191.0,1732
191.0,1731
191.0,1730
191.0,1731
191.0,1732
191.0,1732
191.0,1733
191.0,1733
191.0,1732
191.0,1732
191.1,1732
191.1,1732
191.1,1731
191.1,1731
191.1,1732
191.1,1732
191.1,1733
191.1,1734
191.1,1734
191.1,1735
191.1,1736
191.1,1735
191.1,1736
191.2,1736
191.2,1736
191.2,1736
191.2,1735
191.2,1734
191.2,1733
191.2,1734
191.2,1734
191.2,1734
191.2,1733
191.2,1734
191.2,1733
191.2,1734
191.2,1734
191.2,1733
191.2,1733
191.3,1732
191.3,1731
191.3,1730
191.3,1729
191.3,1729
191.3,1729
191.3,1729
191.3,1729
191.4,1730
191.4,1729
191.4,1729
191.4,1730
191.4,1729
191.4,1730
191.4,1731
191.4,1730
191.4,1730
191.4,1731
191.4,1732
191.4,1732
191.4,1732
191.4,1731
191.4,1731
191.4,1732
191.4,1732
191.4,1733
191.5,1732
191.5,1733
191.5,1732
191.5,1732
191.5,1732
191.5,1732
191.5,1732
191.5,1732
191.5,1732
191.5,1733
191.5,1732
191.6,1732
191.6,1733
191.6,1733
191.6,1733
191.6,1732
191.6,1733
191.6,1733
191.6,1733
191.6,1733
191.6,1733
191.7,1732
191.7,1733
191.7,1733
191.7,1734
191.7,1735
191.7,1736
191.7,1737
191.7,1738
191.8,1737
191.8,1738
191.8,1737
191.8,1738
191.8,1739
191.8,1739
191.8,1740
191.8,1740
191.8,1741
191.8,1740
191.8,1739
191.8,1738
191.8,1739
191.8,1739
191.8,1739
191.8,1738
191.8,1738
191.8,1737
191.8,1736
191.8,1736
191.9,1737
191.9,1737
191.9,1736
191.9,1736
191.9,1737
191.9,1737
192.0,1738
192.0,1738
192.0,1737
192.0,1737
192.0,1736
192.0,1737
192.0,1738
192.0,1737
192.0,1738
192.0,1739
192.0,1740
192.0,1741
192.0,1740
192.0,1740
192.0,1739
192.0,1740
192.0,1740
192.0,1739
192.0,1738
192.0,1738
192.1,1737
192.1,1738
192.1,1737
192.1,1738
192.1,1739
192.1,1738
192.1,1738
192.1,1737
192.1,1738
192.1,1739
192.2,1740
192.2,1740
192.2,1740
192.2,1741
192.2,1741
192.2,1741
192.2,1741
192.2,1740
192.2,1741
192.2,1741
192.2,1741
192.2,1741
192.3,1742
192.3,1741
192.3,1741
192.3,1742
192.3,1742
192.3,1743
192.3,1743
192.3,1742
192.3,1742
192.3,1743
192.3,1743
192.4,1742
192.4,1742
192.4,1742
192.4,1742
192.4,1741
192.4,1740
192.4,1740
192.4,1741
192.4,1741
192.4,1741
192.4,1740
192.4,1740
192.4,1741
192.4,1741
192.4,1741
192.4,1742
192.4,1742
192.5,1742
192.5,1741
192.5,1741
192.5,1741
192.5,1740
192.5,1740
192.5,1740
192.5,1741
192.5,1741
192.5,1740
192.5,1739
192.5,1739
192.5,1738
192.5,1739
192.5,1739
192.6,1738
192.6,1739
192.6,1738
192.6,1738
192.6,1739
192.6,1740
192.6,1741
192.6,1740
192.6,1739
192.6,1740
192.6,1741
192.7,1741
192.7,1742
192.7,1743
192.7,1744
192.7,1743
192.7,1744
192.7,1744
192.7,1745
192.7,1745
192.7,1745
192.7,1744
192.7,1743
192.7,1744
192.7,1743
192.7,1743
192.7,1743
192.7,1742
192.8,1741
192.8,1742
192.8,1742
192.8,1742
192.8,1741
192.8,1742
192.8,1742
192.8,1741
192.8,1741
192.8,1742
192.8,1743
192.9,1743
192.9,1744
192.9,1744
192.9,1744
192.9,1745
192.9,1744
193.0,1743
193.0,1744
193.0,1744
193.0,1743
193.0,1743
193.0,1744
193.0,1744
193.0,1745
193.0,1745
193.0,1745
193.0,1745
193.0,1745
193.0,1745
193.0,1745
193.0,1744
193.0,1745
193.0,1745
193.0,1746
193.1,1745
193.1,1744
193.1,1744
193.1,1743
193.1,1743
193.1,1744
193.1,1745
193.1,1745
193.1,1745
193.1,1746
193.1,1747
193.1,1747
193.1,1748
193.1,1748
193.1,1749
193.2,1750
193.2,1750
193.2,1750
193.2,1749
193.2,1750
193.2,1751
193.2,1751
193.2,1750
193.2,1749
193.2,1750
193.2,1749
193.2,1748
193.3,1748
193.3,1749
193.3,1750
193.3,1750
193.3,1750
193.3,1751
193.3,1752
193.3,1752
193.3,1753
193.3,1753
193.3,1754
193.3,1753
193.3,1754
193.3,1754
193.4,1753
193.4,1753
193.4,1754
193.4,1755
193.4,1754
193.4,1755
193.4,1754
193.4,1753
193.4,1752
193.4,1752
193.4,1752
193.4,1752
193.4,1753
193.4,1752
193.5,1751
193.5,1750
193.5,1749
193.5,1750
193.5,1750
193.5,1750
193.5,1749
193.5,1750
193.5,1750
193.5,1751
193.6,1751
193.6,1752
193.6,1751
193.6,1750
193.6,1749
193.6,1749
193.6,1750
193.6,1750
193.6,1750
193.6,1751
193.6,1751
193.6,1751
193.7,1751
193.7,1751
193.7,1752
193.7,1753
193.7,1754
193.7,1753
193.7,1754
193.8,1753
193.8,1753
193.8,1754
193.8,1754
193.8,1754
193.8,1754
193.8,1755
193.8,1756
193.8,1757
193.8,1758
193.8,1759
193.9,1760
193.9,1759
193.9,1758
193.9,1758
193.9,1759
193.9,1759
193.9,1758
193.9,1759
193.9,1758
193.9,1758
193.9,1757
193.9,1756
193.9,1755
193.9,1754
194.0,1755
194.0,1754
194.0,1755
194.0,1755
194.0,1756
194.0,1757
194.0,1756
194.0,1757
194.0,1756
194.0,1757
194.0,1756
194.0,1757
194.0,1758
194.0,1757
194.0,1758
194.0,1757
194.0,1758
194.0,1758
194.0,1759
194.0,1760
194.0,1761
194.1,1762
194.1,1761
194.1,1762
194.1,1761
194.1,1760
194.1,1759
194.1,1758
194.1,1757
194.1,1758
194.1,1757
194.1,1756
194.1,1755
194.1,1755
194.2,1754
194.2,1754
194.2,1754
194.2,1754
194.2,1754
194.2,1753
194.2,1754
194.2,1754
194.2,1755
194.2,1755
194.2,1756
194.2,1756
194.2,1757
194.2,1756
194.2,1757
194.3,1756
194.3,1755
194.3,1756
194.3,1756
194.3,1755
194.3,1755
194.3,1754
194.3,1755
194.3,1756
194.3,1755
194.3,1755
194.4,1756
194.4,1755
194.4,1756
194.4,1756
194.4,1757
194.4,1756
194.4,1757
194.4,1757
194.4,1757
194.4,1758
194.4,1759
194.4,1759
194.4,1758
194.4,1757
194.4,1757
194.4,1756
194.4,1755
194.5,1755
194.5,1755
194.5,1756
194.5,1755
194.5,1754
194.5,1753
194.5,1753
194.5,1752
194.5,1753
194.5,1752
194.5,1752
194.5,1752
194.5,1751
194.5,1751
194.5,1751
194.5,1751
194.5,1750
194.6,1750
194.6,1750
194.6,1749
194.6,1749
194.6,1748
194.6,1747
194.6,1746
194.7,1747
194.7,1748
194.7,1747
194.7,1746
194.7,1746
194.7,1746
194.7,1747
194.7,1746
194.8,1746
194.8,1746
194.8,1747
194.8,1747
194.8,1747
194.8,1747
194.8,1746
194.8,1745
194.8,1744
194.8,1744
194.8,1745
194.8,1744
194.8,1745
194.8,1744
194.9,1744
194.9,1743
194.9,1742
194.9,1743
194.9,1743
194.9,1743
194.9,1744
194.9,1744
194.9,1743
194.9,1743
194.9,1744
195.0,1745
195.0,1744
195.0,1745
195.0,1746
195.0,1747
195.0,1748
195.0,1749
195.0,1750
195.0,1749
195.1,1749
195.1,1748
195.1,1748
195.1,1749
195.1,1750
195.1,1750
195.1,1749
195.1,1750
195.1,1751
195.1,1751
195.1,1752
195.2,1751
195.2,1750
195.2,1749
195.2,1748
195.2,1747
195.2,1747
195.2,1746
195.2,1745
195.2,1744
195.2,1743
195.2,1742
195.2,1743
195.2,1742
195.2,1741
195.2,1740
195.2,1740
195.3,1739
195.3,1740
195.3,1740
195.3,1741
195.3,1742
195.3,1743
195.3,1742
195.3,1743
195.3,1742
195.3,1743
195.3,1742
195.4,1741
195.4,1740
195.4,1741
195.4,1740
195.4,1739
195.4,1738
195.4,1738
195.4,1737
195.4,1738
195.4,1737
195.4,1738
195.5,1737
195.5,1736
195.5,1736
195.5,1735
195.5,1736
195.5,1735
195.5,1736
195.6,1735
195.6,1734
195.6,1734
195.6,1733
195.6,1733
195.6,1734
195.6,1733
195.6,1732
195.7,1732
195.7,1732
195.7,1733
195.7,1732
195.7,1732
195.7,1732
195.7,1733
195.7,1732
195.7,1732
195.7,1732
195.7,1731
195.7,1730
195.8,1731
195.8,1730
195.8,1729
195.8,1729
195.8,1730
195.8,1730
195.8,1730
195.8,1729
195.8,1728
195.8,1727
195.8,1727
195.8,1727
195.8,1728
195.9,1728
195.9,1728
195.9,1728
195.9,1728
195.9,1729
195.9,1730
195.9,1730
195.9,1730
195.9,1729
195.9,1728
195.9,1728
195.9,1727
195.9,1726
195.9,1725
195.9,1725
195.9,1726
195.9,1725
196.0,1725
196.0,1725
196.0,1725
196.0,1726
196.1,1726
196.1,1726
196.1,1725
196.1,1724
196.1,1724
196.1,1723
196.1,1724
196.1,1725
196.1,1725
196.1,1726
196.1,1725
196.1,1725
196.1,1724
196.1,1725
196.2,1726
196.2,1727
196.2,1727
196.2,1726
196.2,1726
196.2,1725
196.2,1724
196.2,1725
196.2,1726
196.3,1725
196.3,1726
196.3,1725
196.3,1726
196.3,1725
196.3,1725
196.3,1724
196.3,1725
196.3,1724
196.3,1725
196.3,1725
196.3,1725
196.3,1726
196.3,1727
196.3,1728
196.3,1727
196.3,1726
196.3,1727
196.4,1726
196.4,1725
196.4,1726
196.4,1725
196.4,1724
196.4,1724
196.4,1724
196.4,1725
196.4,1724
196.4,1724
196.4,1724
196.4,1723
196.5,1724
196.5,1724
196.5,1723
196.5,1723
196.5,1723
196.5,1723
196.5,1722
196.5,1722
196.5,1721
196.6,1721
196.6,1721
196.6,1721
196.6,1722
196.6,1722
196.6,1721
196.6,1722
196.6,1723
196.6,1724
196.6,1725
196.6,1726
196.6,1727
196.6,1726
196.6,1726
196.6,1727
196.7,1728
196.7,1729
196.7,1729
196.7,1729
196.7,1728
196.7,1729
196.7,1729
196.7,1729
196.7,1729
196.7,1729
196.7,1730
196.7,1731
196.7,1732
196.7,1732
196.7,1733
196.7,1732
196.8,1732
196.8,1733
196.8,1734
196.8,1735
196.8,1734
196.8,1735
196.8,1736
196.8,1735
196.8,1735
196.8,1734
196.8,1735
196.8,1734
196.8,1735
196.8,1735
196.9,1736
196.9,1735
196.9,1735
196.9,1734
196.9,1734
196.9,1734
196.9,1734
196.9,1735
196.9,1735
196.9,1735
196.9,1736
196.9,1735
196.9,1734
196.9,1735
196.9,1734
197.0,1735
197.0,1734
197.0,1734
197.0,1734
197.0,1734
197.0,1735
197.1,1735
197.1,1735
197.1,1736
197.1,1736
197.1,1735
197.1,1735
197.1,1734
197.1,1735
197.1,1734
197.2,1734
197.2,1733
197.2,1733
197.2,1733
197.2,1732
197.3,1733
197.3,1734
197.3,1733
197.3,1732
197.3,1732
197.3,1733
197.3,1732
197.3,1732
197.3,1733
197.3,1734
197.3,1734
197.3,1734
197.3,1735
197.3,1735
197.3,1734
197.4,1733
197.4,1734
197.4,1734
197.4,1733
197.4,1732
197.4,1733
197.4,1732
197.5,1731
197.5,1732
197.5,1733
197.5,1732
197.5,1731
197.5,1731
197.5,1732
197.5,1733
197.5,1734
197.5,1733
197.5,1733
197.5,1733
197.5,1732
197.5,1732
197.5,1732
197.5,1732
197.5,1732
197.6,1732
197.6,1732
197.6,1732
197.6,1732
197.6,1731
197.6,1731
197.6,1732
197.6,1731
197.6,1731
197.6,1731
197.6,1731
197.6,1732
197.6,1733
197.7,1732
197.7,1731
197.7,1731
197.7,1732
197.7,1732
197.8,1731
197.8,1731
197.8,1731
197.8,1731
197.8,1730
197.8,1729
197.8,1728
197.8,1729
197.8,1729
197.8,1728
197.8,1728
197.8,1729
197.8,1730
197.8,1731
197.8,1730
197.9,1731
197.9,1730
197.9,1731
197.9,1732
197.9,1733
197.9,1734
197.9,1734
197.9,1735
197.9,1736
197.9,1736
197.9,1735
197.9,1736
197.9,1737
197.9,1736
197.9,1736
197.9,1737
197.9,1738
197.9,1737
198.0,1738
198.0,1738
198.0,1738
198.0,1738
198.0,1738
198.0,1739
198.0,1738
198.0,1739
198.0,1738
198.1,1739
198.1,1739
198.1,1738
198.1,1737
198.1,1736
198.1,1736
198.1,1735
198.1,1735
198.1,1735
198.1,1736
198.1,1737
198.1,1738
198.2,1739
198.2,1738
198.2,1738
198.2,1739
198.2,1740
198.2,1741
198.2,1742
198.2,1741
198.2,1741
198.2,1742
198.2,1743
198.2,1743
198.2,1743
198.3,1742
198.3,1743
198.3,1744
198.3,1745
198.3,1746
198.3,1747
198.3,1747
198.3,1746
198.4,1745
198.4,1744
198.4,1744
198.4,1743
198.4,1742
198.4,1743
198.4,1742
198.4,1742
198.4,1741
198.4,1740
198.4,1740
198.4,1741
198.5,1741
198.5,1741
198.5,1742
198.5,1741
198.5,1741
198.5,1741
198.5,1740
198.5,1739
198.5,1740
198.5,1741
198.5,1741
198.5,1740
198.6,1739
198.6,1739
198.6,1739
198.6,1739
198.6,1739
198.6,1739
198.6,1739
198.6,1739
198.6,1740
198.6,1741
198.6,1740
198.6,1741
198.7,1740
198.7,1740
198.7,1739
198.7,1739
198.7,1740
198.7,1741
198.7,1741
198.7,1741
198.7,1740
198.7,1741
198.7,1742
198.8,1743
198.8,1744
198.8,1745
198.8,1744
198.8,1745
198.8,1745
198.8,1745
198.8,1746
198.8,1746
198.8,1745
198.8,1744
198.8,1743
198.9,1742
198.9,1742
198.9,1741
198.9,1741
198.9,1741
198.9,1741
198.9,1741
198.9,1742
198.9,1743
198.9,1743
198.9,1743
198.9,1743
199.0,1744
199.0,1744
199.0,1743
199.0,1743
199.0,1744
199.0,1744
199.0,1744
199.0,1744
199.0,1744
199.0,1743
199.1,1743
199.1,1744
199.1,1744
199.1,1745
199.1,1744
199.1,1745
199.1,1746
199.1,1746
199.1,1745
199.1,1746
199.1,1747
199.1,1747
199.1,1748
199.1,1748
199.2,1749
199.2,1748
199.2,1749
199.2,1750
199.3,1749
199.3,1748
199.3,1749
199.3,1750
199.3,1749
199.3,1750
199.4,1751
199.4,1752
199.4,1751
199.4,1752
199.4,1752
199.4,1751
199.4,1750
199.4,1749
199.4,1750
199.4,1750
199.4,1750
199.4,1750
199.4,1751
199.4,1750
199.4,1750
199.5,1751
199.5,1751
199.5,1750
199.5,1751
199.5,1750
199.5,1749
199.5,1750
199.6,1749
199.6,1749
199.6,1749
199.6,1749
199.6,1749
199.6,1748
199.6,1749
199.6,1749
199.6,1749
199.6,1749
199.6,1748
199.6,1749
199.6,1749
199.6,1748
199.7,1748
199.7,1747
199.7,1747
199.7,1747
199.7,1746
199.7,1746
199.7,1745
199.7,1745
199.7,1744
199.7,1743
199.7,1743
199.7,1742
199.7,1742
199.7,1741
199.7,1740
199.7,1740
199.8,1741
199.8,1741
199.8,1741
199.8,1742
199.8,1743
199.8,1744
199.8,1744
199.8,1743
199.8,1744
199.8,1743
199.8,1744
199.8,1744
199.8,1743
199.8,1742
199.8,1741
199.9,1742
199.9,1741
199.9,1741
199.9,1741
199.9,1740
199.9,1741
199.9,1740
199.9,1739
199.9,1740
199.9,1741
200.0,1741
200.0,1741
200.0,1741
200.0,1742
200.0,1742
Population finale: 1742
]]></system-out>
  </testcase>
</testsuite>